swanlab: Tracking run with swanlab version 0.5.3
swanlab: Run data will be saved locally in /root/paddlejob/workspace/env_run/output/SummarizeRL/verl/swanlog/run-20251109_013411-817b471b
swanlab: 🌟 Run `swanlab watch /root/paddlejob/workspace/env_run/output/SummarizeRL/verl/swanlog` to view SwanLab Experiment Dashboard locally
calculating InfoCover scores...
开始抓取覆盖率评估, 数量512, 并发数128
InfoCover scores calculated.
calculating Conciseness and Fluency scores...
开始抓取简洁性、流畅性评估, 数量512, 并发数512
Conciseness and Fluency scores calculated.
calculating format scores...
format scores calculated.
calculating length scores...
length scores calculated.
step:1 - global_seqlen/min:102880 - global_seqlen/max:150322 - global_seqlen/minmax_diff:47442 - global_seqlen/balanced_min:129297 - global_seqlen/balanced_max:129298 - global_seqlen/mean:129297.25 - cover/rewards/mean:0.33755383738488937 - cover/rewards/var:0.07229108229077122 - cover/rewards/max:1.0 - cover/rewards/min:0.0 - cf/rewards/mean:0.34176572265625 - cf/rewards/var:0.12308946656432153 - cf/rewards/max:0.96 - cf/rewards/min:0.0 - format/rewards/mean:-0.564453125 - format/rewards/var:0.24584579467773438 - format/rewards/max:0.0 - format/rewards/min:-1.0 - json/format/rewards/mean:-0.208984375 - json/format/rewards/var:0.16530990600585938 - json/format/rewards/max:0 - json/format/rewards/min:-1 - length/rewards/mean:-0.29887158203124997 - length/rewards/var:0.15618156297659871 - length/rewards/max:0.0 - length/rewards/min:-1.0 - cot/length/mean:97.115234375 - cot/length/var:9611.531642913818 - cot/length/max:897 - cot/length/min:8 - answer/length/mean:232.484375 - answer/length/var:28531.222412109375 - answer/length/max:1878 - answer/length/min:0 - actor/entropy:2.622004747390747 - actor/kl_loss:0.0006976230520194804 - actor/kl_coef:0.0 - actor/pg_loss:0.09810189648123924 - actor/pg_clipfrac:0.0 - actor/ppo_kl:0.0 - actor/pg_clipfrac_lower:0.0 - actor/grad_norm:0.5706563591957092 - perf/mfu/actor:0.14700864349119885 - perf/max_memory_allocated_gb:57.34451675415039 - perf/max_memory_reserved_gb:77.23046875 - perf/cpu_memory_used_gb:73.13772201538086 - actor/lr:1e-06 - training/global_step:1 - training/epoch:0 - critic/score/mean:-1.3548725843429565 - critic/score/max:0.20749999582767487 - critic/score/min:-2.0 - critic/rewards/mean:-1.3548725843429565 - critic/rewards/max:0.20749999582767487 - critic/rewards/min:-2.0 - critic/advantages/mean:-0.4566737413406372 - critic/advantages/max:2.474870443344116 - critic/advantages/min:-1.563619613647461 - critic/returns/mean:-0.4566737413406372 - critic/returns/max:2.474870443344116 - critic/returns/min:-1.563619613647461 - response_length/mean:837.76953125 - response_length/max:2048.0 - response_length/min:102.0 - response_length/clip_ratio:0.150390625 - prompt_length/mean:1182.5 - prompt_length/max:3453.0 - prompt_length/min:447.0 - prompt_length/clip_ratio:0.0 - timing_s/start_profile:2.9752030968666077e-05 - timing_s/generate_sequences:62.92237854003906 - timing_s/reshard:5.6943135261535645 - timing_s/gen:74.70347777497955 - timing_s/reward:521.4337926679873 - timing_s/old_log_prob:30.403534061042592 - timing_s/ref:37.28090852795867 - timing_s/adv:0.013931149966083467 - timing_s/update_actor:85.68365673802327 - timing_s/step:749.5703190969652 - timing_s/stop_profile:5.577050615102053e-06 - timing_per_token_ms/gen:0.17415915068140278 - timing_per_token_ms/ref:0.0360418614161928 - timing_per_token_ms/update_actor:0.08283592336459522 - timing_per_token_ms/adv:1.3468142174411547e-05 - perf/total_num_tokens:1034378 - perf/time_per_step:749.5703190969652 - perf/throughput:172.49515716653391
calculating InfoCover scores...
开始抓取覆盖率评估, 数量512, 并发数128
InfoCover scores calculated.
calculating Conciseness and Fluency scores...
开始抓取简洁性、流畅性评估, 数量512, 并发数512
Conciseness and Fluency scores calculated.
calculating format scores...
format scores calculated.
calculating length scores...
length scores calculated.
step:2 - global_seqlen/min:108823 - global_seqlen/max:142564 - global_seqlen/minmax_diff:33741 - global_seqlen/balanced_min:119795 - global_seqlen/balanced_max:119796 - global_seqlen/mean:119795.875 - cover/rewards/mean:0.38247130089319076 - cover/rewards/var:0.06012091218240181 - cover/rewards/max:0.97 - cover/rewards/min:0.0 - cf/rewards/mean:0.160729453125 - cf/rewards/var:0.07775274066181032 - cf/rewards/max:0.9824999999999999 - cf/rewards/min:0.0 - format/rewards/mean:-0.55078125 - format/rewards/var:0.2474212646484375 - format/rewards/max:0.0 - format/rewards/min:-1.0 - json/format/rewards/mean:-0.25390625 - json/format/rewards/var:0.1894378662109375 - json/format/rewards/max:0 - json/format/rewards/min:-1 - length/rewards/mean:-0.2968359375 - length/rewards/var:0.1609819052124023 - length/rewards/max:0.0 - length/rewards/min:-1.0 - cot/length/mean:95.638671875 - cot/length/var:10642.429988861084 - cot/length/max:1168 - cot/length/min:1 - answer/length/mean:229.857421875 - answer/length/var:35826.81365585327 - answer/length/max:1871 - answer/length/min:0 - actor/entropy:3.118481397628784 - actor/kl_loss:0.0007776817233207112 - actor/kl_coef:0.0 - actor/pg_loss:-0.12396928016096354 - actor/pg_clipfrac:0.0 - actor/ppo_kl:0.0 - actor/pg_clipfrac_lower:0.0 - actor/grad_norm:0.63576740026474 - perf/mfu/actor:0.14843598125597976 - perf/max_memory_allocated_gb:60.54557800292969 - perf/max_memory_reserved_gb:77.8984375 - perf/cpu_memory_used_gb:73.66094970703125 - actor/lr:1e-06 - training/global_step:2 - training/epoch:0 - critic/score/mean:-1.366848349571228 - critic/score/max:0.25600001215934753 - critic/score/min:-2.0 - critic/rewards/mean:-1.366848349571228 - critic/rewards/max:0.25600001215934753 - critic/rewards/min:-2.0 - critic/advantages/mean:-0.5002415776252747 - critic/advantages/max:2.474869728088379 - critic/advantages/min:-2.1733903884887695 - critic/returns/mean:-0.5002415776252747 - critic/returns/max:2.474869728088379 - critic/returns/min:-2.1733903884887695 - response_length/mean:823.451171875 - response_length/max:2048.0 - response_length/min:88.0 - response_length/clip_ratio:0.169921875 - prompt_length/mean:1048.359375 - prompt_length/max:2587.0 - prompt_length/min:466.0 - prompt_length/clip_ratio:0.0 - timing_s/start_profile:5.907029844820499e-06 - timing_s/generate_sequences:55.76896667480469 - timing_s/reshard:1.265024185180664 - timing_s/gen:58.344370756996796 - timing_s/reward:398.4659961319994 - timing_s/old_log_prob:31.54331350896973 - timing_s/ref:18.605203123996034 - timing_s/adv:0.017527480027638376 - timing_s/update_actor:77.82974114897661 - timing_s/step:584.8714771119994 - timing_s/stop_profile:5.030015017837286e-06 - timing_per_token_ms/gen:0.13838567850390718 - timing_per_token_ms/ref:0.019413442996259297 - timing_per_token_ms/update_actor:0.08121078996770194 - timing_per_token_ms/adv:1.8288901879591406e-05 - perf/total_num_tokens:958367 - perf/time_per_step:584.8714771119994 - perf/throughput:204.82427283261038
calculating InfoCover scores...
开始抓取覆盖率评估, 数量512, 并发数128
InfoCover scores calculated.
calculating Conciseness and Fluency scores...
开始抓取简洁性、流畅性评估, 数量512, 并发数512
Conciseness and Fluency scores calculated.
calculating format scores...
format scores calculated.
calculating length scores...
length scores calculated.
step:3 - global_seqlen/min:89063 - global_seqlen/max:124329 - global_seqlen/minmax_diff:35266 - global_seqlen/balanced_min:107441 - global_seqlen/balanced_max:107442 - global_seqlen/mean:107441.5 - cover/rewards/mean:0.35183960126694297 - cover/rewards/var:0.07353817385319382 - cover/rewards/max:1.0 - cover/rewards/min:0.0 - cf/rewards/mean:0.18583447265625003 - cf/rewards/var:0.08113437801573754 - cf/rewards/max:0.975 - cf/rewards/min:0.0 - format/rewards/mean:-0.478515625 - format/rewards/var:0.24953842163085938 - format/rewards/max:0.0 - format/rewards/min:-1.0 - json/format/rewards/mean:-0.3125 - json/format/rewards/var:0.21484375 - json/format/rewards/max:0 - json/format/rewards/min:-1 - length/rewards/mean:-0.373611328125 - length/rewards/var:0.1786796536216736 - length/rewards/max:0.0 - length/rewards/min:-1.0 - cot/length/mean:91.626953125 - cot/length/var:9930.062007904053 - cot/length/max:1140 - cot/length/min:9 - answer/length/mean:267.693359375 - answer/length/var:68624.9704246521 - answer/length/max:1934 - answer/length/min:0 - actor/entropy:2.7941744327545166 - actor/kl_loss:0.0008909144385143009 - actor/kl_coef:0.0 - actor/pg_loss:-0.02868960790510755 - actor/pg_clipfrac:0.0 - actor/ppo_kl:0.0 - actor/pg_clipfrac_lower:0.0 - actor/grad_norm:0.6923548579216003 - perf/mfu/actor:0.1443550528593194 - perf/max_memory_allocated_gb:60.54557800292969 - perf/max_memory_reserved_gb:78.380859375 - perf/cpu_memory_used_gb:73.52405548095703 - actor/lr:1e-06 - training/global_step:3 - training/epoch:0 - critic/score/mean:-1.2653552293777466 - critic/score/max:0.2517571449279785 - critic/score/min:-2.0 - critic/rewards/mean:-1.2653552293777466 - critic/rewards/max:0.2517571449279785 - critic/rewards/min:-2.0 - critic/advantages/mean:-0.4980364143848419 - critic/advantages/max:2.474867105484009 - critic/advantages/min:-2.441964864730835 - critic/returns/mean:-0.4980364143848419 - critic/returns/max:2.474867105484009 - critic/returns/min:-2.441964864730835 - response_length/mean:662.8984375 - response_length/max:2048.0 - response_length/min:30.0 - response_length/clip_ratio:0.0859375 - prompt_length/mean:1015.875 - prompt_length/max:2132.0 - prompt_length/min:536.0 - prompt_length/clip_ratio:0.0 - timing_s/start_profile:6.2229810282588005e-06 - timing_s/generate_sequences:53.41788864135742 - timing_s/reshard:1.1228176355361938 - timing_s/gen:57.05216428398853 - timing_s/reward:476.7977791050216 - timing_s/old_log_prob:30.67594334302703 - timing_s/ref:17.17184383800486 - timing_s/adv:0.014999674982391298 - timing_s/update_actor:71.1548369989614 - timing_s/step:652.9487477049697 - timing_s/stop_profile:7.045047823339701e-06 - timing_per_token_ms/gen:0.16809514408783788 - timing_per_token_ms/ref:0.01997813209747265 - timing_per_token_ms/update_actor:0.08278323203669136 - timing_per_token_ms/adv:1.7450979116997736e-05 - perf/total_num_tokens:859532 - perf/time_per_step:652.9487477049697 - perf/throughput:164.54813701326935
calculating InfoCover scores...
开始抓取覆盖率评估, 数量512, 并发数128
InfoCover scores calculated.
calculating Conciseness and Fluency scores...
开始抓取简洁性、流畅性评估, 数量512, 并发数512
Conciseness and Fluency scores calculated.
calculating format scores...
format scores calculated.
calculating length scores...
length scores calculated.
step:4 - global_seqlen/min:85355 - global_seqlen/max:132804 - global_seqlen/minmax_diff:47449 - global_seqlen/balanced_min:103205 - global_seqlen/balanced_max:103227 - global_seqlen/mean:103210.75 - cover/rewards/mean:0.3921097370403834 - cover/rewards/var:0.06671773601896402 - cover/rewards/max:1.0 - cover/rewards/min:0.0 - cf/rewards/mean:0.20359409179687502 - cf/rewards/var:0.08075442651904823 - cf/rewards/max:0.95 - cf/rewards/min:0.0 - format/rewards/mean:-0.427734375 - format/rewards/var:0.24477767944335938 - format/rewards/max:0.0 - format/rewards/min:-1.0 - json/format/rewards/mean:-0.306640625 - json/format/rewards/var:0.21261215209960938 - json/format/rewards/max:0 - json/format/rewards/min:-1 - length/rewards/mean:-0.43473437499999995 - length/rewards/var:0.19440997583007813 - length/rewards/max:0.0 - length/rewards/min:-1.0 - cot/length/mean:86.345703125 - cot/length/var:8894.804317474365 - cot/length/max:1519 - cot/length/min:8 - answer/length/mean:294.380859375 - answer/length/var:105934.37252426147 - answer/length/max:2042 - answer/length/min:0 - actor/entropy:2.692861557006836 - actor/kl_loss:0.0010485204893484479 - actor/kl_coef:0.0 - actor/pg_loss:0.03783625364303589 - actor/pg_clipfrac:0.0 - actor/ppo_kl:0.0 - actor/pg_clipfrac_lower:0.0 - actor/grad_norm:0.621015727519989 - perf/mfu/actor:0.1318887722301132 - perf/max_memory_allocated_gb:63.08449840545654 - perf/max_memory_reserved_gb:80.798828125 - perf/cpu_memory_used_gb:73.4606704711914 - actor/lr:1e-06 - training/global_step:4 - training/epoch:0 - critic/score/mean:-1.1775764226913452 - critic/score/max:0.20953889191150665 - critic/score/min:-2.0 - critic/rewards/mean:-1.1775764226913452 - critic/rewards/max:0.20953889191150665 - critic/rewards/min:-2.0 - critic/advantages/mean:-0.49904322624206543 - critic/advantages/max:2.474869966506958 - critic/advantages/min:-2.4099931716918945 - critic/returns/mean:-0.49904322624206543 - critic/returns/max:2.474869966506958 - critic/returns/min:-2.4099931716918945 - response_length/mean:633.13671875 - response_length/max:2048.0 - response_length/min:83.0 - response_length/clip_ratio:0.087890625 - prompt_length/mean:979.53125 - prompt_length/max:3936.0 - prompt_length/min:497.0 - prompt_length/clip_ratio:0.0 - timing_s/start_profile:7.409020327031612e-06 - timing_s/generate_sequences:52.33685302734375 - timing_s/reshard:1.2805495262145996 - timing_s/gen:54.56232852395624 - timing_s/reward:501.3379210020066 - timing_s/old_log_prob:32.4619335620082 - timing_s/ref:18.08860229200218 - timing_s/adv:0.015009849972557276 - timing_s/update_actor:74.88996564102126 - timing_s/step:681.3959077709587 - timing_s/stop_profile:5.820998921990395e-06 - timing_per_token_ms/gen:0.16831601254899106 - timing_per_token_ms/ref:0.021907362232134468 - timing_per_token_ms/update_actor:0.09070029725709441 - timing_per_token_ms/adv:1.8178641726464148e-05 - perf/total_num_tokens:825686 - perf/time_per_step:681.3959077709587 - perf/throughput:151.4695771179958
calculating InfoCover scores...
开始抓取覆盖率评估, 数量512, 并发数128
InfoCover scores calculated.
calculating Conciseness and Fluency scores...
开始抓取简洁性、流畅性评估, 数量512, 并发数512
Conciseness and Fluency scores calculated.
calculating format scores...
format scores calculated.
calculating length scores...
length scores calculated.
step:5 - global_seqlen/min:86872 - global_seqlen/max:120054 - global_seqlen/minmax_diff:33182 - global_seqlen/balanced_min:97820 - global_seqlen/balanced_max:97821 - global_seqlen/mean:97820.5 - cover/rewards/mean:0.3805275917988937 - cover/rewards/var:0.060777770051975544 - cover/rewards/max:0.9342857142857144 - cover/rewards/min:0.0 - cf/rewards/mean:0.17348076171875002 - cf/rewards/var:0.08487400937109946 - cf/rewards/max:0.9725 - cf/rewards/min:0.0 - format/rewards/mean:-0.3828125 - format/rewards/var:0.23626708984375 - format/rewards/max:0.0 - format/rewards/min:-1.0 - json/format/rewards/mean:-0.39453125 - json/format/rewards/var:0.2388763427734375 - json/format/rewards/max:0 - json/format/rewards/min:-1 - length/rewards/mean:-0.46663232421875 - length/rewards/var:0.21071530780768394 - length/rewards/max:0.0 - length/rewards/min:-1.0 - cot/length/mean:84.490234375 - cot/length/var:6616.870998382568 - cot/length/max:882 - cot/length/min:11 - answer/length/mean:305.935546875 - answer/length/var:124358.94311141968 - answer/length/max:2021 - answer/length/min:3 - actor/entropy:2.5358028411865234 - actor/kl_loss:0.0019619231370597845 - actor/kl_coef:0.0 - actor/pg_loss:-0.0007520151557400823 - actor/pg_clipfrac:0.0 - actor/ppo_kl:0.0 - actor/pg_clipfrac_lower:0.0 - actor/grad_norm:0.6374410390853882 - perf/mfu/actor:0.13126006392555686 - perf/max_memory_allocated_gb:63.08449840545654 - perf/max_memory_reserved_gb:80.798828125 - perf/cpu_memory_used_gb:73.61057662963867 - actor/lr:1e-06 - training/global_step:5 - training/epoch:0 - critic/score/mean:-1.171900749206543 - critic/score/max:0.21074999868869781 - critic/score/min:-2.0 - critic/rewards/mean:-1.171900749206543 - critic/rewards/max:0.21074999868869781 - critic/rewards/min:-2.0 - critic/advantages/mean:-0.5338154435157776 - critic/advantages/max:1.9668349027633667 - critic/advantages/min:-2.4217591285705566 - critic/returns/mean:-0.5338154435157776 - critic/returns/max:1.9668349027633667 - critic/returns/min:-2.4217591285705566 - response_length/mean:547.5390625 - response_length/max:2048.0 - response_length/min:118.0 - response_length/clip_ratio:0.0625 - prompt_length/mean:980.90625 - prompt_length/max:3218.0 - prompt_length/min:500.0 - prompt_length/clip_ratio:0.0 - timing_s/start_profile:5.240028258413076e-06 - timing_s/generate_sequences:50.297393798828125 - timing_s/reshard:1.2678508758544922 - timing_s/gen:53.822931092989165 - timing_s/reward:499.43023683002684 - timing_s/old_log_prob:30.128351758001372 - timing_s/ref:17.041893062996678 - timing_s/adv:0.013403187971562147 - timing_s/update_actor:70.99060932197608 - timing_s/step:671.4766012260225 - timing_s/stop_profile:1.375097781419754e-05 - timing_per_token_ms/gen:0.19199162122062197 - timing_per_token_ms/ref:0.021776995955598108 - timing_per_token_ms/update_actor:0.09071540388003548 - timing_per_token_ms/adv:1.7127273899083204e-05 - perf/total_num_tokens:782564 - perf/time_per_step:671.4766012260225 - perf/throughput:145.6796853701133
calculating InfoCover scores...
开始抓取覆盖率评估, 数量512, 并发数128
InfoCover scores calculated.
calculating Conciseness and Fluency scores...
开始抓取简洁性、流畅性评估, 数量512, 并发数512
Conciseness and Fluency scores calculated.
calculating format scores...
format scores calculated.
calculating length scores...
length scores calculated.
step:6 - global_seqlen/min:74672 - global_seqlen/max:111719 - global_seqlen/minmax_diff:37047 - global_seqlen/balanced_min:92669 - global_seqlen/balanced_max:92670 - global_seqlen/mean:92669.625 - cover/rewards/mean:0.35492334576329243 - cover/rewards/var:0.06757331215668824 - cover/rewards/max:0.9285714285714286 - cover/rewards/min:0.0 - cf/rewards/mean:0.22154879296875 - cf/rewards/var:0.09302475439409777 - cf/rewards/max:1.0 - cf/rewards/min:0.0 - format/rewards/mean:-0.32421875 - format/rewards/var:0.2191009521484375 - format/rewards/max:0.0 - format/rewards/min:-1.0 - json/format/rewards/mean:-0.412109375 - json/format/rewards/var:0.24227523803710938 - json/format/rewards/max:0 - json/format/rewards/min:-1 - length/rewards/mean:-0.49561230468750006 - length/rewards/var:0.20687929671382904 - length/rewards/max:0.0 - length/rewards/min:-1.0 - cot/length/mean:76.9375 - cot/length/var:3882.5625 - cot/length/max:834 - cot/length/min:1 - answer/length/mean:302.56640625 - answer/length/var:93418.16746520996 - answer/length/max:1997 - answer/length/min:0 - actor/entropy:2.3389670848846436 - actor/kl_loss:0.003028362150871544 - actor/kl_coef:0.0 - actor/pg_loss:-0.007282325066626072 - actor/pg_clipfrac:0.0 - actor/ppo_kl:0.0 - actor/pg_clipfrac_lower:0.0 - actor/grad_norm:0.635448694229126 - perf/mfu/actor:0.12771866137054652 - perf/max_memory_allocated_gb:63.08449840545654 - perf/max_memory_reserved_gb:80.798828125 - perf/cpu_memory_used_gb:73.3408317565918 - actor/lr:1e-06 - training/global_step:6 - training/epoch:0 - critic/score/mean:-1.0971150398254395 - critic/score/max:-0.008999999612569809 - critic/score/min:-2.0 - critic/rewards/mean:-1.0971150398254395 - critic/rewards/max:-0.008999999612569809 - critic/rewards/min:-2.0 - critic/advantages/mean:-0.41721659898757935 - critic/advantages/max:1.954629898071289 - critic/advantages/min:-2.399076461791992 - critic/returns/mean:-0.41721659898757935 - critic/returns/max:1.954629898071289 - critic/returns/min:-2.399076461791992 - response_length/mean:468.494140625 - response_length/max:2048.0 - response_length/min:30.0 - response_length/clip_ratio:0.033203125 - prompt_length/mean:979.46875 - prompt_length/max:2559.0 - prompt_length/min:451.0 - prompt_length/clip_ratio:0.0 - timing_s/start_profile:1.2114003766328096e-05 - timing_s/generate_sequences:49.285030364990234 - timing_s/reshard:2.8674986362457275 - timing_s/gen:53.26040189800551 - timing_s/reward:486.0447221319773 - timing_s/old_log_prob:29.21873498801142 - timing_s/ref:16.832740555983037 - timing_s/adv:0.017143926001153886 - timing_s/update_actor:68.9630456980085 - timing_s/step:654.4005575450137 - timing_s/stop_profile:5.520007107406855e-06 - timing_per_token_ms/gen:0.2220395378227512 - timing_per_token_ms/ref:0.02270531006786614 - timing_per_token_ms/update_actor:0.09302272143921013 - timing_per_token_ms/adv:2.3125061206886676e-05 - perf/total_num_tokens:741357 - perf/time_per_step:654.4005575450137 - perf/throughput:141.6099420019605
calculating InfoCover scores...
开始抓取覆盖率评估, 数量512, 并发数128
InfoCover scores calculated.
calculating Conciseness and Fluency scores...
开始抓取简洁性、流畅性评估, 数量512, 并发数512
Conciseness and Fluency scores calculated.
calculating format scores...
format scores calculated.
calculating length scores...
length scores calculated.
step:7 - global_seqlen/min:78692 - global_seqlen/max:126017 - global_seqlen/minmax_diff:47325 - global_seqlen/balanced_min:104961 - global_seqlen/balanced_max:104961 - global_seqlen/mean:104961.0 - cover/rewards/mean:0.3589915628978691 - cover/rewards/var:0.05718822568691627 - cover/rewards/max:0.91 - cover/rewards/min:0.0 - cf/rewards/mean:0.19672148437500003 - cf/rewards/var:0.08087246125717162 - cf/rewards/max:0.972 - cf/rewards/min:0.0 - format/rewards/mean:-0.3359375 - format/rewards/var:0.22308349609375 - format/rewards/max:0.0 - format/rewards/min:-1.0 - json/format/rewards/mean:-0.421875 - json/format/rewards/var:0.243896484375 - json/format/rewards/max:0 - json/format/rewards/min:-1 - length/rewards/mean:-0.49270166015624994 - length/rewards/var:0.2103150258615017 - length/rewards/max:0.0 - length/rewards/min:-1.0 - cot/length/mean:94.7734375 - cot/length/var:23361.858825683594 - cot/length/max:2043 - cot/length/min:7 - answer/length/mean:329.06640625 - answer/length/var:131620.21434020996 - answer/length/max:2043 - answer/length/min:1 - actor/entropy:2.4490814208984375 - actor/kl_loss:0.003594943775169668 - actor/kl_coef:0.0 - actor/pg_loss:0.045527888636570424 - actor/pg_clipfrac:0.0 - actor/ppo_kl:0.0 - actor/pg_clipfrac_lower:0.0 - actor/grad_norm:0.6653105020523071 - perf/mfu/actor:0.13957860782783832 - perf/max_memory_allocated_gb:63.08449840545654 - perf/max_memory_reserved_gb:80.798828125 - perf/cpu_memory_used_gb:73.50109481811523 - actor/lr:1e-06 - training/global_step:7 - training/epoch:0 - critic/score/mean:-1.1108660697937012 - critic/score/max:0.01425000000745058 - critic/score/min:-2.0 - critic/rewards/mean:-1.1108660697937012 - critic/rewards/max:0.01425000000745058 - critic/rewards/min:-2.0 - critic/advantages/mean:-0.44207531213760376 - critic/advantages/max:2.0324604511260986 - critic/advantages/min:-2.4553070068359375 - critic/returns/mean:-0.44207531213760376 - critic/returns/max:2.0324604511260986 - critic/returns/min:-2.4553070068359375 - response_length/mean:480.234375 - response_length/max:2048.0 - response_length/min:37.0 - response_length/clip_ratio:0.02734375 - prompt_length/mean:1159.78125 - prompt_length/max:4096.0 - prompt_length/min:471.0 - prompt_length/clip_ratio:0.015625 - timing_s/start_profile:5.24596543982625e-06 - timing_s/generate_sequences:49.41311264038086 - timing_s/reshard:0.9841629266738892 - timing_s/gen:52.583983915974386 - timing_s/reward:497.8367161839851 - timing_s/old_log_prob:28.312718068948016 - timing_s/ref:17.378774405049626 - timing_s/adv:0.012879738002084196 - timing_s/update_actor:71.99815574899549 - timing_s/step:668.1903184469556 - timing_s/stop_profile:1.1585012543946505e-05 - timing_per_token_ms/gen:0.2138603543028078 - timing_per_token_ms/ref:0.020696704496252924 - timing_per_token_ms/update_actor:0.085743937925748 - timing_per_token_ms/adv:1.533871866941554e-05 - perf/total_num_tokens:839688 - perf/time_per_step:668.1903184469556 - perf/throughput:157.08249147332168
calculating InfoCover scores...
开始抓取覆盖率评估, 数量512, 并发数128
InfoCover scores calculated.
calculating Conciseness and Fluency scores...
开始抓取简洁性、流畅性评估, 数量512, 并发数512
Conciseness and Fluency scores calculated.
calculating format scores...
format scores calculated.
calculating length scores...
length scores calculated.
step:8 - global_seqlen/min:65732 - global_seqlen/max:134833 - global_seqlen/minmax_diff:69101 - global_seqlen/balanced_min:95815 - global_seqlen/balanced_max:95815 - global_seqlen/mean:95815.0 - cover/rewards/mean:0.3811748926224619 - cover/rewards/var:0.05900487587164677 - cover/rewards/max:1.0 - cover/rewards/min:0.0 - cf/rewards/mean:0.17733740234375 - cf/rewards/var:0.08583105614501002 - cf/rewards/max:0.96 - cf/rewards/min:0.0 - format/rewards/mean:-0.328125 - format/rewards/var:0.220458984375 - format/rewards/max:0.0 - format/rewards/min:-1.0 - json/format/rewards/mean:-0.421875 - json/format/rewards/var:0.243896484375 - json/format/rewards/max:0 - json/format/rewards/min:-1 - length/rewards/mean:-0.49683154296875 - length/rewards/var:0.21717585284781452 - length/rewards/max:0.0 - length/rewards/min:-1.0 - cot/length/mean:86.58203125 - cot/length/var:23386.270614624023 - cot/length/max:2045 - cot/length/min:10 - answer/length/mean:313.9375 - answer/length/var:129495.1796875 - answer/length/max:2045 - answer/length/min:0 - actor/entropy:2.551448345184326 - actor/kl_loss:0.005493204866979795 - actor/kl_coef:0.0 - actor/pg_loss:0.10633739992772462 - actor/pg_clipfrac:0.0 - actor/ppo_kl:0.0 - actor/pg_clipfrac_lower:0.0 - actor/grad_norm:0.6721382141113281 - perf/mfu/actor:0.12620850470914796 - perf/max_memory_allocated_gb:63.34369134902954 - perf/max_memory_reserved_gb:82.87109375 - perf/cpu_memory_used_gb:73.4949722290039 - actor/lr:1e-06 - training/global_step:8 - training/epoch:0 - critic/score/mean:-1.1217082738876343 - critic/score/max:-0.12080000340938568 - critic/score/min:-2.0 - critic/rewards/mean:-1.1217082738876343 - critic/rewards/max:-0.12080000340938568 - critic/rewards/min:-2.0 - critic/advantages/mean:-0.4795728623867035 - critic/advantages/max:2.1821200847625732 - critic/advantages/min:-2.4603090286254883 - critic/returns/mean:-0.4795728623867035 - critic/returns/max:2.1821200847625732 - critic/returns/min:-2.4603090286254883 - response_length/mean:486.140625 - response_length/max:2048.0 - response_length/min:122.0 - response_length/clip_ratio:0.05078125 - prompt_length/mean:1010.96875 - prompt_length/max:4096.0 - prompt_length/min:461.0 - prompt_length/clip_ratio:0.015625 - timing_s/start_profile:5.468027666211128e-06 - timing_s/generate_sequences:49.574851989746094 - timing_s/reshard:1.0007343292236328 - timing_s/gen:53.28452785499394 - timing_s/reward:500.1403341559926 - timing_s/old_log_prob:31.213655493978877 - timing_s/ref:18.004045268986374 - timing_s/adv:0.014325172989629209 - timing_s/update_actor:72.60618618299486 - timing_s/step:675.318225631956 - timing_s/stop_profile:5.620997399091721e-06 - timing_per_token_ms/gen:0.21407662333668379 - timing_per_token_ms/ref:0.02348803066976253 - timing_per_token_ms/update_actor:0.09472184180842622 - timing_per_token_ms/adv:1.8688583454612025e-05 - perf/total_num_tokens:766520 - perf/time_per_step:675.318225631956 - perf/throughput:141.88125888404284
calculating InfoCover scores...
开始抓取覆盖率评估, 数量512, 并发数128
InfoCover scores calculated.
calculating Conciseness and Fluency scores...
开始抓取简洁性、流畅性评估, 数量512, 并发数512
Conciseness and Fluency scores calculated.
calculating format scores...
format scores calculated.
calculating length scores...
length scores calculated.
step:9 - global_seqlen/min:70876 - global_seqlen/max:115522 - global_seqlen/minmax_diff:44646 - global_seqlen/balanced_min:89521 - global_seqlen/balanced_max:89626 - global_seqlen/mean:89547.75 - cover/rewards/mean:0.32630553955057656 - cover/rewards/var:0.06418964521183655 - cover/rewards/max:1.0 - cover/rewards/min:0.0 - cf/rewards/mean:0.180527734375 - cf/rewards/var:0.08290206504135132 - cf/rewards/max:1.0 - cf/rewards/min:0.0 - format/rewards/mean:-0.255859375 - format/rewards/var:0.19039535522460938 - format/rewards/max:0.0 - format/rewards/min:-1.0 - json/format/rewards/mean:-0.376953125 - json/format/rewards/var:0.23485946655273438 - json/format/rewards/max:0 - json/format/rewards/min:-1 - length/rewards/mean:-0.55816162109375 - length/rewards/var:0.212272554322958 - length/rewards/max:0.0 - length/rewards/min:-1.0 - cot/length/mean:78.369140625 - cot/length/var:13751.396938323975 - cot/length/max:1741 - cot/length/min:6 - answer/length/mean:309.119140625 - answer/length/var:116362.49947738647 - answer/length/max:2044 - answer/length/min:12 - actor/entropy:1.945206642150879 - actor/kl_loss:0.009339687221654458 - actor/kl_coef:0.0 - actor/pg_loss:0.02797554383869283 - actor/pg_clipfrac:0.0 - actor/ppo_kl:0.0 - actor/pg_clipfrac_lower:0.0 - actor/grad_norm:0.6411321759223938 - perf/mfu/actor:0.12573420426547702 - perf/max_memory_allocated_gb:63.34369134902954 - perf/max_memory_reserved_gb:82.87109375 - perf/cpu_memory_used_gb:73.35613632202148 - actor/lr:1e-06 - training/global_step:9 - training/epoch:0 - critic/score/mean:-1.037283182144165 - critic/score/max:0.10225000232458115 - critic/score/min:-2.0 - critic/rewards/mean:-1.037283182144165 - critic/rewards/max:0.10225000232458115 - critic/rewards/min:-2.0 - critic/advantages/mean:-0.3954998552799225 - critic/advantages/max:2.4177255630493164 - critic/advantages/min:-2.4564836025238037 - critic/returns/mean:-0.3954998552799225 - critic/returns/max:2.4177255630493164 - critic/returns/min:-2.4564836025238037 - response_length/mean:421.90234375 - response_length/max:2048.0 - response_length/min:120.0 - response_length/clip_ratio:0.025390625 - prompt_length/mean:977.28125 - prompt_length/max:4096.0 - prompt_length/min:482.0 - prompt_length/clip_ratio:0.015625 - timing_s/start_profile:6.335962098091841e-06 - timing_s/generate_sequences:48.30418014526367 - timing_s/reshard:1.0197844505310059 - timing_s/gen:51.05498776596505 - timing_s/reward:443.42652577196714 - timing_s/old_log_prob:29.581603700004052 - timing_s/ref:16.3476640220033 - timing_s/adv:0.01246764394454658 - timing_s/update_actor:67.6204261870007 - timing_s/step:608.0884389400017 - timing_s/stop_profile:5.538982804864645e-06 - timing_per_token_ms/gen:0.23635036509654492 - timing_per_token_ms/ref:0.02281975820442627 - timing_per_token_ms/update_actor:0.09439157626378204 - timing_per_token_ms/adv:1.7403625362650904e-05 - perf/total_num_tokens:716382 - perf/time_per_step:608.0884389400017 - perf/throughput:147.2610631376194
calculating InfoCover scores...
开始抓取覆盖率评估, 数量512, 并发数128
InfoCover scores calculated.
calculating Conciseness and Fluency scores...
开始抓取简洁性、流畅性评估, 数量512, 并发数512
Conciseness and Fluency scores calculated.
calculating format scores...
format scores calculated.
calculating length scores...
length scores calculated.
local_global_step_folder: /root/paddlejob/workspace/env_run/output/SummarizeRL-RL-ckpt/global_step_10
step:10 - global_seqlen/min:80297 - global_seqlen/max:99308 - global_seqlen/minmax_diff:19011 - global_seqlen/balanced_min:88270 - global_seqlen/balanced_max:88271 - global_seqlen/mean:88270.125 - cover/rewards/mean:0.3200864015021466 - cover/rewards/var:0.055686691296600976 - cover/rewards/max:1.0 - cover/rewards/min:0.0 - cf/rewards/mean:0.16093105468750002 - cf/rewards/var:0.07000396417232514 - cf/rewards/max:1.0 - cf/rewards/min:0.0 - format/rewards/mean:-0.11328125 - format/rewards/var:0.1004486083984375 - format/rewards/max:0.0 - format/rewards/min:-1.0 - json/format/rewards/mean:-0.306640625 - json/format/rewards/var:0.21261215209960938 - json/format/rewards/max:0 - json/format/rewards/min:-1 - length/rewards/mean:-0.61655712890625 - length/rewards/var:0.19070810623335838 - length/rewards/max:0.0 - length/rewards/min:-1.0 - cot/length/mean:58.271484375 - cot/length/var:1241.8579368591309 - cot/length/max:467 - cot/length/min:11 - answer/length/mean:233.931640625 - answer/length/var:49562.75509262085 - answer/length/max:1971 - answer/length/min:79 - actor/entropy:1.4202065467834473 - actor/kl_loss:0.018996759776200633 - actor/kl_coef:0.0 - actor/pg_loss:0.08808515599230304 - actor/pg_clipfrac:0.0 - actor/ppo_kl:0.0 - actor/pg_clipfrac_lower:0.0 - actor/grad_norm:0.5525708794593811 - perf/mfu/actor:0.12995051533999655 - perf/max_memory_allocated_gb:63.34369134902954 - perf/max_memory_reserved_gb:82.87109375 - perf/cpu_memory_used_gb:73.79490661621094 - actor/lr:1e-06 - training/global_step:10 - training/epoch:0 - critic/score/mean:-0.8623219132423401 - critic/score/max:0.1142222210764885 - critic/score/min:-2.0 - critic/rewards/mean:-0.8623219132423401 - critic/rewards/max:0.1142222210764885 - critic/rewards/min:-2.0 - critic/advantages/mean:-0.2275622934103012 - critic/advantages/max:2.1831068992614746 - critic/advantages/min:-2.453822612762451 - critic/returns/mean:-0.2275622934103012 - critic/returns/max:2.1831068992614746 - critic/returns/min:-2.453822612762451 - response_length/mean:309.361328125 - response_length/max:2048.0 - response_length/min:121.0 - response_length/clip_ratio:0.005859375 - prompt_length/mean:1069.859375 - prompt_length/max:2716.0 - prompt_length/min:464.0 - prompt_length/clip_ratio:0.0 - timing_s/start_profile:5.0549861043691635e-06 - timing_s/generate_sequences:46.17256546020508 - timing_s/reshard:1.5247410535812378 - timing_s/gen:49.17935693898471 - timing_s/reward:479.3177480860031 - timing_s/old_log_prob:28.79541235603392 - timing_s/ref:15.797530651965644 - timing_s/adv:0.0125261289649643 - timing_s/update_actor:64.19029677298386 - timing_s/save_checkpoint:45.37959463603329 - timing_s/step:682.7201107559958 - timing_s/stop_profile:2.6599736884236336e-06 - timing_per_token_ms/gen:0.3104894593762648 - timing_per_token_ms/ref:0.022371004136401817 - timing_per_token_ms/update_actor:0.0909003708403379 - timing_per_token_ms/adv:1.7738347154493522e-05 - perf/total_num_tokens:706161 - perf/time_per_step:682.7201107559958 - perf/throughput:129.2918190182737
calculating InfoCover scores...
开始抓取覆盖率评估, 数量512, 并发数128
InfoCover scores calculated.
calculating Conciseness and Fluency scores...
开始抓取简洁性、流畅性评估, 数量512, 并发数512
Conciseness and Fluency scores calculated.
calculating format scores...
format scores calculated.
calculating length scores...
length scores calculated.
step:11 - global_seqlen/min:62743 - global_seqlen/max:86281 - global_seqlen/minmax_diff:23538 - global_seqlen/balanced_min:74327 - global_seqlen/balanced_max:74708 - global_seqlen/mean:74375.375 - cover/rewards/mean:0.330468653984177 - cover/rewards/var:0.06436935373671382 - cover/rewards/max:0.9 - cover/rewards/min:0.0 - cf/rewards/mean:0.44680428710937503 - cf/rewards/var:0.13302484935764608 - cf/rewards/max:1.0 - cf/rewards/min:0.0 - format/rewards/mean:-0.107421875 - format/rewards/var:0.09588241577148438 - format/rewards/max:0.0 - format/rewards/min:-1.0 - json/format/rewards/mean:-0.310546875 - json/format/rewards/var:0.21410751342773438 - json/format/rewards/max:0 - json/format/rewards/min:-1 - length/rewards/mean:-0.6398999023437499 - length/rewards/var:0.20001462169432638 - length/rewards/max:0.0 - length/rewards/min:-1.0 - cot/length/mean:54.248046875 - cot/length/var:583.2255821228027 - cot/length/max:247 - cot/length/min:14 - answer/length/mean:219.751953125 - answer/length/var:41862.3310508728 - answer/length/max:2001 - answer/length/min:28 - actor/entropy:1.3975147008895874 - actor/kl_loss:0.029079039850330446 - actor/kl_coef:0.0 - actor/pg_loss:-0.031890759913949296 - actor/pg_clipfrac:0.0 - actor/ppo_kl:0.0 - actor/pg_clipfrac_lower:0.0 - actor/grad_norm:0.6175852417945862 - perf/mfu/actor:0.11760382533047994 - perf/max_memory_allocated_gb:63.34369134902954 - perf/max_memory_reserved_gb:88.40234375 - perf/cpu_memory_used_gb:75.65848159790039 - actor/lr:1e-06 - training/global_step:11 - training/epoch:0 - critic/score/mean:-0.8153154850006104 - critic/score/max:0.22483333945274353 - critic/score/min:-2.0 - critic/rewards/mean:-0.8153154850006104 - critic/rewards/max:0.22483333945274353 - critic/rewards/min:-2.0 - critic/advantages/mean:-0.214975968003273 - critic/advantages/max:2.4748375415802 - critic/advantages/min:-2.462221622467041 - critic/returns/mean:-0.214975968003273 - critic/returns/max:2.4748375415802 - critic/returns/min:-2.462221622467041 - response_length/mean:291.052734375 - response_length/max:2048.0 - response_length/min:67.0 - response_length/clip_ratio:0.005859375 - prompt_length/mean:871.0625 - prompt_length/max:2466.0 - prompt_length/min:436.0 - prompt_length/clip_ratio:0.0 - timing_s/start_profile:4.532979801297188e-06 - timing_s/generate_sequences:50.262325286865234 - timing_s/reshard:8.23432731628418 - timing_s/gen:60.328371087962296 - timing_s/reward:487.03143715602346 - timing_s/old_log_prob:26.17186841799412 - timing_s/ref:15.167951925017405 - timing_s/adv:0.013845412991940975 - timing_s/update_actor:59.32402835600078 - timing_s/step:648.0787897320115 - timing_s/stop_profile:4.978966899216175e-06 - timing_per_token_ms/gen:0.40483677308237404 - timing_per_token_ms/ref:0.025492227644259617 - timing_per_token_ms/update_actor:0.09970374662985024 - timing_per_token_ms/adv:2.3269484341996553e-05 - perf/total_num_tokens:595003 - perf/time_per_step:648.0787897320115 - perf/throughput:114.76285935967003
calculating InfoCover scores...
开始抓取覆盖率评估, 数量512, 并发数128
InfoCover scores calculated.
calculating Conciseness and Fluency scores...
开始抓取简洁性、流畅性评估, 数量512, 并发数512
Conciseness and Fluency scores calculated.
calculating format scores...
format scores calculated.
calculating length scores...
length scores calculated.
step:12 - global_seqlen/min:69087 - global_seqlen/max:110226 - global_seqlen/minmax_diff:41139 - global_seqlen/balanced_min:86049 - global_seqlen/balanced_max:86050 - global_seqlen/mean:86049.75 - cover/rewards/mean:0.37696092140403314 - cover/rewards/var:0.044113462719267055 - cover/rewards/max:0.95 - cover/rewards/min:0.0 - cf/rewards/mean:0.17875449218750022 - cf/rewards/var:0.08114660099544523 - cf/rewards/max:1.0 - cf/rewards/min:0.0 - format/rewards/mean:-0.107421875 - format/rewards/var:0.09588241577148438 - format/rewards/max:0.0 - format/rewards/min:-1.0 - json/format/rewards/mean:-0.294921875 - json/format/rewards/var:0.20794296264648438 - json/format/rewards/max:0 - json/format/rewards/min:-1 - length/rewards/mean:-0.63652978515625 - length/rewards/var:0.19436671017241477 - length/rewards/max:0.0 - length/rewards/min:-1.0 - cot/length/mean:50.51953125 - cot/length/var:412.39414978027344 - cot/length/max:136 - cot/length/min:13 - answer/length/mean:208.66796875 - answer/length/var:30097.381942749023 - answer/length/max:1989 - answer/length/min:66 - actor/entropy:1.230415940284729 - actor/kl_loss:0.028485398164775688 - actor/kl_coef:0.0 - actor/pg_loss:-0.0009398307374794967 - actor/pg_clipfrac:0.0 - actor/ppo_kl:0.0 - actor/pg_clipfrac_lower:0.0 - actor/grad_norm:0.6657431125640869 - perf/mfu/actor:0.12577767233082196 - perf/max_memory_allocated_gb:63.34369134902954 - perf/max_memory_reserved_gb:88.40234375 - perf/cpu_memory_used_gb:76.01430892944336 - actor/lr:1e-06 - training/global_step:12 - training/epoch:0 - critic/score/mean:-0.8258762955665588 - critic/score/max:0.2316499948501587 - critic/score/min:-2.0 - critic/rewards/mean:-0.8258762955665588 - critic/rewards/max:0.2316499948501587 - critic/rewards/min:-2.0 - critic/advantages/mean:-0.22346991300582886 - critic/advantages/max:2.305396556854248 - critic/advantages/min:-2.4690887928009033 - critic/returns/mean:-0.22346991300582886 - critic/returns/max:2.305396556854248 - critic/returns/min:-2.4690887928009033 - response_length/mean:278.63671875 - response_length/max:2048.0 - response_length/min:86.0 - response_length/clip_ratio:0.005859375 - prompt_length/mean:1065.890625 - prompt_length/max:3831.0 - prompt_length/min:458.0 - prompt_length/clip_ratio:0.0 - timing_s/start_profile:5.564012099057436e-06 - timing_s/generate_sequences:40.329795837402344 - timing_s/reshard:1.195483684539795 - timing_s/gen:48.796483281010296 - timing_s/reward:495.0247928699828 - timing_s/old_log_prob:29.631690840993542 - timing_s/ref:16.117581425991375 - timing_s/adv:0.013731935992836952 - timing_s/update_actor:64.79189433599822 - timing_s/step:654.4325575709809 - timing_s/stop_profile:4.215049557387829e-06 - timing_per_token_ms/gen:0.3420426131766714 - timing_per_token_ms/ref:0.023413172940640988 - timing_per_token_ms/update_actor:0.09411981780307065 - timing_per_token_ms/adv:1.9947669796886324e-05 - perf/total_num_tokens:688398 - perf/time_per_step:654.4325575709809 - perf/throughput:131.48757500602633
calculating InfoCover scores...
开始抓取覆盖率评估, 数量512, 并发数128
InfoCover scores calculated.
calculating Conciseness and Fluency scores...
开始抓取简洁性、流畅性评估, 数量512, 并发数512
Conciseness and Fluency scores calculated.
calculating format scores...
format scores calculated.
calculating length scores...
length scores calculated.
step:13 - global_seqlen/min:63434 - global_seqlen/max:106155 - global_seqlen/minmax_diff:42721 - global_seqlen/balanced_min:85086 - global_seqlen/balanced_max:85087 - global_seqlen/mean:85086.25 - cover/rewards/mean:0.33505757563048855 - cover/rewards/var:0.05151524027157373 - cover/rewards/max:0.9285714285714286 - cover/rewards/min:0.0 - cf/rewards/mean:0.185869091796875 - cf/rewards/var:0.07870673019336462 - cf/rewards/max:0.96 - cf/rewards/min:0.0 - format/rewards/mean:-0.11328125 - format/rewards/var:0.1004486083984375 - format/rewards/max:0.0 - format/rewards/min:-1.0 - json/format/rewards/mean:-0.28515625 - json/format/rewards/var:0.2038421630859375 - json/format/rewards/max:0 - json/format/rewards/min:-1 - length/rewards/mean:-0.6707036132812499 - length/rewards/var:0.18985558683753012 - length/rewards/max:0.0 - length/rewards/min:-1.0 - cot/length/mean:48.1875 - cot/length/var:362.69921875 - cot/length/max:114 - cot/length/min:8 - answer/length/mean:208.734375 - answer/length/var:41675.652099609375 - answer/length/max:2028 - answer/length/min:28 - actor/entropy:1.4336086511611938 - actor/kl_loss:0.03742519477964379 - actor/kl_coef:0.0 - actor/pg_loss:-0.1090064991331019 - actor/pg_clipfrac:0.0 - actor/ppo_kl:0.0 - actor/pg_clipfrac_lower:0.0 - actor/grad_norm:0.6900042295455933 - perf/mfu/actor:0.1255175141002769 - perf/max_memory_allocated_gb:63.34369134902954 - perf/max_memory_reserved_gb:88.40234375 - perf/cpu_memory_used_gb:76.02724075317383 - actor/lr:1e-06 - training/global_step:13 - training/epoch:0 - critic/score/mean:-0.8524168133735657 - critic/score/max:-0.14800000190734863 - critic/score/min:-2.0 - critic/rewards/mean:-0.8524168133735657 - critic/rewards/max:-0.14800000190734863 - critic/rewards/min:-2.0 - critic/advantages/mean:-0.22268302738666534 - critic/advantages/max:2.070739984512329 - critic/advantages/min:-2.4639856815338135 - critic/returns/mean:-0.22268302738666534 - critic/returns/max:2.070739984512329 - critic/returns/min:-2.4639856815338135 - response_length/mean:271.34765625 - response_length/max:2048.0 - response_length/min:75.0 - response_length/clip_ratio:0.0078125 - prompt_length/mean:1058.125 - prompt_length/max:3162.0 - prompt_length/min:474.0 - prompt_length/clip_ratio:0.0 - timing_s/start_profile:1.1149037163704634e-05 - timing_s/generate_sequences:45.200862884521484 - timing_s/reshard:1.0662353038787842 - timing_s/gen:47.891412979981396 - timing_s/reward:497.4228319649701 - timing_s/old_log_prob:25.40235945902532 - timing_s/ref:15.7809171199915 - timing_s/adv:0.01849407103145495 - timing_s/update_actor:64.03808255598415 - timing_s/step:650.6201251469902 - timing_s/stop_profile:4.9800146371126175e-06 - timing_per_token_ms/gen:0.34471613747917224 - timing_per_token_ms/ref:0.02318370641553644 - timing_per_token_ms/update_actor:0.09407818912571676 - timing_per_token_ms/adv:2.7169594134561916e-05 - perf/total_num_tokens:680690 - perf/time_per_step:650.6201251469902 - perf/throughput:130.77715661005266
calculating InfoCover scores...
开始抓取覆盖率评估, 数量512, 并发数128
InfoCover scores calculated.
calculating Conciseness and Fluency scores...
开始抓取简洁性、流畅性评估, 数量512, 并发数512
Conciseness and Fluency scores calculated.
calculating format scores...
format scores calculated.
calculating length scores...
length scores calculated.
step:14 - global_seqlen/min:58733 - global_seqlen/max:129263 - global_seqlen/minmax_diff:70530 - global_seqlen/balanced_min:88114 - global_seqlen/balanced_max:88115 - global_seqlen/mean:88114.125 - cover/rewards/mean:0.3591558231768285 - cover/rewards/var:0.044039942003379795 - cover/rewards/max:0.94 - cover/rewards/min:0.0 - cf/rewards/mean:0.37053486328124996 - cf/rewards/var:0.14190543957068444 - cf/rewards/max:0.975 - cf/rewards/min:0.0 - format/rewards/mean:-0.064453125 - format/rewards/var:0.060298919677734375 - format/rewards/max:0.0 - format/rewards/min:-1.0 - json/format/rewards/mean:-0.224609375 - json/format/rewards/var:0.17416000366210938 - json/format/rewards/max:0 - json/format/rewards/min:-1 - length/rewards/mean:-0.71573046875 - length/rewards/var:0.16821241441345214 - length/rewards/max:0.0 - length/rewards/min:-1.0 - cot/length/mean:58.541015625 - cot/length/var:29184.037380218506 - cot/length/max:2048 - cot/length/min:10 - answer/length/mean:197.666015625 - answer/length/var:49311.515407562256 - answer/length/max:2048 - answer/length/min:80 - actor/entropy:1.45729398727417 - actor/kl_loss:0.04046216756250942 - actor/kl_coef:0.0 - actor/pg_loss:0.05184185865800828 - actor/pg_clipfrac:0.0 - actor/ppo_kl:0.0 - actor/pg_clipfrac_lower:0.0 - actor/grad_norm:0.6688610315322876 - perf/mfu/actor:0.12018581298333697 - perf/max_memory_allocated_gb:63.34369134902954 - perf/max_memory_reserved_gb:88.40234375 - perf/cpu_memory_used_gb:75.9334487915039 - actor/lr:1e-06 - training/global_step:14 - training/epoch:0 - critic/score/mean:-0.7458800077438354 - critic/score/max:0.10225000232458115 - critic/score/min:-2.0 - critic/rewards/mean:-0.7458800077438354 - critic/rewards/max:0.10225000232458115 - critic/rewards/min:-2.0 - critic/advantages/mean:-0.13678564131259918 - critic/advantages/max:2.281181812286377 - critic/advantages/min:-2.4493772983551025 - critic/returns/mean:-0.13678564131259918 - critic/returns/max:2.281181812286377 - critic/returns/min:-2.4493772983551025 - response_length/mean:257.767578125 - response_length/max:2048.0 - response_length/min:103.0 - response_length/clip_ratio:0.01171875 - prompt_length/mean:1119.015625 - prompt_length/max:4096.0 - prompt_length/min:477.0 - prompt_length/clip_ratio:0.015625 - timing_s/start_profile:4.882982466369867e-06 - timing_s/generate_sequences:44.585723876953125 - timing_s/reshard:0.9793443083763123 - timing_s/gen:48.64112413302064 - timing_s/reward:502.31541114201536 - timing_s/old_log_prob:31.659262661007233 - timing_s/ref:17.491766682011075 - timing_s/adv:0.01874895900255069 - timing_s/update_actor:69.87177331600105 - timing_s/step:670.0588848819607 - timing_s/stop_profile:5.0639500841498375e-06 - timing_per_token_ms/gen:0.36855758301083247 - timing_per_token_ms/ref:0.02481407873313597 - timing_per_token_ms/update_actor:0.09912113028983868 - timing_per_token_ms/adv:2.659755033961736e-05 - perf/total_num_tokens:704913 - perf/time_per_step:670.0588848819607 - perf/throughput:131.50206196508
calculating InfoCover scores...
开始抓取覆盖率评估, 数量512, 并发数128
InfoCover scores calculated.
calculating Conciseness and Fluency scores...
开始抓取简洁性、流畅性评估, 数量512, 并发数512
Conciseness and Fluency scores calculated.
calculating format scores...
format scores calculated.
calculating length scores...
length scores calculated.
step:15 - global_seqlen/min:64311 - global_seqlen/max:100561 - global_seqlen/minmax_diff:36250 - global_seqlen/balanced_min:84632 - global_seqlen/balanced_max:84853 - global_seqlen/mean:84660.875 - cover/rewards/mean:0.33709306536309547 - cover/rewards/var:0.04648111104663313 - cover/rewards/max:0.915 - cover/rewards/min:0.0 - cf/rewards/mean:0.16461552734375 - cf/rewards/var:0.07448174299620627 - cf/rewards/max:0.96 - cf/rewards/min:0.0 - format/rewards/mean:-0.0859375 - format/rewards/var:0.07855224609375 - format/rewards/max:0.0 - format/rewards/min:-1.0 - json/format/rewards/mean:-0.248046875 - json/format/rewards/var:0.18651962280273438 - json/format/rewards/max:0 - json/format/rewards/min:-1 - length/rewards/mean:-0.6966591796874999 - length/rewards/var:0.18209631011104585 - length/rewards/max:0.0 - length/rewards/min:-1.0 - cot/length/mean:49.53515625 - cot/length/var:10105.272201538086 - cot/length/max:2048 - cot/length/min:15 - answer/length/mean:190.09765625 - answer/length/var:41716.650619506836 - answer/length/max:2048 - answer/length/min:77 - actor/entropy:1.0701428651809692 - actor/kl_loss:0.054493841932526266 - actor/kl_coef:0.0 - actor/pg_loss:-0.06034695194102824 - actor/pg_clipfrac:0.0 - actor/ppo_kl:0.0 - actor/pg_clipfrac_lower:0.0 - actor/grad_norm:0.6924225687980652 - perf/mfu/actor:0.12225017312935774 - perf/max_memory_allocated_gb:63.34369134902954 - perf/max_memory_reserved_gb:88.40234375 - perf/cpu_memory_used_gb:75.99765014648438 - actor/lr:1e-06 - training/global_step:15 - training/epoch:0 - critic/score/mean:-0.8330304622650146 - critic/score/max:0.012350000441074371 - critic/score/min:-2.0 - critic/rewards/mean:-0.8330304622650146 - critic/rewards/max:0.012350000441074371 - critic/rewards/min:-2.0 - critic/advantages/mean:-0.1735115647315979 - critic/advantages/max:2.2557356357574463 - critic/advantages/min:-2.446949005126953 - critic/returns/mean:-0.1735115647315979 - critic/returns/max:2.2557356357574463 - critic/returns/min:-2.446949005126953 - response_length/mean:245.669921875 - response_length/max:2048.0 - response_length/min:113.0 - response_length/clip_ratio:0.0078125 - prompt_length/mean:1077.15625 - prompt_length/max:4096.0 - prompt_length/min:456.0 - prompt_length/clip_ratio:0.015625 - timing_s/start_profile:4.923960659652948e-06 - timing_s/generate_sequences:45.3165283203125 - timing_s/reshard:1.4056850671768188 - timing_s/gen:48.363565182022285 - timing_s/reward:498.3165499030147 - timing_s/old_log_prob:27.27684607997071 - timing_s/ref:16.43434688897105 - timing_s/adv:0.013138559996150434 - timing_s/update_actor:65.66258222202305 - timing_s/step:656.109454742982 - timing_s/stop_profile:5.04200579598546e-06 - timing_per_token_ms/gen:0.38450001337241346 - timing_per_token_ms/ref:0.024264967272324803 - timing_per_token_ms/update_actor:0.09694942058835183 - timing_per_token_ms/adv:1.9398807294618727e-05 - perf/total_num_tokens:677287 - perf/time_per_step:656.109454742982 - perf/throughput:129.03468222869037
calculating InfoCover scores...
开始抓取覆盖率评估, 数量512, 并发数128
InfoCover scores calculated.
calculating Conciseness and Fluency scores...
开始抓取简洁性、流畅性评估, 数量512, 并发数512
Conciseness and Fluency scores calculated.
calculating format scores...
format scores calculated.
calculating length scores...
length scores calculated.
step:16 - global_seqlen/min:64645 - global_seqlen/max:103775 - global_seqlen/minmax_diff:39130 - global_seqlen/balanced_min:81435 - global_seqlen/balanced_max:81629 - global_seqlen/mean:81483.125 - cover/rewards/mean:0.3549965554543585 - cover/rewards/var:0.040517302676773684 - cover/rewards/max:0.92 - cover/rewards/min:0.0 - cf/rewards/mean:0.20639115234375002 - cf/rewards/var:0.08104276758558618 - cf/rewards/max:0.975 - cf/rewards/min:0.0 - format/rewards/mean:-0.09375 - format/rewards/var:0.0849609375 - format/rewards/max:0.0 - format/rewards/min:-1.0 - json/format/rewards/mean:-0.232421875 - json/format/rewards/var:0.17840194702148438 - json/format/rewards/max:0 - json/format/rewards/min:-1 - length/rewards/mean:-0.7123535156249999 - length/rewards/var:0.17719482717514037 - length/rewards/max:0.0 - length/rewards/min:-1.0 - cot/length/mean:45.103515625 - cot/length/var:9762.37405014038 - cot/length/max:2049 - cot/length/min:12 - answer/length/mean:179.576171875 - answer/length/var:28594.50201034546 - answer/length/max:2049 - answer/length/min:76 - actor/entropy:1.172141432762146 - actor/kl_loss:0.05679799639619887 - actor/kl_coef:0.0 - actor/pg_loss:0.052834787231404334 - actor/pg_clipfrac:0.0 - actor/ppo_kl:0.0 - actor/pg_clipfrac_lower:0.0 - actor/grad_norm:0.7435939311981201 - perf/mfu/actor:0.13283722760371222 - perf/max_memory_allocated_gb:63.34369134902954 - perf/max_memory_reserved_gb:88.40234375 - perf/cpu_memory_used_gb:76.11669158935547 - actor/lr:1e-06 - training/global_step:16 - training/epoch:0 - critic/score/mean:-0.8108593821525574 - critic/score/max:-0.0062500000931322575 - critic/score/min:-2.0 - critic/rewards/mean:-0.8108593821525574 - critic/rewards/max:-0.0062500000931322575 - critic/rewards/min:-2.0 - critic/advantages/mean:-0.13128715753555298 - critic/advantages/max:2.0314786434173584 - critic/advantages/min:-2.463569402694702 - critic/returns/mean:-0.13128715753555298 - critic/returns/max:2.0314786434173584 - critic/returns/min:-2.463569402694702 - response_length/mean:237.548828125 - response_length/max:2048.0 - response_length/min:109.0 - response_length/clip_ratio:0.005859375 - prompt_length/mean:1035.625 - prompt_length/max:4096.0 - prompt_length/min:472.0 - prompt_length/clip_ratio:0.015625 - timing_s/start_profile:4.390953108668327e-06 - timing_s/generate_sequences:45.11317825317383 - timing_s/reshard:1.8404688835144043 - timing_s/gen:49.27600945701124 - timing_s/reward:480.0926387410145 - timing_s/old_log_prob:27.64020086301025 - timing_s/ref:14.929866593971383 - timing_s/adv:0.014792245987337083 - timing_s/update_actor:57.901789415976964 - timing_s/step:629.9268126299721 - timing_s/stop_profile:2.629996743053198e-06 - timing_per_token_ms/gen:0.405147045895262 - timing_per_token_ms/ref:0.022903310645565236 - timing_per_token_ms/update_actor:0.08882481712621013 - timing_per_token_ms/adv:2.2692192382375312e-05 - perf/total_num_tokens:651865 - perf/time_per_step:629.9268126299721 - perf/throughput:129.3533206815001
calculating InfoCover scores...
开始抓取覆盖率评估, 数量512, 并发数128
InfoCover scores calculated.
calculating Conciseness and Fluency scores...
开始抓取简洁性、流畅性评估, 数量512, 并发数512
Conciseness and Fluency scores calculated.
calculating format scores...
format scores calculated.
calculating length scores...
length scores calculated.
step:17 - global_seqlen/min:70223 - global_seqlen/max:82957 - global_seqlen/minmax_diff:12734 - global_seqlen/balanced_min:77680 - global_seqlen/balanced_max:78572 - global_seqlen/mean:77793.5 - cover/rewards/mean:0.3539641259254153 - cover/rewards/var:0.04099353157439395 - cover/rewards/max:0.9 - cover/rewards/min:0.0 - cf/rewards/mean:0.19692921874999997 - cf/rewards/var:0.08034642156657713 - cf/rewards/max:0.9675 - cf/rewards/min:0.0 - format/rewards/mean:-0.052734375 - format/rewards/var:0.049953460693359375 - format/rewards/max:0.0 - format/rewards/min:-1.0 - json/format/rewards/mean:-0.205078125 - json/format/rewards/var:0.16302108764648438 - json/format/rewards/max:0 - json/format/rewards/min:-1 - length/rewards/mean:-0.744228515625 - length/rewards/var:0.15383305959701538 - length/rewards/max:0.0 - length/rewards/min:-1.0 - cot/length/mean:34.1953125 - cot/length/var:295.77435302734375 - cot/length/max:300 - cot/length/min:12 - answer/length/mean:167.25 - answer/length/var:10738.34375 - answer/length/max:1893 - answer/length/min:70 - actor/entropy:0.8489004969596863 - actor/kl_loss:0.07059530256083235 - actor/kl_coef:0.0 - actor/pg_loss:0.04321584865101613 - actor/pg_clipfrac:0.0 - actor/ppo_kl:0.0 - actor/pg_clipfrac_lower:0.0 - actor/grad_norm:0.7640752196311951 - perf/mfu/actor:0.12424836992956177 - perf/max_memory_allocated_gb:63.34369134902954 - perf/max_memory_reserved_gb:88.40234375 - perf/cpu_memory_used_gb:76.06729507446289 - actor/lr:1e-06 - training/global_step:17 - training/epoch:0 - critic/score/mean:-0.7569127082824707 - critic/score/max:-0.14824999868869781 - critic/score/min:-2.0 - critic/rewards/mean:-0.7569127082824707 - critic/rewards/max:-0.14824999868869781 - critic/rewards/min:-2.0 - critic/advantages/mean:-0.09959356486797333 - critic/advantages/max:2.2981882095336914 - critic/advantages/min:-2.456254720687866 - critic/returns/mean:-0.09959356486797333 - critic/returns/max:2.2981882095336914 - critic/returns/min:-2.456254720687866 - response_length/mean:210.9921875 - response_length/max:1946.0 - response_length/min:108.0 - response_length/clip_ratio:0.0 - prompt_length/mean:1004.53125 - prompt_length/max:2657.0 - prompt_length/min:466.0 - prompt_length/clip_ratio:0.0 - timing_s/start_profile:5.509995389729738e-06 - timing_s/generate_sequences:28.847007751464844 - timing_s/reshard:1.0111680030822754 - timing_s/gen:42.369817650993355 - timing_s/reward:403.870065710973 - timing_s/old_log_prob:26.93319974996848 - timing_s/ref:14.709103942033835 - timing_s/adv:0.016400630003772676 - timing_s/update_actor:58.7647056109854 - timing_s/step:546.7105245230487 - timing_s/stop_profile:1.4265009667724371e-05 - timing_per_token_ms/gen:0.3922114419501736 - timing_per_token_ms/ref:0.023634853718552697 - timing_per_token_ms/update_actor:0.09442418969930876 - timing_per_token_ms/adv:2.635282832719423e-05 - perf/total_num_tokens:622348 - perf/time_per_step:546.7105245230487 - perf/throughput:142.29376701293103
calculating InfoCover scores...
开始抓取覆盖率评估, 数量512, 并发数128
InfoCover scores calculated.
calculating Conciseness and Fluency scores...
开始抓取简洁性、流畅性评估, 数量512, 并发数512
Conciseness and Fluency scores calculated.
calculating format scores...
format scores calculated.
calculating length scores...
length scores calculated.
step:18 - global_seqlen/min:65188 - global_seqlen/max:105092 - global_seqlen/minmax_diff:39904 - global_seqlen/balanced_min:85869 - global_seqlen/balanced_max:85870 - global_seqlen/mean:85869.5 - cover/rewards/mean:0.3032221084895821 - cover/rewards/var:0.04304504014156017 - cover/rewards/max:0.7133333333333334 - cover/rewards/min:0.0 - cf/rewards/mean:0.186539912109375 - cf/rewards/var:0.0891178933732833 - cf/rewards/max:0.96 - cf/rewards/min:0.0 - format/rewards/mean:-0.0390625 - format/rewards/var:0.03753662109375 - format/rewards/max:0.0 - format/rewards/min:-1.0 - json/format/rewards/mean:-0.126953125 - json/format/rewards/var:0.11083602905273438 - json/format/rewards/max:0 - json/format/rewards/min:-1 - length/rewards/mean:-0.83576416015625 - length/rewards/var:0.11116843156218528 - length/rewards/max:0.0 - length/rewards/min:-1.0 - cot/length/mean:25.734375 - cot/length/var:75.554443359375 - cot/length/max:87 - cot/length/min:13 - answer/length/mean:145.220703125 - answer/length/var:8799.269649505615 - answer/length/max:2010 - answer/length/min:78 - actor/entropy:0.7191523313522339 - actor/kl_loss:0.11038297938648611 - actor/kl_coef:0.0 - actor/pg_loss:-0.0004199487157166004 - actor/pg_clipfrac:0.0 - actor/ppo_kl:0.0 - actor/pg_clipfrac_lower:0.0 - actor/grad_norm:0.8480876088142395 - perf/mfu/actor:0.12762492104870987 - perf/max_memory_allocated_gb:63.34369134902954 - perf/max_memory_reserved_gb:88.40234375 - perf/cpu_memory_used_gb:76.07002639770508 - actor/lr:1e-06 - training/global_step:18 - training/epoch:0 - critic/score/mean:-0.7642335295677185 - critic/score/max:-0.02666666731238365 - critic/score/min:-2.0 - critic/rewards/mean:-0.7642335295677185 - critic/rewards/max:-0.02666666731238365 - critic/rewards/min:-2.0 - critic/advantages/mean:-0.07201322168111801 - critic/advantages/max:2.164038896560669 - critic/advantages/min:-2.4542925357818604 - critic/returns/mean:-0.07201322168111801 - critic/returns/max:2.164038896560669 - critic/returns/min:-2.4542925357818604 - response_length/mean:180.4765625 - response_length/max:2048.0 - response_length/min:100.0 - response_length/clip_ratio:0.001953125 - prompt_length/mean:1161.234375 - prompt_length/max:3714.0 - prompt_length/min:482.0 - prompt_length/clip_ratio:0.0 - timing_s/start_profile:1.370999962091446e-05 - timing_s/generate_sequences:28.651731491088867 - timing_s/reshard:1.0097119808197021 - timing_s/gen:45.51998501102207 - timing_s/reward:494.2066336469725 - timing_s/old_log_prob:24.55625380401034 - timing_s/ref:16.07925194199197 - timing_s/adv:0.014931574987713248 - timing_s/update_actor:63.7709456239827 - timing_s/step:644.2008888369892 - timing_s/stop_profile:5.852023605257273e-06 - timing_per_token_ms/gen:0.4926192049156105 - timing_per_token_ms/ref:0.02340652376861396 - timing_per_token_ms/update_actor:0.09283119388138789 - timing_per_token_ms/adv:2.1735853515673853e-05 - perf/total_num_tokens:686956 - perf/time_per_step:644.2008888369892 - perf/throughput:133.29615262565824
calculating InfoCover scores...
开始抓取覆盖率评估, 数量512, 并发数128
