swanlab: Tracking run with swanlab version 0.5.3
swanlab: Run data will be saved locally in /root/paddlejob/workspace/env_run/output/SummarizeRL/verl/swanlog/run-20251109_153801-3a9f2b85
swanlab: 🌟 Run `swanlab watch /root/paddlejob/workspace/env_run/output/SummarizeRL/verl/swanlog` to view SwanLab Experiment Dashboard locally
Found checkpoint: %s /root/paddlejob/workspace/env_run/output/SummarizeRL-RL-ckpt/global_step_25
Load from checkpoint folder: /root/paddlejob/workspace/env_run/output/SummarizeRL-RL-ckpt/global_step_25
Setting global step to 25
Resuming from /root/paddlejob/workspace/env_run/output/SummarizeRL-RL-ckpt/global_step_25
calculating InfoCover scores...
开始抓取覆盖率评估, 数量512, 并发数128
InfoCover scores calculated.
calculating Conciseness and Fluency scores...
开始抓取简洁性、流畅性评估, 数量512, 并发数512
Conciseness and Fluency scores calculated.
calculating format scores...
format scores calculated.
calculating length scores...
length scores calculated.
step:26 - global_seqlen/min:60991 - global_seqlen/max:100863 - global_seqlen/minmax_diff:39872 - global_seqlen/balanced_min:75638 - global_seqlen/balanced_max:75639 - global_seqlen/mean:75638.25 - cover/rewards/mean:0.3218308906456602 - cover/rewards/var:0.0699772461954212 - cover/rewards/max:0.9166666666666667 - cover/rewards/min:0.0 - cf/rewards/mean:0.24392884765625 - cf/rewards/var:0.0916787016266018 - cf/rewards/max:0.982 - cf/rewards/min:0.0 - format/rewards/mean:-0.048828125 - format/rewards/var:0.046443939208984375 - format/rewards/max:0.0 - format/rewards/min:-1.0 - json/format/rewards/mean:-0.09375 - json/format/rewards/var:0.0849609375 - json/format/rewards/max:0 - json/format/rewards/min:-1 - length/rewards/mean:-0.7789111328125 - length/rewards/var:0.07388555142879485 - length/rewards/max:0.0 - length/rewards/min:-1.0 - cot/length/mean:23.486328125 - cot/length/var:25.835750579833984 - cot/length/max:51 - cot/length/min:12 - answer/length/mean:168.677734375 - answer/length/var:4755.433254241943 - answer/length/max:1103 - answer/length/min:91 - actor/entropy:0.5867417454719543 - actor/kl_loss:0.19430021673906595 - actor/kl_coef:0.0 - actor/pg_loss:-0.16539600677788258 - actor/pg_clipfrac:0.0 - actor/ppo_kl:0.0 - actor/pg_clipfrac_lower:0.0 - actor/grad_norm:1.102702260017395 - perf/mfu/actor:0.12098109036631205 - perf/max_memory_allocated_gb:59.84880065917969 - perf/max_memory_reserved_gb:77.240234375 - perf/cpu_memory_used_gb:77.01482009887695 - actor/lr:1e-06 - training/global_step:26 - training/epoch:0 - critic/score/mean:-0.6532672643661499 - critic/score/max:-0.05460000038146973 - critic/score/min:-2.0 - critic/rewards/mean:-0.6532672643661499 - critic/rewards/max:-0.05460000038146973 - critic/rewards/min:-2.0 - critic/advantages/mean:-0.04766162857413292 - critic/advantages/max:2.109099864959717 - critic/advantages/min:-2.465379238128662 - critic/returns/mean:-0.04766162857413292 - critic/returns/max:2.109099864959717 - critic/returns/min:-2.465379238128662 - response_length/mean:201.42578125 - response_length/max:1142.0 - response_length/min:122.0 - response_length/clip_ratio:0.0 - prompt_length/mean:980.421875 - prompt_length/max:2595.0 - prompt_length/min:469.0 - prompt_length/clip_ratio:0.0 - timing_s/start_profile:2.6076973881572485e-05 - timing_s/generate_sequences:26.620840072631836 - timing_s/reshard:6.411072254180908 - timing_s/gen:42.92131281195907 - timing_s/reward:492.1478700650041 - timing_s/old_log_prob:29.638581032981165 - timing_s/ref:39.13216467999155 - timing_s/adv:0.013309144007507712 - timing_s/update_actor:58.71939449105412 - timing_s/step:662.6369189560064 - timing_s/stop_profile:6.187008693814278e-06 - timing_per_token_ms/adv:2.1994731513995418e-05 - timing_per_token_ms/update_actor:0.0970398483754154 - timing_per_token_ms/gen:0.416186490952769 - timing_per_token_ms/ref:0.06466993333398041 - perf/total_num_tokens:605106 - perf/time_per_step:662.6369189560064 - perf/throughput:114.1473525489179
calculating InfoCover scores...
开始抓取覆盖率评估, 数量512, 并发数128
InfoCover scores calculated.
calculating Conciseness and Fluency scores...
开始抓取简洁性、流畅性评估, 数量512, 并发数512
Conciseness and Fluency scores calculated.
calculating format scores...
format scores calculated.
calculating length scores...
length scores calculated.
step:27 - global_seqlen/min:69451 - global_seqlen/max:91057 - global_seqlen/minmax_diff:21606 - global_seqlen/balanced_min:81241 - global_seqlen/balanced_max:81242 - global_seqlen/mean:81241.5 - cover/rewards/mean:0.4462882192943583 - cover/rewards/var:0.03951321278234808 - cover/rewards/max:0.84625 - cover/rewards/min:0.0 - cf/rewards/mean:0.17822803710937501 - cf/rewards/var:0.07860881606357871 - cf/rewards/max:0.96 - cf/rewards/min:0.0 - format/rewards/mean:-0.03515625 - format/rewards/var:0.0339202880859375 - format/rewards/max:0.0 - format/rewards/min:-1.0 - json/format/rewards/mean:-0.111328125 - json/format/rewards/var:0.09893417358398438 - json/format/rewards/max:0 - json/format/rewards/min:-1 - length/rewards/mean:-0.72620849609375 - length/rewards/var:0.07853386363387108 - length/rewards/max:0.0 - length/rewards/min:-0.98125 - cot/length/mean:24.849609375 - cot/length/var:21.45589828491211 - cot/length/max:36 - cot/length/min:14 - answer/length/mean:187.865234375 - answer/length/var:2763.1361351013184 - answer/length/max:471 - answer/length/min:119 - actor/entropy:0.5603349208831787 - actor/kl_loss:0.21142661792691797 - actor/kl_coef:0.0 - actor/pg_loss:-0.11174266160969637 - actor/pg_clipfrac:0.0 - actor/ppo_kl:0.0 - actor/pg_clipfrac_lower:0.0 - actor/grad_norm:1.2639663219451904 - perf/mfu/actor:0.13036998367912284 - perf/max_memory_allocated_gb:59.848801136016846 - perf/max_memory_reserved_gb:77.240234375 - perf/cpu_memory_used_gb:77.3046989440918 - actor/lr:1e-06 - training/global_step:27 - training/epoch:0 - critic/score/mean:-0.5375589728355408 - critic/score/max:0.17399999499320984 - critic/score/min:-2.0 - critic/rewards/mean:-0.5375589728355408 - critic/rewards/max:0.17399999499320984 - critic/rewards/min:-2.0 - critic/advantages/mean:-0.009414130821824074 - critic/advantages/max:2.2775330543518066 - critic/advantages/min:-2.4656805992126465 - critic/returns/mean:-0.009414130821824074 - critic/returns/max:2.2775330543518066 - critic/returns/min:-2.4656805992126465 - response_length/mean:227.5703125 - response_length/max:1999.0 - response_length/min:149.0 - response_length/clip_ratio:0.0 - prompt_length/mean:1041.828125 - prompt_length/max:2831.0 - prompt_length/min:482.0 - prompt_length/clip_ratio:0.0 - timing_s/start_profile:4.029017873108387e-06 - timing_s/generate_sequences:27.154117584228516 - timing_s/reshard:1.0685864686965942 - timing_s/gen:43.90731036296347 - timing_s/reward:485.3203476219787 - timing_s/old_log_prob:23.45010341203306 - timing_s/ref:15.095206697005779 - timing_s/adv:0.012506987026426941 - timing_s/update_actor:58.55393787298817 - timing_s/step:626.3982956709806 - timing_s/stop_profile:5.9810117818415165e-06 - timing_per_token_ms/adv:1.9243531671662485e-05 - timing_per_token_ms/update_actor:0.09009240639480465 - timing_per_token_ms/gen:0.376835030064227 - timing_per_token_ms/ref:0.023225824697054122 - perf/total_num_tokens:649932 - perf/time_per_step:626.3982956709806 - perf/throughput:129.6962341076876
calculating InfoCover scores...
开始抓取覆盖率评估, 数量512, 并发数128
InfoCover scores calculated.
calculating Conciseness and Fluency scores...
开始抓取简洁性、流畅性评估, 数量512, 并发数512
Conciseness and Fluency scores calculated.
calculating format scores...
format scores calculated.
calculating length scores...
length scores calculated.
step:28 - global_seqlen/min:70165 - global_seqlen/max:163013 - global_seqlen/minmax_diff:92848 - global_seqlen/balanced_min:92965 - global_seqlen/balanced_max:92966 - global_seqlen/mean:92965.25 - cover/rewards/mean:0.4155847214684467 - cover/rewards/var:0.05199348596492331 - cover/rewards/max:0.89375 - cover/rewards/min:0.0 - cf/rewards/mean:0.5170224609375 - cf/rewards/var:0.10756805760097504 - cf/rewards/max:0.935 - cf/rewards/min:0.0 - format/rewards/mean:-0.08203125 - format/rewards/var:0.0753021240234375 - format/rewards/max:0.0 - format/rewards/min:-1.0 - json/format/rewards/mean:-0.14453125 - json/format/rewards/var:0.1236419677734375 - json/format/rewards/max:0 - json/format/rewards/min:-1 - length/rewards/mean:-0.67352783203125 - length/rewards/var:0.10405003914237022 - length/rewards/max:0.0 - length/rewards/min:-1.0 - cot/length/mean:31.25390625 - cot/length/var:5013.080062866211 - cot/length/max:949 - cot/length/min:3 - answer/length/mean:205.646484375 - answer/length/var:6198.646511077881 - answer/length/max:949 - answer/length/min:23 - actor/entropy:0.6392813324928284 - actor/kl_loss:0.21720603271387517 - actor/kl_coef:0.0 - actor/pg_loss:-0.249379256987595 - actor/pg_clipfrac:0.0 - actor/ppo_kl:0.0 - actor/pg_clipfrac_lower:0.0 - actor/grad_norm:1.7940762042999268 - perf/mfu/actor:0.13701304060070257 - perf/max_memory_allocated_gb:60.84345006942749 - perf/max_memory_reserved_gb:78.568359375 - perf/cpu_memory_used_gb:77.51570510864258 - actor/lr:1e-06 - training/global_step:28 - training/epoch:0 - critic/score/mean:-0.5711779594421387 - critic/score/max:0.1655000001192093 - critic/score/min:-2.0 - critic/rewards/mean:-0.5711779594421387 - critic/rewards/max:0.1655000001192093 - critic/rewards/min:-2.0 - critic/advantages/mean:-0.058562230318784714 - critic/advantages/max:2.101109504699707 - critic/advantages/min:-2.454280138015747 - critic/returns/mean:-0.058562230318784714 - critic/returns/max:2.101109504699707 - critic/returns/min:-2.454280138015747 - response_length/mean:248.25390625 - response_length/max:1131.0 - response_length/min:153.0 - response_length/clip_ratio:0.0 - prompt_length/mean:1204.328125 - prompt_length/max:4096.0 - prompt_length/min:478.0 - prompt_length/clip_ratio:0.015625 - timing_s/start_profile:5.3879921324551105e-06 - timing_s/generate_sequences:23.494632720947266 - timing_s/reshard:1.0417590141296387 - timing_s/gen:29.595982390048448 - timing_s/reward:503.99800299998606 - timing_s/old_log_prob:29.01413866900839 - timing_s/ref:16.409896772005595 - timing_s/adv:0.02151869999943301 - timing_s/update_actor:64.61822225997457 - timing_s/step:643.7110858199885 - timing_s/stop_profile:6.012036465108395e-06 - timing_per_token_ms/adv:2.8933795153878748e-05 - timing_per_token_ms/update_actor:0.08688491433623662 - timing_per_token_ms/gen:0.2328448884399513 - timing_per_token_ms/ref:0.02206455741796746 - perf/total_num_tokens:743722 - perf/time_per_step:643.7110858199885 - perf/throughput:144.42076895658343
calculating InfoCover scores...
开始抓取覆盖率评估, 数量512, 并发数128
InfoCover scores calculated.
calculating Conciseness and Fluency scores...
开始抓取简洁性、流畅性评估, 数量512, 并发数512
Conciseness and Fluency scores calculated.
calculating format scores...
format scores calculated.
calculating length scores...
length scores calculated.
step:29 - global_seqlen/min:66905 - global_seqlen/max:113919 - global_seqlen/minmax_diff:47014 - global_seqlen/balanced_min:83854 - global_seqlen/balanced_max:83855 - global_seqlen/mean:83854.75 - cover/rewards/mean:0.37622518875612004 - cover/rewards/var:0.07763921686099279 - cover/rewards/max:0.8985714285714286 - cover/rewards/min:0.0 - cf/rewards/mean:0.149995908203125 - cf/rewards/var:0.06422920743545446 - cf/rewards/max:0.9179999999999999 - cf/rewards/min:0.0 - format/rewards/mean:-0.029296875 - format/rewards/var:0.028438568115234375 - format/rewards/max:0.0 - format/rewards/min:-1.0 - json/format/rewards/mean:-0.1015625 - json/format/rewards/var:0.09124755859375 - json/format/rewards/max:0 - json/format/rewards/min:-1 - length/rewards/mean:-0.7236962890625 - length/rewards/var:0.07556877152919769 - length/rewards/max:0.0 - length/rewards/min:-1.0 - cot/length/mean:23.884765625 - cot/length/var:81.20351791381836 - cot/length/max:174 - cot/length/min:1 - answer/length/mean:203.28515625 - answer/length/var:2924.192123413086 - answer/length/max:650 - answer/length/min:114 - actor/entropy:0.48770570755004883 - actor/kl_loss:0.24979895900469273 - actor/kl_coef:0.0 - actor/pg_loss:0.034700409829383716 - actor/pg_clipfrac:0.0 - actor/ppo_kl:0.0 - actor/pg_clipfrac_lower:0.0 - actor/grad_norm:1.0524219274520874 - perf/mfu/actor:0.12370427361479604 - perf/max_memory_allocated_gb:60.84345006942749 - perf/max_memory_reserved_gb:78.568359375 - perf/cpu_memory_used_gb:77.64126205444336 - actor/lr:1e-06 - training/global_step:29 - training/epoch:0 - critic/score/mean:-0.5803643465042114 - critic/score/max:0.05754999816417694 - critic/score/min:-2.0 - critic/rewards/mean:-0.5803643465042114 - critic/rewards/max:0.05754999816417694 - critic/rewards/min:-2.0 - critic/advantages/mean:-0.015895279124379158 - critic/advantages/max:2.229578971862793 - critic/advantages/min:-2.469085931777954 - critic/returns/mean:-0.015895279124379158 - critic/returns/max:2.229578971862793 - critic/returns/min:-2.469085931777954 - response_length/mean:238.16796875 - response_length/max:794.0 - response_length/min:140.0 - response_length/clip_ratio:0.0 - prompt_length/mean:1072.0625 - prompt_length/max:3899.0 - prompt_length/min:463.0 - prompt_length/clip_ratio:0.0 - timing_s/start_profile:6.8410299718379974e-06 - timing_s/generate_sequences:18.697830200195312 - timing_s/reshard:1.4848430156707764 - timing_s/gen:22.175899421039503 - timing_s/reward:367.3112851130427 - timing_s/old_log_prob:28.138743382005487 - timing_s/ref:16.29930825502379 - timing_s/adv:0.014966505987104028 - timing_s/update_actor:64.099951539014 - timing_s/step:498.0790158470045 - timing_s/stop_profile:1.3975019101053476e-05 - timing_per_token_ms/adv:2.2310164282738944e-05 - timing_per_token_ms/update_actor:0.0955520580811075 - timing_per_token_ms/gen:0.18185612357546624 - timing_per_token_ms/ref:0.02429693645116077 - perf/total_num_tokens:670838 - perf/time_per_step:498.0790158470045 - perf/throughput:168.35631964418627
calculating InfoCover scores...
开始抓取覆盖率评估, 数量512, 并发数128
InfoCover scores calculated.
calculating Conciseness and Fluency scores...
开始抓取简洁性、流畅性评估, 数量512, 并发数512
Conciseness and Fluency scores calculated.
calculating format scores...
format scores calculated.
calculating length scores...
length scores calculated.
local_global_step_folder: /root/paddlejob/workspace/env_run/output/SummarizeRL-RL-ckpt/global_step_30
step:30 - global_seqlen/min:79267 - global_seqlen/max:94437 - global_seqlen/minmax_diff:15170 - global_seqlen/balanced_min:86208 - global_seqlen/balanced_max:86855 - global_seqlen/mean:86289.5 - cover/rewards/mean:0.4501179706965619 - cover/rewards/var:0.06162453414607025 - cover/rewards/max:0.9285714285714286 - cover/rewards/min:0.0 - cf/rewards/mean:0.16033134765625 - cf/rewards/var:0.07059677345580101 - cf/rewards/max:0.903 - cf/rewards/min:0.0 - format/rewards/mean:-0.060546875 - format/rewards/var:0.056880950927734375 - format/rewards/max:0.0 - format/rewards/min:-1.0 - json/format/rewards/mean:-0.1875 - json/format/rewards/var:0.15234375 - json/format/rewards/max:0 - json/format/rewards/min:-1 - length/rewards/mean:-0.6410180664062499 - length/rewards/var:0.1108879375398159 - length/rewards/max:0.0 - length/rewards/min:-1.0 - cot/length/mean:23.412109375 - cot/length/var:216.5899314880371 - cot/length/max:265 - cot/length/min:2 - answer/length/mean:241.9765625 - answer/length/var:31359.851013183594 - answer/length/max:2015 - answer/length/min:122 - actor/entropy:0.625484049320221 - actor/kl_loss:0.26572332880459726 - actor/kl_coef:0.0 - actor/pg_loss:0.08800888882251456 - actor/pg_clipfrac:0.0 - actor/ppo_kl:0.0 - actor/pg_clipfrac_lower:0.0 - actor/grad_norm:1.5298957824707031 - perf/mfu/actor:0.12463023271257928 - perf/max_memory_allocated_gb:62.51419734954834 - perf/max_memory_reserved_gb:80.017578125 - perf/cpu_memory_used_gb:77.77231979370117 - actor/lr:1e-06 - training/global_step:30 - training/epoch:0 - critic/score/mean:-0.5824965238571167 - critic/score/max:0.07349999994039536 - critic/score/min:-2.0 - critic/rewards/mean:-0.5824965238571167 - critic/rewards/max:0.07349999994039536 - critic/rewards/min:-2.0 - critic/advantages/mean:-0.16660143435001373 - critic/advantages/max:2.306180715560913 - critic/advantages/min:-2.4654130935668945 - critic/returns/mean:-0.16660143435001373 - critic/returns/max:2.306180715560913 - critic/returns/min:-2.4654130935668945 - response_length/mean:281.9921875 - response_length/max:2048.0 - response_length/min:154.0 - response_length/clip_ratio:0.005859375 - prompt_length/mean:1066.28125 - prompt_length/max:3592.0 - prompt_length/min:501.0 - prompt_length/clip_ratio:0.0 - timing_s/start_profile:9.659037459641695e-06 - timing_s/generate_sequences:41.887184143066406 - timing_s/reshard:1.5360246896743774 - timing_s/gen:48.915550757956225 - timing_s/reward:487.7098728689598 - timing_s/old_log_prob:28.875031769042835 - timing_s/ref:16.248814896971453 - timing_s/adv:0.020517773984465748 - timing_s/update_actor:65.48833875200944 - timing_s/save_checkpoint:60.801263775036205 - timing_s/step:708.1074885100243 - timing_s/stop_profile:1.1766969691962004e-05 - timing_per_token_ms/adv:2.972229237691977e-05 - timing_per_token_ms/update_actor:0.09486718944948319 - timing_per_token_ms/gen:0.33879727633991014 - timing_per_token_ms/ref:0.02353822727123731 - perf/total_num_tokens:690316 - perf/time_per_step:708.1074885100243 - perf/throughput:121.85932418476104
calculating InfoCover scores...
开始抓取覆盖率评估, 数量512, 并发数128
InfoCover scores calculated.
calculating Conciseness and Fluency scores...
开始抓取简洁性、流畅性评估, 数量512, 并发数512
Conciseness and Fluency scores calculated.
calculating format scores...
format scores calculated.
calculating length scores...
length scores calculated.
step:31 - global_seqlen/min:67518 - global_seqlen/max:96724 - global_seqlen/minmax_diff:29206 - global_seqlen/balanced_min:78297 - global_seqlen/balanced_max:78298 - global_seqlen/mean:78297.375 - cover/rewards/mean:0.44810230025777503 - cover/rewards/var:0.07691541822303494 - cover/rewards/max:0.9375 - cover/rewards/min:0.0 - cf/rewards/mean:0.1422426171875 - cf/rewards/var:0.06531327337986909 - cf/rewards/max:0.946 - cf/rewards/min:0.0 - format/rewards/mean:-0.056640625 - format/rewards/var:0.053432464599609375 - format/rewards/max:0.0 - format/rewards/min:-1.0 - json/format/rewards/mean:-0.162109375 - json/format/rewards/var:0.13582992553710938 - json/format/rewards/max:0 - json/format/rewards/min:-1 - length/rewards/mean:-0.6763476562499999 - length/rewards/var:0.10196999778747559 - length/rewards/max:0.0 - length/rewards/min:-1.0 - cot/length/mean:22.576171875 - cot/length/var:98.31841659545898 - cot/length/max:204 - cot/length/min:1 - answer/length/mean:230.107421875 - answer/length/var:12656.896663665771 - answer/length/max:2007 - answer/length/min:96 - actor/entropy:0.4673785865306854 - actor/kl_loss:0.26868198334705085 - actor/kl_coef:0.0 - actor/pg_loss:0.0704894841182977 - actor/pg_clipfrac:0.0 - actor/ppo_kl:0.0 - actor/pg_clipfrac_lower:0.0 - actor/grad_norm:1.8434689044952393 - perf/mfu/actor:0.12111109578356605 - perf/max_memory_allocated_gb:62.51419734954834 - perf/max_memory_reserved_gb:88.720703125 - perf/cpu_memory_used_gb:77.82018280029297 - actor/lr:1e-06 - training/global_step:31 - training/epoch:0 - critic/score/mean:-0.5882384181022644 - critic/score/max:0.3224000036716461 - critic/score/min:-2.0 - critic/rewards/mean:-0.5882384181022644 - critic/rewards/max:0.3224000036716461 - critic/rewards/min:-2.0 - critic/advantages/mean:-0.08364026248455048 - critic/advantages/max:2.2038257122039795 - critic/advantages/min:-2.43377423286438 - critic/returns/mean:-0.08364026248455048 - critic/returns/max:2.2038257122039795 - critic/returns/min:-2.43377423286438 - response_length/mean:263.302734375 - response_length/max:2048.0 - response_length/min:131.0 - response_length/clip_ratio:0.001953125 - prompt_length/mean:960.09375 - prompt_length/max:2730.0 - prompt_length/min:450.0 - prompt_length/clip_ratio:0.0 - timing_s/start_profile:3.904977347701788e-06 - timing_s/generate_sequences:36.13020706176758 - timing_s/reshard:9.198816299438477 - timing_s/gen:54.709755443036556 - timing_s/reward:473.5775391930365 - timing_s/old_log_prob:26.348385293968022 - timing_s/ref:15.44693592900876 - timing_s/adv:0.022218848986085504 - timing_s/update_actor:60.77413032599725 - timing_s/step:630.943371322006 - timing_s/stop_profile:5.173031240701675e-06 - timing_per_token_ms/adv:3.547189319259666e-05 - timing_per_token_ms/update_actor:0.09702453359068113 - timing_per_token_ms/gen:0.4058256035711964 - timing_per_token_ms/ref:0.024660686148495974 - perf/total_num_tokens:626379 - perf/time_per_step:630.943371322006 - perf/throughput:124.0957248444416
calculating InfoCover scores...
开始抓取覆盖率评估, 数量512, 并发数128
InfoCover scores calculated.
calculating Conciseness and Fluency scores...
开始抓取简洁性、流畅性评估, 数量512, 并发数512
Conciseness and Fluency scores calculated.
calculating format scores...
format scores calculated.
calculating length scores...
length scores calculated.
step:32 - global_seqlen/min:69260 - global_seqlen/max:102055 - global_seqlen/minmax_diff:32795 - global_seqlen/balanced_min:80499 - global_seqlen/balanced_max:80500 - global_seqlen/mean:80499.875 - cover/rewards/mean:0.44880414867052 - cover/rewards/var:0.07755190558497843 - cover/rewards/max:0.9642857142857143 - cover/rewards/min:0.0 - cf/rewards/mean:0.15734814453125 - cf/rewards/var:0.07263762208151817 - cf/rewards/max:0.942 - cf/rewards/min:0.0 - format/rewards/mean:-0.111328125 - format/rewards/var:0.09893417358398438 - format/rewards/max:0.0 - format/rewards/min:-1.0 - json/format/rewards/mean:-0.1484375 - json/format/rewards/var:0.12640380859375 - json/format/rewards/max:0 - json/format/rewards/min:-1 - length/rewards/mean:-0.64236865234375 - length/rewards/var:0.11268517989134787 - length/rewards/max:0.0 - length/rewards/min:-1.0 - cot/length/mean:27.826171875 - cot/length/var:8439.424861907959 - cot/length/max:2047 - cot/length/min:1 - answer/length/mean:261.30078125 - answer/length/var:41360.69078063965 - answer/length/max:2044 - answer/length/min:22 - actor/entropy:0.40034595131874084 - actor/kl_loss:0.3249096010113135 - actor/kl_coef:0.0 - actor/pg_loss:-0.038448481434897985 - actor/pg_clipfrac:0.0 - actor/ppo_kl:0.0 - actor/pg_clipfrac_lower:0.0 - actor/grad_norm:2.50349760055542 - perf/mfu/actor:0.12147546208822817 - perf/max_memory_allocated_gb:62.51419734954834 - perf/max_memory_reserved_gb:88.720703125 - perf/cpu_memory_used_gb:77.61067962646484 - actor/lr:1e-06 - training/global_step:32 - training/epoch:0 - critic/score/mean:-0.6427087187767029 - critic/score/max:0.12142857164144516 - critic/score/min:-2.0 - critic/rewards/mean:-0.6427087187767029 - critic/rewards/max:0.12142857164144516 - critic/rewards/min:-2.0 - critic/advantages/mean:-0.1428593397140503 - critic/advantages/max:2.2461414337158203 - critic/advantages/min:-2.460401773452759 - critic/returns/mean:-0.1428593397140503 - critic/returns/max:2.2461414337158203 - critic/returns/min:-2.460401773452759 - response_length/mean:304.326171875 - response_length/max:2048.0 - response_length/min:24.0 - response_length/clip_ratio:0.013671875 - prompt_length/mean:953.484375 - prompt_length/max:2821.0 - prompt_length/min:470.0 - prompt_length/clip_ratio:0.0 - timing_s/start_profile:6.553018465638161e-06 - timing_s/generate_sequences:44.935001373291016 - timing_s/reshard:1.0741212368011475 - timing_s/gen:48.2941511059762 - timing_s/reward:490.2316934400005 - timing_s/old_log_prob:28.082995361997746 - timing_s/ref:15.579888222971931 - timing_s/adv:0.01847860700218007 - timing_s/update_actor:62.363285169005394 - timing_s/step:644.6193053119932 - timing_s/stop_profile:4.918023478239775e-06 - timing_per_token_ms/adv:2.869353368899652e-05 - timing_per_token_ms/update_actor:0.0968375496996197 - timing_per_token_ms/gen:0.30994545522559575 - timing_per_token_ms/ref:0.024192410582892104 - perf/total_num_tokens:643999 - perf/time_per_step:644.6193053119932 - perf/throughput:124.87971479699692
calculating InfoCover scores...
开始抓取覆盖率评估, 数量512, 并发数128
InfoCover scores calculated.
calculating Conciseness and Fluency scores...
开始抓取简洁性、流畅性评估, 数量512, 并发数512
Conciseness and Fluency scores calculated.
calculating format scores...
format scores calculated.
calculating length scores...
length scores calculated.
step:33 - global_seqlen/min:75826 - global_seqlen/max:97264 - global_seqlen/minmax_diff:21438 - global_seqlen/balanced_min:87028 - global_seqlen/balanced_max:87029 - global_seqlen/mean:87028.625 - cover/rewards/mean:0.4222816216129139 - cover/rewards/var:0.08418331647561521 - cover/rewards/max:0.9342857142857144 - cover/rewards/min:0.0 - cf/rewards/mean:0.30372900390625 - cf/rewards/var:0.11178782967146875 - cf/rewards/max:0.9457500000000001 - cf/rewards/min:0.0 - format/rewards/mean:-0.130859375 - format/rewards/var:0.11373519897460938 - format/rewards/max:0.0 - format/rewards/min:-1.0 - json/format/rewards/mean:-0.125 - json/format/rewards/var:0.109375 - json/format/rewards/max:0 - json/format/rewards/min:-1 - length/rewards/mean:-0.6225146484374999 - length/rewards/var:0.11432233865261078 - length/rewards/max:0.0 - length/rewards/min:-0.9937499999999999 - cot/length/mean:20.33984375 - cot/length/var:20.837631225585938 - cot/length/max:32 - cot/length/min:10 - answer/length/mean:273.556640625 - answer/length/var:37667.8835105896 - answer/length/max:2029 - answer/length/min:117 - actor/entropy:0.3557036817073822 - actor/kl_loss:0.2980704882647842 - actor/kl_coef:0.0 - actor/pg_loss:0.13077826204244047 - actor/pg_clipfrac:0.0 - actor/ppo_kl:0.0 - actor/pg_clipfrac_lower:0.0 - actor/grad_norm:4.548537254333496 - perf/mfu/actor:0.13301833655172215 - perf/max_memory_allocated_gb:62.51419734954834 - perf/max_memory_reserved_gb:88.720703125 - perf/cpu_memory_used_gb:77.92484664916992 - actor/lr:1e-06 - training/global_step:33 - training/epoch:0 - critic/score/mean:-0.6456270813941956 - critic/score/max:0.15745000541210175 - critic/score/min:-2.0 - critic/rewards/mean:-0.6456270813941956 - critic/rewards/max:0.15745000541210175 - critic/rewards/min:-2.0 - critic/advantages/mean:-0.1392846554517746 - critic/advantages/max:2.3036227226257324 - critic/advantages/min:-2.4620089530944824 - critic/returns/mean:-0.1392846554517746 - critic/returns/max:2.3036227226257324 - critic/returns/min:-2.4620089530944824 - response_length/mean:306.759765625 - response_length/max:2048.0 - response_length/min:144.0 - response_length/clip_ratio:0.009765625 - prompt_length/mean:1053.0625 - prompt_length/max:2565.0 - prompt_length/min:468.0 - prompt_length/clip_ratio:0.0 - timing_s/start_profile:4.94800042361021e-06 - timing_s/generate_sequences:44.67631912231445 - timing_s/reshard:1.3594863414764404 - timing_s/gen:48.55852808995405 - timing_s/reward:504.5485181050026 - timing_s/old_log_prob:25.882614783011377 - timing_s/ref:15.713180535996798 - timing_s/adv:0.012808453990146518 - timing_s/update_actor:61.76580440701218 - timing_s/step:656.5380354020162 - timing_s/stop_profile:5.431997124105692e-06 - timing_per_token_ms/adv:1.8396898132865074e-05 - timing_per_token_ms/update_actor:0.08871478264624454 - timing_per_token_ms/gen:0.3091698645109483 - timing_per_token_ms/ref:0.022568983101819658 - perf/total_num_tokens:696229 - perf/time_per_step:656.5380354020162 - perf/throughput:132.55686694025272
calculating InfoCover scores...
开始抓取覆盖率评估, 数量512, 并发数128
InfoCover scores calculated.
calculating Conciseness and Fluency scores...
开始抓取简洁性、流畅性评估, 数量512, 并发数512
Conciseness and Fluency scores calculated.
calculating format scores...
format scores calculated.
calculating length scores...
length scores calculated.
step:34 - global_seqlen/min:67061 - global_seqlen/max:106102 - global_seqlen/minmax_diff:39041 - global_seqlen/balanced_min:81912 - global_seqlen/balanced_max:81913 - global_seqlen/mean:81912.875 - cover/rewards/mean:0.422018940642893 - cover/rewards/var:0.08223313584427047 - cover/rewards/max:0.8866666666666667 - cover/rewards/min:0.0 - cf/rewards/mean:0.154527978515625 - cf/rewards/var:0.06789860273072805 - cf/rewards/max:0.94 - cf/rewards/min:0.0 - format/rewards/mean:-0.08203125 - format/rewards/var:0.0753021240234375 - format/rewards/max:0.0 - format/rewards/min:-1.0 - json/format/rewards/mean:-0.19140625 - json/format/rewards/var:0.1547698974609375 - json/format/rewards/max:0 - json/format/rewards/min:-1 - length/rewards/mean:-0.6265942382812499 - length/rewards/var:0.12000263113379478 - length/rewards/max:0.0 - length/rewards/min:-1.0 - cot/length/mean:18.609375 - cot/length/var:16.542724609375 - cot/length/max:32 - cot/length/min:10 - answer/length/mean:269.51953125 - answer/length/var:30671.292587280273 - answer/length/max:2025 - answer/length/min:135 - actor/entropy:0.4133613705635071 - actor/kl_loss:0.3594128479016945 - actor/kl_coef:0.0 - actor/pg_loss:0.03299888430046849 - actor/pg_clipfrac:0.0 - actor/ppo_kl:0.0 - actor/pg_clipfrac_lower:0.0 - actor/grad_norm:2.1499288082122803 - perf/mfu/actor:0.12940754628206122 - perf/max_memory_allocated_gb:62.51419734954834 - perf/max_memory_reserved_gb:88.720703125 - perf/cpu_memory_used_gb:77.79027938842773 - actor/lr:1e-06 - training/global_step:34 - training/epoch:0 - critic/score/mean:-0.6339100003242493 - critic/score/max:0.20874999463558197 - critic/score/min:-2.0 - critic/rewards/mean:-0.6339100003242493 - critic/rewards/max:0.20874999463558197 - critic/rewards/min:-2.0 - critic/advantages/mean:-0.17642700672149658 - critic/advantages/max:2.141502618789673 - critic/advantages/min:-2.453942060470581 - critic/returns/mean:-0.17642700672149658 - critic/returns/max:2.141502618789673 - critic/returns/min:-2.453942060470581 - response_length/mean:313.841796875 - response_length/max:2048.0 - response_length/min:162.0 - response_length/clip_ratio:0.013671875 - prompt_length/mean:966.046875 - prompt_length/max:2368.0 - prompt_length/min:455.0 - prompt_length/clip_ratio:0.0 - timing_s/start_profile:6.325019057840109e-06 - timing_s/generate_sequences:45.984859466552734 - timing_s/reshard:1.132625699043274 - timing_s/gen:48.80159247101983 - timing_s/reward:483.93536733597284 - timing_s/old_log_prob:28.021222673007287 - timing_s/ref:15.301352070993744 - timing_s/adv:0.01899233099538833 - timing_s/update_actor:59.545417515037116 - timing_s/step:635.6676037469879 - timing_s/stop_profile:6.4579653553664684e-06 - timing_per_token_ms/adv:2.8982518003714814e-05 - timing_per_token_ms/update_actor:0.09086699971621848 - timing_per_token_ms/gen:0.30370591566847244 - timing_per_token_ms/ref:0.023350041234350742 - perf/total_num_tokens:655303 - perf/time_per_step:635.6676037469879 - perf/throughput:128.86117605672953
calculating InfoCover scores...
开始抓取覆盖率评估, 数量512, 并发数128
InfoCover scores calculated.
calculating Conciseness and Fluency scores...
开始抓取简洁性、流畅性评估, 数量512, 并发数512
Conciseness and Fluency scores calculated.
calculating format scores...
format scores calculated.
calculating length scores...
length scores calculated.
local_global_step_folder: /root/paddlejob/workspace/env_run/output/SummarizeRL-RL-ckpt/global_step_35
step:35 - global_seqlen/min:73608 - global_seqlen/max:90159 - global_seqlen/minmax_diff:16551 - global_seqlen/balanced_min:81564 - global_seqlen/balanced_max:81589 - global_seqlen/mean:81567.875 - cover/rewards/mean:0.4451482536168464 - cover/rewards/var:0.08707268623872264 - cover/rewards/max:1.0 - cover/rewards/min:0.0 - cf/rewards/mean:0.169487060546875 - cf/rewards/var:0.07346227316347875 - cf/rewards/max:0.9349999999999999 - cf/rewards/min:0.0 - format/rewards/mean:-0.0546875 - format/rewards/var:0.05169677734375 - format/rewards/max:0.0 - format/rewards/min:-1.0 - json/format/rewards/mean:-0.16796875 - json/format/rewards/var:0.1397552490234375 - json/format/rewards/max:0 - json/format/rewards/min:-1 - length/rewards/mean:-0.6491552734374999 - length/rewards/var:0.1010673528432846 - length/rewards/max:0.0 - length/rewards/min:-1.0 - cot/length/mean:17.673828125 - cot/length/var:15.938533782958984 - cot/length/max:36 - cot/length/min:10 - answer/length/mean:291.201171875 - answer/length/var:47405.66851425171 - answer/length/max:2026 - answer/length/min:152 - actor/entropy:0.3398687243461609 - actor/kl_loss:0.35832901461981237 - actor/kl_coef:0.0 - actor/pg_loss:0.14915686700260267 - actor/pg_clipfrac:0.0 - actor/ppo_kl:0.0 - actor/pg_clipfrac_lower:0.0 - actor/grad_norm:2.092006206512451 - perf/mfu/actor:0.12839249016036822 - perf/max_memory_allocated_gb:62.51419734954834 - perf/max_memory_reserved_gb:88.720703125 - perf/cpu_memory_used_gb:77.997802734375 - actor/lr:1e-06 - training/global_step:35 - training/epoch:0 - critic/score/mean:-0.5625178813934326 - critic/score/max:0.2226666659116745 - critic/score/min:-2.0 - critic/rewards/mean:-0.5625178813934326 - critic/rewards/max:0.2226666659116745 - critic/rewards/min:-2.0 - critic/advantages/mean:-0.1448621302843094 - critic/advantages/max:2.2414112091064453 - critic/advantages/min:-2.4628217220306396 - critic/returns/mean:-0.1448621302843094 - critic/returns/max:2.2414112091064453 - critic/returns/min:-2.4628217220306396 - response_length/mean:322.138671875 - response_length/max:2048.0 - response_length/min:179.0 - response_length/clip_ratio:0.01171875 - prompt_length/mean:952.359375 - prompt_length/max:2398.0 - prompt_length/min:488.0 - prompt_length/clip_ratio:0.0 - timing_s/start_profile:5.795969627797604e-06 - timing_s/generate_sequences:46.335350036621094 - timing_s/reshard:1.0928713083267212 - timing_s/gen:48.78954705398064 - timing_s/reward:486.54526965500554 - timing_s/old_log_prob:24.521774427965283 - timing_s/ref:15.375677512027323 - timing_s/adv:0.022691836988087744 - timing_s/update_actor:59.75875827402342 - timing_s/save_checkpoint:60.210732399020344 - timing_s/step:695.2745816599927 - timing_s/stop_profile:3.988971002399921e-06 - timing_per_token_ms/adv:3.477447001666977e-05 - timing_per_token_ms/update_actor:0.09157826882523208 - timing_per_token_ms/gen:0.2958107560795504 - timing_per_token_ms/ref:0.023562703932196536 - perf/total_num_tokens:652543 - perf/time_per_step:695.2745816599927 - perf/throughput:117.31749894445129
calculating InfoCover scores...
开始抓取覆盖率评估, 数量512, 并发数128
InfoCover scores calculated.
calculating Conciseness and Fluency scores...
开始抓取简洁性、流畅性评估, 数量512, 并发数512
Conciseness and Fluency scores calculated.
calculating format scores...
format scores calculated.
calculating length scores...
length scores calculated.
step:36 - global_seqlen/min:71869 - global_seqlen/max:120646 - global_seqlen/minmax_diff:48777 - global_seqlen/balanced_min:86714 - global_seqlen/balanced_max:86715 - global_seqlen/mean:86714.875 - cover/rewards/mean:0.46636602327888643 - cover/rewards/var:0.08162520755830444 - cover/rewards/max:1.0 - cover/rewards/min:0.0 - cf/rewards/mean:0.17569990234375 - cf/rewards/var:0.07357378326659203 - cf/rewards/max:0.943 - cf/rewards/min:0.0 - format/rewards/mean:-0.056640625 - format/rewards/var:0.053432464599609375 - format/rewards/max:0.0 - format/rewards/min:-1.0 - json/format/rewards/mean:-0.16015625 - json/format/rewards/var:0.1345062255859375 - json/format/rewards/max:0 - json/format/rewards/min:-1 - length/rewards/mean:-0.65171630859375 - length/rewards/var:0.09652972945570945 - length/rewards/max:0.0 - length/rewards/min:-1.0 - cot/length/mean:16.921875 - cot/length/var:10.630615234375 - cot/length/max:31 - cot/length/min:10 - answer/length/mean:294.658203125 - answer/length/var:45681.42419052124 - answer/length/max:2028 - answer/length/min:124 - actor/entropy:0.34111762046813965 - actor/kl_loss:0.362813429790549 - actor/kl_coef:0.0 - actor/pg_loss:-0.08082636636390816 - actor/pg_clipfrac:0.0 - actor/ppo_kl:0.0 - actor/pg_clipfrac_lower:0.0 - actor/grad_norm:2.1815032958984375 - perf/mfu/actor:0.13139176122487306 - perf/max_memory_allocated_gb:62.51419734954834 - perf/max_memory_reserved_gb:88.720703125 - perf/cpu_memory_used_gb:77.99785995483398 - actor/lr:1e-06 - training/global_step:36 - training/epoch:0 - critic/score/mean:-0.5412999987602234 - critic/score/max:0.22499999403953552 - critic/score/min:-2.0 - critic/rewards/mean:-0.5412999987602234 - critic/rewards/max:0.22499999403953552 - critic/rewards/min:-2.0 - critic/advantages/mean:-0.1886773705482483 - critic/advantages/max:2.4037022590637207 - critic/advantages/min:-2.4679195880889893 - critic/returns/mean:-0.1886773705482483 - critic/returns/max:2.4037022590637207 - critic/returns/min:-2.4679195880889893 - response_length/mean:333.748046875 - response_length/max:2048.0 - response_length/min:152.0 - response_length/clip_ratio:0.017578125 - prompt_length/mean:1021.171875 - prompt_length/max:2809.0 - prompt_length/min:468.0 - prompt_length/clip_ratio:0.0 - timing_s/start_profile:6.9899833761155605e-06 - timing_s/generate_sequences:51.763824462890625 - timing_s/reshard:4.573235034942627 - timing_s/gen:57.96536715695402 - timing_s/reward:486.2143983319984 - timing_s/old_log_prob:26.500479398004245 - timing_s/ref:15.831802083004732 - timing_s/adv:0.014127289992757142 - timing_s/update_actor:62.40138316299999 - timing_s/step:648.9796363909845 - timing_s/stop_profile:6.8989465944468975e-06 - timing_per_token_ms/adv:2.036457123526549e-05 - timing_per_token_ms/update_actor:0.08995195916934666 - timing_per_token_ms/gen:0.3392187873112203 - timing_per_token_ms/ref:0.022821635392723468 - perf/total_num_tokens:693719 - perf/time_per_step:648.9796363909845 - perf/throughput:133.61725104693073
calculating InfoCover scores...
开始抓取覆盖率评估, 数量512, 并发数128
InfoCover scores calculated.
calculating Conciseness and Fluency scores...
开始抓取简洁性、流畅性评估, 数量512, 并发数512
Conciseness and Fluency scores calculated.
calculating format scores...
format scores calculated.
calculating length scores...
length scores calculated.
step:37 - global_seqlen/min:66835 - global_seqlen/max:103695 - global_seqlen/minmax_diff:36860 - global_seqlen/balanced_min:88230 - global_seqlen/balanced_max:88230 - global_seqlen/mean:88230.0 - cover/rewards/mean:0.41548191970355686 - cover/rewards/var:0.09748264386571391 - cover/rewards/max:0.96875 - cover/rewards/min:0.0 - cf/rewards/mean:0.58170712890625 - cf/rewards/var:0.09069149489546777 - cf/rewards/max:0.9099999999999999 - cf/rewards/min:0.0 - format/rewards/mean:-0.0703125 - format/rewards/var:0.06536865234375 - format/rewards/max:0.0 - format/rewards/min:-1.0 - json/format/rewards/mean:-0.140625 - json/format/rewards/var:0.120849609375 - json/format/rewards/max:0 - json/format/rewards/min:-1 - length/rewards/mean:-0.6666699218749998 - length/rewards/var:0.08986469793319701 - length/rewards/max:0.0 - length/rewards/min:-1.0 - cot/length/mean:16.28515625 - cot/length/var:9.028060913085938 - cot/length/max:28 - cot/length/min:8 - answer/length/mean:270.74609375 - answer/length/var:9626.818344116211 - answer/length/max:2024 - answer/length/min:163 - actor/entropy:0.35855627059936523 - actor/kl_loss:0.3010916777420789 - actor/kl_coef:0.0 - actor/pg_loss:0.3875510694924742 - actor/pg_clipfrac:0.0 - actor/ppo_kl:0.0 - actor/pg_clipfrac_lower:0.0 - actor/grad_norm:1.356136441230774 - perf/mfu/actor:0.13495882566611908 - perf/max_memory_allocated_gb:62.51419734954834 - perf/max_memory_reserved_gb:88.720703125 - perf/cpu_memory_used_gb:77.9088249206543 - actor/lr:1e-06 - training/global_step:37 - training/epoch:0 - critic/score/mean:-0.5236235857009888 - critic/score/max:0.2070000022649765 - critic/score/min:-2.0 - critic/rewards/mean:-0.5236235857009888 - critic/rewards/max:0.2070000022649765 - critic/rewards/min:-2.0 - critic/advantages/mean:-0.047862764447927475 - critic/advantages/max:1.979256510734558 - critic/advantages/min:-2.4504921436309814 - critic/returns/mean:-0.047862764447927475 - critic/returns/max:1.979256510734558 - critic/returns/min:-2.4504921436309814 - response_length/mean:301.890625 - response_length/max:2048.0 - response_length/min:188.0 - response_length/clip_ratio:0.001953125 - prompt_length/mean:1076.703125 - prompt_length/max:3723.0 - prompt_length/min:500.0 - prompt_length/clip_ratio:0.0 - timing_s/start_profile:5.967041943222284e-06 - timing_s/generate_sequences:31.028549194335938 - timing_s/reshard:1.0981409549713135 - timing_s/gen:47.18368634599028 - timing_s/reward:486.1894229889731 - timing_s/old_log_prob:28.664540662022773 - timing_s/ref:15.867888438049704 - timing_s/adv:0.014515506976749748 - timing_s/update_actor:61.9060813569813 - timing_s/step:639.884964108991 - timing_s/stop_profile:1.4283985365182161e-05 - timing_per_token_ms/adv:2.0564868775855362e-05 - timing_per_token_ms/update_actor:0.08770554425504548 - timing_per_token_ms/gen:0.30526167347698285 - timing_per_token_ms/ref:0.022480857472018737 - perf/total_num_tokens:705840 - perf/time_per_step:639.884964108991 - perf/throughput:137.88415879228546
calculating InfoCover scores...
开始抓取覆盖率评估, 数量512, 并发数128
InfoCover scores calculated.
calculating Conciseness and Fluency scores...
开始抓取简洁性、流畅性评估, 数量512, 并发数512
Conciseness and Fluency scores calculated.
calculating format scores...
format scores calculated.
calculating length scores...
length scores calculated.
step:38 - global_seqlen/min:68384 - global_seqlen/max:113950 - global_seqlen/minmax_diff:45566 - global_seqlen/balanced_min:81894 - global_seqlen/balanced_max:82162 - global_seqlen/mean:81934.375 - cover/rewards/mean:0.47473508463633246 - cover/rewards/var:0.08541923688259978 - cover/rewards/max:1.0 - cover/rewards/min:0.0 - cf/rewards/mean:0.17650873046874999 - cf/rewards/var:0.07104715749194299 - cf/rewards/max:0.9025000000000001 - cf/rewards/min:0.0 - format/rewards/mean:-0.05859375 - format/rewards/var:0.0551605224609375 - format/rewards/max:0.0 - format/rewards/min:-1.0 - json/format/rewards/mean:-0.171875 - json/format/rewards/var:0.142333984375 - json/format/rewards/max:0 - json/format/rewards/min:-1 - length/rewards/mean:-0.62567138671875 - length/rewards/var:0.09662439360022544 - length/rewards/max:0.0 - length/rewards/min:-0.9375 - cot/length/mean:15.662109375 - cot/length/var:8.54793930053711 - cot/length/max:30 - cot/length/min:9 - answer/length/mean:287.224609375 - answer/length/var:15552.744472503662 - answer/length/max:2027 - answer/length/min:161 - actor/entropy:0.48049813508987427 - actor/kl_loss:0.3081500766566023 - actor/kl_coef:0.0 - actor/pg_loss:0.007064364326652139 - actor/pg_clipfrac:0.0 - actor/ppo_kl:0.0 - actor/pg_clipfrac_lower:0.0 - actor/grad_norm:2.0571157932281494 - perf/mfu/actor:0.12803084255222283 - perf/max_memory_allocated_gb:62.51419734954834 - perf/max_memory_reserved_gb:88.720703125 - perf/cpu_memory_used_gb:77.86963272094727 - actor/lr:1e-06 - training/global_step:38 - training/epoch:0 - critic/score/mean:-0.5208536982536316 - critic/score/max:0.20399999618530273 - critic/score/min:-2.0 - critic/rewards/mean:-0.5208536982536316 - critic/rewards/max:0.20399999618530273 - critic/rewards/min:-2.0 - critic/advantages/mean:-0.062317755073308945 - critic/advantages/max:2.197838544845581 - critic/advantages/min:-2.449768543243408 - critic/returns/mean:-0.062317755073308945 - critic/returns/max:2.197838544845581 - critic/returns/min:-2.449768543243408 - response_length/mean:314.490234375 - response_length/max:2048.0 - response_length/min:187.0 - response_length/clip_ratio:0.001953125 - prompt_length/mean:965.734375 - prompt_length/max:4081.0 - prompt_length/min:467.0 - prompt_length/clip_ratio:0.0 - timing_s/start_profile:5.409994628280401e-06 - timing_s/generate_sequences:34.409881591796875 - timing_s/reshard:1.5103737115859985 - timing_s/gen:46.85495042800903 - timing_s/reward:492.10468641796615 - timing_s/old_log_prob:28.909460182010662 - timing_s/ref:15.649132649006788 - timing_s/adv:0.031381540989968926 - timing_s/update_actor:60.330132034025155 - timing_s/step:643.9583163330099 - timing_s/stop_profile:1.6000994946807623e-05 - timing_per_token_ms/adv:4.787603034435932e-05 - timing_per_token_ms/update_actor:0.09204032500709433 - timing_per_token_ms/gen:0.2909901963619761 - timing_per_token_ms/ref:0.023874492008096094 - perf/total_num_tokens:655475 - perf/time_per_step:643.9583163330099 - perf/throughput:127.2355258436158
calculating InfoCover scores...
开始抓取覆盖率评估, 数量512, 并发数128
InfoCover scores calculated.
calculating Conciseness and Fluency scores...
开始抓取简洁性、流畅性评估, 数量512, 并发数512
Conciseness and Fluency scores calculated.
calculating format scores...
format scores calculated.
calculating length scores...
length scores calculated.
step:39 - global_seqlen/min:75335 - global_seqlen/max:100744 - global_seqlen/minmax_diff:25409 - global_seqlen/balanced_min:90806 - global_seqlen/balanced_max:90807 - global_seqlen/mean:90806.625 - cover/rewards/mean:0.41041089556434474 - cover/rewards/var:0.09668308993923397 - cover/rewards/max:0.97 - cover/rewards/min:0.0 - cf/rewards/mean:0.4608591796875 - cf/rewards/var:0.10971303037471772 - cf/rewards/max:0.935 - cf/rewards/min:0.0 - format/rewards/mean:-0.0546875 - format/rewards/var:0.05169677734375 - format/rewards/max:0.0 - format/rewards/min:-1.0 - json/format/rewards/mean:-0.1640625 - json/format/rewards/var:0.13714599609375 - json/format/rewards/max:0 - json/format/rewards/min:-1 - length/rewards/mean:-0.6223193359374999 - length/rewards/var:0.09476018464565275 - length/rewards/max:0.0 - length/rewards/min:-1.0 - cot/length/mean:16.01953125 - cot/length/var:179.93321228027344 - cot/length/max:309 - cot/length/min:8 - answer/length/mean:305.33203125 - answer/length/var:24442.085067749023 - answer/length/max:2028 - answer/length/min:157 - actor/entropy:0.48857179284095764 - actor/kl_loss:0.38478121208027005 - actor/kl_coef:0.0 - actor/pg_loss:0.11745166155014886 - actor/pg_clipfrac:0.0 - actor/ppo_kl:0.0 - actor/pg_clipfrac_lower:0.0 - actor/grad_norm:2.2130579948425293 - perf/mfu/actor:0.13064542121167994 - perf/max_memory_allocated_gb:62.51419734954834 - perf/max_memory_reserved_gb:88.720703125 - perf/cpu_memory_used_gb:77.83460998535156 - actor/lr:1e-06 - training/global_step:39 - training/epoch:0 - critic/score/mean:-0.5015978217124939 - critic/score/max:0.24324999749660492 - critic/score/min:-2.0 - critic/rewards/mean:-0.5015978217124939 - critic/rewards/max:0.24324999749660492 - critic/rewards/min:-2.0 - critic/advantages/mean:-0.10686518251895905 - critic/advantages/max:1.8748714923858643 - critic/advantages/min:-2.4703316688537598 - critic/returns/mean:-0.10686518251895905 - critic/returns/max:1.8748714923858643 - critic/returns/min:-2.4703316688537598 - response_length/mean:335.681640625 - response_length/max:2048.0 - response_length/min:178.0 - response_length/clip_ratio:0.005859375 - prompt_length/mean:1083.171875 - prompt_length/max:2632.0 - prompt_length/min:460.0 - prompt_length/clip_ratio:0.0 - timing_s/start_profile:5.142006557434797e-06 - timing_s/generate_sequences:45.44255828857422 - timing_s/reshard:1.3303815126419067 - timing_s/gen:49.02719537803205 - timing_s/reward:506.3143549649976 - timing_s/old_log_prob:27.01039240998216 - timing_s/ref:15.965533373004291 - timing_s/adv:0.015810406010132283 - timing_s/update_actor:65.7425118139945 - timing_s/step:664.1359369540005 - timing_s/stop_profile:7.036025635898113e-06 - timing_per_token_ms/adv:2.1763838830774025e-05 - timing_per_token_ms/update_actor:0.0904979562531843 - timing_per_token_ms/gen:0.28525909488058954 - timing_per_token_ms/ref:0.021977379641909787 - perf/total_num_tokens:726453 - perf/time_per_step:664.1359369540005 - perf/throughput:136.72897361416156
calculating InfoCover scores...
开始抓取覆盖率评估, 数量512, 并发数128
InfoCover scores calculated.
calculating Conciseness and Fluency scores...
开始抓取简洁性、流畅性评估, 数量512, 并发数512
Conciseness and Fluency scores calculated.
calculating format scores...
format scores calculated.
calculating length scores...
length scores calculated.
local_global_step_folder: /root/paddlejob/workspace/env_run/output/SummarizeRL-RL-ckpt/global_step_40
step:40 - global_seqlen/min:68451 - global_seqlen/max:118254 - global_seqlen/minmax_diff:49803 - global_seqlen/balanced_min:81671 - global_seqlen/balanced_max:81734 - global_seqlen/mean:81688.125 - cover/rewards/mean:0.48599921150062153 - cover/rewards/var:0.09389221607188855 - cover/rewards/max:1.0 - cover/rewards/min:0.0 - cf/rewards/mean:0.15764439453125 - cf/rewards/var:0.06754008747228966 - cf/rewards/max:0.9410000000000001 - cf/rewards/min:0.0 - format/rewards/mean:-0.0546875 - format/rewards/var:0.05169677734375 - format/rewards/max:0.0 - format/rewards/min:-1.0 - json/format/rewards/mean:-0.169921875 - json/format/rewards/var:0.14104843139648438 - json/format/rewards/max:0 - json/format/rewards/min:-1 - length/rewards/mean:-0.6178076171875 - length/rewards/var:0.09480535581111907 - length/rewards/max:0.0 - length/rewards/min:-0.9937499999999999 - cot/length/mean:15.908203125 - cot/length/var:12.774776458740234 - cot/length/max:28 - cot/length/min:10 - answer/length/mean:301.84375 - answer/length/var:23348.3115234375 - answer/length/max:2023 - answer/length/min:13 - actor/entropy:0.4676496386528015 - actor/kl_loss:0.4135588026838377 - actor/kl_coef:0.0 - actor/pg_loss:-0.06838423187582521 - actor/pg_clipfrac:0.0 - actor/ppo_kl:0.0 - actor/pg_clipfrac_lower:0.0 - actor/grad_norm:1.8514708280563354 - perf/mfu/actor:0.12858396865720606 - perf/max_memory_allocated_gb:62.51419734954834 - perf/max_memory_reserved_gb:88.720703125 - perf/cpu_memory_used_gb:77.96611404418945 - actor/lr:1e-06 - training/global_step:40 - training/epoch:0 - critic/score/mean:-0.5013323426246643 - critic/score/max:0.2808000147342682 - critic/score/min:-2.0 - critic/rewards/mean:-0.5013323426246643 - critic/rewards/max:0.2808000147342682 - critic/rewards/min:-2.0 - critic/advantages/mean:-0.07403744757175446 - critic/advantages/max:2.0796680450439453 - critic/advantages/min:-2.4675028324127197 - critic/returns/mean:-0.07403744757175446 - critic/returns/max:2.0796680450439453 - critic/returns/min:-2.4675028324127197 - response_length/mean:334.376953125 - response_length/max:2048.0 - response_length/min:184.0 - response_length/clip_ratio:0.005859375 - prompt_length/mean:942.0 - prompt_length/max:3946.0 - prompt_length/min:468.0 - prompt_length/clip_ratio:0.0 - timing_s/start_profile:5.702022463083267e-06 - timing_s/generate_sequences:46.182777404785156 - timing_s/reshard:2.3995800018310547 - timing_s/gen:49.804682572954334 - timing_s/reward:492.31919224601006 - timing_s/old_log_prob:26.586015979002696 - timing_s/ref:15.477268308983184 - timing_s/adv:0.017450691026169807 - timing_s/update_actor:59.849601949041244 - timing_s/save_checkpoint:60.72759687301004 - timing_s/step:704.8582306450116 - timing_s/stop_profile:2.173002576455474e-05 - timing_per_token_ms/adv:2.6703224957987783e-05 - timing_per_token_ms/update_actor:0.09158246983426484 - timing_per_token_ms/gen:0.2909135026837129 - timing_per_token_ms/ref:0.023683473437820957 - perf/total_num_tokens:653505 - perf/time_per_step:704.8582306450116 - perf/throughput:115.89298592037107
calculating InfoCover scores...
开始抓取覆盖率评估, 数量512, 并发数128
InfoCover scores calculated.
calculating Conciseness and Fluency scores...
开始抓取简洁性、流畅性评估, 数量512, 并发数512
Conciseness and Fluency scores calculated.
calculating format scores...
format scores calculated.
calculating length scores...
length scores calculated.
step:41 - global_seqlen/min:67245 - global_seqlen/max:115194 - global_seqlen/minmax_diff:47949 - global_seqlen/balanced_min:94091 - global_seqlen/balanced_max:94092 - global_seqlen/mean:94091.125 - cover/rewards/mean:0.43123557963768744 - cover/rewards/var:0.09394966105903091 - cover/rewards/max:0.94 - cover/rewards/min:0.0 - cf/rewards/mean:0.676029296875 - cf/rewards/var:0.05288387316513062 - cf/rewards/max:0.8975 - cf/rewards/min:0.0 - format/rewards/mean:-0.09375 - format/rewards/var:0.0849609375 - format/rewards/max:0.0 - format/rewards/min:-1.0 - json/format/rewards/mean:-0.126953125 - json/format/rewards/var:0.11083602905273438 - json/format/rewards/max:0 - json/format/rewards/min:-1 - length/rewards/mean:-0.6285961914062499 - length/rewards/var:0.08523587417006491 - length/rewards/max:0.0 - length/rewards/min:-1.0 - cot/length/mean:14.98828125 - cot/length/var:9.363143920898438 - cot/length/max:31 - cot/length/min:8 - answer/length/mean:286.607421875 - answer/length/var:3930.8556480407715 - answer/length/max:682 - answer/length/min:21 - actor/entropy:0.36968255043029785 - actor/kl_loss:0.3673426113091409 - actor/kl_coef:0.0 - actor/pg_loss:0.285662618916831 - actor/pg_clipfrac:0.0 - actor/ppo_kl:0.0 - actor/pg_clipfrac_lower:0.0 - actor/grad_norm:1.933887004852295 - perf/mfu/actor:0.14324270176061568 - perf/max_memory_allocated_gb:62.51419734954834 - perf/max_memory_reserved_gb:88.720703125 - perf/cpu_memory_used_gb:80.87324142456055 - actor/lr:1e-06 - training/global_step:41 - training/epoch:0 - critic/score/mean:-0.4858458936214447 - critic/score/max:0.21103571355342865 - critic/score/min:-2.0 - critic/rewards/mean:-0.4858458936214447 - critic/rewards/max:0.21103571355342865 - critic/rewards/min:-2.0 - critic/advantages/mean:-0.017155198380351067 - critic/advantages/max:2.1514480113983154 - critic/advantages/min:-2.4666812419891357 - critic/returns/mean:-0.017155198380351067 - critic/returns/max:2.1514480113983154 - critic/returns/min:-2.4666812419891357 - response_length/mean:319.892578125 - response_length/max:2048.0 - response_length/min:179.0 - response_length/clip_ratio:0.001953125 - prompt_length/mean:1150.28125 - prompt_length/max:2999.0 - prompt_length/min:510.0 - prompt_length/clip_ratio:0.0 - timing_s/start_profile:5.25300856679678e-06 - timing_s/generate_sequences:34.99635314941406 - timing_s/reshard:4.244466304779053 - timing_s/gen:53.78998467302881 - timing_s/reward:407.2130230649491 - timing_s/old_log_prob:24.337183671013918 - timing_s/ref:15.75511774700135 - timing_s/adv:0.022696910018566996 - timing_s/update_actor:62.27755860303296 - timing_s/step:563.4493062929832 - timing_s/stop_profile:2.7619535103440285e-06 - timing_per_token_ms/adv:3.015283059184248e-05 - timing_per_token_ms/update_actor:0.08273569718056958 - timing_per_token_ms/gen:0.32841825974923716 - timing_per_token_ms/ref:0.02093066395342992 - perf/total_num_tokens:752729 - perf/time_per_step:563.4493062929832 - perf/throughput:166.99128732456785
calculating InfoCover scores...
开始抓取覆盖率评估, 数量512, 并发数128
InfoCover scores calculated.
calculating Conciseness and Fluency scores...
开始抓取简洁性、流畅性评估, 数量512, 并发数512
Conciseness and Fluency scores calculated.
calculating format scores...
format scores calculated.
calculating length scores...
length scores calculated.
step:42 - global_seqlen/min:88385 - global_seqlen/max:109975 - global_seqlen/minmax_diff:21590 - global_seqlen/balanced_min:96171 - global_seqlen/balanced_max:96172 - global_seqlen/mean:96171.625 - cover/rewards/mean:0.49301577403352165 - cover/rewards/var:0.08495400588274084 - cover/rewards/max:0.96875 - cover/rewards/min:0.0 - cf/rewards/mean:0.6718115234375 - cf/rewards/var:0.04731256652736664 - cf/rewards/max:0.885 - cf/rewards/min:0.0 - format/rewards/mean:-0.099609375 - format/rewards/var:0.08968734741210938 - format/rewards/max:0.0 - format/rewards/min:-1.0 - json/format/rewards/mean:-0.193359375 - json/format/rewards/var:0.15597152709960938 - json/format/rewards/max:0 - json/format/rewards/min:-1 - length/rewards/mean:-0.5869311523437499 - length/rewards/var:0.1029888457238674 - length/rewards/max:0.0 - length/rewards/min:-1.0 - cot/length/mean:15.048828125 - cot/length/var:9.421443939208984 - cot/length/max:33 - cot/length/min:10 - answer/length/mean:304.849609375 - answer/length/var:23660.229335784912 - answer/length/max:2027 - answer/length/min:0 - actor/entropy:0.40742409229278564 - actor/kl_loss:0.43057905533351004 - actor/kl_coef:0.0 - actor/pg_loss:-0.042537029992672615 - actor/pg_clipfrac:0.0 - actor/ppo_kl:0.0 - actor/pg_clipfrac_lower:0.0 - actor/grad_norm:3.1945815086364746 - perf/mfu/actor:0.14101199712715057 - perf/max_memory_allocated_gb:62.51419734954834 - perf/max_memory_reserved_gb:88.720703125 - perf/cpu_memory_used_gb:77.90225219726562 - actor/lr:1e-06 - training/global_step:42 - training/epoch:0 - critic/score/mean:-0.4798915982246399 - critic/score/max:0.3275555670261383 - critic/score/min:-2.0 - critic/rewards/mean:-0.4798915982246399 - critic/rewards/max:0.3275555670261383 - critic/rewards/min:-2.0 - critic/advantages/mean:-0.1136927679181099 - critic/advantages/max:2.1710596084594727 - critic/advantages/min:-2.457793951034546 - critic/returns/mean:-0.1136927679181099 - critic/returns/max:2.1710596084594727 - critic/returns/min:-2.457793951034546 - response_length/mean:342.306640625 - response_length/max:2048.0 - response_length/min:202.0 - response_length/clip_ratio:0.0078125 - prompt_length/mean:1160.375 - prompt_length/max:2707.0 - prompt_length/min:453.0 - prompt_length/clip_ratio:0.0 - timing_s/start_profile:7.933995220810175e-06 - timing_s/generate_sequences:46.746429443359375 - timing_s/reshard:1.103700876235962 - timing_s/gen:49.15344732196536 - timing_s/reward:501.3408702519955 - timing_s/old_log_prob:28.13769903499633 - timing_s/ref:15.857756327022798 - timing_s/adv:0.014210888009984046 - timing_s/update_actor:64.63375577295665 - timing_s/step:659.1861921210075 - timing_s/stop_profile:1.1056021321564913e-05 - timing_per_token_ms/adv:1.8470739173306115e-05 - timing_per_token_ms/update_actor:0.08400834936104679 - timing_per_token_ms/gen:0.2804585579333985 - timing_per_token_ms/ref:0.020611272200899693 - perf/total_num_tokens:769373 - perf/time_per_step:659.1861921210075 - perf/throughput:145.8944773866648
calculating InfoCover scores...
开始抓取覆盖率评估, 数量512, 并发数128
InfoCover scores calculated.
calculating Conciseness and Fluency scores...
开始抓取简洁性、流畅性评估, 数量512, 并发数512
Conciseness and Fluency scores calculated.
calculating format scores...
format scores calculated.
calculating length scores...
length scores calculated.
step:43 - global_seqlen/min:76028 - global_seqlen/max:110894 - global_seqlen/minmax_diff:34866 - global_seqlen/balanced_min:92011 - global_seqlen/balanced_max:92012 - global_seqlen/mean:92011.875 - cover/rewards/mean:0.43489961498320817 - cover/rewards/var:0.09211063199171377 - cover/rewards/max:0.9625 - cover/rewards/min:0.0 - cf/rewards/mean:0.5495187500000001 - cf/rewards/var:0.09981583766601562 - cf/rewards/max:0.9225000000000001 - cf/rewards/min:0.0 - format/rewards/mean:-0.083984375 - format/rewards/var:0.07693099975585938 - format/rewards/max:0.0 - format/rewards/min:-1.0 - json/format/rewards/mean:-0.1484375 - json/format/rewards/var:0.12640380859375 - json/format/rewards/max:0 - json/format/rewards/min:-1 - length/rewards/mean:-0.59639404296875 - length/rewards/var:0.08963440002799034 - length/rewards/max:0.0 - length/rewards/min:-0.9849999999999999 - cot/length/mean:17.927734375 - cot/length/var:2532.4615745544434 - cot/length/max:1071 - cot/length/min:10 - answer/length/mean:297.119140625 - answer/length/var:4970.163539886475 - answer/length/max:667 - answer/length/min:145 - actor/entropy:0.4123924970626831 - actor/kl_loss:0.44148253416642547 - actor/kl_coef:0.0 - actor/pg_loss:0.3855289248167537 - actor/pg_clipfrac:0.0 - actor/ppo_kl:0.0 - actor/pg_clipfrac_lower:0.0 - actor/grad_norm:2.362966775894165 - perf/mfu/actor:0.13540803651451871 - perf/max_memory_allocated_gb:62.51419734954834 - perf/max_memory_reserved_gb:88.720703125 - perf/cpu_memory_used_gb:77.40754318237305 - actor/lr:1e-06 - training/global_step:43 - training/epoch:0 - critic/score/mean:-0.5058061480522156 - critic/score/max:0.2682499885559082 - critic/score/min:-2.0 - critic/rewards/mean:-0.5058061480522156 - critic/rewards/max:0.2682499885559082 - critic/rewards/min:-2.0 - critic/advantages/mean:-0.06529415398836136 - critic/advantages/max:2.4748690128326416 - critic/advantages/min:-2.452843189239502 - critic/returns/mean:-0.06529415398836136 - critic/returns/max:2.4748690128326416 - critic/returns/min:-2.452843189239502 - response_length/mean:338.607421875 - response_length/max:2048.0 - response_length/min:177.0 - response_length/clip_ratio:0.001953125 - prompt_length/mean:1099.078125 - prompt_length/max:4096.0 - prompt_length/min:475.0 - prompt_length/clip_ratio:0.015625 - timing_s/start_profile:7.031019777059555e-06 - timing_s/generate_sequences:33.54276657104492 - timing_s/reshard:1.272339105606079 - timing_s/gen:47.791297089948785 - timing_s/reward:466.4542277880246 - timing_s/old_log_prob:28.743711715040263 - timing_s/ref:17.091705751023255 - timing_s/adv:0.018243108002934605 - timing_s/update_actor:64.59680202999152 - timing_s/step:624.7505193940015 - timing_s/stop_profile:2.8760405257344246e-06 - timing_per_token_ms/adv:2.4783632551416062e-05 - timing_per_token_ms/update_actor:0.08775606685277243 - timing_per_token_ms/gen:0.2756654789547537 - timing_per_token_ms/ref:0.023219429219086197 - perf/total_num_tokens:736095 - perf/time_per_step:624.7505193940015 - perf/throughput:147.27778872316924
calculating InfoCover scores...
开始抓取覆盖率评估, 数量512, 并发数128
InfoCover scores calculated.
calculating Conciseness and Fluency scores...
开始抓取简洁性、流畅性评估, 数量512, 并发数512
Conciseness and Fluency scores calculated.
calculating format scores...
format scores calculated.
calculating length scores...
length scores calculated.
step:44 - global_seqlen/min:71071 - global_seqlen/max:94774 - global_seqlen/minmax_diff:23703 - global_seqlen/balanced_min:85270 - global_seqlen/balanced_max:85271 - global_seqlen/mean:85270.75 - cover/rewards/mean:0.5007688463414579 - cover/rewards/var:0.09351988462483452 - cover/rewards/max:1.0 - cover/rewards/min:0.0 - cf/rewards/mean:0.223034853515625 - cf/rewards/var:0.09366799071496876 - cf/rewards/max:0.9624999999999999 - cf/rewards/min:0.0 - format/rewards/mean:-0.056640625 - format/rewards/var:0.053432464599609375 - format/rewards/max:0.0 - format/rewards/min:-1.0 - json/format/rewards/mean:-0.142578125 - json/format/rewards/var:0.12224960327148438 - json/format/rewards/max:0 - json/format/rewards/min:-1 - length/rewards/mean:-0.6219335937499999 - length/rewards/var:0.08320172996520996 - length/rewards/max:0.0 - length/rewards/min:-1.0 - cot/length/mean:14.859375 - cot/length/var:10.624755859375 - cot/length/max:30 - cot/length/min:9 - answer/length/mean:305.005859375 - answer/length/var:17544.263637542725 - answer/length/max:2029 - answer/length/min:164 - actor/entropy:0.394101619720459 - actor/kl_loss:0.49326691729947925 - actor/kl_coef:0.0 - actor/pg_loss:0.18319025485834572 - actor/pg_clipfrac:0.0 - actor/ppo_kl:0.0 - actor/pg_clipfrac_lower:0.0 - actor/grad_norm:2.107973337173462 - perf/mfu/actor:0.1337659967795322 - perf/max_memory_allocated_gb:62.51419734954834 - perf/max_memory_reserved_gb:88.720703125 - perf/cpu_memory_used_gb:77.1937370300293 - actor/lr:1e-06 - training/global_step:44 - training/epoch:0 - critic/score/mean:-0.4573919177055359 - critic/score/max:0.25360000133514404 - critic/score/min:-2.0 - critic/rewards/mean:-0.4573919177055359 - critic/rewards/max:0.25360000133514404 - critic/rewards/min:-2.0 - critic/advantages/mean:-0.0465099960565567 - critic/advantages/max:2.099379539489746 - critic/advantages/min:-2.4606144428253174 - critic/returns/mean:-0.0465099960565567 - critic/returns/max:2.099379539489746 - critic/returns/min:-2.4606144428253174 - response_length/mean:336.55859375 - response_length/max:2048.0 - response_length/min:186.0 - response_length/clip_ratio:0.00390625 - prompt_length/mean:995.796875 - prompt_length/max:2501.0 - prompt_length/min:464.0 - prompt_length/clip_ratio:0.0 - timing_s/start_profile:5.898997187614441e-06 - timing_s/generate_sequences:44.285091400146484 - timing_s/reshard:1.9538456201553345 - timing_s/gen:47.60532746597892 - timing_s/reward:489.9036642660503 - timing_s/old_log_prob:28.468121075013187 - timing_s/ref:15.269988932996057 - timing_s/adv:0.01373702404089272 - timing_s/update_actor:60.06410820101155 - timing_s/step:641.3679986700299 - timing_s/stop_profile:5.129026249051094e-06 - timing_per_token_ms/adv:2.0137362520109066e-05 - timing_per_token_ms/update_actor:0.08804910857622858 - timing_per_token_ms/gen:0.2762643917987611 - timing_per_token_ms/ref:0.022384564655811134 - perf/total_num_tokens:682166 - perf/time_per_step:641.3679986700299 - perf/throughput:132.9513636115636
calculating InfoCover scores...
开始抓取覆盖率评估, 数量512, 并发数128
InfoCover scores calculated.
calculating Conciseness and Fluency scores...
开始抓取简洁性、流畅性评估, 数量512, 并发数512
Conciseness and Fluency scores calculated.
calculating format scores...
format scores calculated.
calculating length scores...
length scores calculated.
local_global_step_folder: /root/paddlejob/workspace/env_run/output/SummarizeRL-RL-ckpt/global_step_45
step:45 - global_seqlen/min:64180 - global_seqlen/max:111482 - global_seqlen/minmax_diff:47302 - global_seqlen/balanced_min:83024 - global_seqlen/balanced_max:83025 - global_seqlen/mean:83024.75 - cover/rewards/mean:0.5001300504922953 - cover/rewards/var:0.09406718505273742 - cover/rewards/max:0.96875 - cover/rewards/min:0.0 - cf/rewards/mean:0.16378925781250003 - cf/rewards/var:0.07206800811702728 - cf/rewards/max:0.9375 - cf/rewards/min:0.0 - format/rewards/mean:-0.046875 - format/rewards/var:0.044677734375 - format/rewards/max:0.0 - format/rewards/min:-1.0 - json/format/rewards/mean:-0.125 - json/format/rewards/var:0.109375 - json/format/rewards/max:0 - json/format/rewards/min:-1 - length/rewards/mean:-0.6329711914062499 - length/rewards/var:0.07291103591322898 - length/rewards/max:0.0 - length/rewards/min:-1.0 - cot/length/mean:15.021484375 - cot/length/var:185.79836654663086 - cot/length/max:315 - cot/length/min:8 - answer/length/mean:298.115234375 - answer/length/var:3611.4652366638184 - answer/length/max:623 - answer/length/min:181 - actor/entropy:0.34305116534233093 - actor/kl_loss:0.4675446511246264 - actor/kl_coef:0.0 - actor/pg_loss:0.002745484176557511 - actor/pg_clipfrac:0.0 - actor/ppo_kl:0.0 - actor/pg_clipfrac_lower:0.0 - actor/grad_norm:1.879885196685791 - perf/mfu/actor:0.13063887682942973 - perf/max_memory_allocated_gb:62.51419734954834 - perf/max_memory_reserved_gb:88.720703125 - perf/cpu_memory_used_gb:77.24763488769531 - actor/lr:1e-06 - training/global_step:45 - training/epoch:0 - critic/score/mean:-0.44346773624420166 - critic/score/max:0.24199999868869781 - critic/score/min:-2.0 - critic/rewards/mean:-0.44346773624420166 - critic/rewards/max:0.24199999868869781 - critic/rewards/min:-2.0 - critic/advantages/mean:-0.001304464414715767 - critic/advantages/max:2.161083698272705 - critic/advantages/min:-2.4571146965026855 - critic/returns/mean:-0.001304464414715767 - critic/returns/max:2.161083698272705 - critic/returns/min:-2.4571146965026855 - response_length/mean:325.99609375 - response_length/max:717.0 - response_length/min:212.0 - response_length/clip_ratio:0.0 - prompt_length/mean:971.265625 - prompt_length/max:2898.0 - prompt_length/min:492.0 - prompt_length/clip_ratio:0.0 - timing_s/start_profile:4.992994945496321e-06 - timing_s/generate_sequences:19.258974075317383 - timing_s/reshard:1.0231144428253174 - timing_s/gen:22.903866028005723 - timing_s/reward:397.7091027580318 - timing_s/old_log_prob:24.32072065502871 - timing_s/ref:15.460861589002889 - timing_s/adv:0.017447447986342013 - timing_s/update_actor:59.86494992702501 - timing_s/save_checkpoint:45.90723589801928 - timing_s/step:566.2277206789586 - timing_s/stop_profile:4.69904625788331e-06 - timing_per_token_ms/adv:2.626844402774777e-05 - timing_per_token_ms/update_actor:0.0901311806524937 - timing_per_token_ms/gen:0.13722285080585778 - timing_per_token_ms/ref:0.023277488924993584 - perf/total_num_tokens:664198 - perf/time_per_step:566.2277206789586 - perf/throughput:146.6278441833363
calculating InfoCover scores...
开始抓取覆盖率评估, 数量512, 并发数128
InfoCover scores calculated.
calculating Conciseness and Fluency scores...
开始抓取简洁性、流畅性评估, 数量512, 并发数512
Conciseness and Fluency scores calculated.
calculating format scores...
format scores calculated.
calculating length scores...
length scores calculated.
step:46 - global_seqlen/min:76022 - global_seqlen/max:116498 - global_seqlen/minmax_diff:40476 - global_seqlen/balanced_min:89894 - global_seqlen/balanced_max:89895 - global_seqlen/mean:89894.25 - cover/rewards/mean:0.41650576811897383 - cover/rewards/var:0.11086464501407883 - cover/rewards/max:0.9375 - cover/rewards/min:0.0 - cf/rewards/mean:0.6676728515625001 - cf/rewards/var:0.0410317811574936 - cf/rewards/max:0.9075 - cf/rewards/min:0.0 - format/rewards/mean:-0.044921875 - format/rewards/var:0.042903900146484375 - format/rewards/max:0.0 - format/rewards/min:-1.0 - json/format/rewards/mean:-0.134765625 - json/format/rewards/var:0.11660385131835938 - json/format/rewards/max:0 - json/format/rewards/min:-1 - length/rewards/mean:-0.61436279296875 - length/rewards/var:0.07910433334708214 - length/rewards/max:0.0 - length/rewards/min:-1.0 - cot/length/mean:15.048828125 - cot/length/var:12.956600189208984 - cot/length/max:33 - cot/length/min:8 - answer/length/mean:307.05078125 - answer/length/var:4856.876327514648 - answer/length/max:679 - answer/length/min:162 - actor/entropy:0.3744497001171112 - actor/kl_loss:0.4674088463652879 - actor/kl_coef:0.0 - actor/pg_loss:-0.0954194053192623 - actor/pg_clipfrac:0.0 - actor/ppo_kl:0.0 - actor/pg_clipfrac_lower:0.0 - actor/grad_norm:2.597775459289551 - perf/mfu/actor:0.13716914627861093 - perf/max_memory_allocated_gb:62.51419734954834 - perf/max_memory_reserved_gb:88.720703125 - perf/cpu_memory_used_gb:77.12677001953125 - actor/lr:1e-06 - training/global_step:46 - training/epoch:0 - critic/score/mean:-0.40783774852752686 - critic/score/max:0.351749986410141 - critic/score/min:-2.0 - critic/rewards/mean:-0.40783774852752686 - critic/rewards/max:0.351749986410141 - critic/rewards/min:-2.0 - critic/advantages/mean:-0.015204067341983318 - critic/advantages/max:1.9042506217956543 - critic/advantages/min:-2.4730594158172607 - critic/returns/mean:-0.015204067341983318 - critic/returns/max:1.9042506217956543 - critic/returns/min:-2.4730594158172607 - response_length/mean:334.76953125 - response_length/max:729.0 - response_length/min:193.0 - response_length/clip_ratio:0.0 - prompt_length/mean:1069.828125 - prompt_length/max:2967.0 - prompt_length/min:475.0 - prompt_length/clip_ratio:0.0 - timing_s/start_profile:6.278976798057556e-06 - timing_s/generate_sequences:24.105709075927734 - timing_s/reshard:7.299578666687012 - timing_s/gen:33.08478976303013 - timing_s/reward:418.729562817025 - timing_s/old_log_prob:25.44794024497969 - timing_s/ref:15.844270211004186 - timing_s/adv:0.022604665020480752 - timing_s/update_actor:62.01802553096786 - timing_s/step:555.2484076499823 - timing_s/stop_profile:1.5515019185841084e-05 - timing_per_token_ms/adv:3.1432301037720366e-05 - timing_per_token_ms/update_actor:0.08623747560462414 - timing_per_token_ms/gen:0.19302452575250073 - timing_per_token_ms/ref:0.0220318182350431 - perf/total_num_tokens:719154 - perf/time_per_step:555.2484076499823 - perf/throughput:161.89915857744805
calculating InfoCover scores...
开始抓取覆盖率评估, 数量512, 并发数128
InfoCover scores calculated.
calculating Conciseness and Fluency scores...
开始抓取简洁性、流畅性评估, 数量512, 并发数512
Conciseness and Fluency scores calculated.
calculating format scores...
format scores calculated.
calculating length scores...
length scores calculated.
step:47 - global_seqlen/min:68938 - global_seqlen/max:131955 - global_seqlen/minmax_diff:63017 - global_seqlen/balanced_min:86483 - global_seqlen/balanced_max:86484 - global_seqlen/mean:86483.375 - cover/rewards/mean:0.55244446609177 - cover/rewards/var:0.08885909255306376 - cover/rewards/max:1.0 - cover/rewards/min:0.0 - cf/rewards/mean:0.365286484375 - cf/rewards/var:0.1034287931892029 - cf/rewards/max:0.9100000000000001 - cf/rewards/min:0.0 - format/rewards/mean:-0.078125 - format/rewards/var:0.072021484375 - format/rewards/max:0.0 - format/rewards/min:-1.0 - json/format/rewards/mean:-0.1484375 - json/format/rewards/var:0.12640380859375 - json/format/rewards/max:0 - json/format/rewards/min:-1 - length/rewards/mean:-0.5955981445312499 - length/rewards/var:0.08382916797995565 - length/rewards/max:0.0 - length/rewards/min:-0.9375 - cot/length/mean:36.001953125 - cot/length/var:41710.7441368103 - cot/length/max:2048 - cot/length/min:7 - answer/length/mean:321.66015625 - answer/length/var:40764.497787475586 - answer/length/max:2048 - answer/length/min:164 - actor/entropy:0.4531392455101013 - actor/kl_loss:0.4874526570783928 - actor/kl_coef:0.0 - actor/pg_loss:-0.1088516695317594 - actor/pg_clipfrac:0.0 - actor/ppo_kl:0.0 - actor/pg_clipfrac_lower:0.0 - actor/grad_norm:2.1624951362609863 - perf/mfu/actor:0.12084256925520159 - perf/max_memory_allocated_gb:63.334275245666504 - perf/max_memory_reserved_gb:88.720703125 - perf/cpu_memory_used_gb:77.12100219726562 - actor/lr:1e-06 - training/global_step:47 - training/epoch:0 - critic/score/mean:-0.4167855381965637 - critic/score/max:0.3310000002384186 - critic/score/min:-2.0 - critic/rewards/mean:-0.4167855381965637 - critic/rewards/max:0.3310000002384186 - critic/rewards/min:-2.0 - critic/advantages/mean:-0.019371608272194862 - critic/advantages/max:2.1626648902893066 - critic/advantages/min:-2.466610908508301 - critic/returns/mean:-0.019371608272194862 - critic/returns/max:2.1626648902893066 - critic/returns/min:-2.466610908508301 - response_length/mean:354.865234375 - response_length/max:2048.0 - response_length/min:194.0 - response_length/clip_ratio:0.013671875 - prompt_length/mean:996.4375 - prompt_length/max:4096.0 - prompt_length/min:444.0 - prompt_length/clip_ratio:0.015625 - timing_s/start_profile:6.119022145867348e-06 - timing_s/generate_sequences:33.71769332885742 - timing_s/reshard:1.382521390914917 - timing_s/gen:48.474236235022545 - timing_s/reward:500.67748263000976 - timing_s/old_log_prob:29.212853278033435 - timing_s/ref:17.210347626009025 - timing_s/adv:0.018109176016878337 - timing_s/update_actor:68.15152569697239 - timing_s/step:663.7962440180127 - timing_s/stop_profile:5.070003680884838e-06 - timing_per_token_ms/adv:2.617436012539742e-05 - timing_per_token_ms/update_actor:0.09850379581187191 - timing_per_token_ms/gen:0.2667949223408014 - timing_per_token_ms/ref:0.02487522547832029 - perf/total_num_tokens:691867 - perf/time_per_step:663.7962440180127 - perf/throughput:130.28602644165187
calculating InfoCover scores...
开始抓取覆盖率评估, 数量512, 并发数128
InfoCover scores calculated.
calculating Conciseness and Fluency scores...
开始抓取简洁性、流畅性评估, 数量512, 并发数512
Conciseness and Fluency scores calculated.
calculating format scores...
format scores calculated.
calculating length scores...
length scores calculated.
step:48 - global_seqlen/min:68575 - global_seqlen/max:118075 - global_seqlen/minmax_diff:49500 - global_seqlen/balanced_min:89056 - global_seqlen/balanced_max:89327 - global_seqlen/mean:89123.625 - cover/rewards/mean:0.4992466880248127 - cover/rewards/var:0.09546812453054791 - cover/rewards/max:1.0 - cover/rewards/min:0.0 - cf/rewards/mean:0.5371816406250001 - cf/rewards/var:0.10225171114730837 - cf/rewards/max:0.9105 - cf/rewards/min:0.0 - format/rewards/mean:-0.07421875 - format/rewards/var:0.0687103271484375 - format/rewards/max:0.0 - format/rewards/min:-1.0 - json/format/rewards/mean:-0.16796875 - json/format/rewards/var:0.1397552490234375 - json/format/rewards/max:0 - json/format/rewards/min:-1 - length/rewards/mean:-0.57762890625 - length/rewards/var:0.08409178709411619 - length/rewards/max:0.0 - length/rewards/min:-1.0 - cot/length/mean:22.89453125 - cot/length/var:16889.977157592773 - cot/length/max:2048 - cot/length/min:7 - answer/length/mean:328.173828125 - answer/length/var:23227.17486190796 - answer/length/max:2048 - answer/length/min:123 - actor/entropy:0.4555026590824127 - actor/kl_loss:0.48915492920787074 - actor/kl_coef:0.0 - actor/pg_loss:0.2606163244054187 - actor/pg_clipfrac:0.0 - actor/ppo_kl:0.0 - actor/pg_clipfrac_lower:0.0 - actor/grad_norm:1.9530967473983765 - perf/mfu/actor:0.13132945566738796 - perf/max_memory_allocated_gb:63.334275245666504 - perf/max_memory_reserved_gb:88.720703125 - perf/cpu_memory_used_gb:77.13481140136719 - actor/lr:1e-06 - training/global_step:48 - training/epoch:0 - critic/score/mean:-0.4161851406097412 - critic/score/max:0.30300000309944153 - critic/score/min:-2.0 - critic/rewards/mean:-0.4161851406097412 - critic/rewards/max:0.30300000309944153 - critic/rewards/min:-2.0 - critic/advantages/mean:-0.04455512389540672 - critic/advantages/max:2.4748690128326416 - critic/advantages/min:-2.4595491886138916 - critic/returns/mean:-0.04455512389540672 - critic/returns/max:2.4748690128326416 - critic/returns/min:-2.4595491886138916 - response_length/mean:361.759765625 - response_length/max:2048.0 - response_length/min:203.0 - response_length/clip_ratio:0.0078125 - prompt_length/mean:1030.796875 - prompt_length/max:4096.0 - prompt_length/min:473.0 - prompt_length/clip_ratio:0.015625 - timing_s/start_profile:8.864968549460173e-06 - timing_s/generate_sequences:46.47718048095703 - timing_s/reshard:1.0953540802001953 - timing_s/gen:49.439361956960056 - timing_s/reward:513.6535251730238 - timing_s/old_log_prob:26.927163976011798 - timing_s/ref:16.300489964021835 - timing_s/adv:0.01877016801154241 - timing_s/update_actor:64.34293319901917 - timing_s/step:670.7472399569815 - timing_s/stop_profile:1.8580001778900623e-05 - timing_per_token_ms/adv:2.632602748645829e-05 - timing_per_token_ms/update_actor:0.09024393531880459 - timing_per_token_ms/gen:0.26692093205932405 - timing_per_token_ms/ref:0.02286218996930084 - perf/total_num_tokens:712989 - perf/time_per_step:670.7472399569815 - perf/throughput:132.872145706803
calculating InfoCover scores...
开始抓取覆盖率评估, 数量512, 并发数128
InfoCover scores calculated.
calculating Conciseness and Fluency scores...
开始抓取简洁性、流畅性评估, 数量512, 并发数512
Conciseness and Fluency scores calculated.
calculating format scores...
format scores calculated.
calculating length scores...
length scores calculated.
step:49 - global_seqlen/min:76429 - global_seqlen/max:126007 - global_seqlen/minmax_diff:49578 - global_seqlen/balanced_min:91506 - global_seqlen/balanced_max:91507 - global_seqlen/mean:91506.75 - cover/rewards/mean:0.4693601606593836 - cover/rewards/var:0.10588016144784554 - cover/rewards/max:1.0 - cover/rewards/min:0.0 - cf/rewards/mean:0.5961112109375 - cf/rewards/var:0.08072906508251801 - cf/rewards/max:0.94 - cf/rewards/min:0.0 - format/rewards/mean:-0.080078125 - format/rewards/var:0.07366561889648438 - format/rewards/max:0.0 - format/rewards/min:-1.0 - json/format/rewards/mean:-0.201171875 - json/format/rewards/var:0.16070175170898438 - json/format/rewards/max:0 - json/format/rewards/min:-1 - length/rewards/mean:-0.5597167968749999 - length/rewards/var:0.09380616369247435 - length/rewards/max:0.0 - length/rewards/min:-1.0 - cot/length/mean:12.82421875 - cot/length/var:5.8714447021484375 - cot/length/max:28 - cot/length/min:7 - answer/length/mean:320.029296875 - answer/length/var:21926.297969818115 - answer/length/max:2030 - answer/length/min:164 - actor/entropy:0.3658939301967621 - actor/kl_loss:0.48803687165491283 - actor/kl_coef:0.0 - actor/pg_loss:0.2064014680327091 - actor/pg_clipfrac:0.0 - actor/ppo_kl:0.0 - actor/pg_clipfrac_lower:0.0 - actor/grad_norm:2.727757215499878 - perf/mfu/actor:0.13431487812973125 - perf/max_memory_allocated_gb:63.334275245666504 - perf/max_memory_reserved_gb:88.720703125 - perf/cpu_memory_used_gb:77.07841491699219 - actor/lr:1e-06 - training/global_step:49 - training/epoch:0 - critic/score/mean:-0.4730583429336548 - critic/score/max:0.3160000145435333 - critic/score/min:-2.0 - critic/rewards/mean:-0.4730583429336548 - critic/rewards/max:0.3160000145435333 - critic/rewards/min:-2.0 - critic/advantages/mean:-0.06683702766895294 - critic/advantages/max:1.9988963603973389 - critic/advantages/min:-2.462918281555176 - critic/returns/mean:-0.06683702766895294 - critic/returns/max:1.9988963603973389 - critic/returns/min:-2.462918281555176 - response_length/mean:350.57421875 - response_length/max:2048.0 - response_length/min:191.0 - response_length/clip_ratio:0.0078125 - prompt_length/mean:1079.21875 - prompt_length/max:3038.0 - prompt_length/min:459.0 - prompt_length/clip_ratio:0.0 - timing_s/start_profile:5.164998583495617e-06 - timing_s/generate_sequences:46.19257354736328 - timing_s/reshard:1.0728501081466675 - timing_s/gen:49.08191841497319 - timing_s/reward:410.28253123303875 - timing_s/old_log_prob:27.63725115597481 - timing_s/ref:15.879978722019587 - timing_s/adv:0.019068802008405328 - timing_s/update_actor:64.52208736503962 - timing_s/step:567.4995141959516 - timing_s/stop_profile:4.943984095007181e-06 - timing_per_token_ms/adv:2.604835436785446e-05 - timing_per_token_ms/update_actor:0.08813842607927778 - timing_per_token_ms/gen:0.2734460116492651 - timing_per_token_ms/ref:0.02169235974671211 - perf/total_num_tokens:732054 - perf/time_per_step:567.4995141959516 - perf/throughput:161.24551248233084
calculating InfoCover scores...
开始抓取覆盖率评估, 数量512, 并发数128
InfoCover scores calculated.
calculating Conciseness and Fluency scores...
开始抓取简洁性、流畅性评估, 数量512, 并发数512
Conciseness and Fluency scores calculated.
calculating format scores...
format scores calculated.
calculating length scores...
length scores calculated.
local_global_step_folder: /root/paddlejob/workspace/env_run/output/SummarizeRL-RL-ckpt/global_step_50
step:50 - global_seqlen/min:74792 - global_seqlen/max:107317 - global_seqlen/minmax_diff:32525 - global_seqlen/balanced_min:87883 - global_seqlen/balanced_max:87884 - global_seqlen/mean:87883.5 - cover/rewards/mean:0.46412581790238927 - cover/rewards/var:0.11507830443246907 - cover/rewards/max:1.0 - cover/rewards/min:0.0 - cf/rewards/mean:0.66101591796875 - cf/rewards/var:0.05049172670462608 - cf/rewards/max:0.9025000000000001 - cf/rewards/min:0.0 - format/rewards/mean:-0.080078125 - format/rewards/var:0.07366561889648438 - format/rewards/max:0.0 - format/rewards/min:-1.0 - json/format/rewards/mean:-0.15234375 - json/format/rewards/var:0.1291351318359375 - json/format/rewards/max:0 - json/format/rewards/min:-1 - length/rewards/mean:-0.5705688476562499 - length/rewards/var:0.07845126637816428 - length/rewards/max:0.0 - length/rewards/min:-1.0 - cot/length/mean:12.53515625 - cot/length/var:3.8268890380859375 - cot/length/max:24 - cot/length/min:7 - answer/length/mean:321.330078125 - answer/length/var:10714.178157806396 - answer/length/max:2031 - answer/length/min:115 - actor/entropy:0.3647232949733734 - actor/kl_loss:0.4613524868618697 - actor/kl_coef:0.0 - actor/pg_loss:-0.14186046220129356 - actor/pg_clipfrac:0.0 - actor/ppo_kl:0.0 - actor/pg_clipfrac_lower:0.0 - actor/grad_norm:2.032848596572876 - perf/mfu/actor:0.136881943205413 - perf/max_memory_allocated_gb:63.334275245666504 - perf/max_memory_reserved_gb:88.720703125 - perf/cpu_memory_used_gb:77.21107482910156 - actor/lr:1e-06 - training/global_step:50 - training/epoch:0 - critic/score/mean:-0.41126519441604614 - critic/score/max:0.382999986410141 - critic/score/min:-2.0 - critic/rewards/mean:-0.41126519441604614 - critic/rewards/max:0.382999986410141 - critic/rewards/min:-2.0 - critic/advantages/mean:-0.0174345001578331 - critic/advantages/max:1.9956166744232178 - critic/advantages/min:-2.4656519889831543 - critic/returns/mean:-0.0174345001578331 - critic/returns/max:1.9956166744232178 - critic/returns/min:-2.4656519889831543 - response_length/mean:347.0234375 - response_length/max:2048.0 - response_length/min:139.0 - response_length/clip_ratio:0.001953125 - prompt_length/mean:1026.15625 - prompt_length/max:3959.0 - prompt_length/min:458.0 - prompt_length/clip_ratio:0.0 - timing_s/start_profile:7.044000085443258e-06 - timing_s/generate_sequences:30.922672271728516 - timing_s/reshard:1.102693796157837 - timing_s/gen:48.39392411202425 - timing_s/reward:413.9458679849631 - timing_s/old_log_prob:28.189184741990175 - timing_s/ref:15.568107604980469 - timing_s/adv:0.013684071018360555 - timing_s/update_actor:60.73673429200426 - timing_s/save_checkpoint:45.091130709974095 - timing_s/step:611.9872690280317 - timing_s/stop_profile:4.24898462370038e-06 - timing_per_token_ms/adv:1.9463367723122876e-05 - timing_per_token_ms/update_actor:0.08638813641355354 - timing_per_token_ms/gen:0.27237175596042373 - timing_per_token_ms/ref:0.02214310366135348 - perf/total_num_tokens:703068 - perf/time_per_step:611.9872690280317 - perf/throughput:143.60347747033697
calculating InfoCover scores...
开始抓取覆盖率评估, 数量512, 并发数128
InfoCover scores calculated.
calculating Conciseness and Fluency scores...
开始抓取简洁性、流畅性评估, 数量512, 并发数512
Conciseness and Fluency scores calculated.
calculating format scores...
format scores calculated.
calculating length scores...
length scores calculated.
step:51 - global_seqlen/min:71501 - global_seqlen/max:115812 - global_seqlen/minmax_diff:44311 - global_seqlen/balanced_min:93699 - global_seqlen/balanced_max:93699 - global_seqlen/mean:93699.0 - cover/rewards/mean:0.5254151071701718 - cover/rewards/var:0.09308301091569139 - cover/rewards/max:1.0 - cover/rewards/min:0.0 - cf/rewards/mean:0.6954146484375 - cf/rewards/var:0.03775968000026703 - cf/rewards/max:0.8975 - cf/rewards/min:0.0 - format/rewards/mean:-0.07421875 - format/rewards/var:0.0687103271484375 - format/rewards/max:0.0 - format/rewards/min:-1.0 - json/format/rewards/mean:-0.1484375 - json/format/rewards/var:0.12640380859375 - json/format/rewards/max:0 - json/format/rewards/min:-1 - length/rewards/mean:-0.5667822265625 - length/rewards/var:0.0739725805044174 - length/rewards/max:0.0 - length/rewards/min:-1.0 - cot/length/mean:12.962890625 - cot/length/var:6.082607269287109 - cot/length/max:38 - cot/length/min:8 - answer/length/mean:334.21484375 - answer/length/var:9617.164779663086 - answer/length/max:2029 - answer/length/min:77 - actor/entropy:0.3304203450679779 - actor/kl_loss:0.4543367528822273 - actor/kl_coef:0.0 - actor/pg_loss:-0.2458248486800585 - actor/pg_clipfrac:0.0 - actor/ppo_kl:0.0 - actor/pg_clipfrac_lower:0.0 - actor/grad_norm:2.146883726119995 - perf/mfu/actor:0.13764488767043329 - perf/max_memory_allocated_gb:63.334275245666504 - perf/max_memory_reserved_gb:88.720703125 - perf/cpu_memory_used_gb:77.27170944213867 - actor/lr:1e-06 - training/global_step:51 - training/epoch:0 - critic/score/mean:-0.3385530114173889 - critic/score/max:0.40033334493637085 - critic/score/min:-2.0 - critic/rewards/mean:-0.3385530114173889 - critic/rewards/max:0.40033334493637085 - critic/rewards/min:-2.0 - critic/advantages/mean:-0.02447151206433773 - critic/advantages/max:2.08846116065979 - critic/advantages/min:-2.465238332748413 - critic/returns/mean:-0.02447151206433773 - critic/returns/max:2.08846116065979 - critic/returns/min:-2.465238332748413 - response_length/mean:358.53125 - response_length/max:2048.0 - response_length/min:95.0 - response_length/clip_ratio:0.001953125 - prompt_length/mean:1105.515625 - prompt_length/max:3189.0 - prompt_length/min:496.0 - prompt_length/clip_ratio:0.0 - timing_s/start_profile:4.9959635362029076e-06 - timing_s/generate_sequences:35.9642333984375 - timing_s/reshard:8.864158630371094 - timing_s/gen:58.8794359099702 - timing_s/reward:407.15615716803586 - timing_s/old_log_prob:23.527803561999463 - timing_s/ref:16.364246829005424 - timing_s/adv:0.025033965008333325 - timing_s/update_actor:64.58749397896463 - timing_s/step:570.5856997530209 - timing_s/stop_profile:4.396017175167799e-06 - timing_per_token_ms/adv:3.3396787863708955e-05 - timing_per_token_ms/update_actor:0.0861635315998098 - timing_per_token_ms/gen:0.3207499995095561 - timing_per_token_ms/ref:0.02183087176624807 - perf/total_num_tokens:749592 - perf/time_per_step:570.5856997530209 - perf/throughput:164.21547199755935
calculating InfoCover scores...
开始抓取覆盖率评估, 数量512, 并发数128
InfoCover scores calculated.
calculating Conciseness and Fluency scores...
开始抓取简洁性、流畅性评估, 数量512, 并发数512
Conciseness and Fluency scores calculated.
calculating format scores...
format scores calculated.
calculating length scores...
length scores calculated.
step:52 - global_seqlen/min:71334 - global_seqlen/max:111547 - global_seqlen/minmax_diff:40213 - global_seqlen/balanced_min:88626 - global_seqlen/balanced_max:88870 - global_seqlen/mean:88656.75 - cover/rewards/mean:0.51276850745981 - cover/rewards/var:0.1201406255115055 - cover/rewards/max:1.0 - cover/rewards/min:0.0 - cf/rewards/mean:0.7279892578125 - cf/rewards/var:0.014128898810386658 - cf/rewards/max:0.9275 - cf/rewards/min:0.0 - format/rewards/mean:-0.08984375 - format/rewards/var:0.0817718505859375 - format/rewards/max:0.0 - format/rewards/min:-1.0 - json/format/rewards/mean:-0.14453125 - json/format/rewards/var:0.1236419677734375 - json/format/rewards/max:0 - json/format/rewards/min:-1 - length/rewards/mean:-0.5730761718749999 - length/rewards/var:0.07209363775253295 - length/rewards/max:0.0 - length/rewards/min:-1.0 - cot/length/mean:13.5078125 - cot/length/var:392.01947021484375 - cot/length/max:460 - cot/length/min:8 - answer/length/mean:335.896484375 - answer/length/var:14800.40139389038 - answer/length/max:2029 - answer/length/min:183 - actor/entropy:0.35833293199539185 - actor/kl_loss:0.45914281834848225 - actor/kl_coef:0.0 - actor/pg_loss:-0.21339959756005555 - actor/pg_clipfrac:0.0 - actor/ppo_kl:0.0 - actor/pg_clipfrac_lower:0.0 - actor/grad_norm:2.448178768157959 - perf/mfu/actor:0.12847681366798347 - perf/max_memory_allocated_gb:63.334275245666504 - perf/max_memory_reserved_gb:88.720703125 - perf/cpu_memory_used_gb:77.25707244873047 - actor/lr:1e-06 - training/global_step:52 - training/epoch:0 - critic/score/mean:-0.35664060711860657 - critic/score/max:0.4106944501399994 - critic/score/min:-2.0 - critic/rewards/mean:-0.35664060711860657 - critic/rewards/max:0.4106944501399994 - critic/rewards/min:-2.0 - critic/advantages/mean:-0.034804075956344604 - critic/advantages/max:2.132075071334839 - critic/advantages/min:-2.470343828201294 - critic/returns/mean:-0.034804075956344604 - critic/returns/max:2.132075071334839 - critic/returns/min:-2.470343828201294 - response_length/mean:359.68359375 - response_length/max:2048.0 - response_length/min:205.0 - response_length/clip_ratio:0.00390625 - prompt_length/mean:1025.578125 - prompt_length/max:4049.0 - prompt_length/min:473.0 - prompt_length/clip_ratio:0.0 - timing_s/start_profile:6.853020749986172e-06 - timing_s/generate_sequences:44.582088470458984 - timing_s/reshard:1.3847519159317017 - timing_s/gen:47.12076022505062 - timing_s/reward:404.6930707980064 - timing_s/old_log_prob:29.316544244997203 - timing_s/ref:16.335927164007444 - timing_s/adv:0.02787673001876101 - timing_s/update_actor:65.29463476804085 - timing_s/step:562.8374143459951 - timing_s/stop_profile:5.085021257400513e-06 - timing_per_token_ms/adv:3.930429721758497e-05 - timing_per_token_ms/update_actor:0.09206100320624325 - timing_per_token_ms/gen:0.2558713725445032 - timing_per_token_ms/ref:0.023032548514365016 - perf/total_num_tokens:709254 - perf/time_per_step:562.8374143459951 - perf/throughput:157.5175134777016
calculating InfoCover scores...
开始抓取覆盖率评估, 数量512, 并发数128
