swanlab: Tracking run with swanlab version 0.5.3
swanlab: Run data will be saved locally in /root/paddlejob/workspace/env_run/output/SummarizeRL/verl/swanlog/run-20251109_211838-5e248347
swanlab: 🌟 Run `swanlab watch /root/paddlejob/workspace/env_run/output/SummarizeRL/verl/swanlog` to view SwanLab Experiment Dashboard locally
Found checkpoint: %s /root/paddlejob/workspace/env_run/output/SummarizeRL-RL-ckpt/global_step_50
Load from checkpoint folder: /root/paddlejob/workspace/env_run/output/SummarizeRL-RL-ckpt/global_step_50
Setting global step to 50
Resuming from /root/paddlejob/workspace/env_run/output/SummarizeRL-RL-ckpt/global_step_50
calculating InfoCover scores...
开始抓取覆盖率评估, 数量512, 并发数128
InfoCover scores calculated.
calculating Conciseness and Fluency scores...
开始抓取简洁性、流畅性评估, 数量512, 并发数512
Conciseness and Fluency scores calculated.
calculating format scores...
format scores calculated.
calculating length scores...
length scores calculated.
step:51 - global_seqlen/min:71474 - global_seqlen/max:115126 - global_seqlen/minmax_diff:43652 - global_seqlen/balanced_min:93492 - global_seqlen/balanced_max:93493 - global_seqlen/mean:93492.625 - cover/rewards/mean:0.5340120908761007 - cover/rewards/var:0.0960366867445275 - cover/rewards/max:1.0 - cover/rewards/min:0.0 - cf/rewards/mean:0.6777234375 - cf/rewards/var:0.04601984144287109 - cf/rewards/max:0.895 - cf/rewards/min:0.0 - format/rewards/mean:-0.05078125 - format/rewards/var:0.0482025146484375 - format/rewards/max:0.0 - format/rewards/min:-1.0 - json/format/rewards/mean:-0.123046875 - json/format/rewards/var:0.10790634155273438 - json/format/rewards/max:0 - json/format/rewards/min:-1 - length/rewards/mean:-0.59850341796875 - length/rewards/var:0.06687508873343466 - length/rewards/max:0.0 - length/rewards/min:-1.0 - cot/length/mean:12.966796875 - cot/length/var:4.235225677490234 - cot/length/max:27 - cot/length/min:8 - answer/length/mean:330.716796875 - answer/length/var:4004.3826866149902 - answer/length/max:654 - answer/length/min:183 - actor/entropy:0.32305708527565 - actor/kl_loss:0.42243733373470604 - actor/kl_coef:0.0 - actor/pg_loss:-0.15627391010639258 - actor/pg_clipfrac:0.0 - actor/ppo_kl:0.0 - actor/pg_clipfrac_lower:0.0 - actor/grad_norm:1.8259501457214355 - perf/mfu/actor:0.13761498767190844 - perf/max_memory_allocated_gb:59.84880065917969 - perf/max_memory_reserved_gb:77.34765625 - perf/cpu_memory_used_gb:79.48650360107422 - actor/lr:1e-06 - training/global_step:51 - training/epoch:0 - critic/score/mean:-0.30372631549835205 - critic/score/max:0.36899998784065247 - critic/score/min:-2.0 - critic/rewards/mean:-0.30372631549835205 - critic/rewards/max:0.36899998784065247 - critic/rewards/min:-2.0 - critic/advantages/mean:0.008580364286899567 - critic/advantages/max:2.291215658187866 - critic/advantages/min:-2.4677960872650146 - critic/returns/mean:0.008580364286899567 - critic/returns/max:2.291215658187866 - critic/returns/min:-2.4677960872650146 - response_length/mean:355.306640625 - response_length/max:756.0 - response_length/min:206.0 - response_length/clip_ratio:0.0 - prompt_length/mean:1105.515625 - prompt_length/max:3189.0 - prompt_length/min:496.0 - prompt_length/clip_ratio:0.0 - timing_s/start_profile:3.447599010542035e-05 - timing_s/generate_sequences:26.329843521118164 - timing_s/reshard:3.360884666442871 - timing_s/gen:37.814189661003184 - timing_s/reward:423.16433699196205 - timing_s/old_log_prob:26.625198138994165 - timing_s/ref:32.933064731012564 - timing_s/adv:0.017603376996703446 - timing_s/update_actor:64.4825121970498 - timing_s/step:585.1060396399698 - timing_s/stop_profile:2.1226995158940554e-05 - timing_per_token_ms/adv:2.35357828982546e-05 - timing_per_token_ms/update_actor:0.08621336736059368 - timing_per_token_ms/ref:0.04403163448856603 - timing_per_token_ms/gen:0.20786506847080363 - perf/total_num_tokens:747941 - perf/time_per_step:585.1060396399698 - perf/throughput:159.78748921738753
calculating InfoCover scores...
开始抓取覆盖率评估, 数量512, 并发数128
InfoCover scores calculated.
calculating Conciseness and Fluency scores...
开始抓取简洁性、流畅性评估, 数量512, 并发数512
Conciseness and Fluency scores calculated.
calculating format scores...
format scores calculated.
calculating length scores...
length scores calculated.
step:52 - global_seqlen/min:71108 - global_seqlen/max:111329 - global_seqlen/minmax_diff:40221 - global_seqlen/balanced_min:88602 - global_seqlen/balanced_max:88603 - global_seqlen/mean:88602.25 - cover/rewards/mean:0.5147662376125637 - cover/rewards/var:0.12069381824522256 - cover/rewards/max:1.0 - cover/rewards/min:0.0 - cf/rewards/mean:0.6784677734375001 - cf/rewards/var:0.040860731871604924 - cf/rewards/max:0.885 - cf/rewards/min:0.0 - format/rewards/mean:-0.080078125 - format/rewards/var:0.07366561889648438 - format/rewards/max:0.0 - format/rewards/min:-1.0 - json/format/rewards/mean:-0.12890625 - json/format/rewards/var:0.1122894287109375 - json/format/rewards/max:0 - json/format/rewards/min:-1 - length/rewards/mean:-0.58006103515625 - length/rewards/var:0.06683195733428002 - length/rewards/max:0.0 - length/rewards/min:-1.0 - cot/length/mean:12.849609375 - cot/length/var:1.7410545349121094 - cot/length/max:19 - cot/length/min:8 - answer/length/mean:332.38671875 - answer/length/var:5333.315292358398 - answer/length/max:991 - answer/length/min:192 - actor/entropy:0.35051849484443665 - actor/kl_loss:0.4870788783300668 - actor/kl_coef:0.0 - actor/pg_loss:-0.04772438634245191 - actor/pg_clipfrac:0.0 - actor/ppo_kl:0.0 - actor/pg_clipfrac_lower:0.0 - actor/grad_norm:2.7211594581604004 - perf/mfu/actor:0.13132341505616088 - perf/max_memory_allocated_gb:60.545910358428955 - perf/max_memory_reserved_gb:80.533203125 - perf/cpu_memory_used_gb:79.56972885131836 - actor/lr:1e-06 - training/global_step:52 - training/epoch:0 - critic/score/mean:-0.3345625400543213 - critic/score/max:0.5682500004768372 - critic/score/min:-2.0 - critic/rewards/mean:-0.3345625400543213 - critic/rewards/max:0.5682500004768372 - critic/rewards/min:-2.0 - critic/advantages/mean:-0.0008129050256684422 - critic/advantages/max:2.365706443786621 - critic/advantages/min:-2.4704251289367676 - critic/returns/mean:-0.0008129050256684422 - critic/returns/max:2.365706443786621 - critic/returns/min:-2.4704251289367676 - response_length/mean:358.83203125 - response_length/max:1015.0 - response_length/min:215.0 - response_length/clip_ratio:0.0 - prompt_length/mean:1025.578125 - prompt_length/max:4049.0 - prompt_length/min:473.0 - prompt_length/clip_ratio:0.0 - timing_s/start_profile:3.1765957828611135e-05 - timing_s/generate_sequences:23.831098556518555 - timing_s/reshard:3.106341600418091 - timing_s/gen:29.37995304504875 - timing_s/reward:486.25404600799084 - timing_s/old_log_prob:26.2777857480105 - timing_s/ref:16.380945511045866 - timing_s/adv:0.017524752009194344 - timing_s/update_actor:63.82217102200957 - timing_s/step:622.1864494379843 - timing_s/stop_profile:4.959991201758385e-06 - timing_per_token_ms/adv:2.472390939450514e-05 - timing_per_token_ms/update_actor:0.09004027976435357 - timing_per_token_ms/ref:0.023110227887900514 - timing_per_token_ms/gen:0.15991526896642075 - perf/total_num_tokens:708818 - perf/time_per_step:622.1864494379843 - perf/throughput:142.40466033941058
calculating InfoCover scores...
开始抓取覆盖率评估, 数量512, 并发数128
InfoCover scores calculated.
calculating Conciseness and Fluency scores...
开始抓取简洁性、流畅性评估, 数量512, 并发数512
Conciseness and Fluency scores calculated.
calculating format scores...
format scores calculated.
calculating length scores...
length scores calculated.
step:53 - global_seqlen/min:71643 - global_seqlen/max:166303 - global_seqlen/minmax_diff:94660 - global_seqlen/balanced_min:93427 - global_seqlen/balanced_max:93611 - global_seqlen/mean:93450.875 - cover/rewards/mean:0.4969316640627798 - cover/rewards/var:0.10599877284144979 - cover/rewards/max:0.96875 - cover/rewards/min:0.0 - cf/rewards/mean:0.6558099609375001 - cf/rewards/var:0.04207186894374848 - cf/rewards/max:0.9025000000000001 - cf/rewards/min:0.0 - format/rewards/mean:-0.095703125 - format/rewards/var:0.08654403686523438 - format/rewards/max:0.0 - format/rewards/min:-1.0 - json/format/rewards/mean:-0.15625 - json/format/rewards/var:0.1318359375 - json/format/rewards/max:0 - json/format/rewards/min:-1 - length/rewards/mean:-0.55393798828125 - length/rewards/var:0.0817617597043514 - length/rewards/max:0.0 - length/rewards/min:-1.0 - cot/length/mean:15.90625 - cot/length/var:1006.8896484375 - cot/length/max:390 - cot/length/min:7 - answer/length/mean:349.552734375 - answer/length/var:11811.778469085693 - answer/length/max:1673 - answer/length/min:0 - actor/entropy:0.43678906559944153 - actor/kl_loss:0.4262553669977933 - actor/kl_coef:0.0 - actor/pg_loss:-0.01637726221815683 - actor/pg_clipfrac:0.0 - actor/ppo_kl:0.0 - actor/pg_clipfrac_lower:0.0 - actor/grad_norm:2.421574592590332 - perf/mfu/actor:0.13462388383695773 - perf/max_memory_allocated_gb:62.74161672592163 - perf/max_memory_reserved_gb:84.306640625 - perf/cpu_memory_used_gb:79.92898941040039 - actor/lr:1e-06 - training/global_step:53 - training/epoch:0 - critic/score/mean:-0.40793243050575256 - critic/score/max:0.4070277810096741 - critic/score/min:-2.0 - critic/rewards/mean:-0.40793243050575256 - critic/rewards/max:0.4070277810096741 - critic/rewards/min:-2.0 - critic/advantages/mean:-0.015892239287495613 - critic/advantages/max:2.1440064907073975 - critic/advantages/min:-2.465806484222412 - critic/returns/mean:-0.015892239287495613 - critic/returns/max:2.1440064907073975 - critic/returns/min:-2.465806484222412 - response_length/mean:380.654296875 - response_length/max:1698.0 - response_length/min:209.0 - response_length/clip_ratio:0.0 - prompt_length/mean:1079.515625 - prompt_length/max:4096.0 - prompt_length/min:476.0 - prompt_length/clip_ratio:0.015625 - timing_s/start_profile:7.150985766202211e-06 - timing_s/generate_sequences:38.24067687988281 - timing_s/reshard:1.746795415878296 - timing_s/gen:41.43771225301316 - timing_s/reward:415.76527665602043 - timing_s/old_log_prob:27.06917627999792 - timing_s/ref:16.803827534022275 - timing_s/adv:0.012585421034600586 - timing_s/update_actor:66.03883690095972 - timing_s/step:567.1911238369648 - timing_s/stop_profile:6.23002415522933e-06 - timing_per_token_ms/adv:1.683427393617313e-05 - timing_per_token_ms/update_actor:0.08833362568964673 - timing_per_token_ms/ref:0.02247681941718346 - timing_per_token_ms/gen:0.21261557378595222 - perf/total_num_tokens:747607 - perf/time_per_step:567.1911238369648 - perf/throughput:164.76082059926912
calculating InfoCover scores...
开始抓取覆盖率评估, 数量512, 并发数128
InfoCover scores calculated.
calculating Conciseness and Fluency scores...
开始抓取简洁性、流畅性评估, 数量512, 并发数512
Conciseness and Fluency scores calculated.
calculating format scores...
format scores calculated.
calculating length scores...
length scores calculated.
step:54 - global_seqlen/min:74935 - global_seqlen/max:114442 - global_seqlen/minmax_diff:39507 - global_seqlen/balanced_min:91285 - global_seqlen/balanced_max:91286 - global_seqlen/mean:91285.625 - cover/rewards/mean:0.4653954559892527 - cover/rewards/var:0.12653907518316215 - cover/rewards/max:1.0 - cover/rewards/min:0.0 - cf/rewards/mean:0.66103515625 - cf/rewards/var:0.043148564193725585 - cf/rewards/max:0.919 - cf/rewards/min:0.0 - format/rewards/mean:-0.103515625 - format/rewards/var:0.09280014038085938 - format/rewards/max:0.0 - format/rewards/min:-1.0 - json/format/rewards/mean:-0.140625 - json/format/rewards/var:0.120849609375 - json/format/rewards/max:0 - json/format/rewards/min:-1 - length/rewards/mean:-0.56589111328125 - length/rewards/var:0.08051453489661216 - length/rewards/max:0.0 - length/rewards/min:-1.0 - cot/length/mean:13.1171875 - cot/length/var:2.09173583984375 - cot/length/max:25 - cot/length/min:9 - answer/length/mean:355.552734375 - answer/length/var:8757.387844085693 - answer/length/max:815 - answer/length/min:174 - actor/entropy:0.38262951374053955 - actor/kl_loss:0.4732724733185023 - actor/kl_coef:0.0 - actor/pg_loss:-0.0707612689511734 - actor/pg_clipfrac:0.0 - actor/ppo_kl:0.0 - actor/pg_clipfrac_lower:0.0 - actor/grad_norm:2.685211181640625 - perf/mfu/actor:0.13598096597614392 - perf/max_memory_allocated_gb:62.74161672592163 - perf/max_memory_reserved_gb:84.306640625 - perf/cpu_memory_used_gb:79.85990905761719 - actor/lr:1e-06 - training/global_step:54 - training/epoch:0 - critic/score/mean:-0.4224688708782196 - critic/score/max:0.4320000112056732 - critic/score/min:-2.0 - critic/rewards/mean:-0.4224688708782196 - critic/rewards/max:0.4320000112056732 - critic/rewards/min:-2.0 - critic/advantages/mean:-0.006929381284862757 - critic/advantages/max:2.0682637691497803 - critic/advantages/min:-2.4718480110168457 - critic/returns/mean:-0.006929381284862757 - critic/returns/max:2.0682637691497803 - critic/returns/min:-2.4718480110168457 - response_length/mean:383.416015625 - response_length/max:1773.0 - response_length/min:197.0 - response_length/clip_ratio:0.0 - prompt_length/mean:1042.921875 - prompt_length/max:3630.0 - prompt_length/min:472.0 - prompt_length/clip_ratio:0.0 - timing_s/start_profile:7.5150164775550365e-06 - timing_s/generate_sequences:31.385513305664062 - timing_s/reshard:1.0519880056381226 - timing_s/gen:42.6039139169734 - timing_s/reward:503.0376841300167 - timing_s/old_log_prob:26.885187293984927 - timing_s/ref:16.351502361998428 - timing_s/adv:0.02244311402318999 - timing_s/update_actor:63.62225740303984 - timing_s/step:652.6140832579695 - timing_s/stop_profile:4.920002538710833e-06 - timing_per_token_ms/adv:3.0731993705457445e-05 - timing_per_token_ms/update_actor:0.0871197647535412 - timing_per_token_ms/ref:0.02239057677755729 - timing_per_token_ms/gen:0.21702476155944658 - perf/total_num_tokens:730285 - perf/time_per_step:652.6140832579695 - perf/throughput:139.87688488775078
calculating InfoCover scores...
开始抓取覆盖率评估, 数量512, 并发数128
InfoCover scores calculated.
calculating Conciseness and Fluency scores...
开始抓取简洁性、流畅性评估, 数量512, 并发数512
Conciseness and Fluency scores calculated.
calculating format scores...
format scores calculated.
calculating length scores...
length scores calculated.
local_global_step_folder: /root/paddlejob/workspace/env_run/output/SummarizeRL-RL-ckpt/global_step_55
step:55 - global_seqlen/min:81241 - global_seqlen/max:112039 - global_seqlen/minmax_diff:30798 - global_seqlen/balanced_min:90957 - global_seqlen/balanced_max:91170 - global_seqlen/mean:90985.0 - cover/rewards/mean:0.5422007158731321 - cover/rewards/var:0.10630689893756029 - cover/rewards/max:1.0 - cover/rewards/min:0.0 - cf/rewards/mean:0.6423369140624999 - cf/rewards/var:0.05731627564907074 - cf/rewards/max:0.895 - cf/rewards/min:0.0 - format/rewards/mean:-0.134765625 - format/rewards/var:0.11660385131835938 - format/rewards/max:0.0 - format/rewards/min:-1.0 - json/format/rewards/mean:-0.181640625 - json/format/rewards/var:0.14864730834960938 - json/format/rewards/max:0 - json/format/rewards/min:-1 - length/rewards/mean:-0.535205078125 - length/rewards/var:0.08763507757186889 - length/rewards/max:0.0 - length/rewards/min:-1.0 - cot/length/mean:12.87890625 - cot/length/var:1.0087738037109375 - cot/length/max:20 - cot/length/min:8 - answer/length/mean:369.5 - answer/length/var:24583.453125 - answer/length/max:2029 - answer/length/min:203 - actor/entropy:0.3873909115791321 - actor/kl_loss:0.5352250998839736 - actor/kl_coef:0.0 - actor/pg_loss:0.32931970816571265 - actor/pg_clipfrac:0.0 - actor/ppo_kl:0.0 - actor/pg_clipfrac_lower:0.0 - actor/grad_norm:3.9295947551727295 - perf/mfu/actor:0.13832843762889097 - perf/max_memory_allocated_gb:62.74161672592163 - perf/max_memory_reserved_gb:84.306640625 - perf/cpu_memory_used_gb:79.92766571044922 - actor/lr:1e-06 - training/global_step:55 - training/epoch:0 - critic/score/mean:-0.4355626106262207 - critic/score/max:0.39149999618530273 - critic/score/min:-2.0 - critic/rewards/mean:-0.4355626106262207 - critic/rewards/max:0.39149999618530273 - critic/rewards/min:-2.0 - critic/advantages/mean:-0.07017450034618378 - critic/advantages/max:1.9118468761444092 - critic/advantages/min:-2.4672842025756836 - critic/returns/mean:-0.07017450034618378 - critic/returns/max:1.9118468761444092 - critic/returns/min:-2.4672842025756836 - response_length/mean:400.3125 - response_length/max:2048.0 - response_length/min:226.0 - response_length/clip_ratio:0.0078125 - prompt_length/mean:1021.328125 - prompt_length/max:2266.0 - prompt_length/min:477.0 - prompt_length/clip_ratio:0.0 - timing_s/start_profile:8.69302311912179e-06 - timing_s/generate_sequences:46.508663177490234 - timing_s/reshard:1.1977882385253906 - timing_s/gen:49.29972711496521 - timing_s/reward:508.1762807390187 - timing_s/old_log_prob:28.182436642004177 - timing_s/ref:15.810714118008036 - timing_s/adv:0.020287524035666138 - timing_s/update_actor:62.12393869902007 - timing_s/save_checkpoint:46.36264077300439 - timing_s/step:710.048299157992 - timing_s/stop_profile:2.783956006169319e-06 - timing_per_token_ms/adv:2.7872072368613147e-05 - timing_per_token_ms/update_actor:0.08534914917159432 - timing_per_token_ms/ref:0.021721594380952954 - timing_per_token_ms/gen:0.24053340707926038 - perf/total_num_tokens:727880 - perf/time_per_step:710.048299157992 - perf/throughput:128.13917040276584
calculating InfoCover scores...
开始抓取覆盖率评估, 数量512, 并发数128
InfoCover scores calculated.
calculating Conciseness and Fluency scores...
开始抓取简洁性、流畅性评估, 数量512, 并发数512
Conciseness and Fluency scores calculated.
calculating format scores...
format scores calculated.
calculating length scores...
length scores calculated.
step:56 - global_seqlen/min:75359 - global_seqlen/max:104918 - global_seqlen/minmax_diff:29559 - global_seqlen/balanced_min:89846 - global_seqlen/balanced_max:89847 - global_seqlen/mean:89846.375 - cover/rewards/mean:0.42939711174824324 - cover/rewards/var:0.123130430684216 - cover/rewards/max:1.0 - cover/rewards/min:0.0 - cf/rewards/mean:0.59181845703125 - cf/rewards/var:0.07641182212515832 - cf/rewards/max:0.8975 - cf/rewards/min:0.0 - format/rewards/mean:-0.134765625 - format/rewards/var:0.11660385131835938 - format/rewards/max:0.0 - format/rewards/min:-1.0 - json/format/rewards/mean:-0.171875 - json/format/rewards/var:0.142333984375 - json/format/rewards/max:0 - json/format/rewards/min:-1 - length/rewards/mean:-0.53741455078125 - length/rewards/var:0.08693202700018882 - length/rewards/max:0.0 - length/rewards/min:-1.0 - cot/length/mean:12.943359375 - cot/length/var:2.0221824645996094 - cot/length/max:18 - cot/length/min:9 - answer/length/mean:349.39453125 - answer/length/var:18557.715438842773 - answer/length/max:2029 - answer/length/min:135 - actor/entropy:0.3101484775543213 - actor/kl_loss:0.5074220367241651 - actor/kl_coef:0.0 - actor/pg_loss:0.05026715213898569 - actor/pg_clipfrac:0.0 - actor/ppo_kl:0.0 - actor/pg_clipfrac_lower:0.0 - actor/grad_norm:4.188706874847412 - perf/mfu/actor:0.12601571350255933 - perf/max_memory_allocated_gb:62.74161672592163 - perf/max_memory_reserved_gb:88.076171875 - perf/cpu_memory_used_gb:81.1347427368164 - actor/lr:1e-06 - training/global_step:56 - training/epoch:0 - critic/score/mean:-0.5087460875511169 - critic/score/max:0.4021071493625641 - critic/score/min:-2.0 - critic/rewards/mean:-0.5087460875511169 - critic/rewards/max:0.4021071493625641 - critic/rewards/min:-2.0 - critic/advantages/mean:-0.052100833505392075 - critic/advantages/max:2.213855266571045 - critic/advantages/min:-2.4590859413146973 - critic/returns/mean:-0.052100833505392075 - critic/returns/max:2.213855266571045 - critic/returns/min:-2.4590859413146973 - response_length/mean:380.568359375 - response_length/max:2048.0 - response_length/min:158.0 - response_length/clip_ratio:0.00390625 - prompt_length/mean:1023.28125 - prompt_length/max:4012.0 - prompt_length/min:433.0 - prompt_length/clip_ratio:0.0 - timing_s/start_profile:6.33997842669487e-06 - timing_s/generate_sequences:52.09557342529297 - timing_s/reshard:8.831671714782715 - timing_s/gen:63.97502016299404 - timing_s/reward:513.5565604260191 - timing_s/old_log_prob:29.337390171014704 - timing_s/ref:16.86915411899099 - timing_s/adv:0.017575105011928827 - timing_s/update_actor:67.60997460701037 - timing_s/step:691.4113459180226 - timing_s/stop_profile:1.663196599110961e-05 - timing_per_token_ms/adv:2.4451605604467663e-05 - timing_per_token_ms/update_actor:0.09406330334280372 - timing_per_token_ms/ref:0.023469441754037087 - timing_per_token_ms/gen:0.3283279026691885 - perf/total_num_tokens:718771 - perf/time_per_step:691.4113459180226 - perf/throughput:129.94634168275954
calculating InfoCover scores...
开始抓取覆盖率评估, 数量512, 并发数128
InfoCover scores calculated.
calculating Conciseness and Fluency scores...
开始抓取简洁性、流畅性评估, 数量512, 并发数512
Conciseness and Fluency scores calculated.
calculating format scores...
format scores calculated.
calculating length scores...
length scores calculated.
step:57 - global_seqlen/min:74226 - global_seqlen/max:119654 - global_seqlen/minmax_diff:45428 - global_seqlen/balanced_min:96825 - global_seqlen/balanced_max:96826 - global_seqlen/mean:96825.25 - cover/rewards/mean:0.5415126932780856 - cover/rewards/var:0.10016289315176814 - cover/rewards/max:1.0 - cover/rewards/min:0.0 - cf/rewards/mean:0.7079248046875001 - cf/rewards/var:0.014563235068321231 - cf/rewards/max:0.89 - cf/rewards/min:0.0 - format/rewards/mean:-0.134765625 - format/rewards/var:0.11660385131835938 - format/rewards/max:0.0 - format/rewards/min:-1.0 - json/format/rewards/mean:-0.22265625 - json/format/rewards/var:0.1730804443359375 - json/format/rewards/max:0 - json/format/rewards/min:-1 - length/rewards/mean:-0.51581298828125 - length/rewards/var:0.0975242810666561 - length/rewards/max:0.0 - length/rewards/min:-1.0 - cot/length/mean:13.11328125 - cot/length/var:3.1941986083984375 - cot/length/max:21 - cot/length/min:9 - answer/length/mean:376.990234375 - answer/length/var:38977.27920150757 - answer/length/max:2032 - answer/length/min:96 - actor/entropy:0.3307672441005707 - actor/kl_loss:0.6112873412203044 - actor/kl_coef:0.0 - actor/pg_loss:0.1963267599203391 - actor/pg_clipfrac:0.0 - actor/ppo_kl:0.0 - actor/pg_clipfrac_lower:0.0 - actor/grad_norm:3.7731244564056396 - perf/mfu/actor:0.1323162761746892 - perf/max_memory_allocated_gb:62.74161672592163 - perf/max_memory_reserved_gb:88.076171875 - perf/cpu_memory_used_gb:79.85140991210938 - actor/lr:1e-06 - training/global_step:57 - training/epoch:0 - critic/score/mean:-0.4566549062728882 - critic/score/max:0.44067856669425964 - critic/score/min:-2.0 - critic/rewards/mean:-0.4566549062728882 - critic/rewards/max:0.44067856669425964 - critic/rewards/min:-2.0 - critic/advantages/mean:-0.10485325753688812 - critic/advantages/max:2.126962661743164 - critic/advantages/min:-2.4722020626068115 - critic/returns/mean:-0.10485325753688812 - critic/returns/max:2.126962661743164 - critic/returns/min:-2.4722020626068115 - response_length/mean:411.56640625 - response_length/max:2048.0 - response_length/min:118.0 - response_length/clip_ratio:0.01171875 - prompt_length/mean:1101.328125 - prompt_length/max:4045.0 - prompt_length/min:480.0 - prompt_length/clip_ratio:0.0 - timing_s/start_profile:1.86589895747602e-05 - timing_s/generate_sequences:48.14124298095703 - timing_s/reshard:1.2666651010513306 - timing_s/gen:51.02793343004305 - timing_s/reward:409.09380617103307 - timing_s/old_log_prob:31.36245695495745 - timing_s/ref:17.542907345981803 - timing_s/adv:0.016089092008769512 - timing_s/update_actor:69.73849910398712 - timing_s/step:578.836643555027 - timing_s/stop_profile:4.3460167944431305e-06 - timing_per_token_ms/adv:2.0770785524397708e-05 - timing_per_token_ms/update_actor:0.09003139561218164 - timing_per_token_ms/ref:0.022647640137750488 - timing_per_token_ms/gen:0.2421575983050799 - perf/total_num_tokens:774602 - perf/time_per_step:578.836643555027 - perf/throughput:167.27560543736607
calculating InfoCover scores...
开始抓取覆盖率评估, 数量512, 并发数128
InfoCover scores calculated.
calculating Conciseness and Fluency scores...
开始抓取简洁性、流畅性评估, 数量512, 并发数512
Conciseness and Fluency scores calculated.
calculating format scores...
format scores calculated.
calculating length scores...
length scores calculated.
step:58 - global_seqlen/min:73343 - global_seqlen/max:129450 - global_seqlen/minmax_diff:56107 - global_seqlen/balanced_min:99068 - global_seqlen/balanced_max:99069 - global_seqlen/mean:99068.25 - cover/rewards/mean:0.5691223885103004 - cover/rewards/var:0.08822660414024906 - cover/rewards/max:1.0 - cover/rewards/min:0.0 - cf/rewards/mean:0.7000000000000001 - cf/rewards/var:0.013969189453125003 - cf/rewards/max:0.885 - cf/rewards/min:0.3 - format/rewards/mean:-0.15234375 - format/rewards/var:0.1291351318359375 - format/rewards/max:0.0 - format/rewards/min:-1.0 - json/format/rewards/mean:-0.21875 - json/format/rewards/var:0.1708984375 - json/format/rewards/max:0 - json/format/rewards/min:-1 - length/rewards/mean:-0.5058618164062499 - length/rewards/var:0.10086967048048973 - length/rewards/max:0.0 - length/rewards/min:-1.0 - cot/length/mean:13.185546875 - cot/length/var:3.9792442321777344 - cot/length/max:23 - cot/length/min:9 - answer/length/mean:374.544921875 - answer/length/var:36948.94720077515 - answer/length/max:2030 - answer/length/min:193 - actor/entropy:0.31402698159217834 - actor/kl_loss:0.5349347903393209 - actor/kl_coef:0.0 - actor/pg_loss:-0.29837195260915905 - actor/pg_clipfrac:0.0 - actor/ppo_kl:0.0 - actor/pg_clipfrac_lower:0.0 - actor/grad_norm:5.210058212280273 - perf/mfu/actor:0.13921343543717973 - perf/max_memory_allocated_gb:62.74161672592163 - perf/max_memory_reserved_gb:88.076171875 - perf/cpu_memory_used_gb:80.15293502807617 - actor/lr:1e-06 - training/global_step:58 - training/epoch:0 - critic/score/mean:-0.4652048349380493 - critic/score/max:0.36649999022483826 - critic/score/min:-2.0 - critic/rewards/mean:-0.4652048349380493 - critic/rewards/max:0.36649999022483826 - critic/rewards/min:-2.0 - critic/advantages/mean:-0.07754334807395935 - critic/advantages/max:2.283266544342041 - critic/advantages/min:-2.467228651046753 - critic/returns/mean:-0.07754334807395935 - critic/returns/max:2.283266544342041 - critic/returns/min:-2.467228651046753 - response_length/mean:404.92578125 - response_length/max:2048.0 - response_length/min:216.0 - response_length/clip_ratio:0.009765625 - prompt_length/mean:1143.015625 - prompt_length/max:3569.0 - prompt_length/min:505.0 - prompt_length/clip_ratio:0.0 - timing_s/start_profile:4.860979970544577e-06 - timing_s/generate_sequences:47.6822509765625 - timing_s/reshard:1.1670808792114258 - timing_s/gen:50.870275093009695 - timing_s/reward:424.4917382079875 - timing_s/old_log_prob:28.186686806031503 - timing_s/ref:17.256347143033054 - timing_s/adv:0.012879611982498318 - timing_s/update_actor:67.75383437797427 - timing_s/step:588.6352739019785 - timing_s/stop_profile:5.632988177239895e-06 - timing_per_token_ms/adv:1.625093304678633e-05 - timing_per_token_ms/update_actor:0.08548883519439159 - timing_per_token_ms/ref:0.021773306714099945 - timing_per_token_ms/gen:0.245368436986956 - perf/total_num_tokens:792546 - perf/time_per_step:588.6352739019785 - perf/throughput:168.30158570567957
calculating InfoCover scores...
开始抓取覆盖率评估, 数量512, 并发数128
InfoCover scores calculated.
calculating Conciseness and Fluency scores...
开始抓取简洁性、流畅性评估, 数量512, 并发数512
Conciseness and Fluency scores calculated.
calculating format scores...
format scores calculated.
calculating length scores...
length scores calculated.
step:59 - global_seqlen/min:80054 - global_seqlen/max:121788 - global_seqlen/minmax_diff:41734 - global_seqlen/balanced_min:103615 - global_seqlen/balanced_max:103616 - global_seqlen/mean:103615.75 - cover/rewards/mean:0.4358618105011669 - cover/rewards/var:0.10789798938328007 - cover/rewards/max:0.9375 - cover/rewards/min:0.0 - cf/rewards/mean:0.7107080078125 - cf/rewards/var:0.017332372260093692 - cf/rewards/max:0.885 - cf/rewards/min:0.0 - format/rewards/mean:-0.16796875 - format/rewards/var:0.1397552490234375 - format/rewards/max:0.0 - format/rewards/min:-1.0 - json/format/rewards/mean:-0.255859375 - json/format/rewards/var:0.19039535522460938 - json/format/rewards/max:0 - json/format/rewards/min:-1 - length/rewards/mean:-0.47477294921874996 - length/rewards/var:0.10736881136298179 - length/rewards/max:0.0 - length/rewards/min:-1.0 - cot/length/mean:33.20703125 - cot/length/var:15901.476669311523 - cot/length/max:1355 - cot/length/min:9 - answer/length/mean:347.890625 - answer/length/var:29447.831787109375 - answer/length/max:2027 - answer/length/min:197 - actor/entropy:0.37186604738235474 - actor/kl_loss:0.7503860210999846 - actor/kl_coef:0.0 - actor/pg_loss:0.193241575936554 - actor/pg_clipfrac:0.0 - actor/ppo_kl:0.0 - actor/pg_clipfrac_lower:0.0 - actor/grad_norm:5.5417914390563965 - perf/mfu/actor:0.13768780897501703 - perf/max_memory_allocated_gb:62.74161672592163 - perf/max_memory_reserved_gb:88.076171875 - perf/cpu_memory_used_gb:79.53244018554688 - actor/lr:1e-06 - training/global_step:59 - training/epoch:0 - critic/score/mean:-0.5922613739967346 - critic/score/max:0.41600000858306885 - critic/score/min:-2.0 - critic/rewards/mean:-0.5922613739967346 - critic/rewards/max:0.41600000858306885 - critic/rewards/min:-2.0 - critic/advantages/mean:-0.043352678418159485 - critic/advantages/max:2.040616273880005 - critic/advantages/min:-2.463707685470581 - critic/returns/mean:-0.043352678418159485 - critic/returns/max:2.040616273880005 - critic/returns/min:-2.463707685470581 - response_length/mean:387.16796875 - response_length/max:2048.0 - response_length/min:218.0 - response_length/clip_ratio:0.005859375 - prompt_length/mean:1231.828125 - prompt_length/max:4096.0 - prompt_length/min:486.0 - prompt_length/clip_ratio:0.03125 - timing_s/start_profile:7.727998308837414e-06 - timing_s/generate_sequences:47.51600646972656 - timing_s/reshard:1.0152653455734253 - timing_s/gen:50.94748052599607 - timing_s/reward:410.3554034960107 - timing_s/old_log_prob:28.342593920999207 - timing_s/ref:17.90490167995449 - timing_s/adv:0.01911605999339372 - timing_s/update_actor:72.03513755201129 - timing_s/step:579.6956436129985 - timing_s/stop_profile:0.0009563590283505619 - timing_per_token_ms/adv:2.3061238269029708e-05 - timing_per_token_ms/update_actor:0.08690177114966993 - timing_per_token_ms/ref:0.021600120734485938 - timing_per_token_ms/gen:0.25701195846237235 - perf/total_num_tokens:828926 - perf/time_per_step:579.6956436129985 - perf/throughput:178.74163993057928
calculating InfoCover scores...
开始抓取覆盖率评估, 数量512, 并发数128
InfoCover scores calculated.
calculating Conciseness and Fluency scores...
开始抓取简洁性、流畅性评估, 数量512, 并发数512
Conciseness and Fluency scores calculated.
calculating format scores...
format scores calculated.
calculating length scores...
length scores calculated.
local_global_step_folder: /root/paddlejob/workspace/env_run/output/SummarizeRL-RL-ckpt/global_step_60
step:60 - global_seqlen/min:72616 - global_seqlen/max:119759 - global_seqlen/minmax_diff:47143 - global_seqlen/balanced_min:90338 - global_seqlen/balanced_max:90339 - global_seqlen/mean:90338.125 - cover/rewards/mean:0.506023771027263 - cover/rewards/var:0.11685964925401215 - cover/rewards/max:1.0 - cover/rewards/min:0.0 - cf/rewards/mean:0.6726113281249999 - cf/rewards/var:0.03822164776229858 - cf/rewards/max:0.885 - cf/rewards/min:0.0 - format/rewards/mean:-0.154296875 - format/rewards/var:0.13048934936523438 - format/rewards/max:0.0 - format/rewards/min:-1.0 - json/format/rewards/mean:-0.24609375 - json/format/rewards/var:0.1855316162109375 - json/format/rewards/max:0 - json/format/rewards/min:-1 - length/rewards/mean:-0.4815087890625 - length/rewards/var:0.09933344743251801 - length/rewards/max:0.0 - length/rewards/min:-1.0 - cot/length/mean:12.416015625 - cot/length/var:3.3406028747558594 - cot/length/max:18 - cot/length/min:9 - answer/length/mean:325.322265625 - answer/length/var:16560.698879241943 - answer/length/max:2032 - answer/length/min:70 - actor/entropy:0.2376105636358261 - actor/kl_loss:0.6689621328841895 - actor/kl_coef:0.0 - actor/pg_loss:-0.02241424802923575 - actor/pg_clipfrac:0.0 - actor/ppo_kl:0.0 - actor/pg_clipfrac_lower:0.0 - actor/grad_norm:6.027011871337891 - perf/mfu/actor:0.13520346253474275 - perf/max_memory_allocated_gb:62.74161672592163 - perf/max_memory_reserved_gb:88.076171875 - perf/cpu_memory_used_gb:80.05766296386719 - actor/lr:1e-06 - training/global_step:60 - training/epoch:0 - critic/score/mean:-0.5209731459617615 - critic/score/max:0.4790000021457672 - critic/score/min:-2.0 - critic/rewards/mean:-0.5209731459617615 - critic/rewards/max:0.4790000021457672 - critic/rewards/min:-2.0 - critic/advantages/mean:-0.042120400816202164 - critic/advantages/max:1.8508774042129517 - critic/advantages/min:-2.45920729637146 - critic/returns/mean:-0.042120400816202164 - critic/returns/max:1.8508774042129517 - critic/returns/min:-2.45920729637146 - response_length/mean:353.251953125 - response_length/max:2048.0 - response_length/min:91.0 - response_length/clip_ratio:0.00390625 - prompt_length/mean:1058.28125 - prompt_length/max:3799.0 - prompt_length/min:457.0 - prompt_length/clip_ratio:0.0 - timing_s/start_profile:1.3392011169344187e-05 - timing_s/generate_sequences:45.92295837402344 - timing_s/reshard:1.6233646869659424 - timing_s/gen:51.89964381797472 - timing_s/reward:414.03894197702175 - timing_s/old_log_prob:28.998357054020744 - timing_s/ref:16.045570173009764 - timing_s/adv:0.013664102007169276 - timing_s/update_actor:63.25406780501362 - timing_s/save_checkpoint:47.9117635510047 - timing_s/step:622.2255773039651 - timing_s/stop_profile:4.523026291280985e-06 - timing_per_token_ms/adv:1.8906887329089015e-05 - timing_per_token_ms/update_actor:0.08752404896190509 - timing_per_token_ms/ref:0.022202102065171495 - timing_per_token_ms/gen:0.28695238889765695 - perf/total_num_tokens:722705 - perf/time_per_step:622.2255773039651 - perf/throughput:145.1854894673812
calculating InfoCover scores...
开始抓取覆盖率评估, 数量512, 并发数128
InfoCover scores calculated.
calculating Conciseness and Fluency scores...
开始抓取简洁性、流畅性评估, 数量512, 并发数512
Conciseness and Fluency scores calculated.
calculating format scores...
format scores calculated.
calculating length scores...
length scores calculated.
step:61 - global_seqlen/min:67640 - global_seqlen/max:113086 - global_seqlen/minmax_diff:45446 - global_seqlen/balanced_min:90007 - global_seqlen/balanced_max:90008 - global_seqlen/mean:90007.75 - cover/rewards/mean:0.5002141578700905 - cover/rewards/var:0.10405639522027507 - cover/rewards/max:1.0 - cover/rewards/min:0.0 - cf/rewards/mean:0.57726119140625 - cf/rewards/var:0.08468664747611962 - cf/rewards/max:0.935 - cf/rewards/min:0.0 - format/rewards/mean:-0.169921875 - format/rewards/var:0.14104843139648438 - format/rewards/max:0.0 - format/rewards/min:-1.0 - json/format/rewards/mean:-0.24609375 - json/format/rewards/var:0.1855316162109375 - json/format/rewards/max:0 - json/format/rewards/min:-1 - length/rewards/mean:-0.47342529296875 - length/rewards/var:0.1012160719335079 - length/rewards/max:0.0 - length/rewards/min:-1.0 - cot/length/mean:12.310546875 - cot/length/var:3.4445762634277344 - cot/length/max:18 - cot/length/min:7 - answer/length/mean:317.142578125 - answer/length/var:8508.594905853271 - answer/length/max:1045 - answer/length/min:69 - actor/entropy:0.2439309060573578 - actor/kl_loss:0.7211952737998217 - actor/kl_coef:0.0 - actor/pg_loss:0.1940434260886832 - actor/pg_clipfrac:0.0 - actor/ppo_kl:0.0 - actor/pg_clipfrac_lower:0.0 - actor/grad_norm:5.965428352355957 - perf/mfu/actor:0.1379773382704937 - perf/max_memory_allocated_gb:62.74161672592163 - perf/max_memory_reserved_gb:88.076171875 - perf/cpu_memory_used_gb:80.63359451293945 - actor/lr:1e-06 - training/global_step:61 - training/epoch:0 - critic/score/mean:-0.5498948693275452 - critic/score/max:0.5095000267028809 - critic/score/min:-2.0 - critic/rewards/mean:-0.5498948693275452 - critic/rewards/max:0.5095000267028809 - critic/rewards/min:-2.0 - critic/advantages/mean:0.00292452285066247 - critic/advantages/max:2.13881778717041 - critic/advantages/min:-2.4509687423706055 - critic/returns/mean:0.00292452285066247 - critic/returns/max:2.13881778717041 - critic/returns/min:-2.4509687423706055 - response_length/mean:345.16796875 - response_length/max:1067.0 - response_length/min:90.0 - response_length/clip_ratio:0.0 - prompt_length/mean:1061.203125 - prompt_length/max:3523.0 - prompt_length/min:488.0 - prompt_length/clip_ratio:0.0 - timing_s/start_profile:5.4150004871189594e-06 - timing_s/generate_sequences:30.34052085876465 - timing_s/reshard:7.547724723815918 - timing_s/gen:42.898514095984865 - timing_s/reward:417.3054482349544 - timing_s/old_log_prob:24.981219627021346 - timing_s/ref:16.131130789988674 - timing_s/adv:0.013758390035945922 - timing_s/update_actor:61.71248097799253 - timing_s/step:563.0965548590175 - timing_s/stop_profile:4.92599792778492e-06 - timing_per_token_ms/adv:1.9107229705144725e-05 - timing_per_token_ms/update_actor:0.08570439903507271 - timing_per_token_ms/ref:0.02240241922221791 - timing_per_token_ms/gen:0.24274025381655706 - perf/total_num_tokens:720062 - perf/time_per_step:563.0965548590175 - perf/throughput:159.84425623512337
calculating InfoCover scores...
开始抓取覆盖率评估, 数量512, 并发数128
InfoCover scores calculated.
calculating Conciseness and Fluency scores...
开始抓取简洁性、流畅性评估, 数量512, 并发数512
Conciseness and Fluency scores calculated.
calculating format scores...
format scores calculated.
calculating length scores...
length scores calculated.
step:62 - global_seqlen/min:66444 - global_seqlen/max:102255 - global_seqlen/minmax_diff:35811 - global_seqlen/balanced_min:81408 - global_seqlen/balanced_max:81409 - global_seqlen/mean:81408.5 - cover/rewards/mean:0.5555039105769954 - cover/rewards/var:0.09041406812178623 - cover/rewards/max:0.96875 - cover/rewards/min:0.0 - cf/rewards/mean:0.1764916015625 - cf/rewards/var:0.07829549420681 - cf/rewards/max:0.94 - cf/rewards/min:0.0 - format/rewards/mean:-0.232421875 - format/rewards/var:0.17840194702148438 - format/rewards/max:0.0 - format/rewards/min:-1.0 - json/format/rewards/mean:-0.298828125 - json/format/rewards/var:0.20952987670898438 - json/format/rewards/max:0 - json/format/rewards/min:-1 - length/rewards/mean:-0.42566162109374994 - length/rewards/var:0.10937736682295798 - length/rewards/max:0.0 - length/rewards/min:-1.0 - cot/length/mean:12.767578125 - cot/length/var:2.7135581970214844 - cot/length/max:19 - cot/length/min:7 - answer/length/mean:290.998046875 - answer/length/var:10692.572261810303 - answer/length/max:2028 - answer/length/min:63 - actor/entropy:0.2001246064901352 - actor/kl_loss:0.7304926204960793 - actor/kl_coef:0.0 - actor/pg_loss:-0.13714257173705846 - actor/pg_clipfrac:0.0 - actor/ppo_kl:0.0 - actor/pg_clipfrac_lower:0.0 - actor/grad_norm:5.304600715637207 - perf/mfu/actor:0.12423461678687683 - perf/max_memory_allocated_gb:62.74161672592163 - perf/max_memory_reserved_gb:88.076171875 - perf/cpu_memory_used_gb:79.80785751342773 - actor/lr:1e-06 - training/global_step:62 - training/epoch:0 - critic/score/mean:-0.7074280977249146 - critic/score/max:0.3855000138282776 - critic/score/min:-2.0 - critic/rewards/mean:-0.7074280977249146 - critic/rewards/max:0.3855000138282776 - critic/rewards/min:-2.0 - critic/advantages/mean:-0.04517894983291626 - critic/advantages/max:1.7758970260620117 - critic/advantages/min:-2.4681477546691895 - critic/returns/mean:-0.04517894983291626 - critic/returns/max:1.7758970260620117 - critic/returns/min:-2.4681477546691895 - response_length/mean:326.0859375 - response_length/max:2048.0 - response_length/min:82.0 - response_length/clip_ratio:0.00390625 - prompt_length/mean:945.921875 - prompt_length/max:2953.0 - prompt_length/min:439.0 - prompt_length/clip_ratio:0.0 - timing_s/start_profile:7.094989996403456e-06 - timing_s/generate_sequences:44.871185302734375 - timing_s/reshard:1.0403108596801758 - timing_s/gen:47.3753338130191 - timing_s/reward:504.1910083590192 - timing_s/old_log_prob:25.143925777985714 - timing_s/ref:16.055087275977712 - timing_s/adv:0.015036008029710501 - timing_s/update_actor:61.78351468400797 - timing_s/step:654.6376886370126 - timing_s/stop_profile:1.568399602547288e-05 - timing_per_token_ms/adv:2.308728208619263e-05 - timing_per_token_ms/update_actor:0.09486649840619832 - timing_per_token_ms/ref:0.024652043822171076 - timing_per_token_ms/gen:0.28375939656567656 - perf/total_num_tokens:651268 - perf/time_per_step:654.6376886370126 - perf/throughput:124.35657374004305
calculating InfoCover scores...
开始抓取覆盖率评估, 数量512, 并发数128
InfoCover scores calculated.
calculating Conciseness and Fluency scores...
开始抓取简洁性、流畅性评估, 数量512, 并发数512
Conciseness and Fluency scores calculated.
calculating format scores...
format scores calculated.
calculating length scores...
length scores calculated.
step:63 - global_seqlen/min:75320 - global_seqlen/max:117186 - global_seqlen/minmax_diff:41866 - global_seqlen/balanced_min:89161 - global_seqlen/balanced_max:89162 - global_seqlen/mean:89161.625 - cover/rewards/mean:0.44993527145017165 - cover/rewards/var:0.11940736842778658 - cover/rewards/max:1.0 - cover/rewards/min:0.0 - cf/rewards/mean:0.48926269531250005 - cf/rewards/var:0.10772151155757904 - cf/rewards/max:0.9275 - cf/rewards/min:0.0 - format/rewards/mean:-0.2578125 - format/rewards/var:0.19134521484375 - format/rewards/max:0.0 - format/rewards/min:-1.0 - json/format/rewards/mean:-0.322265625 - json/format/rewards/var:0.21841049194335938 - json/format/rewards/max:0 - json/format/rewards/min:-1 - length/rewards/mean:-0.4030810546875 - length/rewards/var:0.1215752238988876 - length/rewards/max:0.0 - length/rewards/min:-1.0 - cot/length/mean:12.056640625 - cot/length/var:5.537807464599609 - cot/length/max:18 - cot/length/min:6 - answer/length/mean:284.408203125 - answer/length/var:18972.28454208374 - answer/length/max:2029 - answer/length/min:53 - actor/entropy:0.20507830381393433 - actor/kl_loss:0.8166671330109239 - actor/kl_coef:0.0 - actor/pg_loss:0.1540354749886319 - actor/pg_clipfrac:0.0 - actor/ppo_kl:0.0 - actor/pg_clipfrac_lower:0.0 - actor/grad_norm:6.899370193481445 - perf/mfu/actor:0.12409672517659226 - perf/max_memory_allocated_gb:62.74161672592163 - perf/max_memory_reserved_gb:88.076171875 - perf/cpu_memory_used_gb:79.81222915649414 - actor/lr:1e-06 - training/global_step:63 - training/epoch:0 - critic/score/mean:-0.7915279269218445 - critic/score/max:0.3409999907016754 - critic/score/min:-2.0 - critic/rewards/mean:-0.7915279269218445 - critic/rewards/max:0.3409999907016754 - critic/rewards/min:-2.0 - critic/advantages/mean:-0.06783797591924667 - critic/advantages/max:2.253871202468872 - critic/advantages/min:-2.458024263381958 - critic/returns/mean:-0.06783797591924667 - critic/returns/max:2.253871202468872 - critic/returns/min:-2.458024263381958 - response_length/mean:329.525390625 - response_length/max:2048.0 - response_length/min:72.0 - response_length/clip_ratio:0.0078125 - prompt_length/mean:1063.625 - prompt_length/max:3764.0 - prompt_length/min:469.0 - prompt_length/clip_ratio:0.0 - timing_s/start_profile:1.1257012374699116e-05 - timing_s/generate_sequences:33.86345291137695 - timing_s/reshard:1.8703171014785767 - timing_s/gen:50.4941549890209 - timing_s/reward:411.6808507440146 - timing_s/old_log_prob:27.50420494703576 - timing_s/ref:16.901487567985896 - timing_s/adv:0.014750451024156064 - timing_s/update_actor:68.07924297003774 - timing_s/step:574.7310467460193 - timing_s/stop_profile:2.1309824660420418e-06 - timing_per_token_ms/adv:2.067937162450222e-05 - timing_per_token_ms/update_actor:0.09544358765617739 - timing_per_token_ms/ref:0.023695013925533963 - timing_per_token_ms/gen:0.2992831486395615 - perf/total_num_tokens:713293 - perf/time_per_step:574.7310467460193 - perf/throughput:155.13625982937654
calculating InfoCover scores...
开始抓取覆盖率评估, 数量512, 并发数128
InfoCover scores calculated.
calculating Conciseness and Fluency scores...
开始抓取简洁性、流畅性评估, 数量512, 并发数512
Conciseness and Fluency scores calculated.
calculating format scores...
format scores calculated.
calculating length scores...
length scores calculated.
step:64 - global_seqlen/min:67922 - global_seqlen/max:119167 - global_seqlen/minmax_diff:51245 - global_seqlen/balanced_min:86305 - global_seqlen/balanced_max:86306 - global_seqlen/mean:86305.25 - cover/rewards/mean:0.49210043019796124 - cover/rewards/var:0.1037697006709774 - cover/rewards/max:1.0 - cover/rewards/min:0.0 - cf/rewards/mean:0.16684428710937502 - cf/rewards/var:0.07050379373811481 - cf/rewards/max:0.9275 - cf/rewards/min:0.0 - format/rewards/mean:-0.212890625 - format/rewards/var:0.16756820678710938 - format/rewards/max:0.0 - format/rewards/min:-1.0 - json/format/rewards/mean:-0.322265625 - json/format/rewards/var:0.21841049194335938 - json/format/rewards/max:0 - json/format/rewards/min:-1 - length/rewards/mean:-0.3999633789062499 - length/rewards/var:0.11292046069502831 - length/rewards/max:0.0 - length/rewards/min:-1.0 - cot/length/mean:12.962890625 - cot/length/var:5.465419769287109 - cot/length/max:22 - cot/length/min:6 - answer/length/mean:261.44140625 - answer/length/var:17513.21141052246 - answer/length/max:2029 - answer/length/min:55 - actor/entropy:0.1646943837404251 - actor/kl_loss:0.7350797660183161 - actor/kl_coef:0.0 - actor/pg_loss:-0.1259618725744076 - actor/pg_clipfrac:0.0 - actor/ppo_kl:0.0 - actor/pg_clipfrac_lower:0.0 - actor/grad_norm:8.095799446105957 - perf/mfu/actor:0.12795181302971131 - perf/max_memory_allocated_gb:62.74161672592163 - perf/max_memory_reserved_gb:88.076171875 - perf/cpu_memory_used_gb:79.79963302612305 - actor/lr:1e-06 - training/global_step:64 - training/epoch:0 - critic/score/mean:-0.770694375038147 - critic/score/max:0.27549999952316284 - critic/score/min:-2.0 - critic/rewards/mean:-0.770694375038147 - critic/rewards/max:0.27549999952316284 - critic/rewards/min:-2.0 - critic/advantages/mean:-0.07787556201219559 - critic/advantages/max:2.3316478729248047 - critic/advantages/min:-2.467907190322876 - critic/returns/mean:-0.07787556201219559 - critic/returns/max:2.3316478729248047 - critic/returns/min:-2.467907190322876 - response_length/mean:311.30078125 - response_length/max:2048.0 - response_length/min:74.0 - response_length/clip_ratio:0.009765625 - prompt_length/mean:1037.21875 - prompt_length/max:3509.0 - prompt_length/min:482.0 - prompt_length/clip_ratio:0.0 - timing_s/start_profile:4.868023097515106e-06 - timing_s/generate_sequences:47.46774673461914 - timing_s/reshard:2.22746205329895 - timing_s/gen:50.903809481998906 - timing_s/reward:484.3155515289982 - timing_s/old_log_prob:22.332854609005153 - timing_s/ref:16.25725191598758 - timing_s/adv:0.016219880955759436 - timing_s/update_actor:63.750027340021916 - timing_s/step:637.6365873420145 - timing_s/stop_profile:4.307017661631107e-06 - timing_per_token_ms/adv:2.3492025334147454e-05 - timing_per_token_ms/update_actor:0.09233219783851782 - timing_per_token_ms/ref:0.023546151473965344 - timing_per_token_ms/gen:0.31937440855532423 - perf/total_num_tokens:690442 - perf/time_per_step:637.6365873420145 - perf/throughput:135.35178456393646
calculating InfoCover scores...
开始抓取覆盖率评估, 数量512, 并发数128
InfoCover scores calculated.
calculating Conciseness and Fluency scores...
开始抓取简洁性、流畅性评估, 数量512, 并发数512
Conciseness and Fluency scores calculated.
calculating format scores...
format scores calculated.
calculating length scores...
length scores calculated.
local_global_step_folder: /root/paddlejob/workspace/env_run/output/SummarizeRL-RL-ckpt/global_step_65
step:65 - global_seqlen/min:72861 - global_seqlen/max:115351 - global_seqlen/minmax_diff:42490 - global_seqlen/balanced_min:94012 - global_seqlen/balanced_max:94013 - global_seqlen/mean:94012.25 - cover/rewards/mean:0.4336689162291339 - cover/rewards/var:0.10211762221329285 - cover/rewards/max:0.95 - cover/rewards/min:0.0 - cf/rewards/mean:0.3067880859375 - cf/rewards/var:0.10965887136196135 - cf/rewards/max:0.955 - cf/rewards/min:0.0 - format/rewards/mean:-0.283203125 - format/rewards/var:0.20299911499023438 - format/rewards/max:0.0 - format/rewards/min:-1.0 - json/format/rewards/mean:-0.34765625 - json/format/rewards/var:0.2267913818359375 - json/format/rewards/max:0 - json/format/rewards/min:-1 - length/rewards/mean:-0.37915283203125 - length/rewards/var:0.12026083931326867 - length/rewards/max:0.0 - length/rewards/min:-1.0 - cot/length/mean:13.76171875 - cot/length/var:33.47447204589844 - cot/length/max:135 - cot/length/min:6 - answer/length/mean:242.25390625 - answer/length/var:6302.126937866211 - answer/length/max:516 - answer/length/min:52 - actor/entropy:0.15424172580242157 - actor/kl_loss:0.7272685253992677 - actor/kl_coef:0.0 - actor/pg_loss:0.30694611673243344 - actor/pg_clipfrac:0.0 - actor/ppo_kl:0.0 - actor/pg_clipfrac_lower:0.0 - actor/grad_norm:11.305667877197266 - perf/mfu/actor:0.13577613045867615 - perf/max_memory_allocated_gb:62.74161672592163 - perf/max_memory_reserved_gb:88.076171875 - perf/cpu_memory_used_gb:79.85491943359375 - actor/lr:1e-06 - training/global_step:65 - training/epoch:0 - critic/score/mean:-0.8857712745666504 - critic/score/max:0.38083332777023315 - critic/score/min:-2.0 - critic/rewards/mean:-0.8857712745666504 - critic/rewards/max:0.38083332777023315 - critic/rewards/min:-2.0 - critic/advantages/mean:-0.10357438027858734 - critic/advantages/max:2.4748666286468506 - critic/advantages/min:-2.45357608795166 - critic/returns/mean:-0.10357438027858734 - critic/returns/max:2.4748666286468506 - critic/returns/min:-2.45357608795166 - response_length/mean:319.94140625 - response_length/max:2048.0 - response_length/min:88.0 - response_length/clip_ratio:0.013671875 - prompt_length/mean:1149.0 - prompt_length/max:3965.0 - prompt_length/min:466.0 - prompt_length/clip_ratio:0.0 - timing_s/start_profile:6.480026058852673e-06 - timing_s/generate_sequences:46.95918273925781 - timing_s/reshard:3.0209856033325195 - timing_s/gen:51.06386906799162 - timing_s/reward:396.404520738055 - timing_s/old_log_prob:26.99962688202504 - timing_s/ref:16.51186269900063 - timing_s/adv:0.012836436042562127 - timing_s/update_actor:65.75377142499201 - timing_s/save_checkpoint:46.16519434301881 - timing_s/step:602.972964163986 - timing_s/stop_profile:3.311957698315382e-06 - timing_per_token_ms/adv:1.7067504557334452e-05 - timing_per_token_ms/update_actor:0.08742713240161788 - timing_per_token_ms/ref:0.021954403148260773 - timing_per_token_ms/gen:0.31172620150168867 - perf/total_num_tokens:752098 - perf/time_per_step:602.972964163986 - perf/throughput:155.91453611912223
calculating InfoCover scores...
开始抓取覆盖率评估, 数量512, 并发数128
