swanlab: Tracking run with swanlab version 0.5.3
swanlab: Run data will be saved locally in /root/paddlejob/workspace/env_run/output/SummarizeRL/verl/swanlog/run-20251109_120423-81617f72
swanlab: 🌟 Run `swanlab watch /root/paddlejob/workspace/env_run/output/SummarizeRL/verl/swanlog` to view SwanLab Experiment Dashboard locally
Found checkpoint: %s /root/paddlejob/workspace/env_run/output/SummarizeRL-RL-ckpt/global_step_10
Load from checkpoint folder: /root/paddlejob/workspace/env_run/output/SummarizeRL-RL-ckpt/global_step_10
Setting global step to 10
Resuming from /root/paddlejob/workspace/env_run/output/SummarizeRL-RL-ckpt/global_step_10
calculating InfoCover scores...
开始抓取覆盖率评估, 数量512, 并发数128
InfoCover scores calculated.
calculating Conciseness and Fluency scores...
开始抓取简洁性、流畅性评估, 数量512, 并发数512
Conciseness and Fluency scores calculated.
calculating format scores...
format scores calculated.
calculating length scores...
length scores calculated.
step:11 - global_seqlen/min:67646 - global_seqlen/max:85924 - global_seqlen/minmax_diff:18278 - global_seqlen/balanced_min:77690 - global_seqlen/balanced_max:77691 - global_seqlen/mean:77690.125 - cover/rewards/mean:0.3209918232298737 - cover/rewards/var:0.06445197395472732 - cover/rewards/max:0.9 - cover/rewards/min:0.0 - cf/rewards/mean:0.4112957421875 - cf/rewards/var:0.13290694309007417 - cf/rewards/max:0.975 - cf/rewards/min:0.0 - format/rewards/mean:-0.171875 - format/rewards/var:0.142333984375 - format/rewards/max:0.0 - format/rewards/min:-1.0 - json/format/rewards/mean:-0.34765625 - json/format/rewards/var:0.2267913818359375 - json/format/rewards/max:0 - json/format/rewards/min:-1 - length/rewards/mean:-0.60104833984375 - length/rewards/var:0.2136637282540798 - length/rewards/max:0.0 - length/rewards/min:-1.0 - cot/length/mean:52.58203125 - cot/length/var:542.2393646240234 - cot/length/max:180 - cot/length/min:11 - answer/length/mean:261.537109375 - answer/length/var:86011.18221664429 - answer/length/max:1993 - answer/length/min:86 - actor/entropy:1.7734724283218384 - actor/kl_loss:0.030223752815800253 - actor/kl_coef:0.0 - actor/pg_loss:-0.05304503016668605 - actor/pg_clipfrac:0.0 - actor/ppo_kl:0.0 - actor/pg_clipfrac_lower:0.0 - actor/grad_norm:0.6967279314994812 - perf/mfu/actor:0.11745552640780502 - perf/max_memory_allocated_gb:59.84880065917969 - perf/max_memory_reserved_gb:77.197265625 - perf/cpu_memory_used_gb:79.72668838500977 - actor/lr:1e-06 - training/global_step:11 - training/epoch:0 - critic/score/mean:-0.9190513491630554 - critic/score/max:0.023399999365210533 - critic/score/min:-2.0 - critic/rewards/mean:-0.9190513491630554 - critic/rewards/max:0.023399999365210533 - critic/rewards/min:-2.0 - critic/advantages/mean:-0.35588976740837097 - critic/advantages/max:2.0733227729797363 - critic/advantages/min:-2.459277391433716 - critic/returns/mean:-0.35588976740837097 - critic/returns/max:2.0733227729797363 - critic/returns/min:-2.459277391433716 - response_length/mean:342.845703125 - response_length/max:2048.0 - response_length/min:125.0 - response_length/clip_ratio:0.013671875 - prompt_length/mean:871.0625 - prompt_length/max:2466.0 - prompt_length/min:436.0 - prompt_length/clip_ratio:0.0 - timing_s/start_profile:2.7444970328360796e-05 - timing_s/generate_sequences:51.917144775390625 - timing_s/reshard:3.906252145767212 - timing_s/gen:62.73940989503171 - timing_s/reward:481.98628013802227 - timing_s/old_log_prob:26.715824870974757 - timing_s/ref:31.518269359017722 - timing_s/adv:0.02808964700670913 - timing_s/update_actor:62.256676308985334 - timing_s/step:665.3039749650052 - timing_s/stop_profile:8.702976629137993e-06 - timing_per_token_ms/adv:4.5195008707202375e-05 - timing_per_token_ms/gen:0.3574141627977675 - timing_per_token_ms/update_actor:0.10016825868954603 - timing_per_token_ms/ref:0.05071151153222131 - perf/total_num_tokens:621521 - perf/time_per_step:665.3039749650052 - perf/throughput:116.77387769115084
calculating InfoCover scores...
开始抓取覆盖率评估, 数量512, 并发数128
InfoCover scores calculated.
calculating Conciseness and Fluency scores...
开始抓取简洁性、流畅性评估, 数量512, 并发数512
Conciseness and Fluency scores calculated.
calculating format scores...
format scores calculated.
calculating length scores...
length scores calculated.
step:12 - global_seqlen/min:70541 - global_seqlen/max:112672 - global_seqlen/minmax_diff:42131 - global_seqlen/balanced_min:85232 - global_seqlen/balanced_max:85814 - global_seqlen/mean:85305.625 - cover/rewards/mean:0.3771915475049602 - cover/rewards/var:0.04448149108490611 - cover/rewards/max:0.86 - cover/rewards/min:0.0 - cf/rewards/mean:0.1819928125 - cf/rewards/var:0.08058110268740235 - cf/rewards/max:0.96 - cf/rewards/min:0.0 - format/rewards/mean:-0.09375 - format/rewards/var:0.0849609375 - format/rewards/max:0.0 - format/rewards/min:-1.0 - json/format/rewards/mean:-0.2578125 - json/format/rewards/var:0.19134521484375 - json/format/rewards/max:0 - json/format/rewards/min:-1 - length/rewards/mean:-0.68137744140625 - length/rewards/var:0.17775893285536765 - length/rewards/max:0.0 - length/rewards/min:-1.0 - cot/length/mean:50.861328125 - cot/length/var:409.412410736084 - cot/length/max:132 - cot/length/min:15 - answer/length/mean:203.244140625 - answer/length/var:27701.422817230225 - answer/length/max:1948 - answer/length/min:84 - actor/entropy:1.156970739364624 - actor/kl_loss:0.02850046545790974 - actor/kl_coef:0.0 - actor/pg_loss:0.1432072509196587 - actor/pg_clipfrac:0.0 - actor/ppo_kl:0.0 - actor/pg_clipfrac_lower:0.0 - actor/grad_norm:0.6417397856712341 - perf/mfu/actor:0.12151350243292725 - perf/max_memory_allocated_gb:62.90532636642456 - perf/max_memory_reserved_gb:80.17578125 - perf/cpu_memory_used_gb:80.28331756591797 - actor/lr:1e-06 - training/global_step:12 - training/epoch:0 - critic/score/mean:-0.799103319644928 - critic/score/max:-0.011857142671942711 - critic/score/min:-2.0 - critic/rewards/mean:-0.799103319644928 - critic/rewards/max:-0.011857142671942711 - critic/rewards/min:-2.0 - critic/advantages/mean:-0.1654207557439804 - critic/advantages/max:2.3904263973236084 - critic/advantages/min:-2.4379756450653076 - critic/returns/mean:-0.1654207557439804 - critic/returns/max:2.3904263973236084 - critic/returns/min:-2.4379756450653076 - response_length/mean:267.009765625 - response_length/max:2048.0 - response_length/min:126.0 - response_length/clip_ratio:0.001953125 - prompt_length/mean:1065.890625 - prompt_length/max:3831.0 - prompt_length/min:458.0 - prompt_length/clip_ratio:0.0 - timing_s/start_profile:1.3626995496451855e-05 - timing_s/generate_sequences:39.212310791015625 - timing_s/reshard:1.5455584526062012 - timing_s/gen:46.97677333699539 - timing_s/reward:487.4153644879698 - timing_s/old_log_prob:28.908985226007644 - timing_s/ref:16.01005622901721 - timing_s/adv:0.023587300966028124 - timing_s/update_actor:66.47739496198483 - timing_s/step:645.8761273339624 - timing_s/stop_profile:2.0942999981343746e-05 - timing_per_token_ms/adv:3.456293322689466e-05 - timing_per_token_ms/gen:0.34362604756815857 - timing_per_token_ms/update_actor:0.09741062644166903 - timing_per_token_ms/ref:0.023459848381946105 - perf/total_num_tokens:682445 - perf/time_per_step:645.8761273339624 - perf/throughput:132.07737736355617
calculating InfoCover scores...
开始抓取覆盖率评估, 数量512, 并发数128
InfoCover scores calculated.
calculating Conciseness and Fluency scores...
开始抓取简洁性、流畅性评估, 数量512, 并发数512
Conciseness and Fluency scores calculated.
calculating format scores...
format scores calculated.
calculating length scores...
length scores calculated.
step:13 - global_seqlen/min:62668 - global_seqlen/max:110078 - global_seqlen/minmax_diff:47410 - global_seqlen/balanced_min:85683 - global_seqlen/balanced_max:85684 - global_seqlen/mean:85683.625 - cover/rewards/mean:0.3303419634944306 - cover/rewards/var:0.051275895738723126 - cover/rewards/max:0.8575 - cover/rewards/min:0.0 - cf/rewards/mean:0.156343408203125 - cf/rewards/var:0.06790375378101111 - cf/rewards/max:0.975 - cf/rewards/min:0.0 - format/rewards/mean:-0.123046875 - format/rewards/var:0.10790634155273438 - format/rewards/max:0.0 - format/rewards/min:-1.0 - json/format/rewards/mean:-0.30078125 - json/format/rewards/var:0.2103118896484375 - json/format/rewards/max:0 - json/format/rewards/min:-1 - length/rewards/mean:-0.6448662109375001 - length/rewards/var:0.19882003483486171 - length/rewards/max:0.0 - length/rewards/min:-1.0 - cot/length/mean:48.126953125 - cot/length/var:350.22802352905273 - cot/length/max:131 - cot/length/min:16 - answer/length/mean:211.109375 - answer/length/var:36656.925537109375 - answer/length/max:1986 - answer/length/min:0 - actor/entropy:1.346777081489563 - actor/kl_loss:0.04173550983250607 - actor/kl_coef:0.0 - actor/pg_loss:0.0256976633972954 - actor/pg_clipfrac:0.0 - actor/ppo_kl:0.0 - actor/pg_clipfrac_lower:0.0 - actor/grad_norm:0.6746432185173035 - perf/mfu/actor:0.1273529769107533 - perf/max_memory_allocated_gb:62.90532636642456 - perf/max_memory_reserved_gb:80.17578125 - perf/cpu_memory_used_gb:80.32986068725586 - actor/lr:1e-06 - training/global_step:13 - training/epoch:0 - critic/score/mean:-0.8824197053909302 - critic/score/max:-0.05225000157952309 - critic/score/min:-2.0 - critic/rewards/mean:-0.8824197053909302 - critic/rewards/max:-0.05225000157952309 - critic/rewards/min:-2.0 - critic/advantages/mean:-0.2662610411643982 - critic/advantages/max:2.3960134983062744 - critic/advantages/min:-2.453214168548584 - critic/returns/mean:-0.2662610411643982 - critic/returns/max:2.3960134983062744 - critic/returns/min:-2.453214168548584 - response_length/mean:280.681640625 - response_length/max:2048.0 - response_length/min:29.0 - response_length/clip_ratio:0.00390625 - prompt_length/mean:1058.125 - prompt_length/max:3162.0 - prompt_length/min:474.0 - prompt_length/clip_ratio:0.0 - timing_s/start_profile:6.043002940714359e-06 - timing_s/generate_sequences:39.900054931640625 - timing_s/reshard:1.0369166135787964 - timing_s/gen:48.53929940296803 - timing_s/reward:491.3126762409811 - timing_s/old_log_prob:26.158996026962996 - timing_s/ref:15.282451580045745 - timing_s/adv:0.013229118019808084 - timing_s/update_actor:63.57185924705118 - timing_s/step:644.9206972990069 - timing_s/stop_profile:3.2460084185004234e-06 - timing_per_token_ms/adv:1.9299367323406432e-05 - timing_per_token_ms/gen:0.3377610268178613 - timing_per_token_ms/update_actor:0.09274213603686116 - timing_per_token_ms/ref:0.02229488361989491 - perf/total_num_tokens:685469 - perf/time_per_step:644.9206972990069 - perf/throughput:132.85916448154276
calculating InfoCover scores...
开始抓取覆盖率评估, 数量512, 并发数128
InfoCover scores calculated.
calculating Conciseness and Fluency scores...
开始抓取简洁性、流畅性评估, 数量512, 并发数512
Conciseness and Fluency scores calculated.
calculating format scores...
format scores calculated.
calculating length scores...
length scores calculated.
step:14 - global_seqlen/min:60574 - global_seqlen/max:129353 - global_seqlen/minmax_diff:68779 - global_seqlen/balanced_min:89358 - global_seqlen/balanced_max:89359 - global_seqlen/mean:89358.125 - cover/rewards/mean:0.35904677985094874 - cover/rewards/var:0.04363656745360592 - cover/rewards/max:0.85625 - cover/rewards/min:0.0 - cf/rewards/mean:0.2384962890625 - cf/rewards/var:0.10378617462490083 - cf/rewards/max:1.0 - cf/rewards/min:0.0 - format/rewards/mean:-0.11328125 - format/rewards/var:0.1004486083984375 - format/rewards/max:0.0 - format/rewards/min:-1.0 - json/format/rewards/mean:-0.27734375 - json/format/rewards/var:0.2004241943359375 - json/format/rewards/max:0 - json/format/rewards/min:-1 - length/rewards/mean:-0.6639106445312499 - length/rewards/var:0.192019866161108 - length/rewards/max:0.0 - length/rewards/min:-1.0 - cot/length/mean:65.46484375 - cot/length/var:36521.522201538086 - cot/length/max:2049 - cot/length/min:13 - answer/length/mean:208.951171875 - answer/length/var:52290.56988143921 - answer/length/max:2049 - answer/length/min:87 - actor/entropy:1.43000328540802 - actor/kl_loss:0.04813407950132387 - actor/kl_coef:0.0 - actor/pg_loss:0.14940353059500922 - actor/pg_clipfrac:0.0 - actor/ppo_kl:0.0 - actor/pg_clipfrac_lower:0.0 - actor/grad_norm:0.7370849251747131 - perf/mfu/actor:0.12344141626520509 - perf/max_memory_allocated_gb:63.334275245666504 - perf/max_memory_reserved_gb:82.513671875 - perf/cpu_memory_used_gb:80.54954147338867 - actor/lr:1e-06 - training/global_step:14 - training/epoch:0 - critic/score/mean:-0.8379007577896118 - critic/score/max:0.04749999940395355 - critic/score/min:-2.0 - critic/rewards/mean:-0.8379007577896118 - critic/rewards/max:0.04749999940395355 - critic/rewards/min:-2.0 - critic/advantages/mean:-0.14323115348815918 - critic/advantages/max:2.1998846530914307 - critic/advantages/min:-2.4478702545166016 - critic/returns/mean:-0.14323115348815918 - critic/returns/max:2.1998846530914307 - critic/returns/min:-2.4478702545166016 - response_length/mean:277.205078125 - response_length/max:2048.0 - response_length/min:114.0 - response_length/clip_ratio:0.009765625 - prompt_length/mean:1119.015625 - prompt_length/max:4096.0 - prompt_length/min:477.0 - prompt_length/clip_ratio:0.015625 - timing_s/start_profile:6.270012818276882e-06 - timing_s/generate_sequences:45.65253829956055 - timing_s/reshard:1.1434285640716553 - timing_s/gen:47.94648794998648 - timing_s/reward:479.2732526680338 - timing_s/old_log_prob:29.726934273028746 - timing_s/ref:16.917217281006742 - timing_s/adv:0.013760322006419301 - timing_s/update_actor:69.0794442340266 - timing_s/step:643.039633553999 - timing_s/stop_profile:4.3219770304858685e-06 - timing_per_token_ms/adv:1.9248839999747226e-05 - timing_per_token_ms/gen:0.3378202337083082 - timing_per_token_ms/update_actor:0.09663285268411043 - timing_per_token_ms/ref:0.023664911949818138 - perf/total_num_tokens:714865 - perf/time_per_step:643.039633553999 - perf/throughput:138.96207999828704
calculating InfoCover scores...
开始抓取覆盖率评估, 数量512, 并发数128
InfoCover scores calculated.
calculating Conciseness and Fluency scores...
开始抓取简洁性、流畅性评估, 数量512, 并发数512
Conciseness and Fluency scores calculated.
calculating format scores...
format scores calculated.
calculating length scores...
length scores calculated.
local_global_step_folder: /root/paddlejob/workspace/env_run/output/SummarizeRL-RL-ckpt/global_step_15
step:15 - global_seqlen/min:64795 - global_seqlen/max:103413 - global_seqlen/minmax_diff:38618 - global_seqlen/balanced_min:85179 - global_seqlen/balanced_max:85180 - global_seqlen/mean:85179.625 - cover/rewards/mean:0.33395593439590743 - cover/rewards/var:0.04864870018737076 - cover/rewards/max:0.915 - cover/rewards/min:0.0 - cf/rewards/mean:0.16897617187500003 - cf/rewards/var:0.07539698135604858 - cf/rewards/max:0.9725 - cf/rewards/min:0.0 - format/rewards/mean:-0.083984375 - format/rewards/var:0.07693099975585938 - format/rewards/max:0.0 - format/rewards/min:-1.0 - json/format/rewards/mean:-0.2734375 - json/format/rewards/var:0.19866943359375 - json/format/rewards/max:0 - json/format/rewards/min:-1 - length/rewards/mean:-0.67364501953125 - length/rewards/var:0.18780551571249965 - length/rewards/max:0.0 - length/rewards/min:-1.0 - cot/length/mean:44.734375 - cot/length/var:603.734130859375 - cot/length/max:303 - cot/length/min:14 - answer/length/mean:195.16796875 - answer/length/var:38893.21788024902 - answer/length/max:1993 - answer/length/min:9 - actor/entropy:1.0972267389297485 - actor/kl_loss:0.05160795836127363 - actor/kl_coef:0.0 - actor/pg_loss:0.17678140959469602 - actor/pg_clipfrac:0.0 - actor/ppo_kl:0.0 - actor/pg_clipfrac_lower:0.0 - actor/grad_norm:0.5966600179672241 - perf/mfu/actor:0.12070685511199698 - perf/max_memory_allocated_gb:63.334275245666504 - perf/max_memory_reserved_gb:82.513671875 - perf/cpu_memory_used_gb:80.38352584838867 - actor/lr:1e-06 - training/global_step:15 - training/epoch:0 - critic/score/mean:-0.8237879872322083 - critic/score/max:0.004749999847263098 - critic/score/min:-2.0 - critic/rewards/mean:-0.8237879872322083 - critic/rewards/max:0.004749999847263098 - critic/rewards/min:-2.0 - critic/advantages/mean:-0.216363325715065 - critic/advantages/max:2.3179876804351807 - critic/advantages/min:-2.452838897705078 - critic/returns/mean:-0.216363325715065 - critic/returns/max:2.3179876804351807 - critic/returns/min:-2.452838897705078 - response_length/mean:253.775390625 - response_length/max:2048.0 - response_length/min:124.0 - response_length/clip_ratio:0.0078125 - prompt_length/mean:1077.15625 - prompt_length/max:4096.0 - prompt_length/min:456.0 - prompt_length/clip_ratio:0.015625 - timing_s/start_profile:6.32100272923708e-06 - timing_s/generate_sequences:45.806190490722656 - timing_s/reshard:1.277938961982727 - timing_s/gen:48.483341706043575 - timing_s/reward:493.6790736679686 - timing_s/old_log_prob:30.147543943021446 - timing_s/ref:16.368586325028446 - timing_s/adv:0.02095380099490285 - timing_s/update_actor:66.95069627504563 - timing_s/save_checkpoint:47.235401434998494 - timing_s/step:702.937989611004 - timing_s/stop_profile:4.469999112188816e-06 - timing_per_token_ms/adv:3.0749432441888024e-05 - timing_per_token_ms/gen:0.3731410935331561 - timing_per_token_ms/update_actor:0.09824928243556723 - timing_per_token_ms/ref:0.024020689109966797 - perf/total_num_tokens:681437 - perf/time_per_step:702.937989611004 - perf/throughput:121.17658493196136
calculating InfoCover scores...
开始抓取覆盖率评估, 数量512, 并发数128
InfoCover scores calculated.
calculating Conciseness and Fluency scores...
开始抓取简洁性、流畅性评估, 数量512, 并发数512
Conciseness and Fluency scores calculated.
calculating format scores...
format scores calculated.
calculating length scores...
length scores calculated.
step:16 - global_seqlen/min:63499 - global_seqlen/max:101012 - global_seqlen/minmax_diff:37513 - global_seqlen/balanced_min:82723 - global_seqlen/balanced_max:82724 - global_seqlen/mean:82723.375 - cover/rewards/mean:0.3561331094816229 - cover/rewards/var:0.04032237980125856 - cover/rewards/max:0.8071428571428572 - cover/rewards/min:0.0 - cf/rewards/mean:0.17435888671875 - cf/rewards/var:0.08020736313879967 - cf/rewards/max:0.96 - cf/rewards/min:0.0 - format/rewards/mean:-0.103515625 - format/rewards/var:0.09280014038085938 - format/rewards/max:0.0 - format/rewards/min:-1.0 - json/format/rewards/mean:-0.2578125 - json/format/rewards/var:0.19134521484375 - json/format/rewards/max:0 - json/format/rewards/min:-1 - length/rewards/mean:-0.6835083007812499 - length/rewards/var:0.18628519853949543 - length/rewards/max:0.0 - length/rewards/min:-1.0 - cot/length/mean:42.83203125 - cot/length/var:378.76084899902344 - cot/length/max:234 - cot/length/min:13 - answer/length/mean:189.064453125 - answer/length/var:29501.388423919678 - answer/length/max:1995 - answer/length/min:86 - actor/entropy:1.221268653869629 - actor/kl_loss:0.04899883510370273 - actor/kl_coef:0.0 - actor/pg_loss:-0.115391417130013 - actor/pg_clipfrac:0.0 - actor/ppo_kl:0.0 - actor/pg_clipfrac_lower:0.0 - actor/grad_norm:0.6837561726570129 - perf/mfu/actor:0.1256162318881626 - perf/max_memory_allocated_gb:63.334275245666504 - perf/max_memory_reserved_gb:86.529296875 - perf/cpu_memory_used_gb:80.69436264038086 - actor/lr:1e-06 - training/global_step:16 - training/epoch:0 - critic/score/mean:-0.8306249976158142 - critic/score/max:0.13875000178813934 - critic/score/min:-2.0 - critic/rewards/mean:-0.8306249976158142 - critic/rewards/max:0.13875000178813934 - critic/rewards/min:-2.0 - critic/advantages/mean:-0.18809974193572998 - critic/advantages/max:2.102748155593872 - critic/advantages/min:-2.4579367637634277 - critic/returns/mean:-0.18809974193572998 - critic/returns/max:2.102748155593872 - critic/returns/min:-2.4579367637634277 - response_length/mean:256.927734375 - response_length/max:2048.0 - response_length/min:135.0 - response_length/clip_ratio:0.009765625 - prompt_length/mean:1035.625 - prompt_length/max:4096.0 - prompt_length/min:472.0 - prompt_length/clip_ratio:0.015625 - timing_s/start_profile:5.998997949063778e-06 - timing_s/generate_sequences:52.753196716308594 - timing_s/reshard:8.10168743133545 - timing_s/gen:62.37095695902826 - timing_s/reward:494.95277359196916 - timing_s/old_log_prob:27.279109588998836 - timing_s/ref:15.090796302014496 - timing_s/adv:0.012799946998711675 - timing_s/update_actor:62.18466422095662 - timing_s/step:661.9413484240067 - timing_s/stop_profile:5.110050551593304e-06 - timing_per_token_ms/adv:1.9341490538060848e-05 - timing_per_token_ms/gen:0.474134392719167 - timing_per_token_ms/update_actor:0.09396477147625538 - timing_per_token_ms/ref:0.02280310175632718 - perf/total_num_tokens:661787 - perf/time_per_step:661.9413484240067 - perf/throughput:124.97085307777377
calculating InfoCover scores...
开始抓取覆盖率评估, 数量512, 并发数128
InfoCover scores calculated.
calculating Conciseness and Fluency scores...
开始抓取简洁性、流畅性评估, 数量512, 并发数512
Conciseness and Fluency scores calculated.
calculating format scores...
format scores calculated.
calculating length scores...
length scores calculated.
step:17 - global_seqlen/min:69206 - global_seqlen/max:82692 - global_seqlen/minmax_diff:13486 - global_seqlen/balanced_min:77915 - global_seqlen/balanced_max:78661 - global_seqlen/mean:78009.5 - cover/rewards/mean:0.3564024952637792 - cover/rewards/var:0.040218375951304744 - cover/rewards/max:0.8685714285714285 - cover/rewards/min:0.0 - cf/rewards/mean:0.21331181640625002 - cf/rewards/var:0.09937666554884911 - cf/rewards/max:1.0 - cf/rewards/min:0.0 - format/rewards/mean:-0.03515625 - format/rewards/var:0.0339202880859375 - format/rewards/max:0.0 - format/rewards/min:-1.0 - json/format/rewards/mean:-0.185546875 - json/format/rewards/var:0.15111923217773438 - json/format/rewards/max:0 - json/format/rewards/min:-1 - length/rewards/mean:-0.76363037109375 - length/rewards/var:0.1383981149613857 - length/rewards/max:0.0 - length/rewards/min:-1.0 - cot/length/mean:36.533203125 - cot/length/var:180.47155380249023 - cot/length/max:100 - cot/length/min:14 - answer/length/mean:167.80078125 - answer/length/var:15097.905624389648 - answer/length/max:2018 - answer/length/min:83 - actor/entropy:0.7729533910751343 - actor/kl_loss:0.07555535205756314 - actor/kl_coef:0.0 - actor/pg_loss:-0.08779748296365142 - actor/pg_clipfrac:0.0 - actor/ppo_kl:0.0 - actor/pg_clipfrac_lower:0.0 - actor/grad_norm:0.7060528993606567 - perf/mfu/actor:0.12581169961511743 - perf/max_memory_allocated_gb:63.334275245666504 - perf/max_memory_reserved_gb:86.529296875 - perf/cpu_memory_used_gb:80.1828384399414 - actor/lr:1e-06 - training/global_step:17 - training/epoch:0 - critic/score/mean:-0.7164725661277771 - critic/score/max:-0.0328500010073185 - critic/score/min:-2.0 - critic/rewards/mean:-0.7164725661277771 - critic/rewards/max:-0.0328500010073185 - critic/rewards/min:-2.0 - critic/advantages/mean:-0.11460300534963608 - critic/advantages/max:2.40913724899292 - critic/advantages/min:-2.433607339859009 - critic/returns/mean:-0.11460300534963608 - critic/returns/max:2.40913724899292 - critic/returns/min:-2.433607339859009 - response_length/mean:214.3671875 - response_length/max:2048.0 - response_length/min:119.0 - response_length/clip_ratio:0.001953125 - prompt_length/mean:1004.53125 - prompt_length/max:2657.0 - prompt_length/min:466.0 - prompt_length/clip_ratio:0.0 - timing_s/start_profile:5.5889831855893135e-06 - timing_s/generate_sequences:29.976377487182617 - timing_s/reshard:1.4858094453811646 - timing_s/gen:47.78133834898472 - timing_s/reward:483.5104108270025 - timing_s/old_log_prob:24.969983007002156 - timing_s/ref:14.441674691974185 - timing_s/adv:0.022074129024986178 - timing_s/update_actor:58.24254521197872 - timing_s/step:629.0318969009677 - timing_s/stop_profile:5.762965884059668e-06 - timing_per_token_ms/adv:3.53708987767294e-05 - timing_per_token_ms/gen:0.4353414697053894 - timing_per_token_ms/update_actor:0.09332604556492914 - timing_per_token_ms/ref:0.023140891000413708 - perf/total_num_tokens:624076 - perf/time_per_step:629.0318969009677 - perf/throughput:124.01517376833675
calculating InfoCover scores...
开始抓取覆盖率评估, 数量512, 并发数128
InfoCover scores calculated.
calculating Conciseness and Fluency scores...
开始抓取简洁性、流畅性评估, 数量512, 并发数512
Conciseness and Fluency scores calculated.
calculating format scores...
format scores calculated.
calculating length scores...
length scores calculated.
step:18 - global_seqlen/min:66345 - global_seqlen/max:105855 - global_seqlen/minmax_diff:39510 - global_seqlen/balanced_min:86653 - global_seqlen/balanced_max:86654 - global_seqlen/mean:86653.375 - cover/rewards/mean:0.3199764165777911 - cover/rewards/var:0.04662366118815919 - cover/rewards/max:0.96875 - cover/rewards/min:0.0 - cf/rewards/mean:0.18528798828124998 - cf/rewards/var:0.08586943070044517 - cf/rewards/max:1.0 - cf/rewards/min:0.0 - format/rewards/mean:-0.052734375 - format/rewards/var:0.049953460693359375 - format/rewards/max:0.0 - format/rewards/min:-1.0 - json/format/rewards/mean:-0.125 - json/format/rewards/var:0.109375 - json/format/rewards/max:0 - json/format/rewards/min:-1 - length/rewards/mean:-0.82603759765625 - length/rewards/var:0.10912088078856469 - length/rewards/max:0.0 - length/rewards/min:-1.0 - cot/length/mean:31.09765625 - cot/length/var:114.24046325683594 - cot/length/max:76 - cot/length/min:14 - answer/length/mean:151.998046875 - answer/length/var:10771.087886810303 - answer/length/max:2019 - answer/length/min:78 - actor/entropy:0.7228490114212036 - actor/kl_loss:0.09103337180567905 - actor/kl_coef:0.0 - actor/pg_loss:0.020673476974479854 - actor/pg_clipfrac:0.0 - actor/ppo_kl:0.0 - actor/pg_clipfrac_lower:0.0 - actor/grad_norm:0.84874027967453 - perf/mfu/actor:0.12968120052568663 - perf/max_memory_allocated_gb:63.334275245666504 - perf/max_memory_reserved_gb:86.529296875 - perf/cpu_memory_used_gb:80.36881256103516 - actor/lr:1e-06 - training/global_step:18 - training/epoch:0 - critic/score/mean:-0.761506199836731 - critic/score/max:-0.13224999606609344 - critic/score/min:-2.0 - critic/rewards/mean:-0.761506199836731 - critic/rewards/max:-0.13224999606609344 - critic/rewards/min:-2.0 - critic/advantages/mean:-0.09052128344774246 - critic/advantages/max:2.399857759475708 - critic/advantages/min:-2.462744951248169 - critic/returns/mean:-0.09052128344774246 - critic/returns/max:2.399857759475708 - critic/returns/min:-2.462744951248169 - response_length/mean:192.724609375 - response_length/max:2048.0 - response_length/min:113.0 - response_length/clip_ratio:0.001953125 - prompt_length/mean:1161.234375 - prompt_length/max:3714.0 - prompt_length/min:482.0 - prompt_length/clip_ratio:0.0 - timing_s/start_profile:7.102033123373985e-06 - timing_s/generate_sequences:33.53325653076172 - timing_s/reshard:1.1733207702636719 - timing_s/gen:44.34804605698446 - timing_s/reward:479.88433929299936 - timing_s/old_log_prob:27.309879478008952 - timing_s/ref:15.743438038975 - timing_s/adv:0.014108276984188706 - timing_s/update_actor:63.37539181904867 - timing_s/step:630.7342583239661 - timing_s/stop_profile:2.7909991331398487e-06 - timing_per_token_ms/adv:2.0351597650104087e-05 - timing_per_token_ms/gen:0.4494354806889735 - timing_per_token_ms/update_actor:0.0914208359152899 - timing_per_token_ms/ref:0.022710364770811006 - perf/total_num_tokens:693227 - perf/time_per_step:630.7342583239661 - perf/throughput:137.38491901527877
calculating InfoCover scores...
开始抓取覆盖率评估, 数量512, 并发数128
InfoCover scores calculated.
calculating Conciseness and Fluency scores...
开始抓取简洁性、流畅性评估, 数量512, 并发数512
Conciseness and Fluency scores calculated.
calculating format scores...
format scores calculated.
calculating length scores...
length scores calculated.
step:19 - global_seqlen/min:57966 - global_seqlen/max:102630 - global_seqlen/minmax_diff:44664 - global_seqlen/balanced_min:82572 - global_seqlen/balanced_max:83022 - global_seqlen/mean:82628.5 - cover/rewards/mean:0.3112309952945051 - cover/rewards/var:0.05087481552763656 - cover/rewards/max:0.89 - cover/rewards/min:0.0 - cf/rewards/mean:0.16124349609375 - cf/rewards/var:0.07431137927391016 - cf/rewards/max:0.9585 - cf/rewards/min:0.0 - format/rewards/mean:-0.0703125 - format/rewards/var:0.06536865234375 - format/rewards/max:0.0 - format/rewards/min:-1.0 - json/format/rewards/mean:-0.125 - json/format/rewards/var:0.109375 - json/format/rewards/max:0 - json/format/rewards/min:-1 - length/rewards/mean:-0.7994921875 - length/rewards/var:0.12469399871826171 - length/rewards/max:0.0 - length/rewards/min:-1.0 - cot/length/mean:33.1796875 - cot/length/var:8792.651306152344 - cot/length/max:2043 - cot/length/min:12 - answer/length/mean:150.232421875 - answer/length/var:9900.127620697021 - answer/length/max:2043 - answer/length/min:86 - actor/entropy:0.8908547759056091 - actor/kl_loss:0.1131198299699463 - actor/kl_coef:0.0 - actor/pg_loss:0.14105516416020691 - actor/pg_clipfrac:0.0 - actor/ppo_kl:0.0 - actor/pg_clipfrac_lower:0.0 - actor/grad_norm:0.8159904479980469 - perf/mfu/actor:0.1206984331699137 - perf/max_memory_allocated_gb:63.334275245666504 - perf/max_memory_reserved_gb:86.529296875 - perf/cpu_memory_used_gb:80.43977737426758 - actor/lr:1e-06 - training/global_step:19 - training/epoch:0 - critic/score/mean:-0.7894577383995056 - critic/score/max:0.14955000579357147 - critic/score/min:-2.0 - critic/rewards/mean:-0.7894577383995056 - critic/rewards/max:0.14955000579357147 - critic/rewards/min:-2.0 - critic/advantages/mean:-0.048023808747529984 - critic/advantages/max:2.214359998703003 - critic/advantages/min:-2.4704501628875732 - critic/returns/mean:-0.048023808747529984 - critic/returns/max:2.214359998703003 - critic/returns/min:-2.4704501628875732 - response_length/mean:193.9296875 - response_length/max:2048.0 - response_length/min:111.0 - response_length/clip_ratio:0.001953125 - prompt_length/mean:1097.140625 - prompt_length/max:4096.0 - prompt_length/min:478.0 - prompt_length/clip_ratio:0.03125 - timing_s/start_profile:5.376990884542465e-06 - timing_s/generate_sequences:27.810991287231445 - timing_s/reshard:1.3915629386901855 - timing_s/gen:45.40529783902457 - timing_s/reward:442.66569383098977 - timing_s/old_log_prob:26.907587475026958 - timing_s/ref:16.00015539099695 - timing_s/adv:0.014539897034410387 - timing_s/update_actor:65.00459770398447 - timing_s/step:596.0504727279767 - timing_s/stop_profile:5.479960236698389e-06 - timing_per_token_ms/adv:2.1995886761847287e-05 - timing_per_token_ms/gen:0.4572905958085704 - timing_per_token_ms/update_actor:0.09833864481381194 - timing_per_token_ms/ref:0.024204958626558862 - perf/total_num_tokens:661028 - perf/time_per_step:596.0504727279767 - perf/throughput:138.62668310928373
calculating InfoCover scores...
开始抓取覆盖率评估, 数量512, 并发数128
InfoCover scores calculated.
calculating Conciseness and Fluency scores...
开始抓取简洁性、流畅性评估, 数量512, 并发数512
Conciseness and Fluency scores calculated.
calculating format scores...
format scores calculated.
calculating length scores...
length scores calculated.
local_global_step_folder: /root/paddlejob/workspace/env_run/output/SummarizeRL-RL-ckpt/global_step_20
step:20 - global_seqlen/min:58942 - global_seqlen/max:95354 - global_seqlen/minmax_diff:36412 - global_seqlen/balanced_min:74806 - global_seqlen/balanced_max:74807 - global_seqlen/mean:74806.75 - cover/rewards/mean:0.322296906478593 - cover/rewards/var:0.04431360217834143 - cover/rewards/max:0.6925 - cover/rewards/min:0.0 - cf/rewards/mean:0.288421875 - cf/rewards/var:0.09736571475585937 - cf/rewards/max:0.975 - cf/rewards/min:0.0 - format/rewards/mean:-0.02734375 - format/rewards/var:0.0265960693359375 - format/rewards/max:0.0 - format/rewards/min:-1.0 - json/format/rewards/mean:-0.087890625 - json/format/rewards/var:0.08016586303710938 - json/format/rewards/max:0 - json/format/rewards/min:-1 - length/rewards/mean:-0.8561279296875 - length/rewards/var:0.08094627416133882 - length/rewards/max:0.0 - length/rewards/min:-1.0 - cot/length/mean:24.822265625 - cot/length/var:49.36489486694336 - cot/length/max:53 - cot/length/min:11 - answer/length/mean:140.388671875 - answer/length/var:2175.061824798584 - answer/length/max:631 - answer/length/min:73 - actor/entropy:0.6233019232749939 - actor/kl_loss:0.1301158707938157 - actor/kl_coef:0.0 - actor/pg_loss:-0.23393473659962183 - actor/pg_clipfrac:0.0 - actor/ppo_kl:0.0 - actor/pg_clipfrac_lower:0.0 - actor/grad_norm:0.8632243275642395 - perf/mfu/actor:0.12526422028083503 - perf/max_memory_allocated_gb:63.334275245666504 - perf/max_memory_reserved_gb:86.529296875 - perf/cpu_memory_used_gb:80.59321212768555 - actor/lr:1e-06 - training/global_step:20 - training/epoch:0 - critic/score/mean:-0.6954448223114014 - critic/score/max:-0.1535000056028366 - critic/score/min:-2.0 - critic/rewards/mean:-0.6954448223114014 - critic/rewards/max:-0.1535000056028366 - critic/rewards/min:-2.0 - critic/advantages/mean:-0.023979824036359787 - critic/advantages/max:2.024632453918457 - critic/advantages/min:-2.4524598121643066 - critic/returns/mean:-0.023979824036359787 - critic/returns/max:2.024632453918457 - critic/returns/min:-2.4524598121643066 - response_length/mean:174.54296875 - response_length/max:658.0 - response_length/min:98.0 - response_length/clip_ratio:0.0 - prompt_length/mean:994.3125 - prompt_length/max:2942.0 - prompt_length/min:468.0 - prompt_length/clip_ratio:0.0 - timing_s/start_profile:7.163966074585915e-06 - timing_s/generate_sequences:13.336569786071777 - timing_s/reshard:0.9732186198234558 - timing_s/gen:17.82898892299272 - timing_s/reward:478.5134948050254 - timing_s/old_log_prob:26.323464351997245 - timing_s/ref:14.094281591009349 - timing_s/adv:0.01775112102041021 - timing_s/update_actor:56.08149123797193 - timing_s/save_checkpoint:45.44525447295746 - timing_s/step:638.3816349420231 - timing_s/stop_profile:7.722002919763327e-06 - timing_per_token_ms/adv:2.966162983355481e-05 - timing_per_token_ms/gen:0.19950528078903298 - timing_per_token_ms/update_actor:0.09371061307631319 - timing_per_token_ms/ref:0.023551152788701134 - perf/total_num_tokens:598454 - perf/time_per_step:638.3816349420231 - perf/throughput:117.18186411611582
calculating InfoCover scores...
开始抓取覆盖率评估, 数量512, 并发数128
InfoCover scores calculated.
calculating Conciseness and Fluency scores...
开始抓取简洁性、流畅性评估, 数量512, 并发数512
Conciseness and Fluency scores calculated.
calculating format scores...
format scores calculated.
calculating length scores...
length scores calculated.
step:21 - global_seqlen/min:64967 - global_seqlen/max:119259 - global_seqlen/minmax_diff:54292 - global_seqlen/balanced_min:89559 - global_seqlen/balanced_max:89751 - global_seqlen/mean:89584.375 - cover/rewards/mean:0.36924845774254145 - cover/rewards/var:0.04535187856840546 - cover/rewards/max:0.8333333333333333 - cover/rewards/min:0.0 - cf/rewards/mean:0.493227978515625 - cf/rewards/var:0.127326414696939 - cf/rewards/max:1.0 - cf/rewards/min:0.0 - format/rewards/mean:-0.05859375 - format/rewards/var:0.0551605224609375 - format/rewards/max:0.0 - format/rewards/min:-1.0 - json/format/rewards/mean:-0.107421875 - json/format/rewards/var:0.09588241577148438 - json/format/rewards/max:0 - json/format/rewards/min:-1 - length/rewards/mean:-0.813359375 - length/rewards/var:0.107394873046875 - length/rewards/max:0.0 - length/rewards/min:-1.0 - cot/length/mean:28.767578125 - cot/length/var:8414.147151947021 - cot/length/max:2045 - cot/length/min:10 - answer/length/mean:146.794921875 - answer/length/var:12286.694271087646 - answer/length/max:2045 - answer/length/min:64 - actor/entropy:0.7918017506599426 - actor/kl_loss:0.12745894951513037 - actor/kl_coef:0.0 - actor/pg_loss:-0.39284155965469836 - actor/pg_clipfrac:0.0 - actor/ppo_kl:0.0 - actor/pg_clipfrac_lower:0.0 - actor/grad_norm:1.0840754508972168 - perf/mfu/actor:0.13074746400432044 - perf/max_memory_allocated_gb:63.334275245666504 - perf/max_memory_reserved_gb:86.529296875 - perf/cpu_memory_used_gb:82.16463851928711 - actor/lr:1e-06 - training/global_step:21 - training/epoch:0 - critic/score/mean:-0.66506028175354 - critic/score/max:-0.03700000047683716 - critic/score/min:-2.0 - critic/rewards/mean:-0.66506028175354 - critic/rewards/max:-0.03700000047683716 - critic/rewards/min:-2.0 - critic/advantages/mean:-0.07657556980848312 - critic/advantages/max:2.0706446170806885 - critic/advantages/min:-2.470830202102661 - critic/returns/mean:-0.07657556980848312 - critic/returns/max:2.0706446170806885 - critic/returns/min:-2.470830202102661 - response_length/mean:188.880859375 - response_length/max:2048.0 - response_length/min:94.0 - response_length/clip_ratio:0.001953125 - prompt_length/mean:1210.875 - prompt_length/max:4096.0 - prompt_length/min:472.0 - prompt_length/clip_ratio:0.03125 - timing_s/start_profile:5.971989594399929e-06 - timing_s/generate_sequences:43.13970947265625 - timing_s/reshard:8.306486129760742 - timing_s/gen:59.89413310098462 - timing_s/reward:477.8478644179995 - timing_s/old_log_prob:25.677525373990647 - timing_s/ref:15.950689944962505 - timing_s/adv:0.01646338199498132 - timing_s/update_actor:65.33482083602576 - timing_s/step:644.7714090159861 - timing_s/stop_profile:5.446956492960453e-06 - timing_per_token_ms/adv:2.2971893808185465e-05 - timing_per_token_ms/gen:0.6193360677198612 - timing_per_token_ms/update_actor:0.09116380623856805 - timing_per_token_ms/ref:0.022256517870670116 - perf/total_num_tokens:716675 - perf/time_per_step:644.7714090159861 - perf/throughput:138.93974476430125
calculating InfoCover scores...
开始抓取覆盖率评估, 数量512, 并发数128
InfoCover scores calculated.
calculating Conciseness and Fluency scores...
开始抓取简洁性、流畅性评估, 数量512, 并发数512
Conciseness and Fluency scores calculated.
calculating format scores...
format scores calculated.
calculating length scores...
length scores calculated.
step:22 - global_seqlen/min:60890 - global_seqlen/max:98097 - global_seqlen/minmax_diff:37207 - global_seqlen/balanced_min:76045 - global_seqlen/balanced_max:76046 - global_seqlen/mean:76045.75 - cover/rewards/mean:0.3100110190579198 - cover/rewards/var:0.059425575273288365 - cover/rewards/max:0.8028571428571429 - cover/rewards/min:0.0 - cf/rewards/mean:0.22135035156250002 - cf/rewards/var:0.08890459308337248 - cf/rewards/max:1.0 - cf/rewards/min:0.0 - format/rewards/mean:-0.03515625 - format/rewards/var:0.0339202880859375 - format/rewards/max:0.0 - format/rewards/min:-1.0 - json/format/rewards/mean:-0.103515625 - json/format/rewards/var:0.09280014038085938 - json/format/rewards/max:0 - json/format/rewards/min:-1 - length/rewards/mean:-0.8286767578125 - length/rewards/var:0.08838611524105072 - length/rewards/max:0.0 - length/rewards/min:-1.0 - cot/length/mean:22.83984375 - cot/length/var:39.32981872558594 - cot/length/max:53 - cot/length/min:12 - answer/length/mean:142.30078125 - answer/length/var:3107.1517181396484 - answer/length/max:974 - answer/length/min:69 - actor/entropy:0.5891048312187195 - actor/kl_loss:0.1466913883923553 - actor/kl_coef:0.0 - actor/pg_loss:-0.05719874666829128 - actor/pg_clipfrac:0.0 - actor/ppo_kl:0.0 - actor/pg_clipfrac_lower:0.0 - actor/grad_norm:1.1738349199295044 - perf/mfu/actor:0.12022810200433304 - perf/max_memory_allocated_gb:63.334275245666504 - perf/max_memory_reserved_gb:86.529296875 - perf/cpu_memory_used_gb:80.48270416259766 - actor/lr:1e-06 - training/global_step:22 - training/epoch:0 - critic/score/mean:-0.7161794900894165 - critic/score/max:0.0604499988257885 - critic/score/min:-2.0 - critic/rewards/mean:-0.7161794900894165 - critic/rewards/max:0.0604499988257885 - critic/rewards/min:-2.0 - critic/advantages/mean:-0.03453748673200607 - critic/advantages/max:2.2111315727233887 - critic/advantages/min:-2.4641289710998535 - critic/returns/mean:-0.03453748673200607 - critic/returns/max:2.2111315727233887 - critic/returns/min:-2.4641289710998535 - response_length/mean:174.74609375 - response_length/max:1007.0 - response_length/min:97.0 - response_length/clip_ratio:0.0 - prompt_length/mean:1013.46875 - prompt_length/max:3786.0 - prompt_length/min:470.0 - prompt_length/clip_ratio:0.0 - timing_s/start_profile:6.898015271872282e-06 - timing_s/generate_sequences:17.704238891601562 - timing_s/reshard:1.2393689155578613 - timing_s/gen:25.41786621400388 - timing_s/reward:493.1100936930161 - timing_s/old_log_prob:28.84315870696446 - timing_s/ref:14.873946776962839 - timing_s/adv:0.01282501098467037 - timing_s/update_actor:59.61921999498736 - timing_s/step:621.9466524129966 - timing_s/stop_profile:1.6072008293122053e-05 - timing_per_token_ms/adv:2.108107781281395e-05 - timing_per_token_ms/gen:0.28409373213371947 - timing_per_token_ms/update_actor:0.09799893484347803 - timing_per_token_ms/ref:0.02444901059060309 - perf/total_num_tokens:608366 - perf/time_per_step:621.9466524129966 - perf/throughput:122.27053510934034
calculating InfoCover scores...
开始抓取覆盖率评估, 数量512, 并发数128
InfoCover scores calculated.
calculating Conciseness and Fluency scores...
开始抓取简洁性、流畅性评估, 数量512, 并发数512
Conciseness and Fluency scores calculated.
calculating format scores...
format scores calculated.
calculating length scores...
length scores calculated.
step:23 - global_seqlen/min:52314 - global_seqlen/max:90024 - global_seqlen/minmax_diff:37710 - global_seqlen/balanced_min:76864 - global_seqlen/balanced_max:77612 - global_seqlen/mean:77032.875 - cover/rewards/mean:0.3761010707654632 - cover/rewards/var:0.04774361132480898 - cover/rewards/max:0.785 - cover/rewards/min:0.0 - cf/rewards/mean:0.2233984375 - cf/rewards/var:0.09391645739013672 - cf/rewards/max:0.963 - cf/rewards/min:0.0 - format/rewards/mean:-0.04296875 - format/rewards/var:0.0411224365234375 - format/rewards/max:0.0 - format/rewards/min:-1.0 - json/format/rewards/mean:-0.083984375 - json/format/rewards/var:0.07693099975585938 - json/format/rewards/max:0 - json/format/rewards/min:-1 - length/rewards/mean:-0.8251367187499999 - length/rewards/var:0.08188978233337402 - length/rewards/max:0.0 - length/rewards/min:-1.0 - cot/length/mean:24.15625 - cot/length/var:328.0771484375 - cot/length/max:355 - cot/length/min:12 - answer/length/mean:142.55859375 - answer/length/var:971.1450042724609 - answer/length/max:342 - answer/length/min:83 - actor/entropy:0.6597306728363037 - actor/kl_loss:0.1441130026069004 - actor/kl_coef:0.0 - actor/pg_loss:0.0696905012591742 - actor/pg_clipfrac:0.0 - actor/ppo_kl:0.0 - actor/pg_clipfrac_lower:0.0 - actor/grad_norm:1.1532189846038818 - perf/mfu/actor:0.12305871039212529 - perf/max_memory_allocated_gb:63.334275245666504 - perf/max_memory_reserved_gb:86.529296875 - perf/cpu_memory_used_gb:80.4695816040039 - actor/lr:1e-06 - training/global_step:23 - training/epoch:0 - critic/score/mean:-0.6592925190925598 - critic/score/max:-0.06080000102519989 - critic/score/min:-2.0 - critic/rewards/mean:-0.6592925190925598 - critic/rewards/max:-0.06080000102519989 - critic/rewards/min:-2.0 - critic/advantages/mean:-0.002558526350185275 - critic/advantages/max:2.1592719554901123 - critic/advantages/min:-2.445101499557495 - critic/returns/mean:-0.002558526350185275 - critic/returns/max:2.1592719554901123 - critic/returns/min:-2.445101499557495 - response_length/mean:182.591796875 - response_length/max:1907.0 - response_length/min:113.0 - response_length/clip_ratio:0.0 - prompt_length/mean:1021.046875 - prompt_length/max:4096.0 - prompt_length/min:459.0 - prompt_length/clip_ratio:0.015625 - timing_s/start_profile:1.4451041352003813e-05 - timing_s/generate_sequences:25.186391830444336 - timing_s/reshard:1.3768397569656372 - timing_s/gen:42.84470851102378 - timing_s/reward:385.46036759001436 - timing_s/old_log_prob:26.416642475000117 - timing_s/ref:14.61255943699507 - timing_s/adv:0.013264826964586973 - timing_s/update_actor:59.000487402954604 - timing_s/step:528.4110323910136 - timing_s/stop_profile:5.879031959921122e-06 - timing_per_token_ms/adv:2.1524620112820294e-05 - timing_per_token_ms/gen:0.45829589687361644 - timing_per_token_ms/update_actor:0.09573913638001082 - timing_per_token_ms/ref:0.02371156379174974 - perf/total_num_tokens:616263 - perf/time_per_step:528.4110323910136 - perf/throughput:145.78210952832114
calculating InfoCover scores...
开始抓取覆盖率评估, 数量512, 并发数128
InfoCover scores calculated.
calculating Conciseness and Fluency scores...
开始抓取简洁性、流畅性评估, 数量512, 并发数512
Conciseness and Fluency scores calculated.
calculating format scores...
format scores calculated.
calculating length scores...
length scores calculated.
step:24 - global_seqlen/min:69710 - global_seqlen/max:81131 - global_seqlen/minmax_diff:11421 - global_seqlen/balanced_min:74425 - global_seqlen/balanced_max:74426 - global_seqlen/mean:74425.875 - cover/rewards/mean:0.35629987058728146 - cover/rewards/var:0.05702699190909577 - cover/rewards/max:0.7711111111111111 - cover/rewards/min:0.0 - cf/rewards/mean:0.26145641601562497 - cf/rewards/var:0.09028855123466484 - cf/rewards/max:0.975 - cf/rewards/min:0.0 - format/rewards/mean:-0.037109375 - format/rewards/var:0.035732269287109375 - format/rewards/max:0.0 - format/rewards/min:-1.0 - json/format/rewards/mean:-0.072265625 - json/format/rewards/var:0.06704330444335938 - json/format/rewards/max:0 - json/format/rewards/min:-1 - length/rewards/mean:-0.8195361328125 - length/rewards/var:0.06694301602840423 - length/rewards/max:0.0 - length/rewards/min:-1.0 - cot/length/mean:22.984375 - cot/length/var:76.234130859375 - cot/length/max:181 - cot/length/min:13 - answer/length/mean:151.9375 - answer/length/var:1749.6171875 - answer/length/max:491 - answer/length/min:85 - actor/entropy:0.5533390045166016 - actor/kl_loss:0.1530982805415988 - actor/kl_coef:0.0 - actor/pg_loss:0.0845611128170276 - actor/pg_clipfrac:0.0 - actor/ppo_kl:0.0 - actor/pg_clipfrac_lower:0.0 - actor/grad_norm:0.9624328017234802 - perf/mfu/actor:0.11552138202509495 - perf/max_memory_allocated_gb:63.334275245666504 - perf/max_memory_reserved_gb:86.529296875 - perf/cpu_memory_used_gb:80.42268753051758 - actor/lr:1e-06 - training/global_step:24 - training/epoch:0 - critic/score/mean:-0.6285857558250427 - critic/score/max:-0.09835714101791382 - critic/score/min:-2.0 - critic/rewards/mean:-0.6285857558250427 - critic/rewards/max:-0.09835714101791382 - critic/rewards/min:-2.0 - critic/advantages/mean:-0.017679110169410706 - critic/advantages/max:2.2260046005249023 - critic/advantages/min:-2.4677138328552246 - critic/returns/mean:-0.017679110169410706 - critic/returns/max:2.2260046005249023 - critic/returns/min:-2.4677138328552246 - response_length/mean:184.029296875 - response_length/max:517.0 - response_length/min:116.0 - response_length/clip_ratio:0.0 - prompt_length/mean:978.875 - prompt_length/max:3072.0 - prompt_length/min:479.0 - prompt_length/clip_ratio:0.0 - timing_s/start_profile:7.260008715093136e-06 - timing_s/generate_sequences:12.889513969421387 - timing_s/reshard:1.162538766860962 - timing_s/gen:16.37461334100226 - timing_s/reward:468.32066244701855 - timing_s/old_log_prob:27.540188451996073 - timing_s/ref:15.00256559898844 - timing_s/adv:0.013804276008158922 - timing_s/update_actor:60.50109620403964 - timing_s/step:587.8091170730186 - timing_s/stop_profile:5.183042958378792e-06 - timing_per_token_ms/adv:2.318460483024036e-05 - timing_per_token_ms/gen:0.17378573534065206 - timing_per_token_ms/update_actor:0.10161300791566046 - timing_per_token_ms/ref:0.025197160260105173 - perf/total_num_tokens:595407 - perf/time_per_step:587.8091170730186 - perf/throughput:126.61572071321702
calculating InfoCover scores...
开始抓取覆盖率评估, 数量512, 并发数128
InfoCover scores calculated.
calculating Conciseness and Fluency scores...
开始抓取简洁性、流畅性评估, 数量512, 并发数512
Conciseness and Fluency scores calculated.
calculating format scores...
format scores calculated.
calculating length scores...
length scores calculated.
local_global_step_folder: /root/paddlejob/workspace/env_run/output/SummarizeRL-RL-ckpt/global_step_25
step:25 - global_seqlen/min:61104 - global_seqlen/max:107146 - global_seqlen/minmax_diff:46042 - global_seqlen/balanced_min:83749 - global_seqlen/balanced_max:84166 - global_seqlen/mean:83826.0 - cover/rewards/mean:0.34952639267974717 - cover/rewards/var:0.06990810166455215 - cover/rewards/max:1.0 - cover/rewards/min:0.0 - cf/rewards/mean:0.1854849609375 - cf/rewards/var:0.07780897159023287 - cf/rewards/max:0.942 - cf/rewards/min:0.0 - format/rewards/mean:-0.041015625 - format/rewards/var:0.039333343505859375 - format/rewards/max:0.0 - format/rewards/min:-1.0 - json/format/rewards/mean:-0.0859375 - json/format/rewards/var:0.07855224609375 - json/format/rewards/max:0 - json/format/rewards/min:-1 - length/rewards/mean:-0.77453369140625 - length/rewards/var:0.07742724532485008 - length/rewards/max:0.0 - length/rewards/min:-1.0 - cot/length/mean:25.66015625 - cot/length/var:1156.407943725586 - cot/length/max:540 - cot/length/min:14 - answer/length/mean:166.8203125 - answer/length/var:8833.338806152344 - answer/length/max:2046 - answer/length/min:91 - actor/entropy:0.7083684802055359 - actor/kl_loss:0.1683587483712472 - actor/kl_coef:0.0 - actor/pg_loss:-0.037085854331962764 - actor/pg_clipfrac:0.0 - actor/ppo_kl:0.0 - actor/pg_clipfrac_lower:0.0 - actor/grad_norm:0.9825254082679749 - perf/mfu/actor:0.12224155032327329 - perf/max_memory_allocated_gb:63.334275245666504 - perf/max_memory_reserved_gb:86.529296875 - perf/cpu_memory_used_gb:80.48370742797852 - actor/lr:1e-06 - training/global_step:25 - training/epoch:0 - critic/score/mean:-0.6426804065704346 - critic/score/max:-0.01614999957382679 - critic/score/min:-2.0 - critic/rewards/mean:-0.6426804065704346 - critic/rewards/max:-0.01614999957382679 - critic/rewards/min:-2.0 - critic/advantages/mean:-0.01070272084325552 - critic/advantages/max:2.293107271194458 - critic/advantages/min:-2.4481308460235596 - critic/returns/mean:-0.01070272084325552 - critic/returns/max:2.293107271194458 - critic/returns/min:-2.4481308460235596 - response_length/mean:207.140625 - response_length/max:2048.0 - response_length/min:118.0 - response_length/clip_ratio:0.001953125 - prompt_length/mean:1102.640625 - prompt_length/max:4096.0 - prompt_length/min:505.0 - prompt_length/clip_ratio:0.015625 - timing_s/start_profile:4.901026841253042e-06 - timing_s/generate_sequences:30.74132537841797 - timing_s/reshard:2.948197603225708 - timing_s/gen:50.070121755008586 - timing_s/reward:471.4134968679864 - timing_s/old_log_prob:27.452625637990423 - timing_s/ref:16.053844858019147 - timing_s/adv:0.014245100028347224 - timing_s/update_actor:65.10794516204624 - timing_s/save_checkpoint:60.70578315894818 - timing_s/step:690.8687571149785 - timing_s/stop_profile:4.964997060596943e-06 - timing_per_token_ms/adv:2.1242066942755268e-05 - timing_per_token_ms/gen:0.47211022247688567 - timing_per_token_ms/update_actor:0.09708793387798272 - timing_per_token_ms/ref:0.023939238508963727 - perf/total_num_tokens:670608 - perf/time_per_step:690.8687571149785 - perf/throughput:121.33418849341479
calculating InfoCover scores...
开始抓取覆盖率评估, 数量512, 并发数128
InfoCover scores calculated.
calculating Conciseness and Fluency scores...
开始抓取简洁性、流畅性评估, 数量512, 并发数512
Conciseness and Fluency scores calculated.
calculating format scores...
format scores calculated.
calculating length scores...
length scores calculated.
step:26 - global_seqlen/min:59557 - global_seqlen/max:101672 - global_seqlen/minmax_diff:42115 - global_seqlen/balanced_min:75894 - global_seqlen/balanced_max:75895 - global_seqlen/mean:75894.75 - cover/rewards/mean:0.31979476528197776 - cover/rewards/var:0.07080619368819521 - cover/rewards/max:0.95 - cover/rewards/min:0.0 - cf/rewards/mean:0.22161126953125002 - cf/rewards/var:0.08649905929858362 - cf/rewards/max:0.955 - cf/rewards/min:0.0 - format/rewards/mean:-0.029296875 - format/rewards/var:0.028438568115234375 - format/rewards/max:0.0 - format/rewards/min:-1.0 - json/format/rewards/mean:-0.091796875 - json/format/rewards/var:0.08337020874023438 - json/format/rewards/max:0 - json/format/rewards/min:-1 - length/rewards/mean:-0.77212158203125 - length/rewards/var:0.07367924217581748 - length/rewards/max:0.0 - length/rewards/min:-1.0 - cot/length/mean:23.3515625 - cot/length/var:24.51312255859375 - cot/length/max:46 - cot/length/min:12 - answer/length/mean:172.880859375 - answer/length/var:9196.913539886475 - answer/length/max:2018 - answer/length/min:104 - actor/entropy:0.5879772901535034 - actor/kl_loss:0.2004517454188317 - actor/kl_coef:0.0 - actor/pg_loss:0.002900000778026879 - actor/pg_clipfrac:0.0 - actor/ppo_kl:0.0 - actor/pg_clipfrac_lower:0.0 - actor/grad_norm:1.0081485509872437 - perf/mfu/actor:0.12359668584127013 - perf/max_memory_allocated_gb:63.334275245666504 - perf/max_memory_reserved_gb:90.1640625 - perf/cpu_memory_used_gb:80.49311447143555 - actor/lr:1e-06 - training/global_step:26 - training/epoch:0 - critic/score/mean:-0.6303731799125671 - critic/score/max:0.08389999717473984 - critic/score/min:-2.0 - critic/rewards/mean:-0.6303731799125671 - critic/rewards/max:0.08389999717473984 - critic/rewards/min:-2.0 - critic/advantages/mean:-0.0354117788374424 - critic/advantages/max:2.2622933387756348 - critic/advantages/min:-2.4624600410461426 - critic/returns/mean:-0.0354117788374424 - critic/returns/max:2.2622933387756348 - critic/returns/min:-2.4624600410461426 - response_length/mean:205.43359375 - response_length/max:2048.0 - response_length/min:135.0 - response_length/clip_ratio:0.001953125 - prompt_length/mean:980.421875 - prompt_length/max:2595.0 - prompt_length/min:469.0 - prompt_length/clip_ratio:0.0 - timing_s/start_profile:5.076988600194454e-06 - timing_s/generate_sequences:31.287635803222656 - timing_s/reshard:7.3080549240112305 - timing_s/gen:53.81756839499576 - timing_s/reward:456.7384315870004 - timing_s/old_log_prob:28.71583548997296 - timing_s/ref:14.400830027007032 - timing_s/adv:0.013257724000141025 - timing_s/update_actor:57.659822369983885 - timing_s/step:611.3945431479951 - timing_s/stop_profile:5.019013769924641e-06 - timing_per_token_ms/adv:2.1835706686136103e-05 - timing_per_token_ms/gen:0.5116613906846776 - timing_per_token_ms/update_actor:0.09496675061513458 - timing_per_token_ms/ref:0.02371842259676564 - perf/total_num_tokens:607158 - perf/time_per_step:611.3945431479951 - perf/throughput:124.13383608107996
calculating InfoCover scores...
开始抓取覆盖率评估, 数量512, 并发数128
InfoCover scores calculated.
calculating Conciseness and Fluency scores...
开始抓取简洁性、流畅性评估, 数量512, 并发数512
Conciseness and Fluency scores calculated.
calculating format scores...
format scores calculated.
calculating length scores...
length scores calculated.
step:27 - global_seqlen/min:69396 - global_seqlen/max:91488 - global_seqlen/minmax_diff:22092 - global_seqlen/balanced_min:81351 - global_seqlen/balanced_max:81352 - global_seqlen/mean:81351.25 - cover/rewards/mean:0.4440482854528147 - cover/rewards/var:0.038706641971161374 - cover/rewards/max:0.8910714285714285 - cover/rewards/min:0.0 - cf/rewards/mean:0.16937094726562502 - cf/rewards/var:0.07326561839055779 - cf/rewards/max:0.9545 - cf/rewards/min:0.0 - format/rewards/mean:-0.037109375 - format/rewards/var:0.035732269287109375 - format/rewards/max:0.0 - format/rewards/min:-1.0 - json/format/rewards/mean:-0.091796875 - json/format/rewards/var:0.08337020874023438 - json/format/rewards/max:0 - json/format/rewards/min:-1 - length/rewards/mean:-0.72661865234375 - length/rewards/var:0.07449513692259789 - length/rewards/max:0.0 - length/rewards/min:-0.9937499999999999 - cot/length/mean:24.5390625 - cot/length/var:19.51409912109375 - cot/length/max:40 - cot/length/min:13 - answer/length/mean:192.19921875 - answer/length/var:6982.975936889648 - answer/length/max:1537 - answer/length/min:108 - actor/entropy:0.6092253923416138 - actor/kl_loss:0.19608444825280458 - actor/kl_coef:0.0 - actor/pg_loss:-0.1492826905378024 - actor/pg_clipfrac:0.0 - actor/ppo_kl:0.0 - actor/pg_clipfrac_lower:0.0 - actor/grad_norm:2.8286776542663574 - perf/mfu/actor:0.13148063784349434 - perf/max_memory_allocated_gb:63.334275245666504 - perf/max_memory_reserved_gb:90.1640625 - perf/cpu_memory_used_gb:80.39485549926758 - actor/lr:1e-06 - training/global_step:27 - training/epoch:0 - critic/score/mean:-0.5331358909606934 - critic/score/max:0.19294443726539612 - critic/score/min:-2.0 - critic/rewards/mean:-0.5331358909606934 - critic/rewards/max:0.19294443726539612 - critic/rewards/min:-2.0 - critic/advantages/mean:-0.05958043038845062 - critic/advantages/max:2.234548330307007 - critic/advantages/min:-2.4636778831481934 - critic/returns/mean:-0.05958043038845062 - critic/returns/max:2.234548330307007 - critic/returns/min:-2.4636778831481934 - response_length/mean:229.28515625 - response_length/max:1573.0 - response_length/min:136.0 - response_length/clip_ratio:0.0 - prompt_length/mean:1041.828125 - prompt_length/max:2831.0 - prompt_length/min:482.0 - prompt_length/clip_ratio:0.0 - timing_s/start_profile:5.092006176710129e-06 - timing_s/generate_sequences:27.430450439453125 - timing_s/reshard:0.9837459325790405 - timing_s/gen:36.552504049031995 - timing_s/reward:498.79891742003383 - timing_s/old_log_prob:25.90512138901977 - timing_s/ref:14.325677030021325 - timing_s/adv:0.016630630008876324 - timing_s/update_actor:58.117971810977906 - timing_s/step:633.763817064988 - timing_s/stop_profile:2.6170164346694946e-06 - timing_per_token_ms/adv:2.5553740736737794e-05 - timing_per_token_ms/gen:0.31136603275322416 - timing_per_token_ms/update_actor:0.08930098156294142 - timing_per_token_ms/ref:0.02201207269406021 - perf/total_num_tokens:650810 - perf/time_per_step:633.763817064988 - perf/throughput:128.36209295876859
calculating InfoCover scores...
开始抓取覆盖率评估, 数量512, 并发数128
