swanlab: Tracking run with swanlab version 0.5.3
swanlab: 🌟 Run `swanlab watch verl/swanlog` to view SwanLab Experiment Dashboard locally
step:1 - train/loss:0.349997878074646 - train/lr(1e-3):0.00022222222222222223
step:2 - train/loss:0.3132694959640503 - train/lr(1e-3):0.00044444444444444447
step:3 - train/loss:0.32166099548339844 - train/lr(1e-3):0.0006666666666666668
step:4 - train/loss:0.32003605365753174 - train/lr(1e-3):0.0008888888888888889
step:5 - train/loss:0.29725781083106995 - train/lr(1e-3):0.0011111111111111111
step:6 - train/loss:0.29114237427711487 - train/lr(1e-3):0.0013333333333333335
step:7 - train/loss:0.2819417119026184 - train/lr(1e-3):0.0015555555555555557
step:8 - train/loss:0.23053444921970367 - train/lr(1e-3):0.0017777777777777779
step:9 - train/loss:0.23437707126140594 - train/lr(1e-3):0.0020000000000000005
step:10 - train/loss:0.218132883310318 - train/lr(1e-3):0.0022222222222222222
step:11 - train/loss:0.23243102431297302 - train/lr(1e-3):0.002444444444444445
step:12 - train/loss:0.22125108540058136 - train/lr(1e-3):0.002666666666666667
step:13 - train/loss:0.22654449939727783 - train/lr(1e-3):0.002888888888888889
step:14 - train/loss:0.19610536098480225 - train/lr(1e-3):0.0031111111111111114
step:15 - train/loss:0.20702137053012848 - train/lr(1e-3):0.003333333333333333
step:16 - train/loss:0.1948995739221573 - train/lr(1e-3):0.0035555555555555557
step:17 - train/loss:0.20076540112495422 - train/lr(1e-3):0.003777777777777778
step:18 - train/loss:0.20668111741542816 - train/lr(1e-3):0.004000000000000001
step:19 - train/loss:0.2033831924200058 - train/lr(1e-3):0.004222222222222223
step:20 - train/loss:0.20873533189296722 - train/lr(1e-3):0.0044444444444444444
step:21 - train/loss:0.19560623168945312 - train/lr(1e-3):0.004666666666666667
step:22 - train/loss:0.16315068304538727 - train/lr(1e-3):0.00488888888888889
step:23 - train/loss:0.17348553240299225 - train/lr(1e-3):0.005111111111111111
step:24 - train/loss:0.17499199509620667 - train/lr(1e-3):0.005333333333333334
step:25 - train/loss:0.17162105441093445 - train/lr(1e-3):0.005555555555555557
step:26 - train/loss:0.1851654201745987 - train/lr(1e-3):0.005777777777777778
step:27 - train/loss:0.18111859261989594 - train/lr(1e-3):0.006
step:28 - train/loss:0.18546301126480103 - train/lr(1e-3):0.006222222222222223
step:29 - train/loss:0.17499396204948425 - train/lr(1e-3):0.006444444444444445
step:30 - train/loss:0.1837422102689743 - train/lr(1e-3):0.006666666666666666
step:31 - train/loss:0.1700156331062317 - train/lr(1e-3):0.00688888888888889
step:32 - train/loss:0.17902299761772156 - train/lr(1e-3):0.0071111111111111115
step:33 - train/loss:0.18463212251663208 - train/lr(1e-3):0.007333333333333333
step:34 - train/loss:0.17126765847206116 - train/lr(1e-3):0.007555555555555556
step:35 - train/loss:0.1611502468585968 - train/lr(1e-3):0.007777777777777779
step:36 - train/loss:0.15700769424438477 - train/lr(1e-3):0.008000000000000002
step:37 - train/loss:0.18659664690494537 - train/lr(1e-3):0.008222222222222221
step:38 - train/loss:0.17633691430091858 - train/lr(1e-3):0.008444444444444445
step:39 - train/loss:0.17455309629440308 - train/lr(1e-3):0.008666666666666668
step:40 - train/loss:0.18121133744716644 - train/lr(1e-3):0.008888888888888889
step:41 - train/loss:0.1594432294368744 - train/lr(1e-3):0.009111111111111111
step:42 - train/loss:0.15970808267593384 - train/lr(1e-3):0.009333333333333334
step:43 - train/loss:0.16420622169971466 - train/lr(1e-3):0.009555555555555557
step:44 - train/loss:0.1777944564819336 - train/lr(1e-3):0.00977777777777778
step:45 - train/loss:0.1797064244747162 - train/lr(1e-3):0.01
step:46 - train/loss:0.1624792218208313 - train/lr(1e-3):0.009999852500345595
step:47 - train/loss:0.15549758076667786 - train/lr(1e-3):0.009999410010084834
step:48 - train/loss:0.17928403615951538 - train/lr(1e-3):0.009998672555324585
step:49 - train/loss:0.16707415878772736 - train/lr(1e-3):0.009997640179574574
step:50 - train/loss:0.16268864274024963 - train/lr(1e-3):0.00999631294374483
step:51 - train/loss:0.16409523785114288 - train/lr(1e-3):0.009994690926142082
step:52 - train/loss:0.16365313529968262 - train/lr(1e-3):0.009992774222465148
step:53 - train/loss:0.154341921210289 - train/lr(1e-3):0.009990562945799272
step:54 - train/loss:0.16191484034061432 - train/lr(1e-3):0.00998805722660948
step:55 - train/loss:0.16922850906848907 - train/lr(1e-3):0.009985257212732853
step:56 - train/loss:0.17403008043766022 - train/lr(1e-3):0.009982163069369823
step:57 - train/loss:0.15858043730258942 - train/lr(1e-3):0.009978774979074422
step:58 - train/loss:0.16009673476219177 - train/lr(1e-3):0.00997509314174351
step:59 - train/loss:0.15624959766864777 - train/lr(1e-3):0.009971117774604977
step:60 - train/loss:0.15840068459510803 - train/lr(1e-3):0.009966849112204938
step:61 - train/loss:0.1600797027349472 - train/lr(1e-3):0.009962287406393882
step:62 - train/loss:0.17961837351322174 - train/lr(1e-3):0.009957432926311826
step:63 - train/loss:0.15816864371299744 - train/lr(1e-3):0.009952285958372418
step:64 - train/loss:0.17421215772628784 - train/lr(1e-3):0.009946846806246058
step:65 - train/loss:0.1700715869665146 - train/lr(1e-3):0.009941115790841969
step:66 - train/loss:0.1655833125114441 - train/lr(1e-3):0.009935093250289266
step:67 - train/loss:0.16285867989063263 - train/lr(1e-3):0.00992877953991701
step:68 - train/loss:0.16202861070632935 - train/lr(1e-3):0.009922175032233244
step:69 - train/loss:0.151127889752388 - train/lr(1e-3):0.009915280116903003
step:70 - train/loss:0.16822218894958496 - train/lr(1e-3):0.00990809520072534
step:71 - train/loss:0.1779305785894394 - train/lr(1e-3):0.009900620707609317
step:72 - train/loss:0.15907812118530273 - train/lr(1e-3):0.009892857078548997
step:73 - train/loss:0.16266198456287384 - train/lr(1e-3):0.009884804771597415
step:74 - train/loss:0.1519603133201599 - train/lr(1e-3):0.009876464261839572
step:75 - train/loss:0.1613592952489853 - train/lr(1e-3):0.009867836041364392
step:76 - train/loss:0.16057997941970825 - train/lr(1e-3):0.009858920619235689
step:77 - train/loss:0.14670953154563904 - train/lr(1e-3):0.009849718521462133
step:78 - train/loss:0.1515589952468872 - train/lr(1e-3):0.009840230290966223
step:79 - train/loss:0.17766280472278595 - train/lr(1e-3):0.00983045648755225
step:80 - train/loss:0.1549198180437088 - train/lr(1e-3):0.00982039768787326
step:81 - train/loss:0.16680431365966797 - train/lr(1e-3):0.009810054485397046
step:82 - train/loss:0.16273051500320435 - train/lr(1e-3):0.009799427490371122
step:83 - train/loss:0.15750770270824432 - train/lr(1e-3):0.009788517329786726
step:84 - train/loss:0.15953201055526733 - train/lr(1e-3):0.009777324647341826
step:85 - train/loss:0.16609114408493042 - train/lr(1e-3):0.009765850103403136
step:86 - train/loss:0.15980887413024902 - train/lr(1e-3):0.009754094374967166
step:87 - train/loss:0.16852547228336334 - train/lr(1e-3):0.009742058155620268
step:88 - train/loss:0.15169917047023773 - train/lr(1e-3):0.009729742155497715
step:89 - train/loss:0.16704244911670685 - train/lr(1e-3):0.009717147101241818
step:90 - train/loss:0.15462765097618103 - train/lr(1e-3):0.009704273735959031
step:91 - train/loss:0.1728646457195282 - train/lr(1e-3):0.00969112281917613
step:92 - train/loss:0.150376096367836 - train/lr(1e-3):0.009677695126795388
step:93 - train/loss:0.16868247091770172 - train/lr(1e-3):0.009663991451048798
step:94 - train/loss:0.15776117146015167 - train/lr(1e-3):0.009650012600451332
step:95 - train/loss:0.15190602838993073 - train/lr(1e-3):0.009635759399753247
step:96 - train/loss:0.17330311238765717 - train/lr(1e-3):0.009621232689891412
step:97 - train/loss:0.1525936871767044 - train/lr(1e-3):0.009606433327939699
step:98 - train/loss:0.16897349059581757 - train/lr(1e-3):0.00959136218705842
step:99 - train/loss:0.15680988132953644 - train/lr(1e-3):0.009576020156442802
step:100 - train/loss:0.16847684979438782 - train/lr(1e-3):0.009560408141270531
step:101 - train/loss:0.15292969346046448 - train/lr(1e-3):0.009544527062648345
step:102 - train/loss:0.14368806779384613 - train/lr(1e-3):0.009528377857557686
step:103 - train/loss:0.17229680716991425 - train/lr(1e-3):0.009511961478799423
step:104 - train/loss:0.14832431077957153 - train/lr(1e-3):0.009495278894937632
step:105 - train/loss:0.16668248176574707 - train/lr(1e-3):0.009478331090242457
step:106 - train/loss:0.15786197781562805 - train/lr(1e-3):0.00946111906463203
step:107 - train/loss:0.16316451132297516 - train/lr(1e-3):0.009443643833613482
step:108 - train/loss:0.15338708460330963 - train/lr(1e-3):0.009425906428223031
step:109 - train/loss:0.1511061042547226 - train/lr(1e-3):0.009407907894965139
step:110 - train/loss:0.15385308861732483 - train/lr(1e-3):0.009389649295750783
step:111 - train/loss:0.14877358078956604 - train/lr(1e-3):0.00937113170783479
step:112 - train/loss:0.1524815857410431 - train/lr(1e-3):0.00935235622375229
step:113 - train/loss:0.17247483134269714 - train/lr(1e-3):0.009333323951254247
step:114 - train/loss:0.162126824259758 - train/lr(1e-3):0.009314036013242108
Saving checkpoint to: SummarizeRL-SFT/global_step_114
Saved dataloader state to: SummarizeRL-SFT/global_step_114/data.pt
Updated checkpoint tracker: SummarizeRL-SFT/latest_checkpointed_iteration.txt
step:115 - train/loss:0.1616465151309967 - train/lr(1e-3):0.009294493547701546
step:116 - train/loss:0.1689937859773636 - train/lr(1e-3):0.009274697707635332
step:117 - train/loss:0.15879961848258972 - train/lr(1e-3):0.009254649660995292
step:118 - train/loss:0.14630644023418427 - train/lr(1e-3):0.0092343505906134
step:119 - train/loss:0.17209424078464508 - train/lr(1e-3):0.009213801694132013
step:120 - train/loss:0.1697283685207367 - train/lr(1e-3):0.009193004183933175
step:121 - train/loss:0.1424531787633896 - train/lr(1e-3):0.009171959287067115
step:122 - train/loss:0.14424178004264832 - train/lr(1e-3):0.00915066824517984
step:123 - train/loss:0.15130890905857086 - train/lr(1e-3):0.009129132314439877
step:124 - train/loss:0.16684171557426453 - train/lr(1e-3):0.009107352765464162
step:125 - train/loss:0.1713300347328186 - train/lr(1e-3):0.009085330883243073
step:126 - train/loss:0.15175281465053558 - train/lr(1e-3):0.00906306796706462
step:127 - train/loss:0.15145766735076904 - train/lr(1e-3):0.009040565330437778
step:128 - train/loss:0.15774783492088318 - train/lr(1e-3):0.009017824301014998
step:129 - train/loss:0.16571684181690216 - train/lr(1e-3):0.008994846220513872
step:130 - train/loss:0.1458771824836731 - train/lr(1e-3):0.008971632444637972
step:131 - train/loss:0.14989179372787476 - train/lr(1e-3):0.008948184342996868
step:132 - train/loss:0.15379881858825684 - train/lr(1e-3):0.008924503299025313
step:133 - train/loss:0.1567680388689041 - train/lr(1e-3):0.008900590709901629
step:134 - train/loss:0.17417210340499878 - train/lr(1e-3):0.00887644798646527
step:135 - train/loss:0.1575903743505478 - train/lr(1e-3):0.008852076553133576
step:136 - train/loss:0.15630166232585907 - train/lr(1e-3):0.008827477847817749
step:137 - train/loss:0.16587409377098083 - train/lr(1e-3):0.008802653321838005
step:138 - train/loss:0.15993595123291016 - train/lr(1e-3):0.008777604439837938
step:139 - train/loss:0.16170188784599304 - train/lr(1e-3):0.008752332679698127
step:140 - train/loss:0.14150971174240112 - train/lr(1e-3):0.00872683953244893
step:141 - train/loss:0.15508195757865906 - train/lr(1e-3):0.008701126502182504
step:142 - train/loss:0.1571703553199768 - train/lr(1e-3):0.008675195105964083
step:143 - train/loss:0.16791030764579773 - train/lr(1e-3):0.00864904687374246
step:144 - train/loss:0.14932815730571747 - train/lr(1e-3):0.008622683348259724
step:145 - train/loss:0.14586755633354187 - train/lr(1e-3):0.008596106084960229
step:146 - train/loss:0.1529434621334076 - train/lr(1e-3):0.008569316651898837
step:147 - train/loss:0.1531788408756256 - train/lr(1e-3):0.008542316629648399
step:148 - train/loss:0.14637064933776855 - train/lr(1e-3):0.008515107611206489
step:149 - train/loss:0.15567302703857422 - train/lr(1e-3):0.00848769120190144
step:150 - train/loss:0.16006916761398315 - train/lr(1e-3):0.008460069019297608
step:151 - train/loss:0.1604585498571396 - train/lr(1e-3):0.008432242693099947
step:152 - train/loss:0.16428504884243011 - train/lr(1e-3):0.008404213865057858
step:153 - train/loss:0.14640472829341888 - train/lr(1e-3):0.00837598418886832
step:154 - train/loss:0.1638772189617157 - train/lr(1e-3):0.008347555330078325
step:155 - train/loss:0.1487215757369995 - train/lr(1e-3):0.008318928965986617
step:156 - train/loss:0.1669788956642151 - train/lr(1e-3):0.008290106785544713
step:157 - train/loss:0.1744672954082489 - train/lr(1e-3):0.008261090489257277
step:158 - train/loss:0.15074466168880463 - train/lr(1e-3):0.008231881789081782
step:159 - train/loss:0.14595580101013184 - train/lr(1e-3):0.008202482408327496
step:160 - train/loss:0.15356099605560303 - train/lr(1e-3):0.008172894081553823
step:161 - train/loss:0.13615714013576508 - train/lr(1e-3):0.00814311855446795
step:162 - train/loss:0.1419186145067215 - train/lr(1e-3):0.008113157583821862
step:163 - train/loss:0.1704225242137909 - train/lr(1e-3):0.00808301293730868
step:164 - train/loss:0.15138420462608337 - train/lr(1e-3):0.008052686393458387
step:165 - train/loss:0.1615603119134903 - train/lr(1e-3):0.008022179741532874
step:166 - train/loss:0.1774037629365921 - train/lr(1e-3):0.007991494781420392
step:167 - train/loss:0.15678703784942627 - train/lr(1e-3):0.007960633323529342
step:168 - train/loss:0.15799832344055176 - train/lr(1e-3):0.007929597188681472
step:169 - train/loss:0.15191411972045898 - train/lr(1e-3):0.007898388208004448
step:170 - train/loss:0.1574014574289322 - train/lr(1e-3):0.00786700822282382
step:171 - train/loss:0.1485646665096283 - train/lr(1e-3):0.007835459084554375
step:172 - train/loss:0.1505398154258728 - train/lr(1e-3):0.0078037426545909064
step:173 - train/loss:0.14826208353042603 - train/lr(1e-3):0.007771860804198399
step:174 - train/loss:0.12981390953063965 - train/lr(1e-3):0.007739815414401618
step:175 - train/loss:0.16003887355327606 - train/lr(1e-3):0.0077076083758741325
step:176 - train/loss:0.15691642463207245 - train/lr(1e-3):0.007675241588826764
step:177 - train/loss:0.15680095553398132 - train/lr(1e-3):0.007642716962895473
step:178 - train/loss:0.15736998617649078 - train/lr(1e-3):0.007610036417028693
step:179 - train/loss:0.15683312714099884 - train/lr(1e-3):0.007577201879374114
step:180 - train/loss:0.15180841088294983 - train/lr(1e-3):0.007544215287164918
step:181 - train/loss:0.1435503512620926 - train/lr(1e-3):0.007511078586605485
step:182 - train/loss:0.15161165595054626 - train/lr(1e-3):0.0074777937327565654
step:183 - train/loss:0.15605910122394562 - train/lr(1e-3):0.007444362689419938
step:184 - train/loss:0.15736234188079834 - train/lr(1e-3):0.0074107874290225365
step:185 - train/loss:0.15603378415107727 - train/lr(1e-3):0.007377069932500085
step:186 - train/loss:0.15460650622844696 - train/lr(1e-3):0.007343212189180217
step:187 - train/loss:0.14730067551136017 - train/lr(1e-3):0.0073092161966651055
step:188 - train/loss:0.15081360936164856 - train/lr(1e-3):0.00727508396071361
step:189 - train/loss:0.15331001579761505 - train/lr(1e-3):0.007240817495122936
step:190 - train/loss:0.13951247930526733 - train/lr(1e-3):0.007206418821609812
step:191 - train/loss:0.1616123914718628 - train/lr(1e-3):0.007171889969691226
step:192 - train/loss:0.1402987837791443 - train/lr(1e-3):0.007137232976564663
step:193 - train/loss:0.1548645943403244 - train/lr(1e-3):0.007102449886987928
step:194 - train/loss:0.14824704825878143 - train/lr(1e-3):0.007067542753158499
step:195 - train/loss:0.15246586501598358 - train/lr(1e-3):0.0070325136345924435
step:196 - train/loss:0.1489109843969345 - train/lr(1e-3):0.00699736459800292
step:197 - train/loss:0.16741684079170227 - train/lr(1e-3):0.006962097717178222
step:198 - train/loss:0.15150633454322815 - train/lr(1e-3):0.006926715072859446
step:199 - train/loss:0.15713803470134735 - train/lr(1e-3):0.006891218752617716
step:200 - train/loss:0.1544911116361618 - train/lr(1e-3):0.0068556108507310184
step:201 - train/loss:0.14586135745048523 - train/lr(1e-3):0.006819893468060644
step:202 - train/loss:0.1483820080757141 - train/lr(1e-3):0.00678406871192723
step:203 - train/loss:0.14641150832176208 - train/lr(1e-3):0.006748138695986437
step:204 - train/loss:0.14041940867900848 - train/lr(1e-3):0.0067121055401042394
step:205 - train/loss:0.15076856315135956 - train/lr(1e-3):0.006675971370231852
step:206 - train/loss:0.1426924467086792 - train/lr(1e-3):0.006639738318280304
step:207 - train/loss:0.14616912603378296 - train/lr(1e-3):0.0066034085219946505
step:208 - train/loss:0.1547742784023285 - train/lr(1e-3):0.006566984124827851
step:209 - train/loss:0.14514723420143127 - train/lr(1e-3):0.006530467275814302
step:210 - train/loss:0.14202068746089935 - train/lr(1e-3):0.006493860129443047
step:211 - train/loss:0.1451393961906433 - train/lr(1e-3):0.006457164845530663
step:212 - train/loss:0.14546862244606018 - train/lr(1e-3):0.006420383589093828
step:213 - train/loss:0.14326047897338867 - train/lr(1e-3):0.006383518530221587
step:214 - train/loss:0.14621369540691376 - train/lr(1e-3):0.0063465718439473144
step:215 - train/loss:0.1585082858800888 - train/lr(1e-3):0.006309545710120398
step:216 - train/loss:0.15046589076519012 - train/lr(1e-3):0.006272442313277613
step:217 - train/loss:0.1533888280391693 - train/lr(1e-3):0.006235263842514242
step:218 - train/loss:0.1444459706544876 - train/lr(1e-3):0.006198012491354922
step:219 - train/loss:0.14250406622886658 - train/lr(1e-3):0.006160690457624223
step:220 - train/loss:0.1544884294271469 - train/lr(1e-3):0.006123299943316975
step:221 - train/loss:0.1604028046131134 - train/lr(1e-3):0.006085843154468355
step:222 - train/loss:0.14770358800888062 - train/lr(1e-3):0.006048322301023723
step:223 - train/loss:0.1502280980348587 - train/lr(1e-3):0.006010739596708251
step:224 - train/loss:0.14197316765785217 - train/lr(1e-3):0.005973097258896292
step:225 - train/loss:0.1526045948266983 - train/lr(1e-3):0.005935397508480578
step:226 - train/loss:0.1490708887577057 - train/lr(1e-3):0.005897642569741171
step:227 - train/loss:0.1593276858329773 - train/lr(1e-3):0.005859834670214236
step:228 - train/loss:0.1180950328707695 - train/lr(1e-3):0.0058219760405606195
Saving checkpoint to: SummarizeRL-SFT/global_step_228
Saved dataloader state to: SummarizeRL-SFT/global_step_228/data.pt
Updated checkpoint tracker: SummarizeRL-SFT/latest_checkpointed_iteration.txt
step:229 - train/loss:0.11551589518785477 - train/lr(1e-3):0.005784068914434239
step:230 - train/loss:0.12280245125293732 - train/lr(1e-3):0.005746115528350296
step:231 - train/loss:0.1174338161945343 - train/lr(1e-3):0.0057081181215533185
step:232 - train/loss:0.11640472710132599 - train/lr(1e-3):0.005670078935885058
step:233 - train/loss:0.11985009908676147 - train/lr(1e-3):0.005632000215652211
step:234 - train/loss:0.11396781355142593 - train/lr(1e-3):0.005593884207494008
step:235 - train/loss:0.11608392745256424 - train/lr(1e-3):0.005555733160249658
step:236 - train/loss:0.11894021928310394 - train/lr(1e-3):0.005517549324825678
step:237 - train/loss:0.11779670417308807 - train/lr(1e-3):0.005479334954063076
step:238 - train/loss:0.11369812488555908 - train/lr(1e-3):0.005441092302604447
step:239 - train/loss:0.11832905560731888 - train/lr(1e-3):0.00540282362676094
step:240 - train/loss:0.10824263095855713 - train/lr(1e-3):0.005364531184379139
step:241 - train/loss:0.11586304008960724 - train/lr(1e-3):0.005326217234707852
step:242 - train/loss:0.11216021329164505 - train/lr(1e-3):0.005287884038264814
step:243 - train/loss:0.12008136510848999 - train/lr(1e-3):0.005249533856703311
step:244 - train/loss:0.10211052000522614 - train/lr(1e-3):0.005211168952678762
step:245 - train/loss:0.10499879717826843 - train/lr(1e-3):0.005172791589715194
step:246 - train/loss:0.11794208735227585 - train/lr(1e-3):0.005134404032071719
step:247 - train/loss:0.1124640703201294 - train/lr(1e-3):0.005096008544608932
step:248 - train/loss:0.1051124855875969 - train/lr(1e-3):0.005057607392655284
step:249 - train/loss:0.10880721360445023 - train/lr(1e-3):0.005019202841873434
step:250 - train/loss:0.11455121636390686 - train/lr(1e-3):0.004980797158126567
step:251 - train/loss:0.11792441457509995 - train/lr(1e-3):0.004942392607344717
step:252 - train/loss:0.12000958621501923 - train/lr(1e-3):0.004903991455391071
step:253 - train/loss:0.1116793230175972 - train/lr(1e-3):0.004865595967928283
step:254 - train/loss:0.10844627767801285 - train/lr(1e-3):0.004827208410284809
step:255 - train/loss:0.11719343066215515 - train/lr(1e-3):0.004788831047321239
step:256 - train/loss:0.117751844227314 - train/lr(1e-3):0.00475046614329669
step:257 - train/loss:0.11054795980453491 - train/lr(1e-3):0.004712115961735189
step:258 - train/loss:0.10326869785785675 - train/lr(1e-3):0.0046737827652921496
step:259 - train/loss:0.10195765644311905 - train/lr(1e-3):0.004635468815620862
step:260 - train/loss:0.10572133958339691 - train/lr(1e-3):0.004597176373239061
step:261 - train/loss:0.1165386289358139 - train/lr(1e-3):0.004558907697395554
step:262 - train/loss:0.11071266233921051 - train/lr(1e-3):0.004520665045936926
step:263 - train/loss:0.1218094453215599 - train/lr(1e-3):0.004482450675174324
step:264 - train/loss:0.10827521979808807 - train/lr(1e-3):0.004444266839750344
step:265 - train/loss:0.11160966008901596 - train/lr(1e-3):0.0044061157925059935
step:266 - train/loss:0.11382481455802917 - train/lr(1e-3):0.004367999784347791
step:267 - train/loss:0.11506924778223038 - train/lr(1e-3):0.004329921064114943
step:268 - train/loss:0.11684710532426834 - train/lr(1e-3):0.004291881878446683
step:269 - train/loss:0.1026582270860672 - train/lr(1e-3):0.0042538844716497074
step:270 - train/loss:0.11915747821331024 - train/lr(1e-3):0.004215931085565762
step:271 - train/loss:0.10740108788013458 - train/lr(1e-3):0.004178023959439382
step:272 - train/loss:0.11480309814214706 - train/lr(1e-3):0.004140165329785766
step:273 - train/loss:0.11451655626296997 - train/lr(1e-3):0.004102357430258831
step:274 - train/loss:0.11309458315372467 - train/lr(1e-3):0.004064602491519423
step:275 - train/loss:0.11227747052907944 - train/lr(1e-3):0.004026902741103709
step:276 - train/loss:0.10664385557174683 - train/lr(1e-3):0.003989260403291752
step:277 - train/loss:0.12373856455087662 - train/lr(1e-3):0.0039516776989762786
step:278 - train/loss:0.10430785268545151 - train/lr(1e-3):0.003914156845531647
step:279 - train/loss:0.11292661726474762 - train/lr(1e-3):0.003876700056683026
step:280 - train/loss:0.11863848567008972 - train/lr(1e-3):0.0038393095423757766
step:281 - train/loss:0.11050141602754593 - train/lr(1e-3):0.0038019875086450793
step:282 - train/loss:0.1134994700551033 - train/lr(1e-3):0.003764736157485761
step:283 - train/loss:0.11402866989374161 - train/lr(1e-3):0.0037275576867223897
step:284 - train/loss:0.10591071844100952 - train/lr(1e-3):0.0036904542898796035
step:285 - train/loss:0.09938886016607285 - train/lr(1e-3):0.0036534281560526853
step:286 - train/loss:0.11531641334295273 - train/lr(1e-3):0.0036164814697784158
step:287 - train/loss:0.10637553036212921 - train/lr(1e-3):0.003579616410906174
step:288 - train/loss:0.10319560021162033 - train/lr(1e-3):0.0035428351544693373
step:289 - train/loss:0.10426881164312363 - train/lr(1e-3):0.0035061398705569543
step:290 - train/loss:0.10713309049606323 - train/lr(1e-3):0.003469532724185699
step:291 - train/loss:0.10469342023134232 - train/lr(1e-3):0.003433015875172151
step:292 - train/loss:0.10822518169879913 - train/lr(1e-3):0.0033965914780053497
step:293 - train/loss:0.11341286450624466 - train/lr(1e-3):0.0033602616817196966
step:294 - train/loss:0.10759522765874863 - train/lr(1e-3):0.003324028629768149
step:295 - train/loss:0.11522587388753891 - train/lr(1e-3):0.0032878944598957608
step:296 - train/loss:0.11019856482744217 - train/lr(1e-3):0.0032518613040135643
step:297 - train/loss:0.10815022140741348 - train/lr(1e-3):0.0032159312880727727
step:298 - train/loss:0.11417701095342636 - train/lr(1e-3):0.003180106531939358
step:299 - train/loss:0.09575429558753967 - train/lr(1e-3):0.003144389149268983
step:300 - train/loss:0.10349345207214355 - train/lr(1e-3):0.0031087812473822845
step:301 - train/loss:0.11455664783716202 - train/lr(1e-3):0.003073284927140555
step:302 - train/loss:0.0990985780954361 - train/lr(1e-3):0.003037902282821781
step:303 - train/loss:0.11031363904476166 - train/lr(1e-3):0.0030026354019970823
step:304 - train/loss:0.1144290566444397 - train/lr(1e-3):0.0029674863654075576
step:305 - train/loss:0.09783885627985 - train/lr(1e-3):0.0029324572468415024
step:306 - train/loss:0.10931660234928131 - train/lr(1e-3):0.0028975501130120724
step:307 - train/loss:0.11143652349710464 - train/lr(1e-3):0.0028627670234353387
step:308 - train/loss:0.11218784749507904 - train/lr(1e-3):0.002828110030308775
step:309 - train/loss:0.10933715105056763 - train/lr(1e-3):0.002793581178390188
step:310 - train/loss:0.11158736050128937 - train/lr(1e-3):0.002759182504877065
step:311 - train/loss:0.10403639823198318 - train/lr(1e-3):0.0027249160392863905
step:312 - train/loss:0.1238933652639389 - train/lr(1e-3):0.0026907838033348973
step:313 - train/loss:0.11854414641857147 - train/lr(1e-3):0.002656787810819784
step:314 - train/loss:0.10427094250917435 - train/lr(1e-3):0.0026229300674999157
step:315 - train/loss:0.11033962666988373 - train/lr(1e-3):0.0025892125709774633
step:316 - train/loss:0.10287842899560928 - train/lr(1e-3):0.0025556373105800638
step:317 - train/loss:0.11001816391944885 - train/lr(1e-3):0.0025222062672434365
step:318 - train/loss:0.10096132010221481 - train/lr(1e-3):0.0024889214133945172
step:319 - train/loss:0.10676944255828857 - train/lr(1e-3):0.0024557847128350843
step:320 - train/loss:0.10736798495054245 - train/lr(1e-3):0.0024227981206258863
step:321 - train/loss:0.10153613239526749 - train/lr(1e-3):0.002389963582971308
step:322 - train/loss:0.1063094437122345 - train/lr(1e-3):0.002357283037104529
step:323 - train/loss:0.1092039942741394 - train/lr(1e-3):0.002324758411173237
step:324 - train/loss:0.11050664633512497 - train/lr(1e-3):0.002292391624125869
step:325 - train/loss:0.10886222869157791 - train/lr(1e-3):0.002260184585598383
step:326 - train/loss:0.10983481258153915 - train/lr(1e-3):0.0022281391958016033
step:327 - train/loss:0.11191007494926453 - train/lr(1e-3):0.002196257345409097
step:328 - train/loss:0.10440824180841446 - train/lr(1e-3):0.002164540915445627
step:329 - train/loss:0.0988868921995163 - train/lr(1e-3):0.0021329917771761805
step:330 - train/loss:0.1096612736582756 - train/lr(1e-3):0.0021016117919955514
step:331 - train/loss:0.10206492245197296 - train/lr(1e-3):0.002070402811318531
step:332 - train/loss:0.10848116874694824 - train/lr(1e-3):0.002039366676470661
step:333 - train/loss:0.10348746180534363 - train/lr(1e-3):0.00200850521857961
step:334 - train/loss:0.10804884135723114 - train/lr(1e-3):0.0019778202584671252
step:335 - train/loss:0.10602056235074997 - train/lr(1e-3):0.0019473136065416136
step:336 - train/loss:0.1163678765296936 - train/lr(1e-3):0.0019169870626913194
step:337 - train/loss:0.10848277062177658 - train/lr(1e-3):0.00188684241617814
step:338 - train/loss:0.10268434882164001 - train/lr(1e-3):0.00185688144553205
step:339 - train/loss:0.10563049465417862 - train/lr(1e-3):0.0018271059184461781
step:340 - train/loss:0.11668204516172409 - train/lr(1e-3):0.0017975175916725033
step:341 - train/loss:0.10073696076869965 - train/lr(1e-3):0.0017681182109182193
step:342 - train/loss:0.10790057480335236 - train/lr(1e-3):0.001738909510742724
Saving checkpoint to: SummarizeRL-SFT/global_step_342
Saved dataloader state to: SummarizeRL-SFT/global_step_342/data.pt
Updated checkpoint tracker: SummarizeRL-SFT/latest_checkpointed_iteration.txt
step:343 - train/loss:0.10314691066741943 - train/lr(1e-3):0.001709893214455288
step:344 - train/loss:0.102664515376091 - train/lr(1e-3):0.0016810710340133851
step:345 - train/loss:0.11389554291963577 - train/lr(1e-3):0.0016524446699216736
step:346 - train/loss:0.11993896961212158 - train/lr(1e-3):0.0016240158111316806
step:347 - train/loss:0.111904576420784 - train/lr(1e-3):0.001595786134942144
step:348 - train/loss:0.10261636972427368 - train/lr(1e-3):0.001567757306900054
step:349 - train/loss:0.10849106311798096 - train/lr(1e-3):0.0015399309807023942
step:350 - train/loss:0.10629905015230179 - train/lr(1e-3):0.0015123087980985605
step:351 - train/loss:0.10494367778301239 - train/lr(1e-3):0.0014848923887935113
step:352 - train/loss:0.10112796723842621 - train/lr(1e-3):0.0014576833703516038
step:353 - train/loss:0.10895950347185135 - train/lr(1e-3):0.001430683348101163
step:354 - train/loss:0.106752410531044 - train/lr(1e-3):0.0014038939150397723
step:355 - train/loss:0.09937307238578796 - train/lr(1e-3):0.0013773166517402763
step:356 - train/loss:0.11365758627653122 - train/lr(1e-3):0.0013509531262575392
step:357 - train/loss:0.10355544835329056 - train/lr(1e-3):0.0013248048940359182
step:358 - train/loss:0.10183315724134445 - train/lr(1e-3):0.0012988734978174978
step:359 - train/loss:0.10803399980068207 - train/lr(1e-3):0.001273160467551073
step:360 - train/loss:0.11017435789108276 - train/lr(1e-3):0.001247667320301873
step:361 - train/loss:0.12234494090080261 - train/lr(1e-3):0.0012223955601620637
step:362 - train/loss:0.10524982959032059 - train/lr(1e-3):0.0011973466781619985
step:363 - train/loss:0.11014242470264435 - train/lr(1e-3):0.0011725221521822517
step:364 - train/loss:0.09843834489583969 - train/lr(1e-3):0.0011479234468664264
step:365 - train/loss:0.10395734012126923 - train/lr(1e-3):0.0011235520135347333
step:366 - train/loss:0.09587559103965759 - train/lr(1e-3):0.0010994092900983733
step:367 - train/loss:0.10392347723245621 - train/lr(1e-3):0.001075496700974688
step:368 - train/loss:0.10878143459558487 - train/lr(1e-3):0.0010518156570031335
step:369 - train/loss:0.10037190467119217 - train/lr(1e-3):0.0010283675553620281
step:370 - train/loss:0.10713201016187668 - train/lr(1e-3):0.0010051537794861288
step:371 - train/loss:0.10536253452301025 - train/lr(1e-3):0.0009821756989850017
step:372 - train/loss:0.109285868704319 - train/lr(1e-3):0.0009594346695622219
step:373 - train/loss:0.1004917323589325 - train/lr(1e-3):0.0009369320329353793
step:374 - train/loss:0.11542514711618423 - train/lr(1e-3):0.0009146691167569266
step:375 - train/loss:0.10330604016780853 - train/lr(1e-3):0.0008926472345358383
step:376 - train/loss:0.10623966157436371 - train/lr(1e-3):0.000870867685560124
step:377 - train/loss:0.10427116602659225 - train/lr(1e-3):0.0008493317548201606
step:378 - train/loss:0.1136157214641571 - train/lr(1e-3):0.0008280407129328843
step:379 - train/loss:0.1150260716676712 - train/lr(1e-3):0.0008069958160668257
step:380 - train/loss:0.09406670928001404 - train/lr(1e-3):0.0007861983058679873
step:381 - train/loss:0.09762763231992722 - train/lr(1e-3):0.0007656494093865985
step:382 - train/loss:0.1019601821899414 - train/lr(1e-3):0.0007453503390047106
step:383 - train/loss:0.093045674264431 - train/lr(1e-3):0.000725302292364668
step:384 - train/loss:0.10164695978164673 - train/lr(1e-3):0.0007055064522984545
step:385 - train/loss:0.10823951661586761 - train/lr(1e-3):0.0006859639867578938
step:386 - train/loss:0.1093701496720314 - train/lr(1e-3):0.0006666760487457547
step:387 - train/loss:0.11990173906087875 - train/lr(1e-3):0.0006476437762477117
step:388 - train/loss:0.10060504078865051 - train/lr(1e-3):0.0006288682921652106
step:389 - train/loss:0.10408452153205872 - train/lr(1e-3):0.000610350704249219
step:390 - train/loss:0.10842010378837585 - train/lr(1e-3):0.0005920921050348627
step:391 - train/loss:0.1041581928730011 - train/lr(1e-3):0.0005740935717769707
step:392 - train/loss:0.1039123609662056 - train/lr(1e-3):0.0005563561663865192
step:393 - train/loss:0.10896776616573334 - train/lr(1e-3):0.0005388809353679714
step:394 - train/loss:0.10159064084291458 - train/lr(1e-3):0.0005216689097575445
step:395 - train/loss:0.11024867743253708 - train/lr(1e-3):0.0005047211050623685
step:396 - train/loss:0.11443967372179031 - train/lr(1e-3):0.0004880385212005778
step:397 - train/loss:0.10853831470012665 - train/lr(1e-3):0.00047162214244231455
step:398 - train/loss:0.1054968610405922 - train/lr(1e-3):0.0004554729373516553
step:399 - train/loss:0.10747277736663818 - train/lr(1e-3):0.00043959185872947005
step:400 - train/loss:0.10109110176563263 - train/lr(1e-3):0.000423979843557199
step:401 - train/loss:0.10351549088954926 - train/lr(1e-3):0.0004086378129415819
step:402 - train/loss:0.10865368694067001 - train/lr(1e-3):0.0003935666720603027
step:403 - train/loss:0.1122603714466095 - train/lr(1e-3):0.00037876731010859095
step:404 - train/loss:0.1080007329583168 - train/lr(1e-3):0.00036424060024675415
step:405 - train/loss:0.09642623364925385 - train/lr(1e-3):0.0003499873995486691
step:406 - train/loss:0.11056938022375107 - train/lr(1e-3):0.00033600854895120323
step:407 - train/loss:0.11019034683704376 - train/lr(1e-3):0.0003223048732046125
step:408 - train/loss:0.10954902321100235 - train/lr(1e-3):0.00030887718082386884
step:409 - train/loss:0.09663741290569305 - train/lr(1e-3):0.00029572626404096916
step:410 - train/loss:0.10442574322223663 - train/lr(1e-3):0.00028285289875818414
step:411 - train/loss:0.1131260022521019 - train/lr(1e-3):0.0002702578445022852
step:412 - train/loss:0.10306259989738464 - train/lr(1e-3):0.00025794184437973435
step:413 - train/loss:0.11010383814573288 - train/lr(1e-3):0.00024590562503283396
step:414 - train/loss:0.11015566438436508 - train/lr(1e-3):0.00023414989659686415
step:415 - train/loss:0.1051541417837143 - train/lr(1e-3):0.00022267535265817597
step:416 - train/loss:0.10558169335126877 - train/lr(1e-3):0.00021148267021327497
step:417 - train/loss:0.10680130124092102 - train/lr(1e-3):0.00020057250962887964
