swanlab: Tracking run with swanlab version 0.5.3
swanlab: Run data will be saved locally in /root/paddlejob/workspace/env_run/output/SummarizeRL/verl/swanlog/run-20251108_113324-4a696951
swanlab: 🌟 Run `swanlab watch /root/paddlejob/workspace/env_run/output/SummarizeRL/verl/swanlog` to view SwanLab Experiment Dashboard locally
Checkpoint tracker file does not exist: /root/paddlejob/workspace/env_run/output/SummarizeRL-ckpt/latest_checkpointed_iteration.txt
Training from scratch
calculating InfoCover scores...
开始抓取覆盖率评估, 数量512, 并发数128
InfoCover scores calculated.
calculating Conciseness and Fluency scores...
开始抓取简洁性、流畅性评估, 数量512, 并发数512
Conciseness and Fluency scores calculated.
calculating format scores...
format scores calculated.
calculating length scores...
length scores calculated.
step:1 - global_seqlen/min:102880 - global_seqlen/max:150322 - global_seqlen/minmax_diff:47442 - global_seqlen/balanced_min:129297 - global_seqlen/balanced_max:129298 - global_seqlen/mean:129297.25 - cover/rewards/mean:0.3364778442857695 - cover/rewards/var:0.07194439233954644 - cover/rewards/max:0.9642857142857143 - cover/rewards/min:0.0 - cf/rewards/mean:0.44908916015625 - cf/rewards/var:0.14171987725066187 - cf/rewards/max:0.975 - cf/rewards/min:0.0 - format/rewards/mean:-0.564453125 - format/rewards/var:0.24584579467773438 - format/rewards/max:0.0 - format/rewards/min:-1.0 - json/format/rewards/mean:-0.208984375 - json/format/rewards/var:0.16530990600585938 - json/format/rewards/max:0 - json/format/rewards/min:-1 - length/rewards/mean:-0.29887158203124997 - length/rewards/var:0.15618156297659871 - length/rewards/max:0.0 - length/rewards/min:-1.0 - cot/length/mean:97.115234375 - cot/length/var:9611.531642913818 - cot/length/max:897 - cot/length/min:8 - answer/length/mean:232.484375 - answer/length/var:28531.222412109375 - answer/length/max:1878 - answer/length/min:0 - actor/entropy:2.622004747390747 - actor/kl_loss:0.0006976230520194804 - actor/kl_coef:0.0 - actor/pg_loss:0.2306947923352709 - actor/pg_clipfrac:0.0 - actor/ppo_kl:0.0 - actor/pg_clipfrac_lower:0.0 - actor/grad_norm:0.42672187089920044 - perf/mfu/actor:0.1456584888002282 - perf/max_memory_allocated_gb:57.34451675415039 - perf/max_memory_reserved_gb:77.23046875 - perf/cpu_memory_used_gb:72.10055160522461 - actor/lr:1e-06 - training/global_step:1 - training/epoch:0 - critic/score/mean:-0.5570589900016785 - critic/score/max:0.38449999690055847 - critic/score/min:-1.0 - critic/rewards/mean:-0.5570589900016785 - critic/rewards/max:0.38449999690055847 - critic/rewards/min:-1.0 - critic/advantages/mean:-0.21494148671627045 - critic/advantages/max:2.3179237842559814 - critic/advantages/min:-2.1241817474365234 - critic/returns/mean:-0.21494148671627045 - critic/returns/max:2.3179237842559814 - critic/returns/min:-2.1241817474365234 - response_length/mean:837.76953125 - response_length/max:2048.0 - response_length/min:102.0 - response_length/clip_ratio:0.150390625 - prompt_length/mean:1182.5 - prompt_length/max:3453.0 - prompt_length/min:447.0 - prompt_length/clip_ratio:0.0 - timing_s/start_profile:2.3846980184316635e-05 - timing_s/generate_sequences:62.50400924682617 - timing_s/reshard:3.6011459827423096 - timing_s/gen:70.92274352198001 - timing_s/reward:426.33694946201285 - timing_s/old_log_prob:34.3512390780088 - timing_s/ref:37.19096900898148 - timing_s/adv:0.013025764026679099 - timing_s/update_actor:86.47280254799989 - timing_s/step:655.3464781499933 - timing_s/stop_profile:7.233000360429287e-06 - timing_per_token_ms/ref:0.0359549110760104 - timing_per_token_ms/gen:0.16534497648140292 - timing_per_token_ms/adv:1.2592847128108969e-05 - timing_per_token_ms/update_actor:0.08359884157242313 - perf/total_num_tokens:1034378 - perf/time_per_step:655.3464781499933 - perf/throughput:197.29601716179042
calculating InfoCover scores...
开始抓取覆盖率评估, 数量512, 并发数128
InfoCover scores calculated.
calculating Conciseness and Fluency scores...
开始抓取简洁性、流畅性评估, 数量512, 并发数512
Conciseness and Fluency scores calculated.
calculating format scores...
format scores calculated.
calculating length scores...
length scores calculated.
step:2 - global_seqlen/min:106391 - global_seqlen/max:130233 - global_seqlen/minmax_diff:23842 - global_seqlen/balanced_min:115601 - global_seqlen/balanced_max:115601 - global_seqlen/mean:115601.0 - cover/rewards/mean:0.39415363654506447 - cover/rewards/var:0.06210539219876801 - cover/rewards/max:0.95 - cover/rewards/min:0.0 - cf/rewards/mean:0.16522806640624998 - cf/rewards/var:0.08093178944059716 - cf/rewards/max:0.96 - cf/rewards/min:0.0 - format/rewards/mean:-0.5625 - format/rewards/var:0.24609375 - format/rewards/max:0.0 - format/rewards/min:-1.0 - json/format/rewards/mean:-0.271484375 - json/format/rewards/var:0.19778060913085938 - json/format/rewards/max:0 - json/format/rewards/min:-1 - length/rewards/mean:-0.30700537109375003 - length/rewards/var:0.16314512802290915 - length/rewards/max:0.0 - length/rewards/min:-1.0 - cot/length/mean:96.705078125 - cot/length/var:7318.8720054626465 - cot/length/max:554 - cot/length/min:11 - answer/length/mean:248.869140625 - answer/length/var:64539.430141448975 - answer/length/max:2017 - answer/length/min:0 - actor/entropy:2.647799253463745 - actor/kl_loss:0.0007651966893718054 - actor/kl_coef:0.0 - actor/pg_loss:0.06594764314650092 - actor/pg_clipfrac:0.0 - actor/ppo_kl:0.0 - actor/pg_clipfrac_lower:0.0 - actor/grad_norm:0.46698281168937683 - perf/mfu/actor:0.14553462620837782 - perf/max_memory_allocated_gb:59.85821723937988 - perf/max_memory_reserved_gb:77.71484375 - perf/cpu_memory_used_gb:72.61074829101562 - actor/lr:1e-06 - training/global_step:2 - training/epoch:0 - critic/score/mean:-0.5758243203163147 - critic/score/max:0.339861124753952 - critic/score/min:-1.0 - critic/rewards/mean:-0.5758243203163147 - critic/rewards/max:0.339861124753952 - critic/rewards/min:-1.0 - critic/advantages/mean:-0.200154647231102 - critic/advantages/max:2.3710134029388428 - critic/advantages/min:-2.239893674850464 - critic/returns/mean:-0.200154647231102 - critic/returns/max:2.3710134029388428 - critic/returns/min:-2.239893674850464 - response_length/mean:757.90625 - response_length/max:2048.0 - response_length/min:33.0 - response_length/clip_ratio:0.109375 - prompt_length/mean:1048.359375 - prompt_length/max:2587.0 - prompt_length/min:466.0 - prompt_length/clip_ratio:0.0 - timing_s/start_profile:6.490008672699332e-06 - timing_s/generate_sequences:54.82583236694336 - timing_s/reshard:1.307990312576294 - timing_s/gen:59.13099619199056 - timing_s/reward:500.82120122600463 - timing_s/old_log_prob:32.14600300102029 - timing_s/ref:18.417724364990136 - timing_s/adv:0.013993517990456894 - timing_s/update_actor:76.33215594899957 - timing_s/step:686.9239670549869 - timing_s/stop_profile:8.179980795830488e-06 - timing_per_token_ms/ref:0.019915187114503914 - timing_per_token_ms/gen:0.15238062351046922 - timing_per_token_ms/adv:1.5131268317809636e-05 - timing_per_token_ms/update_actor:0.08253838196576972 - perf/total_num_tokens:924808 - perf/time_per_step:686.9239670549869 - perf/throughput:168.2879118275784
calculating InfoCover scores...
开始抓取覆盖率评估, 数量512, 并发数128
InfoCover scores calculated.
calculating Conciseness and Fluency scores...
开始抓取简洁性、流畅性评估, 数量512, 并发数512
Conciseness and Fluency scores calculated.
calculating format scores...
format scores calculated.
calculating length scores...
length scores calculated.
step:3 - global_seqlen/min:99884 - global_seqlen/max:132424 - global_seqlen/minmax_diff:32540 - global_seqlen/balanced_min:114380 - global_seqlen/balanced_max:114381 - global_seqlen/mean:114380.125 - cover/rewards/mean:0.3498892210113357 - cover/rewards/var:0.07602251076364017 - cover/rewards/max:1.0 - cover/rewards/min:0.0 - cf/rewards/mean:0.1826501953125 - cf/rewards/var:0.08568058819332122 - cf/rewards/max:0.9725 - cf/rewards/min:0.0 - format/rewards/mean:-0.51953125 - format/rewards/var:0.2496185302734375 - format/rewards/max:0.0 - format/rewards/min:-1.0 - json/format/rewards/mean:-0.234375 - json/format/rewards/var:0.179443359375 - json/format/rewards/max:0 - json/format/rewards/min:-1 - length/rewards/mean:-0.32152587890624995 - length/rewards/var:0.1581479826066494 - length/rewards/max:0.0 - length/rewards/min:-1.0 - cot/length/mean:101.080078125 - cot/length/var:26370.351009368896 - cot/length/max:2046 - cot/length/min:0 - answer/length/mean:282.408203125 - answer/length/var:94086.71813583374 - answer/length/max:2046 - answer/length/min:0 - actor/entropy:2.788376808166504 - actor/kl_loss:0.0008024953413041658 - actor/kl_coef:0.0 - actor/pg_loss:-0.022419879198423587 - actor/pg_clipfrac:0.0 - actor/ppo_kl:0.0 - actor/pg_clipfrac_lower:0.0 - actor/grad_norm:1.0782337188720703 - perf/mfu/actor:0.14747077614097434 - perf/max_memory_allocated_gb:59.85821723937988 - perf/max_memory_reserved_gb:78.771484375 - perf/cpu_memory_used_gb:72.51800155639648 - actor/lr:1e-06 - training/global_step:3 - training/epoch:0 - critic/score/mean:-0.5871157050132751 - critic/score/max:0.28200000524520874 - critic/score/min:-1.0 - critic/rewards/mean:-0.5871157050132751 - critic/rewards/max:0.28200000524520874 - critic/rewards/min:-1.0 - critic/advantages/mean:-0.21959491074085236 - critic/advantages/max:2.262925624847412 - critic/advantages/min:-2.2310006618499756 - critic/returns/mean:-0.21959491074085236 - critic/returns/max:2.262925624847412 - critic/returns/min:-2.2310006618499756 - response_length/mean:771.314453125 - response_length/max:2048.0 - response_length/min:1.0 - response_length/clip_ratio:0.125 - prompt_length/mean:1015.875 - prompt_length/max:2132.0 - prompt_length/min:536.0 - prompt_length/clip_ratio:0.0 - timing_s/start_profile:5.184992915019393e-06 - timing_s/generate_sequences:55.58173751831055 - timing_s/reshard:0.9863879680633545 - timing_s/gen:57.93647660900024 - timing_s/reward:394.8408148709859 - timing_s/old_log_prob:30.696838311996544 - timing_s/ref:18.019281086017145 - timing_s/adv:0.015805954986717552 - timing_s/update_actor:74.44580891801161 - timing_s/step:576.0207689149829 - timing_s/stop_profile:5.174020770937204e-06 - timing_per_token_ms/ref:0.01969232098454293 - timing_per_token_ms/gen:0.1467069369937182 - timing_per_token_ms/adv:1.7273493741501804e-05 - timing_per_token_ms/update_actor:0.08135789425611706 - perf/total_num_tokens:915041 - perf/time_per_step:576.0207689149829 - perf/throughput:198.56944605565394
calculating InfoCover scores...
开始抓取覆盖率评估, 数量512, 并发数128
InfoCover scores calculated.
calculating Conciseness and Fluency scores...
开始抓取简洁性、流畅性评估, 数量512, 并发数512
Conciseness and Fluency scores calculated.
calculating format scores...
format scores calculated.
calculating length scores...
length scores calculated.
step:4 - global_seqlen/min:96209 - global_seqlen/max:134020 - global_seqlen/minmax_diff:37811 - global_seqlen/balanced_min:108552 - global_seqlen/balanced_max:108553 - global_seqlen/mean:108552.625 - cover/rewards/mean:0.3962354885513021 - cover/rewards/var:0.06388228308135946 - cover/rewards/max:1.0 - cover/rewards/min:0.0 - cf/rewards/mean:0.15802594140625004 - cf/rewards/var:0.07652415666517626 - cf/rewards/max:0.9695 - cf/rewards/min:0.0 - format/rewards/mean:-0.48046875 - format/rewards/var:0.2496185302734375 - format/rewards/max:0.0 - format/rewards/min:-1.0 - json/format/rewards/mean:-0.318359375 - json/format/rewards/var:0.21700668334960938 - json/format/rewards/max:0 - json/format/rewards/min:-1 - length/rewards/mean:-0.37239208984374994 - length/rewards/var:0.1787631010262966 - length/rewards/max:0.0 - length/rewards/min:-1.0 - cot/length/mean:95.541015625 - cot/length/var:12942.814723968506 - cot/length/max:1568 - cot/length/min:0 - answer/length/mean:308.99609375 - answer/length/var:132287.3827972412 - answer/length/max:2044 - answer/length/min:0 - actor/entropy:2.939443826675415 - actor/kl_loss:0.0009318629709014203 - actor/kl_coef:0.0 - actor/pg_loss:0.1762598383902514 - actor/pg_clipfrac:0.0 - actor/ppo_kl:0.0 - actor/pg_clipfrac_lower:0.0 - actor/grad_norm:0.44166886806488037 - perf/mfu/actor:0.13660509768613358 - perf/max_memory_allocated_gb:60.82427358627319 - perf/max_memory_reserved_gb:79.013671875 - perf/cpu_memory_used_gb:72.41129684448242 - actor/lr:1e-06 - training/global_step:4 - training/epoch:0 - critic/score/mean:-0.5726265907287598 - critic/score/max:0.32199999690055847 - critic/score/min:-1.0 - critic/rewards/mean:-0.5726265907287598 - critic/rewards/max:0.32199999690055847 - critic/rewards/min:-1.0 - critic/advantages/mean:-0.1315288096666336 - critic/advantages/max:2.3870370388031006 - critic/advantages/min:-2.2757728099823 - critic/returns/mean:-0.1315288096666336 - critic/returns/max:2.3870370388031006 - critic/returns/min:-2.2757728099823 - response_length/mean:716.603515625 - response_length/max:2048.0 - response_length/min:55.0 - response_length/clip_ratio:0.119140625 - prompt_length/mean:979.53125 - prompt_length/max:3936.0 - prompt_length/min:497.0 - prompt_length/clip_ratio:0.0 - timing_s/start_profile:9.005016181617975e-06 - timing_s/generate_sequences:54.36302185058594 - timing_s/reshard:0.999692440032959 - timing_s/gen:57.032815323007526 - timing_s/reward:489.2460309540038 - timing_s/old_log_prob:30.298236461007036 - timing_s/ref:18.494165654003154 - timing_s/adv:0.013504945003660396 - timing_s/update_actor:76.30509346499457 - timing_s/step:671.4570742229989 - timing_s/stop_profile:6.696005584672093e-06 - timing_per_token_ms/ref:0.021296313255901405 - timing_per_token_ms/gen:0.15544469849634512 - timing_per_token_ms/adv:1.5551149734587712e-05 - timing_per_token_ms/update_actor:0.08786647658796203 - perf/total_num_tokens:868421 - perf/time_per_step:671.4570742229989 - perf/throughput:161.66725940837787
calculating InfoCover scores...
开始抓取覆盖率评估, 数量512, 并发数128
InfoCover scores calculated.
calculating Conciseness and Fluency scores...
开始抓取简洁性、流畅性评估, 数量512, 并发数512
Conciseness and Fluency scores calculated.
calculating format scores...
format scores calculated.
calculating length scores...
length scores calculated.
step:5 - global_seqlen/min:90092 - global_seqlen/max:126707 - global_seqlen/minmax_diff:36615 - global_seqlen/balanced_min:104912 - global_seqlen/balanced_max:104913 - global_seqlen/mean:104912.5 - cover/rewards/mean:0.3739918036409897 - cover/rewards/var:0.06304412316278629 - cover/rewards/max:1.0 - cover/rewards/min:0.0 - cf/rewards/mean:0.20687109375 - cf/rewards/var:0.08397485097106935 - cf/rewards/max:0.96 - cf/rewards/min:0.0 - format/rewards/mean:-0.4453125 - format/rewards/var:0.24700927734375 - format/rewards/max:0.0 - format/rewards/min:-1.0 - json/format/rewards/mean:-0.28515625 - json/format/rewards/var:0.2038421630859375 - json/format/rewards/max:0 - json/format/rewards/min:-1 - length/rewards/mean:-0.39709619140625 - length/rewards/var:0.18078887612318995 - length/rewards/max:0.0 - length/rewards/min:-1.0 - cot/length/mean:105.048828125 - cot/length/var:28344.36675643921 - cot/length/max:2044 - cot/length/min:9 - answer/length/mean:287.8515625 - answer/length/var:103480.9193725586 - answer/length/max:2043 - answer/length/min:0 - actor/entropy:2.8713245391845703 - actor/kl_loss:0.0011234412008889194 - actor/kl_coef:0.0 - actor/pg_loss:-0.049951795448578196 - actor/pg_clipfrac:0.0 - actor/ppo_kl:0.0 - actor/pg_clipfrac_lower:0.0 - actor/grad_norm:0.5202845931053162 - perf/mfu/actor:0.13874835770915042 - perf/max_memory_allocated_gb:60.82427358627319 - perf/max_memory_reserved_gb:79.013671875 - perf/cpu_memory_used_gb:72.84423828125 - actor/lr:1e-06 - training/global_step:5 - training/epoch:0 - critic/score/mean:-0.5780129432678223 - critic/score/max:0.17011110484600067 - critic/score/min:-1.0 - critic/rewards/mean:-0.5780129432678223 - critic/rewards/max:0.17011110484600067 - critic/rewards/min:-1.0 - critic/advantages/mean:-0.20512844622135162 - critic/advantages/max:2.1933157444000244 - critic/advantages/min:-2.154592514038086 - critic/returns/mean:-0.20512844622135162 - critic/returns/max:2.1933157444000244 - critic/returns/min:-2.154592514038086 - response_length/mean:658.3515625 - response_length/max:2048.0 - response_length/min:25.0 - response_length/clip_ratio:0.08984375 - prompt_length/mean:980.90625 - prompt_length/max:3218.0 - prompt_length/min:500.0 - prompt_length/clip_ratio:0.0 - timing_s/start_profile:5.8349978644400835e-06 - timing_s/generate_sequences:53.72978210449219 - timing_s/reshard:1.0000306367874146 - timing_s/gen:56.166084552998655 - timing_s/reward:491.0802430199983 - timing_s/old_log_prob:28.8980304870056 - timing_s/ref:17.410665589006385 - timing_s/adv:0.015200928988633677 - timing_s/update_actor:72.27100900901132 - timing_s/step:665.9000311449927 - timing_s/stop_profile:7.487979019060731e-06 - timing_per_token_ms/ref:0.02074426973550147 - timing_per_token_ms/gen:0.16662736164247427 - timing_per_token_ms/adv:1.8111436898169518e-05 - timing_per_token_ms/update_actor:0.08610867271418006 - perf/total_num_tokens:839300 - perf/time_per_step:665.9000311449927 - perf/throughput:157.5499250534746
calculating InfoCover scores...
开始抓取覆盖率评估, 数量512, 并发数128
InfoCover scores calculated.
calculating Conciseness and Fluency scores...
开始抓取简洁性、流畅性评估, 数量512, 并发数512
Conciseness and Fluency scores calculated.
calculating format scores...
format scores calculated.
calculating length scores...
length scores calculated.
step:6 - global_seqlen/min:86101 - global_seqlen/max:117033 - global_seqlen/minmax_diff:30932 - global_seqlen/balanced_min:102424 - global_seqlen/balanced_max:102424 - global_seqlen/mean:102424.0 - cover/rewards/mean:0.37281938013705057 - cover/rewards/var:0.07249937103275683 - cover/rewards/max:1.0 - cover/rewards/min:0.0 - cf/rewards/mean:0.15298451171875 - cf/rewards/var:0.06645990534585533 - cf/rewards/max:0.9735 - cf/rewards/min:0.0 - format/rewards/mean:-0.447265625 - format/rewards/var:0.24721908569335938 - format/rewards/max:0.0 - format/rewards/min:-1.0 - json/format/rewards/mean:-0.37890625 - json/format/rewards/var:0.2353363037109375 - json/format/rewards/max:0 - json/format/rewards/min:-1 - length/rewards/mean:-0.3786474609375 - length/rewards/var:0.17168691722011564 - length/rewards/max:0.0 - length/rewards/min:-1.0 - cot/length/mean:98.224609375 - cot/length/var:12359.084316253662 - cot/length/max:1557 - cot/length/min:1 - answer/length/mean:350.505859375 - answer/length/var:142352.01168441772 - answer/length/max:2040 - answer/length/min:0 - actor/entropy:2.590766191482544 - actor/kl_loss:0.002160873719731171 - actor/kl_coef:0.0 - actor/pg_loss:-0.13055433169938624 - actor/pg_clipfrac:0.0 - actor/ppo_kl:0.0 - actor/pg_clipfrac_lower:0.0 - actor/grad_norm:0.4722816050052643 - perf/mfu/actor:0.137814317902078 - perf/max_memory_allocated_gb:60.82427358627319 - perf/max_memory_reserved_gb:79.55859375 - perf/cpu_memory_used_gb:72.80853652954102 - actor/lr:1e-06 - training/global_step:6 - training/epoch:0 - critic/score/mean:-0.5810450911521912 - critic/score/max:0.21490000188350677 - critic/score/min:-1.0 - critic/rewards/mean:-0.5810450911521912 - critic/rewards/max:0.21490000188350677 - critic/rewards/min:-1.0 - critic/advantages/mean:-0.14359165728092194 - critic/advantages/max:2.433084726333618 - critic/advantages/min:-2.1021878719329834 - critic/returns/mean:-0.14359165728092194 - critic/returns/max:2.433084726333618 - critic/returns/min:-2.1021878719329834 - response_length/mean:620.90625 - response_length/max:2048.0 - response_length/min:70.0 - response_length/clip_ratio:0.078125 - prompt_length/mean:979.46875 - prompt_length/max:2559.0 - prompt_length/min:451.0 - prompt_length/clip_ratio:0.0 - timing_s/start_profile:7.445982191711664e-06 - timing_s/generate_sequences:52.36470413208008 - timing_s/reshard:1.6381652355194092 - timing_s/gen:55.10075640399009 - timing_s/reward:497.76882946901605 - timing_s/old_log_prob:28.791454727004748 - timing_s/ref:17.200956392014632 - timing_s/adv:0.013704700977541506 - timing_s/update_actor:70.98075394699117 - timing_s/step:669.9162147500028 - timing_s/stop_profile:4.278001142665744e-06 - timing_per_token_ms/ref:0.02099234114076612 - timing_per_token_ms/gen:0.17332514345208017 - timing_per_token_ms/adv:1.6725451282831057e-05 - timing_per_token_ms/update_actor:0.08662612515986387 - perf/total_num_tokens:819392 - perf/time_per_step:669.9162147500028 - perf/throughput:152.89076118007122
calculating InfoCover scores...
开始抓取覆盖率评估, 数量512, 并发数128
InfoCover scores calculated.
calculating Conciseness and Fluency scores...
开始抓取简洁性、流畅性评估, 数量512, 并发数512
Conciseness and Fluency scores calculated.
calculating format scores...
format scores calculated.
calculating length scores...
length scores calculated.
step:7 - global_seqlen/min:96372 - global_seqlen/max:132000 - global_seqlen/minmax_diff:35628 - global_seqlen/balanced_min:114488 - global_seqlen/balanced_max:114489 - global_seqlen/mean:114488.375 - cover/rewards/mean:0.4082394966928473 - cover/rewards/var:0.06379546479436478 - cover/rewards/max:1.0 - cover/rewards/min:0.0 - cf/rewards/mean:0.228620224609375 - cf/rewards/var:0.10099853561249839 - cf/rewards/max:0.9575 - cf/rewards/min:0.0 - format/rewards/mean:-0.427734375 - format/rewards/var:0.24477767944335938 - format/rewards/max:0.0 - format/rewards/min:-1.0 - json/format/rewards/mean:-0.384765625 - json/format/rewards/var:0.23672103881835938 - json/format/rewards/max:0 - json/format/rewards/min:-1 - length/rewards/mean:-0.37067431640625004 - length/rewards/var:0.16005590577101708 - length/rewards/max:0.0 - length/rewards/min:-1.0 - cot/length/mean:126.943359375 - cot/length/var:46136.4323387146 - cot/length/max:2047 - cot/length/min:0 - answer/length/mean:357.080078125 - answer/length/var:136918.4486656189 - answer/length/max:2046 - answer/length/min:0 - actor/entropy:2.6239612102508545 - actor/kl_loss:0.002665740412339801 - actor/kl_coef:0.0 - actor/pg_loss:-0.039520051097497344 - actor/pg_clipfrac:0.0 - actor/ppo_kl:0.0 - actor/pg_clipfrac_lower:0.0 - actor/grad_norm:0.4995725154876709 - perf/mfu/actor:0.14359850401301805 - perf/max_memory_allocated_gb:62.30463933944702 - perf/max_memory_reserved_gb:82.171875 - perf/cpu_memory_used_gb:72.65110397338867 - actor/lr:1e-06 - training/global_step:7 - training/epoch:0 - critic/score/mean:-0.5198430418968201 - critic/score/max:0.24108333885669708 - critic/score/min:-1.0 - critic/rewards/mean:-0.5198430418968201 - critic/rewards/max:0.24108333885669708 - critic/rewards/min:-1.0 - critic/advantages/mean:-0.19111885130405426 - critic/advantages/max:2.3450894355773926 - critic/advantages/min:-2.4014124870300293 - critic/returns/mean:-0.19111885130405426 - critic/returns/max:2.3450894355773926 - critic/returns/min:-2.4014124870300293 - response_length/mean:629.099609375 - response_length/max:2048.0 - response_length/min:18.0 - response_length/clip_ratio:0.0703125 - prompt_length/mean:1159.78125 - prompt_length/max:4096.0 - prompt_length/min:471.0 - prompt_length/clip_ratio:0.015625 - timing_s/start_profile:5.131005309522152e-06 - timing_s/generate_sequences:53.44131088256836 - timing_s/reshard:2.116037607192993 - timing_s/gen:57.54808047300321 - timing_s/reward:442.237489414023 - timing_s/old_log_prob:35.67308426997624 - timing_s/ref:18.409015148994513 - timing_s/adv:0.012545928999315947 - timing_s/update_actor:76.70377623999957 - timing_s/step:630.6246695110167 - timing_s/stop_profile:1.1957017704844475e-05 - timing_per_token_ms/ref:0.020099218751461135 - timing_per_token_ms/gen:0.17866581539527665 - timing_per_token_ms/adv:1.3697819756062512e-05 - timing_per_token_ms/update_actor:0.08374624960831129 - perf/total_num_tokens:915907 - perf/time_per_step:630.6246695110167 - perf/throughput:181.54756788816036
calculating InfoCover scores...
开始抓取覆盖率评估, 数量512, 并发数128
InfoCover scores calculated.
calculating Conciseness and Fluency scores...
开始抓取简洁性、流畅性评估, 数量512, 并发数512
Conciseness and Fluency scores calculated.
calculating format scores...
format scores calculated.
calculating length scores...
length scores calculated.
step:8 - global_seqlen/min:77564 - global_seqlen/max:136943 - global_seqlen/minmax_diff:59379 - global_seqlen/balanced_min:104589 - global_seqlen/balanced_max:104590 - global_seqlen/mean:104589.875 - cover/rewards/mean:0.418813326376484 - cover/rewards/var:0.0690446167513539 - cover/rewards/max:0.95 - cover/rewards/min:0.0 - cf/rewards/mean:0.155070361328125 - cf/rewards/var:0.07561944344894173 - cf/rewards/max:0.96 - cf/rewards/min:0.0 - format/rewards/mean:-0.423828125 - format/rewards/var:0.24419784545898438 - format/rewards/max:0.0 - format/rewards/min:-1.0 - json/format/rewards/mean:-0.421875 - json/format/rewards/var:0.243896484375 - json/format/rewards/max:0 - json/format/rewards/min:-1 - length/rewards/mean:-0.36509716796875 - length/rewards/var:0.1614959315984249 - length/rewards/max:0.0 - length/rewards/min:-1.0 - cot/length/mean:132.205078125 - cot/length/var:41919.75677108765 - cot/length/max:2048 - cot/length/min:0 - answer/length/mean:360.2578125 - answer/length/var:155796.33197021484 - answer/length/max:2044 - answer/length/min:0 - actor/entropy:2.381622552871704 - actor/kl_loss:0.003308511590148555 - actor/kl_coef:0.0 - actor/pg_loss:0.004191899322904646 - actor/pg_clipfrac:0.0 - actor/ppo_kl:0.0 - actor/pg_clipfrac_lower:0.0 - actor/grad_norm:0.5004359483718872 - perf/mfu/actor:0.13388665352260098 - perf/max_memory_allocated_gb:62.30463933944702 - perf/max_memory_reserved_gb:82.171875 - perf/cpu_memory_used_gb:72.90444564819336 - actor/lr:1e-06 - training/global_step:8 - training/epoch:0 - critic/score/mean:-0.5302823781967163 - critic/score/max:0.2636111080646515 - critic/score/min:-1.0 - critic/rewards/mean:-0.5302823781967163 - critic/rewards/max:0.2636111080646515 - critic/rewards/min:-1.0 - critic/advantages/mean:-0.21989679336547852 - critic/advantages/max:2.4685800075531006 - critic/advantages/min:-2.0430097579956055 - critic/returns/mean:-0.21989679336547852 - critic/returns/max:2.4685800075531006 - critic/returns/min:-2.0430097579956055 - response_length/mean:623.248046875 - response_length/max:2048.0 - response_length/min:18.0 - response_length/clip_ratio:0.0703125 - prompt_length/mean:1010.96875 - prompt_length/max:4096.0 - prompt_length/min:461.0 - prompt_length/clip_ratio:0.015625 - timing_s/start_profile:6.752001354470849e-06 - timing_s/generate_sequences:52.65169906616211 - timing_s/reshard:1.486155390739441 - timing_s/gen:55.53275819498231 - timing_s/reward:499.3966980109981 - timing_s/old_log_prob:30.88588843398611 - timing_s/ref:18.21301047698944 - timing_s/adv:0.0176126990118064 - timing_s/update_actor:74.94144760200288 - timing_s/step:679.0349501119927 - timing_s/stop_profile:6.5699859987944365e-06 - timing_per_token_ms/ref:0.02176717688613434 - timing_per_token_ms/gen:0.17402769072989696 - timing_per_token_ms/adv:2.104971801979685e-05 - timing_per_token_ms/update_actor:0.08956584899112233 - perf/total_num_tokens:836719 - perf/time_per_step:679.0349501119927 - perf/throughput:154.02723377161968
calculating InfoCover scores...
开始抓取覆盖率评估, 数量512, 并发数128
InfoCover scores calculated.
calculating Conciseness and Fluency scores...
开始抓取简洁性、流畅性评估, 数量512, 并发数512
Conciseness and Fluency scores calculated.
calculating format scores...
format scores calculated.
calculating length scores...
length scores calculated.
step:9 - global_seqlen/min:86578 - global_seqlen/max:129462 - global_seqlen/minmax_diff:42884 - global_seqlen/balanced_min:100820 - global_seqlen/balanced_max:100821 - global_seqlen/mean:100820.5 - cover/rewards/mean:0.37646333911924085 - cover/rewards/var:0.08071198291901283 - cover/rewards/max:1.0 - cover/rewards/min:0.0 - cf/rewards/mean:0.14117046289062501 - cf/rewards/var:0.06740558003761582 - cf/rewards/max:0.9575 - cf/rewards/min:0.0 - format/rewards/mean:-0.396484375 - format/rewards/var:0.23928451538085938 - format/rewards/max:0.0 - format/rewards/min:-1.0 - json/format/rewards/mean:-0.3984375 - json/format/rewards/var:0.23968505859375 - json/format/rewards/max:0 - json/format/rewards/min:-1 - length/rewards/mean:-0.37956005859374997 - length/rewards/var:0.152841406427145 - length/rewards/max:0.0 - length/rewards/min:-1.0 - cot/length/mean:123.87890625 - cot/length/var:37620.40721130371 - cot/length/max:2048 - cot/length/min:0 - answer/length/mean:366.865234375 - answer/length/var:146523.27676010132 - answer/length/max:2048 - answer/length/min:0 - actor/entropy:2.366415023803711 - actor/kl_loss:0.0040860887838789495 - actor/kl_coef:0.0 - actor/pg_loss:-0.24549402650882257 - actor/pg_clipfrac:0.0 - actor/ppo_kl:0.0 - actor/pg_clipfrac_lower:0.0 - actor/grad_norm:0.4859585464000702 - perf/mfu/actor:0.13450752805507118 - perf/max_memory_allocated_gb:62.30463933944702 - perf/max_memory_reserved_gb:82.171875 - perf/cpu_memory_used_gb:72.85189819335938 - actor/lr:1e-06 - training/global_step:9 - training/epoch:0 - critic/score/mean:-0.5462490320205688 - critic/score/max:0.39377498626708984 - critic/score/min:-1.0 - critic/rewards/mean:-0.5462490320205688 - critic/rewards/max:0.39377498626708984 - critic/rewards/min:-1.0 - critic/advantages/mean:-0.18344256281852722 - critic/advantages/max:2.341108798980713 - critic/advantages/min:-2.147169828414917 - critic/returns/mean:-0.18344256281852722 - critic/returns/max:2.341108798980713 - critic/returns/min:-2.147169828414917 - response_length/mean:598.0390625 - response_length/max:2048.0 - response_length/min:1.0 - response_length/clip_ratio:0.0625 - prompt_length/mean:977.28125 - prompt_length/max:4096.0 - prompt_length/min:482.0 - prompt_length/clip_ratio:0.015625 - timing_s/start_profile:6.351008778437972e-06 - timing_s/generate_sequences:51.144004821777344 - timing_s/reshard:1.3464667797088623 - timing_s/gen:54.05574309200165 - timing_s/reward:498.715537289012 - timing_s/old_log_prob:30.569945578987245 - timing_s/ref:17.243046602001414 - timing_s/adv:0.015797415981069207 - timing_s/update_actor:71.65326395898592 - timing_s/step:672.3202078250179 - timing_s/stop_profile:1.563000841997564e-05 - timing_per_token_ms/ref:0.021378398492867788 - timing_per_token_ms/gen:0.17653967750069122 - timing_per_token_ms/adv:1.9586066302325926e-05 - timing_per_token_ms/update_actor:0.08883766689188448 - perf/total_num_tokens:806564 - perf/time_per_step:672.3202078250179 - perf/throughput:149.95905050386372
calculating InfoCover scores...
开始抓取覆盖率评估, 数量512, 并发数128
InfoCover scores calculated.
calculating Conciseness and Fluency scores...
开始抓取简洁性、流畅性评估, 数量512, 并发数512
Conciseness and Fluency scores calculated.
calculating format scores...
format scores calculated.
calculating length scores...
length scores calculated.
local_global_step_folder: /root/paddlejob/workspace/env_run/output/SummarizeRL-ckpt/global_step_10
step:10 - global_seqlen/min:91547 - global_seqlen/max:116952 - global_seqlen/minmax_diff:25405 - global_seqlen/balanced_min:106385 - global_seqlen/balanced_max:106386 - global_seqlen/mean:106385.25 - cover/rewards/mean:0.4049947259275503 - cover/rewards/var:0.07701559941837532 - cover/rewards/max:0.95 - cover/rewards/min:0.0 - cf/rewards/mean:0.1592208984375 - cf/rewards/var:0.07366935238552094 - cf/rewards/max:0.962 - cf/rewards/min:0.0 - format/rewards/mean:-0.38671875 - format/rewards/var:0.2371673583984375 - format/rewards/max:0.0 - format/rewards/min:-1.0 - json/format/rewards/mean:-0.421875 - json/format/rewards/var:0.243896484375 - json/format/rewards/max:0 - json/format/rewards/min:-1 - length/rewards/mean:-0.3398896484375 - length/rewards/var:0.12445002297878267 - length/rewards/max:0.0 - length/rewards/min:-1.0 - cot/length/mean:123.544921875 - cot/length/var:29319.740169525146 - cot/length/max:2047 - cot/length/min:1 - answer/length/mean:372.09765625 - answer/length/var:116366.87718200684 - answer/length/max:2047 - answer/length/min:0 - actor/entropy:2.137204170227051 - actor/kl_loss:0.006768938967070426 - actor/kl_coef:0.0 - actor/pg_loss:-0.06324342591688037 - actor/pg_clipfrac:0.0 - actor/ppo_kl:0.0 - actor/pg_clipfrac_lower:0.0 - actor/grad_norm:0.49070361256599426 - perf/mfu/actor:0.14134397189124126 - perf/max_memory_allocated_gb:62.30463933944702 - perf/max_memory_reserved_gb:82.171875 - perf/cpu_memory_used_gb:73.10598373413086 - actor/lr:1e-06 - training/global_step:10 - training/epoch:0 - critic/score/mean:-0.4762372076511383 - critic/score/max:0.35644999146461487 - critic/score/min:-1.0 - critic/rewards/mean:-0.4762372076511383 - critic/rewards/max:0.35644999146461487 - critic/rewards/min:-1.0 - critic/advantages/mean:-0.2500607967376709 - critic/advantages/max:2.145920991897583 - critic/advantages/min:-2.4071149826049805 - critic/returns/mean:-0.2500607967376709 - critic/returns/max:2.145920991897583 - critic/returns/min:-2.4071149826049805 - response_length/mean:592.41015625 - response_length/max:2048.0 - response_length/min:52.0 - response_length/clip_ratio:0.060546875 - prompt_length/mean:1069.859375 - prompt_length/max:2716.0 - prompt_length/min:464.0 - prompt_length/clip_ratio:0.0 - timing_s/start_profile:6.131012924015522e-06 - timing_s/generate_sequences:51.51259231567383 - timing_s/reshard:1.1504850387573242 - timing_s/gen:54.49829954901361 - timing_s/reward:502.7861861719866 - timing_s/old_log_prob:29.734896312991623 - timing_s/ref:17.306475416000467 - timing_s/adv:0.013361924007767811 - timing_s/update_actor:71.91120866101119 - timing_s/save_checkpoint:45.07039812501171 - timing_s/step:721.3809852050035 - timing_s/stop_profile:1.1841999366879463e-05 - timing_per_token_ms/ref:0.020334674468500645 - timing_per_token_ms/gen:0.17967617567607697 - timing_per_token_ms/adv:1.5699925515717416e-05 - timing_per_token_ms/update_actor:0.08449386623264407 - perf/total_num_tokens:851082 - perf/time_per_step:721.3809852050035 - perf/throughput:147.47443054624904
calculating InfoCover scores...
开始抓取覆盖率评估, 数量512, 并发数128
InfoCover scores calculated.
calculating Conciseness and Fluency scores...
开始抓取简洁性、流畅性评估, 数量512, 并发数512
Conciseness and Fluency scores calculated.
calculating format scores...
format scores calculated.
calculating length scores...
length scores calculated.
step:11 - global_seqlen/min:80992 - global_seqlen/max:109946 - global_seqlen/minmax_diff:28954 - global_seqlen/balanced_min:92985 - global_seqlen/balanced_max:92986 - global_seqlen/mean:92985.125 - cover/rewards/mean:0.40821258772916624 - cover/rewards/var:0.09280903722204369 - cover/rewards/max:0.96875 - cover/rewards/min:0.0 - cf/rewards/mean:0.15647939453124998 - cf/rewards/var:0.07532970754904747 - cf/rewards/max:0.9824999999999999 - cf/rewards/min:0.0 - format/rewards/mean:-0.3984375 - format/rewards/var:0.23968505859375 - format/rewards/max:0.0 - format/rewards/min:-1.0 - json/format/rewards/mean:-0.451171875 - json/format/rewards/var:0.24761581420898438 - json/format/rewards/max:0 - json/format/rewards/min:-1 - length/rewards/mean:-0.33314111328124996 - length/rewards/var:0.12737272215247153 - length/rewards/max:0.0 - length/rewards/min:-1.0 - cot/length/mean:113.1640625 - cot/length/var:13540.500427246094 - cot/length/max:1300 - cot/length/min:0 - answer/length/mean:391.0 - answer/length/var:133232.15234375 - answer/length/max:1978 - answer/length/min:0 - actor/entropy:2.030895471572876 - actor/kl_loss:0.044809171948145377 - actor/kl_coef:0.0 - actor/pg_loss:0.0453513314423617 - actor/pg_clipfrac:0.0 - actor/ppo_kl:0.0 - actor/pg_clipfrac_lower:0.0 - actor/grad_norm:0.8109221458435059 - perf/mfu/actor:0.13001466154779062 - perf/max_memory_allocated_gb:62.30463933944702 - perf/max_memory_reserved_gb:88.09375 - perf/cpu_memory_used_gb:77.32770538330078 - actor/lr:1e-06 - training/global_step:11 - training/epoch:0 - critic/score/mean:-0.4791814386844635 - critic/score/max:0.4020000100135803 - critic/score/min:-1.0 - critic/rewards/mean:-0.4791814386844635 - critic/rewards/max:0.4020000100135803 - critic/rewards/min:-1.0 - critic/advantages/mean:-0.20891283452510834 - critic/advantages/max:2.342752695083618 - critic/advantages/min:-2.071523427963257 - critic/returns/mean:-0.20891283452510834 - critic/returns/max:2.342752695083618 - critic/returns/min:-2.071523427963257 - response_length/mean:581.830078125 - response_length/max:2048.0 - response_length/min:1.0 - response_length/clip_ratio:0.037109375 - prompt_length/mean:871.0625 - prompt_length/max:2466.0 - prompt_length/min:436.0 - prompt_length/clip_ratio:0.0 - timing_s/start_profile:5.6559802033007145e-06 - timing_s/generate_sequences:58.02374267578125 - timing_s/reshard:8.216968536376953 - timing_s/gen:68.28849998401711 - timing_s/reward:520.7046132569958 - timing_s/old_log_prob:30.509556697012158 - timing_s/ref:16.451032904005842 - timing_s/adv:0.01709144900087267 - timing_s/update_actor:67.83503179898253 - timing_s/step:703.8593377250072 - timing_s/stop_profile:3.0489754863083363e-06 - timing_per_token_ms/ref:0.022115140599109052 - timing_per_token_ms/gen:0.2292352725405664 - timing_per_token_ms/adv:2.297605262249294e-05 - timing_per_token_ms/update_actor:0.0911907036192382 - perf/total_num_tokens:743881 - perf/time_per_step:703.8593377250072 - perf/throughput:132.107539129258
calculating InfoCover scores...
开始抓取覆盖率评估, 数量512, 并发数128
InfoCover scores calculated.
calculating Conciseness and Fluency scores...
开始抓取简洁性、流畅性评估, 数量512, 并发数512
Conciseness and Fluency scores calculated.
calculating format scores...
format scores calculated.
calculating length scores...
length scores calculated.
step:12 - global_seqlen/min:88102 - global_seqlen/max:130604 - global_seqlen/minmax_diff:42502 - global_seqlen/balanced_min:104709 - global_seqlen/balanced_max:104710 - global_seqlen/mean:104709.375 - cover/rewards/mean:0.4817129010925199 - cover/rewards/var:0.07195055947014455 - cover/rewards/max:0.95 - cover/rewards/min:0.0 - cf/rewards/mean:0.32569482421874996 - cf/rewards/var:0.11709133442145347 - cf/rewards/max:0.96 - cf/rewards/min:0.0 - format/rewards/mean:-0.36328125 - format/rewards/var:0.2313079833984375 - format/rewards/max:0.0 - format/rewards/min:-1.0 - json/format/rewards/mean:-0.455078125 - json/format/rewards/var:0.24798202514648438 - json/format/rewards/max:0 - json/format/rewards/min:-1 - length/rewards/mean:-0.31103125 - length/rewards/var:0.10915492382812497 - length/rewards/max:0.0 - length/rewards/min:-0.9937499999999999 - cot/length/mean:113.630859375 - cot/length/var:15166.756313323975 - cot/length/max:1178 - cot/length/min:0 - answer/length/mean:416.771484375 - answer/length/var:151055.96926498413 - answer/length/max:2023 - answer/length/min:0 - actor/entropy:1.9964796304702759 - actor/kl_loss:0.015027562491013668 - actor/kl_coef:0.0 - actor/pg_loss:-0.16303900626917311 - actor/pg_clipfrac:0.0 - actor/ppo_kl:0.0 - actor/pg_clipfrac_lower:0.0 - actor/grad_norm:1.4975454807281494 - perf/mfu/actor:0.13358123906895256 - perf/max_memory_allocated_gb:62.30463933944702 - perf/max_memory_reserved_gb:88.09375 - perf/cpu_memory_used_gb:75.8484878540039 - actor/lr:1e-06 - training/global_step:12 - training/epoch:0 - critic/score/mean:-0.36052197217941284 - critic/score/max:0.4437499940395355 - critic/score/min:-1.0 - critic/rewards/mean:-0.36052197217941284 - critic/rewards/max:0.4437499940395355 - critic/rewards/min:-1.0 - critic/advantages/mean:-0.24200506508350372 - critic/advantages/max:2.282416582107544 - critic/advantages/min:-2.028769016265869 - critic/returns/mean:-0.24200506508350372 - critic/returns/max:2.282416582107544 - critic/returns/min:-2.028769016265869 - response_length/mean:570.193359375 - response_length/max:2048.0 - response_length/min:1.0 - response_length/clip_ratio:0.03515625 - prompt_length/mean:1065.890625 - prompt_length/max:3831.0 - prompt_length/min:458.0 - prompt_length/clip_ratio:0.0 - timing_s/start_profile:5.9889862313866615e-06 - timing_s/generate_sequences:50.636680603027344 - timing_s/reshard:1.1031866073608398 - timing_s/gen:53.232715290010674 - timing_s/reward:518.014657578984 - timing_s/old_log_prob:28.851326283009257 - timing_s/ref:17.99323595300666 - timing_s/adv:0.012617984000826254 - timing_s/update_actor:75.04412762701395 - timing_s/step:693.1976789880136 - timing_s/stop_profile:6.513990228995681e-06 - timing_per_token_ms/ref:0.02147997248695098 - timing_per_token_ms/gen:0.18234191146099243 - timing_per_token_ms/adv:1.5063102039366407e-05 - timing_per_token_ms/update_actor:0.08958620900350846 - perf/total_num_tokens:837675 - perf/time_per_step:693.1976789880136 - perf/throughput:151.05269127972738
calculating InfoCover scores...
开始抓取覆盖率评估, 数量512, 并发数128
InfoCover scores calculated.
calculating Conciseness and Fluency scores...
开始抓取简洁性、流畅性评估, 数量512, 并发数512
Conciseness and Fluency scores calculated.
calculating format scores...
format scores calculated.
calculating length scores...
length scores calculated.
step:13 - global_seqlen/min:80189 - global_seqlen/max:127986 - global_seqlen/minmax_diff:47797 - global_seqlen/balanced_min:104279 - global_seqlen/balanced_max:104280 - global_seqlen/mean:104279.375 - cover/rewards/mean:0.43284704146726294 - cover/rewards/var:0.08013793098880911 - cover/rewards/max:1.0 - cover/rewards/min:0.0 - cf/rewards/mean:0.25741373046875005 - cf/rewards/var:0.10522941512963829 - cf/rewards/max:0.98 - cf/rewards/min:0.0 - format/rewards/mean:-0.287109375 - format/rewards/var:0.20467758178710938 - format/rewards/max:0.0 - format/rewards/min:-1.0 - json/format/rewards/mean:-0.427734375 - json/format/rewards/var:0.24477767944335938 - json/format/rewards/max:0 - json/format/rewards/min:-1 - length/rewards/mean:-0.3293232421875 - length/rewards/var:0.10845645752620695 - length/rewards/max:0.0 - length/rewards/min:-1.0 - cot/length/mean:132.66015625 - cot/length/var:27615.841537475586 - cot/length/max:2047 - cot/length/min:0 - answer/length/mean:406.375 - answer/length/var:130080.859375 - answer/length/max:2042 - answer/length/min:0 - actor/entropy:1.9414150714874268 - actor/kl_loss:0.06509461628593272 - actor/kl_coef:0.0 - actor/pg_loss:-0.14098173272213899 - actor/pg_clipfrac:0.0 - actor/ppo_kl:0.0 - actor/pg_clipfrac_lower:0.0 - actor/grad_norm:0.5903681516647339 - perf/mfu/actor:0.13676310811113915 - perf/max_memory_allocated_gb:62.30463933944702 - perf/max_memory_reserved_gb:88.09375 - perf/cpu_memory_used_gb:75.71868515014648 - actor/lr:1e-06 - training/global_step:13 - training/epoch:0 - critic/score/mean:-0.3925003707408905 - critic/score/max:0.419050008058548 - critic/score/min:-1.0 - critic/rewards/mean:-0.3925003707408905 - critic/rewards/max:0.419050008058548 - critic/rewards/min:-1.0 - critic/advantages/mean:-0.23297348618507385 - critic/advantages/max:2.274294376373291 - critic/advantages/min:-2.041316032409668 - critic/returns/mean:-0.23297348618507385 - critic/returns/max:2.274294376373291 - critic/returns/min:-2.041316032409668 - response_length/mean:571.240234375 - response_length/max:2048.0 - response_length/min:1.0 - response_length/clip_ratio:0.02734375 - prompt_length/mean:1058.125 - prompt_length/max:3162.0 - prompt_length/min:474.0 - prompt_length/clip_ratio:0.0 - timing_s/start_profile:5.699985194951296e-06 - timing_s/generate_sequences:50.419921875 - timing_s/reshard:1.360499620437622 - timing_s/gen:53.053519445005804 - timing_s/reward:510.4917814799992 - timing_s/old_log_prob:30.252484794997144 - timing_s/ref:17.377174146007746 - timing_s/adv:0.012344724003924057 - timing_s/update_actor:72.9020494770084 - timing_s/step:684.1369945500046 - timing_s/stop_profile:2.6659981813281775e-06 - timing_per_token_ms/ref:0.020830070838561972 - timing_per_token_ms/gen:0.18139505750920867 - timing_per_token_ms/adv:1.4797657739035231e-05 - timing_per_token_ms/update_actor:0.0873879056584876 - perf/total_num_tokens:834235 - perf/time_per_step:684.1369945500046 - perf/throughput:152.42469831439303
calculating InfoCover scores...
开始抓取覆盖率评估, 数量512, 并发数128
InfoCover scores calculated.
calculating Conciseness and Fluency scores...
开始抓取简洁性、流畅性评估, 数量512, 并发数512
Conciseness and Fluency scores calculated.
calculating format scores...
format scores calculated.
calculating length scores...
length scores calculated.
step:14 - global_seqlen/min:72223 - global_seqlen/max:146274 - global_seqlen/minmax_diff:74051 - global_seqlen/balanced_min:108899 - global_seqlen/balanced_max:108900 - global_seqlen/mean:108899.625 - cover/rewards/mean:0.45852115006885574 - cover/rewards/var:0.06975164733067038 - cover/rewards/max:0.95 - cover/rewards/min:0.0 - cf/rewards/mean:0.594423828125 - cf/rewards/var:0.09139822857284546 - cf/rewards/max:0.935 - cf/rewards/min:0.0 - format/rewards/mean:-0.322265625 - format/rewards/var:0.21841049194335938 - format/rewards/max:0.0 - format/rewards/min:-1.0 - json/format/rewards/mean:-0.458984375 - json/format/rewards/var:0.24831771850585938 - json/format/rewards/max:0 - json/format/rewards/min:-1 - length/rewards/mean:-0.28766015624999997 - length/rewards/var:0.09396124656677246 - length/rewards/max:0.0 - length/rewards/min:-1.0 - cot/length/mean:139.673828125 - cot/length/var:47329.74712753296 - cot/length/max:2048 - cot/length/min:0 - answer/length/mean:423.49609375 - answer/length/var:137581.1640472412 - answer/length/max:2048 - answer/length/min:0 - actor/entropy:1.871247410774231 - actor/kl_loss:0.020313125154643785 - actor/kl_coef:0.0 - actor/pg_loss:0.07538523562834598 - actor/pg_clipfrac:0.0 - actor/ppo_kl:0.0 - actor/pg_clipfrac_lower:0.0 - actor/grad_norm:4.151273727416992 - perf/mfu/actor:0.13574084336086412 - perf/max_memory_allocated_gb:62.30463933944702 - perf/max_memory_reserved_gb:88.09375 - perf/cpu_memory_used_gb:76.00364685058594 - actor/lr:1e-06 - training/global_step:14 - training/epoch:0 - critic/score/mean:-0.29219281673431396 - critic/score/max:0.5199999809265137 - critic/score/min:-1.0 - critic/rewards/mean:-0.29219281673431396 - critic/rewards/max:0.5199999809265137 - critic/rewards/min:-1.0 - critic/advantages/mean:-0.232773557305336 - critic/advantages/max:2.2733938694000244 - critic/advantages/min:-2.339144468307495 - critic/returns/mean:-0.232773557305336 - critic/returns/max:2.2733938694000244 - critic/returns/min:-2.339144468307495 - response_length/mean:582.541015625 - response_length/max:2048.0 - response_length/min:1.0 - response_length/clip_ratio:0.044921875 - prompt_length/mean:1119.015625 - prompt_length/max:4096.0 - prompt_length/min:477.0 - prompt_length/clip_ratio:0.015625 - timing_s/start_profile:5.990994395688176e-06 - timing_s/generate_sequences:51.429595947265625 - timing_s/reshard:2.1458182334899902 - timing_s/gen:54.727993679989595 - timing_s/reward:413.2497584039811 - timing_s/old_log_prob:32.311321118002525 - timing_s/ref:18.422274062992074 - timing_s/adv:0.0132285870204214 - timing_s/update_actor:77.08529646400711 - timing_s/step:595.913109319983 - timing_s/stop_profile:4.183006240054965e-06 - timing_per_token_ms/ref:0.021145933770423994 - timing_per_token_ms/gen:0.18349027757564548 - timing_per_token_ms/adv:1.518438082364999e-05 - timing_per_token_ms/update_actor:0.08848204994278805 - perf/total_num_tokens:871197 - perf/time_per_step:595.913109319983 - perf/throughput:182.74413382895554
calculating InfoCover scores...
开始抓取覆盖率评估, 数量512, 并发数128
InfoCover scores calculated.
calculating Conciseness and Fluency scores...
开始抓取简洁性、流畅性评估, 数量512, 并发数512
Conciseness and Fluency scores calculated.
calculating format scores...
format scores calculated.
calculating length scores...
length scores calculated.
step:15 - global_seqlen/min:86393 - global_seqlen/max:129057 - global_seqlen/minmax_diff:42664 - global_seqlen/balanced_min:108428 - global_seqlen/balanced_max:108429 - global_seqlen/mean:108428.125 - cover/rewards/mean:0.4604691334835721 - cover/rewards/var:0.08173765710342068 - cover/rewards/max:0.9642857142857143 - cover/rewards/min:0.0 - cf/rewards/mean:0.5331404296875001 - cf/rewards/var:0.11287534080684661 - cf/rewards/max:0.935 - cf/rewards/min:0.0 - format/rewards/mean:-0.33203125 - format/rewards/var:0.2217864990234375 - format/rewards/max:0.0 - format/rewards/min:-1.0 - json/format/rewards/mean:-0.470703125 - json/format/rewards/var:0.24914169311523438 - json/format/rewards/max:0 - json/format/rewards/min:-1 - length/rewards/mean:-0.28468701171875 - length/rewards/var:0.09474807672095299 - length/rewards/max:0.0 - length/rewards/min:-1.0 - cot/length/mean:134.68359375 - cot/length/var:35439.82176208496 - cot/length/max:2048 - cot/length/min:0 - answer/length/mean:450.599609375 - answer/length/var:170816.5799217224 - answer/length/max:2048 - answer/length/min:0 - actor/entropy:2.066673994064331 - actor/kl_loss:0.2412497810801142 - actor/kl_coef:0.0 - actor/pg_loss:0.16031173247029074 - actor/pg_clipfrac:0.0 - actor/ppo_kl:0.0 - actor/pg_clipfrac_lower:0.0 - actor/grad_norm:8.294156074523926 - perf/mfu/actor:0.1307978375795338 - perf/max_memory_allocated_gb:62.30463933944702 - perf/max_memory_reserved_gb:88.09375 - perf/cpu_memory_used_gb:75.6858901977539 - actor/lr:1e-06 - training/global_step:15 - training/epoch:0 - critic/score/mean:-0.303824245929718 - critic/score/max:0.5370000004768372 - critic/score/min:-1.0 - critic/rewards/mean:-0.303824245929718 - critic/rewards/max:0.5370000004768372 - critic/rewards/min:-1.0 - critic/advantages/mean:-0.22032538056373596 - critic/advantages/max:2.32814359664917 - critic/advantages/min:-2.0947623252868652 - critic/returns/mean:-0.22032538056373596 - critic/returns/max:2.32814359664917 - critic/returns/min:-2.0947623252868652 - response_length/mean:617.033203125 - response_length/max:2048.0 - response_length/min:1.0 - response_length/clip_ratio:0.052734375 - prompt_length/mean:1077.15625 - prompt_length/max:4096.0 - prompt_length/min:456.0 - prompt_length/clip_ratio:0.015625 - timing_s/start_profile:5.485024303197861e-06 - timing_s/generate_sequences:52.321044921875 - timing_s/reshard:1.470198392868042 - timing_s/gen:54.856170857005054 - timing_s/reward:509.03136156199616 - timing_s/old_log_prob:31.225222872017184 - timing_s/ref:19.062307836982654 - timing_s/adv:0.021248906006803736 - timing_s/update_actor:79.70209126599366 - timing_s/step:693.9735791669809 - timing_s/stop_profile:1.605600118637085e-05 - timing_per_token_ms/ref:0.02197574180705266 - timing_per_token_ms/gen:0.17363888711736494 - timing_per_token_ms/adv:2.4496534002137055e-05 - timing_per_token_ms/update_actor:0.09188355335157929 - perf/total_num_tokens:867425 - perf/time_per_step:693.9735791669809 - perf/throughput:156.24243956110394
calculating InfoCover scores...
开始抓取覆盖率评估, 数量512, 并发数128
InfoCover scores calculated.
calculating Conciseness and Fluency scores...
开始抓取简洁性、流畅性评估, 数量512, 并发数512
Conciseness and Fluency scores calculated.
calculating format scores...
format scores calculated.
calculating length scores...
length scores calculated.
step:16 - global_seqlen/min:84141 - global_seqlen/max:121161 - global_seqlen/minmax_diff:37020 - global_seqlen/balanced_min:104321 - global_seqlen/balanced_max:104322 - global_seqlen/mean:104321.875 - cover/rewards/mean:0.49558562500903264 - cover/rewards/var:0.07204886552832862 - cover/rewards/max:0.97 - cover/rewards/min:0.0 - cf/rewards/mean:0.5527164062500001 - cf/rewards/var:0.10567650051208496 - cf/rewards/max:0.9450000000000001 - cf/rewards/min:0.0 - format/rewards/mean:-0.33984375 - format/rewards/var:0.2243499755859375 - format/rewards/max:0.0 - format/rewards/min:-1.0 - json/format/rewards/mean:-0.46875 - json/format/rewards/var:0.2490234375 - json/format/rewards/max:0 - json/format/rewards/min:-1 - length/rewards/mean:-0.26859179687499996 - length/rewards/var:0.0808352579307556 - length/rewards/max:0.0 - length/rewards/min:-0.9437499999999999 - cot/length/mean:121.65234375 - cot/length/var:38673.605697631836 - cot/length/max:2048 - cot/length/min:0 - answer/length/mean:456.630859375 - answer/length/var:160417.32271957397 - answer/length/max:2048 - answer/length/min:0 - actor/entropy:1.9121800661087036 - actor/kl_loss:0.025605243696190882 - actor/kl_coef:0.0 - actor/pg_loss:0.1805103844963014 - actor/pg_clipfrac:0.0 - actor/ppo_kl:0.0 - actor/pg_clipfrac_lower:0.0 - actor/grad_norm:6.01681661605835 - perf/mfu/actor:0.1407166788601412 - perf/max_memory_allocated_gb:62.30463933944702 - perf/max_memory_reserved_gb:88.09375 - perf/cpu_memory_used_gb:75.93152236938477 - actor/lr:1e-06 - training/global_step:16 - training/epoch:0 - critic/score/mean:-0.24986128509044647 - critic/score/max:0.5080000162124634 - critic/score/min:-1.0 - critic/rewards/mean:-0.24986128509044647 - critic/rewards/max:0.5080000162124634 - critic/rewards/min:-1.0 - critic/advantages/mean:-0.2145548313856125 - critic/advantages/max:2.3595523834228516 - critic/advantages/min:-2.2854597568511963 - critic/returns/mean:-0.2145548313856125 - critic/returns/max:2.3595523834228516 - critic/returns/min:-2.2854597568511963 - response_length/mean:594.404296875 - response_length/max:2048.0 - response_length/min:1.0 - response_length/clip_ratio:0.048828125 - prompt_length/mean:1035.625 - prompt_length/max:4096.0 - prompt_length/min:472.0 - prompt_length/clip_ratio:0.015625 - timing_s/start_profile:5.973008228465915e-06 - timing_s/generate_sequences:51.4709587097168 - timing_s/reshard:1.0452502965927124 - timing_s/gen:54.379997012001695 - timing_s/reward:502.3829069099738 - timing_s/old_log_prob:28.789300228003412 - timing_s/ref:17.360619162005605 - timing_s/adv:0.01417105199652724 - timing_s/update_actor:70.89232860301854 - timing_s/step:673.8670500610024 - timing_s/stop_profile:1.5205005183815956e-05 - timing_per_token_ms/ref:0.020801748389306658 - timing_per_token_ms/gen:0.17868466332167413 - timing_per_token_ms/adv:1.6979962252077093e-05 - timing_per_token_ms/update_actor:0.08494422742475936 - perf/total_num_tokens:834575 - perf/time_per_step:673.8670500610024 - perf/throughput:154.81076718405532
calculating InfoCover scores...
开始抓取覆盖率评估, 数量512, 并发数128
InfoCover scores calculated.
calculating Conciseness and Fluency scores...
开始抓取简洁性、流畅性评估, 数量512, 并发数512
Conciseness and Fluency scores calculated.
calculating format scores...
format scores calculated.
calculating length scores...
length scores calculated.
step:17 - global_seqlen/min:98165 - global_seqlen/max:108052 - global_seqlen/minmax_diff:9887 - global_seqlen/balanced_min:102640 - global_seqlen/balanced_max:102641 - global_seqlen/mean:102640.75 - cover/rewards/mean:0.486077413394773 - cover/rewards/var:0.07031922589072974 - cover/rewards/max:0.9625 - cover/rewards/min:0.0 - cf/rewards/mean:0.49986048828125007 - cf/rewards/var:0.11559375355386316 - cf/rewards/max:0.955 - cf/rewards/min:0.0 - format/rewards/mean:-0.310546875 - format/rewards/var:0.21410751342773438 - format/rewards/max:0.0 - format/rewards/min:-1.0 - json/format/rewards/mean:-0.4375 - json/format/rewards/var:0.24609375 - json/format/rewards/max:0 - json/format/rewards/min:-1 - length/rewards/mean:-0.2896630859375 - length/rewards/var:0.08224942335414885 - length/rewards/max:0.0 - length/rewards/min:-1.0 - cot/length/mean:103.05078125 - cot/length/var:16419.74351501465 - cot/length/max:1656 - cot/length/min:0 - answer/length/mean:455.08203125 - answer/length/var:132225.89170837402 - answer/length/max:2004 - answer/length/min:0 - actor/entropy:1.7343333959579468 - actor/kl_loss:0.08509043239610037 - actor/kl_coef:0.0 - actor/pg_loss:-0.06761203333735466 - actor/pg_clipfrac:0.0 - actor/ppo_kl:0.0 - actor/pg_clipfrac_lower:0.0 - actor/grad_norm:0.9716130495071411 - perf/mfu/actor:0.1402387205308971 - perf/max_memory_allocated_gb:62.30463933944702 - perf/max_memory_reserved_gb:88.09375 - perf/cpu_memory_used_gb:76.16297912597656 - actor/lr:1e-06 - training/global_step:17 - training/epoch:0 - critic/score/mean:-0.24614156782627106 - critic/score/max:0.5170555710792542 - critic/score/min:-1.0 - critic/rewards/mean:-0.24614156782627106 - critic/rewards/max:0.5170555710792542 - critic/rewards/min:-1.0 - critic/advantages/mean:-0.23543000221252441 - critic/advantages/max:2.377520799636841 - critic/advantages/min:-2.2297823429107666 - critic/returns/mean:-0.23543000221252441 - critic/returns/max:2.377520799636841 - critic/returns/min:-2.2297823429107666 - response_length/mean:599.23046875 - response_length/max:2048.0 - response_length/min:1.0 - response_length/clip_ratio:0.033203125 - prompt_length/mean:1004.53125 - prompt_length/max:2657.0 - prompt_length/min:466.0 - prompt_length/clip_ratio:0.0 - timing_s/start_profile:6.693997420370579e-06 - timing_s/generate_sequences:51.04612350463867 - timing_s/reshard:1.4824076890945435 - timing_s/gen:53.6266423019988 - timing_s/reward:422.32586509000976 - timing_s/old_log_prob:29.429617394023808 - timing_s/ref:16.779229075007606 - timing_s/adv:0.015485935000469908 - timing_s/update_actor:69.73703376099002 - timing_s/step:591.9761227449926 - timing_s/stop_profile:5.507987225428224e-06 - timing_per_token_ms/ref:0.02043441454174829 - timing_per_token_ms/gen:0.17479007027893456 - timing_per_token_ms/adv:1.8859389424363508e-05 - timing_per_token_ms/update_actor:0.08492854173536098 - perf/total_num_tokens:821126 - perf/time_per_step:591.9761227449926 - perf/throughput:173.38663850841644
calculating InfoCover scores...
开始抓取覆盖率评估, 数量512, 并发数128
InfoCover scores calculated.
calculating Conciseness and Fluency scores...
开始抓取简洁性、流畅性评估, 数量512, 并发数512
Conciseness and Fluency scores calculated.
calculating format scores...
format scores calculated.
calculating length scores...
length scores calculated.
step:18 - global_seqlen/min:89859 - global_seqlen/max:127678 - global_seqlen/minmax_diff:37819 - global_seqlen/balanced_min:110074 - global_seqlen/balanced_max:110075 - global_seqlen/mean:110074.5 - cover/rewards/mean:0.45173186797524 - cover/rewards/var:0.09035390909905874 - cover/rewards/max:1.0 - cover/rewards/min:0.0 - cf/rewards/mean:0.6876123046875 - cf/rewards/var:0.04470353963375091 - cf/rewards/max:0.935 - cf/rewards/min:0.0 - format/rewards/mean:-0.255859375 - format/rewards/var:0.19039535522460938 - format/rewards/max:0.0 - format/rewards/min:-1.0 - json/format/rewards/mean:-0.431640625 - json/format/rewards/var:0.24532699584960938 - json/format/rewards/max:0 - json/format/rewards/min:-1 - length/rewards/mean:-0.29169873046875 - length/rewards/var:0.07926558269858361 - length/rewards/max:0.0 - length/rewards/min:-0.89625 - cot/length/mean:106.81640625 - cot/length/var:22193.51707458496 - cot/length/max:1770 - cot/length/min:0 - answer/length/mean:432.423828125 - answer/length/var:102359.96685409546 - answer/length/max:1979 - answer/length/min:0 - actor/entropy:1.612770915031433 - actor/kl_loss:0.029465087158314418 - actor/kl_coef:0.0 - actor/pg_loss:-0.027997043798677623 - actor/pg_clipfrac:0.0 - actor/ppo_kl:0.0 - actor/pg_clipfrac_lower:0.0 - actor/grad_norm:1.7958190441131592 - perf/mfu/actor:0.14038222907961437 - perf/max_memory_allocated_gb:62.30463933944702 - perf/max_memory_reserved_gb:88.09375 - perf/cpu_memory_used_gb:76.00292587280273 - actor/lr:1e-06 - training/global_step:18 - training/epoch:0 - critic/score/mean:-0.23029078543186188 - critic/score/max:0.5957499742507935 - critic/score/min:-1.0 - critic/rewards/mean:-0.23029078543186188 - critic/rewards/max:0.5957499742507935 - critic/rewards/min:-1.0 - critic/advantages/mean:-0.1882801055908203 - critic/advantages/max:2.4701104164123535 - critic/advantages/min:-2.344024181365967 - critic/returns/mean:-0.1882801055908203 - critic/returns/max:2.4701104164123535 - critic/returns/min:-2.344024181365967 - response_length/mean:558.6796875 - response_length/max:2048.0 - response_length/min:1.0 - response_length/clip_ratio:0.021484375 - prompt_length/mean:1161.234375 - prompt_length/max:3714.0 - prompt_length/min:482.0 - prompt_length/clip_ratio:0.0 - timing_s/start_profile:6.507005309686065e-06 - timing_s/generate_sequences:49.8132209777832 - timing_s/reshard:1.6064389944076538 - timing_s/gen:53.00376864700229 - timing_s/reward:413.9306021119992 - timing_s/old_log_prob:28.058499242994003 - timing_s/ref:18.081844881002326 - timing_s/adv:0.028249443013919517 - timing_s/update_actor:75.27914870501263 - timing_s/step:588.4561458640092 - timing_s/stop_profile:2.398798824287951e-05 - timing_per_token_ms/ref:0.02053364412398231 - timing_per_token_ms/gen:0.18529935480905835 - timing_per_token_ms/adv:3.2079912938418435e-05 - timing_per_token_ms/update_actor:0.0854865894292191 - perf/total_num_tokens:880596 - perf/time_per_step:588.4561458640092 - perf/throughput:187.05642004703944
calculating InfoCover scores...
开始抓取覆盖率评估, 数量512, 并发数128
InfoCover scores calculated.
calculating Conciseness and Fluency scores...
开始抓取简洁性、流畅性评估, 数量512, 并发数512
Conciseness and Fluency scores calculated.
calculating format scores...
format scores calculated.
calculating length scores...
length scores calculated.
step:19 - global_seqlen/min:88878 - global_seqlen/max:131867 - global_seqlen/minmax_diff:42989 - global_seqlen/balanced_min:111373 - global_seqlen/balanced_max:111374 - global_seqlen/mean:111373.25 - cover/rewards/mean:0.4476131370420318 - cover/rewards/var:0.09523107969298182 - cover/rewards/max:1.0 - cover/rewards/min:0.0 - cf/rewards/mean:0.6074356445312501 - cf/rewards/var:0.08522385037497521 - cf/rewards/max:0.96 - cf/rewards/min:0.0 - format/rewards/mean:-0.318359375 - format/rewards/var:0.21700668334960938 - format/rewards/max:0.0 - format/rewards/min:-1.0 - json/format/rewards/mean:-0.419921875 - json/format/rewards/var:0.24358749389648438 - json/format/rewards/max:0 - json/format/rewards/min:-1 - length/rewards/mean:-0.30304052734375 - length/rewards/var:0.08325075067687035 - length/rewards/max:0.0 - length/rewards/min:-1.0 - cot/length/mean:94.455078125 - cot/length/var:14559.497982025146 - cot/length/max:1785 - cot/length/min:0 - answer/length/mean:501.7890625 - answer/length/var:185958.9086303711 - answer/length/max:2047 - answer/length/min:0 - actor/entropy:2.0236356258392334 - actor/kl_loss:0.055004751673550345 - actor/kl_coef:0.0 - actor/pg_loss:-0.20864228389109485 - actor/pg_clipfrac:0.0 - actor/ppo_kl:0.0 - actor/pg_clipfrac_lower:0.0 - actor/grad_norm:1.8771604299545288 - perf/mfu/actor:0.13557977831785098 - perf/max_memory_allocated_gb:62.30463933944702 - perf/max_memory_reserved_gb:88.09375 - perf/cpu_memory_used_gb:76.07216262817383 - actor/lr:1e-06 - training/global_step:19 - training/epoch:0 - critic/score/mean:-0.25510352849960327 - critic/score/max:0.5910000205039978 - critic/score/min:-1.0 - critic/rewards/mean:-0.25510352849960327 - critic/rewards/max:0.5910000205039978 - critic/rewards/min:-1.0 - critic/advantages/mean:-0.2601968050003052 - critic/advantages/max:2.061716318130493 - critic/advantages/min:-2.304764986038208 - critic/returns/mean:-0.2601968050003052 - critic/returns/max:2.061716318130493 - critic/returns/min:-2.304764986038208 - response_length/mean:643.06640625 - response_length/max:2048.0 - response_length/min:1.0 - response_length/clip_ratio:0.060546875 - prompt_length/mean:1097.140625 - prompt_length/max:4096.0 - prompt_length/min:478.0 - prompt_length/clip_ratio:0.03125 - timing_s/start_profile:6.521004252135754e-06 - timing_s/generate_sequences:52.92231750488281 - timing_s/reshard:1.2319825887680054 - timing_s/gen:55.52637083400623 - timing_s/reward:498.25922412000364 - timing_s/old_log_prob:31.115513120981632 - timing_s/ref:19.014609682984883 - timing_s/adv:0.016351791011402383 - timing_s/update_actor:79.20865196798695 - timing_s/step:683.1970824610034 - timing_s/stop_profile:5.621026502922177e-06 - timing_per_token_ms/ref:0.02134108693400893 - timing_per_token_ms/gen:0.16864501392257017 - timing_per_token_ms/adv:1.8352466830457923e-05 - timing_per_token_ms/update_actor:0.08889999614807298 - perf/total_num_tokens:890986 - perf/time_per_step:683.1970824610034 - perf/throughput:163.0177482591301
calculating InfoCover scores...
开始抓取覆盖率评估, 数量512, 并发数128
InfoCover scores calculated.
calculating Conciseness and Fluency scores...
开始抓取简洁性、流畅性评估, 数量512, 并发数512
Conciseness and Fluency scores calculated.
calculating format scores...
format scores calculated.
calculating length scores...
length scores calculated.
local_global_step_folder: /root/paddlejob/workspace/env_run/output/SummarizeRL-ckpt/global_step_20
step:20 - global_seqlen/min:83227 - global_seqlen/max:134033 - global_seqlen/minmax_diff:50806 - global_seqlen/balanced_min:104018 - global_seqlen/balanced_max:104019 - global_seqlen/mean:104018.875 - cover/rewards/mean:0.4588597627369032 - cover/rewards/var:0.09545662392292817 - cover/rewards/max:1.0 - cover/rewards/min:0.0 - cf/rewards/mean:0.606784765625 - cf/rewards/var:0.08287969867416382 - cf/rewards/max:0.96 - cf/rewards/min:0.0 - format/rewards/mean:-0.291015625 - format/rewards/var:0.20632553100585938 - format/rewards/max:0.0 - format/rewards/min:-1.0 - json/format/rewards/mean:-0.400390625 - json/format/rewards/var:0.24007797241210938 - json/format/rewards/max:0 - json/format/rewards/min:-1 - length/rewards/mean:-0.28835253906249997 - length/rewards/var:0.07745274339199065 - length/rewards/max:0.0 - length/rewards/min:-1.0 - cot/length/mean:80.689453125 - cot/length/var:4187.960201263428 - cot/length/max:887 - cot/length/min:10 - answer/length/mean:520.24609375 - answer/length/var:181467.6230316162 - answer/length/max:2024 - answer/length/min:0 - actor/entropy:1.9455703496932983 - actor/kl_loss:0.039694019505986944 - actor/kl_coef:0.0 - actor/pg_loss:0.14981886070745531 - actor/pg_clipfrac:0.0 - actor/ppo_kl:0.0 - actor/pg_clipfrac_lower:0.0 - actor/grad_norm:0.4902063310146332 - perf/mfu/actor:0.13747214917509196 - perf/max_memory_allocated_gb:62.30463933944702 - perf/max_memory_reserved_gb:88.09375 - perf/cpu_memory_used_gb:76.00874328613281 - actor/lr:1e-06 - training/global_step:20 - training/epoch:0 - critic/score/mean:-0.22568900883197784 - critic/score/max:0.6029999852180481 - critic/score/min:-1.0 - critic/rewards/mean:-0.22568900883197784 - critic/rewards/max:0.6029999852180481 - critic/rewards/min:-1.0 - critic/advantages/mean:-0.2296084612607956 - critic/advantages/max:2.3429129123687744 - critic/advantages/min:-2.43583083152771 - critic/returns/mean:-0.2296084612607956 - critic/returns/max:2.3429129123687744 - critic/returns/min:-2.43583083152771 - response_length/mean:630.982421875 - response_length/max:2048.0 - response_length/min:183.0 - response_length/clip_ratio:0.041015625 - prompt_length/mean:994.3125 - prompt_length/max:2942.0 - prompt_length/min:468.0 - prompt_length/clip_ratio:0.0 - timing_s/start_profile:5.998008418828249e-06 - timing_s/generate_sequences:52.27157211303711 - timing_s/reshard:1.6959000825881958 - timing_s/gen:55.264143228007015 - timing_s/reward:501.94487822501105 - timing_s/old_log_prob:27.283204910025233 - timing_s/ref:17.437880333978683 - timing_s/adv:0.013713067019125447 - timing_s/update_actor:72.34191404699231 - timing_s/save_checkpoint:44.699544258997776 - timing_s/step:719.0542873970116 - timing_s/stop_profile:4.474015440791845e-06 - timing_per_token_ms/ref:0.020955187620971052 - timing_per_token_ms/gen:0.17106305342303826 - timing_per_token_ms/adv:1.6479060914576137e-05 - timing_per_token_ms/update_actor:0.08693363830241424 - perf/total_num_tokens:832151 - perf/time_per_step:719.0542873970116 - perf/throughput:144.66067002611172
calculating InfoCover scores...
开始抓取覆盖率评估, 数量512, 并发数128
InfoCover scores calculated.
calculating Conciseness and Fluency scores...
开始抓取简洁性、流畅性评估, 数量512, 并发数512
Conciseness and Fluency scores calculated.
calculating format scores...
format scores calculated.
calculating length scores...
length scores calculated.
step:21 - global_seqlen/min:89564 - global_seqlen/max:149633 - global_seqlen/minmax_diff:60069 - global_seqlen/balanced_min:117963 - global_seqlen/balanced_max:117964 - global_seqlen/mean:117963.125 - cover/rewards/mean:0.49557146929566354 - cover/rewards/var:0.08204082080647573 - cover/rewards/max:0.97 - cover/rewards/min:0.0 - cf/rewards/mean:0.6937353515625 - cf/rewards/var:0.04536745584011079 - cf/rewards/max:0.935 - cf/rewards/min:0.0 - format/rewards/mean:-0.2734375 - format/rewards/var:0.19866943359375 - format/rewards/max:0.0 - format/rewards/min:-1.0 - json/format/rewards/mean:-0.388671875 - json/format/rewards/var:0.23760604858398438 - json/format/rewards/max:0 - json/format/rewards/min:-1 - length/rewards/mean:-0.30122802734375 - length/rewards/var:0.07820805383849141 - length/rewards/max:0.0 - length/rewards/min:-1.0 - cot/length/mean:89.091796875 - cot/length/var:10645.37633895874 - cot/length/max:1261 - cot/length/min:4 - answer/length/mean:510.46875 - answer/length/var:158818.1669921875 - answer/length/max:2029 - answer/length/min:2 - actor/entropy:1.738223910331726 - actor/kl_loss:0.04261705171666108 - actor/kl_coef:0.0 - actor/pg_loss:-0.12333815362944733 - actor/pg_clipfrac:0.0 - actor/ppo_kl:0.0 - actor/pg_clipfrac_lower:0.0 - actor/grad_norm:0.7457424998283386 - perf/mfu/actor:0.14461420983494688 - perf/max_memory_allocated_gb:62.42349624633789 - perf/max_memory_reserved_gb:88.09375 - perf/cpu_memory_used_gb:76.97483825683594 - actor/lr:1e-06 - training/global_step:21 - training/epoch:0 - critic/score/mean:-0.17032064497470856 - critic/score/max:0.5457500219345093 - critic/score/min:-1.0 - critic/rewards/mean:-0.17032064497470856 - critic/rewards/max:0.5457500219345093 - critic/rewards/min:-1.0 - critic/advantages/mean:-0.25235700607299805 - critic/advantages/max:2.460430860519409 - critic/advantages/min:-2.3777732849121094 - critic/returns/mean:-0.25235700607299805 - critic/returns/max:2.460430860519409 - critic/returns/min:-2.3777732849121094 - response_length/mean:632.298828125 - response_length/max:2048.0 - response_length/min:5.0 - response_length/clip_ratio:0.037109375 - prompt_length/mean:1210.875 - prompt_length/max:4096.0 - prompt_length/min:472.0 - prompt_length/clip_ratio:0.03125 - timing_s/start_profile:1.1727010132744908e-05 - timing_s/generate_sequences:57.02699279785156 - timing_s/reshard:7.775907516479492 - timing_s/gen:66.9974205600156 - timing_s/reward:419.45337892198586 - timing_s/old_log_prob:31.01735154801281 - timing_s/ref:19.08238575301948 - timing_s/adv:0.014411490992642939 - timing_s/update_actor:78.98619990699808 - timing_s/step:615.6205487429979 - timing_s/stop_profile:1.6426987713202834e-05 - timing_per_token_ms/ref:0.02022071065960176 - timing_per_token_ms/gen:0.2069501495350102 - timing_per_token_ms/adv:1.5271182194269332e-05 - timing_per_token_ms/update_actor:0.08369797755336475 - perf/total_num_tokens:943705 - perf/time_per_step:615.6205487429979 - perf/throughput:191.6166139042345
calculating InfoCover scores...
开始抓取覆盖率评估, 数量512, 并发数128
